0	00:00:00.787	Elpheba-20161030 AUDUSD,M5: Insufficient Margin
0	00:05:44.586	Elpheba-20161030 AUDUSD,M5: Insufficient Margin
0	00:10:03.135	Elpheba-20161030 AUDUSD,M5: Insufficient Margin
0	00:15:00.928	Elpheba-20161030 AUDUSD,M5: Insufficient Margin
0	00:20:00.293	Elpheba-20161030 AUDUSD,M5: Insufficient Margin
0	00:25:00.638	Elpheba-20161030 AUDUSD,M5: Insufficient Margin
0	00:30:01.779	Elpheba-20161030 AUDUSD,M5: Insufficient Margin
0	00:35:00.888	Elpheba-20161030 AUDUSD,M5: Insufficient Margin
0	00:40:01.139	Elpheba-20161030 AUDUSD,M5: Insufficient Margin
0	00:45:00.476	Elpheba-20161030 AUDUSD,M5: Insufficient Margin
0	00:50:08.927	Elpheba-20161030 AUDUSD,M5: Insufficient Margin
0	00:55:00.783	Elpheba-20161030 AUDUSD,M5: Insufficient Margin
0	01:00:00.222	Elpheba-20161030 AUDUSD,M5: Insufficient Margin
2	01:02:43.906	Elpheba-20161030 AUDUSD,M5: modify #158794865 buy 0.13 EURJPY at 122.557 sl: 122.667 tp: 122.732 ok
2	01:02:44.906	Elpheba-20161030 AUDUSD,M5: modify #158794865 buy 0.13 EURJPY at 122.557 sl: 122.668 tp: 122.734 ok
2	01:02:45.673	Elpheba-20161030 AUDUSD,M5: modify #158794865 buy 0.13 EURJPY at 122.557 sl: 122.670 tp: 122.734 ok
2	01:02:55.471	Elpheba-20161030 AUDUSD,M5: modify #158794865 buy 0.13 EURJPY at 122.557 sl: 122.672 tp: 122.735 ok
0	01:05:37.632	Elpheba-20161030 AUDUSD,M5: Insufficient Margin
0	01:10:04.931	Elpheba-20161030 AUDUSD,M5: Insufficient Margin
2	01:14:16.675	Elpheba-20161030 AUDUSD,M5: modify #158794730 buy 0.13 USDCAD at 1.35270 sl: 1.35398 tp: 1.35467 ok
2	01:14:18.709	Elpheba-20161030 AUDUSD,M5: modify #158794730 buy 0.13 USDCAD at 1.35270 sl: 1.35399 tp: 1.35468 ok
0	01:15:00.943	Elpheba-20161030 AUDUSD,M5: Insufficient Margin
2	01:16:15.677	Elpheba-20161030 AUDUSD,M5: modify #158794730 buy 0.13 USDCAD at 1.35270 sl: 1.35402 tp: 1.35469 ok
2	01:16:15.999	Elpheba-20161030 AUDUSD,M5: modify #158794730 buy 0.13 USDCAD at 1.35270 sl: 1.35413 tp: 1.35479 ok
2	01:16:16.297	Elpheba-20161030 AUDUSD,M5: modify #158794730 buy 0.13 USDCAD at 1.35270 sl: 1.35412 tp: 1.35480 ok
2	01:16:19.001	Elpheba-20161030 AUDUSD,M5: modify #158794730 buy 0.13 USDCAD at 1.35270 sl: 1.35418 tp: 1.35486 ok
2	01:16:25.696	Elpheba-20161030 AUDUSD,M5: modify #158794730 buy 0.13 USDCAD at 1.35270 sl: 1.35421 tp: 1.35487 ok
2	01:17:38.708	Elpheba-20161030 AUDUSD,M5: modify #158794730 buy 0.13 USDCAD at 1.35270 sl: 1.35438 tp: 1.35506 ok
2	01:17:46.431	Elpheba-20161030 AUDUSD,M5: modify #158794882 buy 0.13 AUDCAD at 0.97236 sl: 0.97366 tp: 0.97435 ok
2	01:17:46.992	Elpheba-20161030 AUDUSD,M5: modify #158794882 buy 0.13 AUDCAD at 0.97236 sl: 0.97367 tp: 0.97440 ok
2	01:17:48.103	Elpheba-20161030 AUDUSD,M5: modify #158794882 buy 0.13 AUDCAD at 0.97236 sl: 0.97372 tp: 0.97442 ok
2	01:17:48.456	Elpheba-20161030 AUDUSD,M5: modify #158794882 buy 0.13 AUDCAD at 0.97236 sl: 0.97374 tp: 0.97447 ok
2	01:17:58.070	Elpheba-20161030 AUDUSD,M5: modify #158794882 buy 0.13 AUDCAD at 0.97236 sl: 0.97375 tp: 0.97447 ok
2	01:17:59.790	Elpheba-20161030 AUDUSD,M5: modify #158794882 buy 0.13 AUDCAD at 0.97236 sl: 0.97376 tp: 0.97447 ok
2	01:18:17.483	Elpheba-20161030 AUDUSD,M5: modify #158794882 buy 0.13 AUDCAD at 0.97236 sl: 0.97378 tp: 0.97449 ok
2	01:18:17.870	Elpheba-20161030 AUDUSD,M5: modify #158794882 buy 0.13 AUDCAD at 0.97236 sl: 0.97381 tp: 0.97451 ok
0	01:20:00.361	Elpheba-20161030 AUDUSD,M5: Insufficient Margin
0	01:25:00.857	Elpheba-20161030 AUDUSD,M5: Insufficient Margin
0	01:30:00.437	Elpheba-20161030 AUDUSD,M5: Insufficient Margin
0	01:35:17.509	Elpheba-20161030 AUDUSD,M5: Insufficient Margin
0	01:40:00.957	Elpheba-20161030 AUDUSD,M5: Check for Openings
0	01:40:01.004	Elpheba-20161030 AUDUSD,M5: EURUSD : Stoch - 100RSI Swap = 0
0	01:40:01.011	Elpheba-20161030 AUDUSD,M5: EURGBP : Stoch - 92.2727RSI Swap = 0
0	01:40:01.012	Elpheba-20161030 AUDUSD,M5: GBPUSD : Stoch - 23.4568RSI Swap = 1
2	01:40:01.367	Elpheba-20161030 AUDUSD,M5: open #158814256 buy 0.13 GBPUSD at 1.22588 tp: 1.22750 ok
0	01:40:01.367	Elpheba-20161030 AUDUSD,M5: AUDUSD : Stoch - 81.3559RSI Swap = 0
0	01:40:01.368	Elpheba-20161030 AUDUSD,M5: EURJPY : Stoch - 91.3669RSI Swap = 1
2	01:40:01.710	Elpheba-20161030 AUDUSD,M5: open #158814262 sell 0.13 EURJPY at 122.775 tp: 122.605 ok
0	01:40:01.711	Elpheba-20161030 AUDUSD,M5: AUDJPY : Stoch - 14.2857RSI Swap = 0
0	01:40:01.712	Elpheba-20161030 AUDUSD,M5: EURAUD : Stoch - 93.1034RSI Swap = 0
0	01:40:01.729	Elpheba-20161030 AUDUSD,M5: USDCAD : Stoch - 76.4706RSI Swap = 0
0	01:40:01.731	Elpheba-20161030 AUDUSD,M5: USDJPY : Stoch - 23.8095RSI Swap = 0
0	01:40:01.735	Elpheba-20161030 AUDUSD,M5: GBPCAD : Stoch - 30.2405RSI Swap = 1
2	01:40:02.102	Elpheba-20161030 AUDUSD,M5: open #158814268 buy 0.13 GBPCAD at 1.65904 tp: 1.66075 ok
0	01:40:02.103	Elpheba-20161030 AUDUSD,M5: AUDCAD : Stoch - 15.2778RSI Swap = 0
0	01:40:02.105	Elpheba-20161030 AUDUSD,M5: USDCHF : Stoch - 38.0952RSI Swap = 1
0	01:40:02.107	Elpheba-20161030 AUDUSD,M5: GBPAUD : Stoch - 49.1166RSI Swap = 0
0	01:40:02.109	Elpheba-20161030 AUDUSD,M5: XAUUSD : Stoch - 61.8056RSI Swap = 0
0	01:45:03.341	Elpheba-20161030 AUDUSD,M5: Insufficient Margin
0	01:50:01.266	Elpheba-20161030 AUDUSD,M5: Insufficient Margin
0	01:55:02.674	Elpheba-20161030 AUDUSD,M5: Insufficient Margin
0	02:00:00.746	Elpheba-20161030 AUDUSD,M5: Insufficient Margin
2	02:00:01.519	Elpheba-20161030 AUDUSD,M5: modify #158814268 buy 0.13 GBPCAD at 1.65904 sl: 1.66046 tp: 1.66146 ok
0	02:05:45.961	Elpheba-20161030 AUDUSD,M5: Insufficient Margin
0	02:10:01.188	Elpheba-20161030 AUDUSD,M5: Insufficient Margin
0	02:15:00.468	Elpheba-20161030 AUDUSD,M5: Insufficient Margin
0	02:20:04.808	Elpheba-20161030 AUDUSD,M5: Insufficient Margin
0	02:25:02.782	Elpheba-20161030 AUDUSD,M5: Insufficient Margin
0	02:30:00.628	Elpheba-20161030 AUDUSD,M5: Insufficient Margin
0	02:35:15.554	Elpheba-20161030 AUDUSD,M5: Insufficient Margin
0	02:40:04.155	Elpheba-20161030 AUDUSD,M5: Insufficient Margin
0	02:45:02.270	Elpheba-20161030 AUDUSD,M5: Insufficient Margin
0	02:50:02.860	Elpheba-20161030 AUDUSD,M5: Insufficient Margin
0	02:55:00.795	Elpheba-20161030 AUDUSD,M5: Insufficient Margin
0	03:00:00.293	Elpheba-20161030 AUDUSD,M5: Insufficient Margin
0	03:06:40.846	Elpheba-20161030 AUDUSD,M5: Insufficient Margin
0	03:10:17.472	Elpheba-20161030 AUDUSD,M5: Insufficient Margin
0	03:15:00.431	Elpheba-20161030 AUDUSD,M5: Insufficient Margin
0	03:20:00.321	Elpheba-20161030 AUDUSD,M5: Insufficient Margin
0	03:25:00.839	Elpheba-20161030 AUDUSD,M5: Insufficient Margin
0	03:30:00.417	Elpheba-20161030 AUDUSD,M5: Insufficient Margin
0	03:35:02.698	Elpheba-20161030 AUDUSD,M5: Insufficient Margin
0	03:40:00.701	Elpheba-20161030 AUDUSD,M5: Insufficient Margin
0	03:45:02.634	Elpheba-20161030 AUDUSD,M5: Insufficient Margin
0	03:50:03.721	Elpheba-20161030 AUDUSD,M5: Insufficient Margin
0	03:55:00.435	Elpheba-20161030 AUDUSD,M5: Insufficient Margin
0	04:00:04.689	Elpheba-20161030 AUDUSD,M5: Insufficient Margin
0	04:06:27.015	Elpheba-20161030 AUDUSD,M5: Insufficient Margin
0	04:10:00.545	Elpheba-20161030 AUDUSD,M5: Insufficient Margin
0	04:15:17.416	Elpheba-20161030 AUDUSD,M5: Insufficient Margin
0	04:20:01.755	Elpheba-20161030 AUDUSD,M5: Insufficient Margin
0	04:25:00.420	Elpheba-20161030 AUDUSD,M5: Insufficient Margin
0	04:30:13.790	Elpheba-20161030 AUDUSD,M5: Insufficient Margin
0	04:35:02.596	Elpheba-20161030 AUDUSD,M5: Insufficient Margin
0	04:40:13.779	Elpheba-20161030 AUDUSD,M5: Insufficient Margin
0	04:45:18.986	Elpheba-20161030 AUDUSD,M5: Insufficient Margin
0	04:50:01.962	Elpheba-20161030 AUDUSD,M5: Insufficient Margin
0	04:55:06.856	Elpheba-20161030 AUDUSD,M5: Insufficient Margin
0	05:00:00.707	Elpheba-20161030 AUDUSD,M5: Insufficient Margin
0	05:06:20.403	Elpheba-20161030 AUDUSD,M5: Insufficient Margin
0	05:10:08.924	Elpheba-20161030 AUDUSD,M5: Insufficient Margin
0	05:15:00.283	Elpheba-20161030 AUDUSD,M5: Insufficient Margin
0	05:20:01.282	Elpheba-20161030 AUDUSD,M5: Insufficient Margin
2	05:23:06.228	Elpheba-20161030 AUDUSD,M5: modify #158814256 buy 0.13 GBPUSD at 1.22588 sl: 1.22678 tp: 1.22747 ok
2	05:24:31.689	Elpheba-20161030 AUDUSD,M5: modify #158814256 buy 0.13 GBPUSD at 1.22588 sl: 1.22680 tp: 1.22745 ok
0	05:25:11.285	Elpheba-20161030 AUDUSD,M5: Insufficient Margin
2	05:25:41.055	Elpheba-20161030 AUDUSD,M5: modify #158814256 buy 0.13 GBPUSD at 1.22588 sl: 1.22688 tp: 1.22751 ok
2	05:25:41.399	Elpheba-20161030 AUDUSD,M5: modify #158814256 buy 0.13 GBPUSD at 1.22588 sl: 1.22691 tp: 1.22753 ok
2	05:26:21.370	Elpheba-20161030 AUDUSD,M5: modify #158814256 buy 0.13 GBPUSD at 1.22588 sl: 1.22699 tp: 1.22767 ok
2	05:26:21.716	Elpheba-20161030 AUDUSD,M5: modify #158814256 buy 0.13 GBPUSD at 1.22588 sl: 1.22700 tp: 1.22767 ok
2	05:26:30.592	Elpheba-20161030 AUDUSD,M5: modify #158814256 buy 0.13 GBPUSD at 1.22588 sl: 1.22702 tp: 1.22766 ok
2	05:27:35.221	Elpheba-20161030 AUDUSD,M5: modify #158814256 buy 0.13 GBPUSD at 1.22588 sl: 1.22708 tp: 1.22772 ok
2	05:28:34.773	Elpheba-20161030 AUDUSD,M5: modify #158814256 buy 0.13 GBPUSD at 1.22588 sl: 1.22709 tp: 1.22774 ok
2	05:28:35.086	Elpheba-20161030 AUDUSD,M5: modify #158814256 buy 0.13 GBPUSD at 1.22588 sl: 1.22711 tp: 1.22775 ok
0	05:30:00.918	Elpheba-20161030 AUDUSD,M5: Check for Openings
0	05:30:01.173	Elpheba-20161030 AUDUSD,M5: EURUSD : Stoch - 96.4706RSI Swap = 0
0	05:30:01.375	Elpheba-20161030 AUDUSD,M5: EURGBP : Stoch - 0RSI Swap = 0
0	05:30:01.443	Elpheba-20161030 AUDUSD,M5: GBPUSD : Stoch - 100RSI Swap = 0
0	05:30:01.443	Elpheba-20161030 AUDUSD,M5: AUDUSD : Stoch - 92.9577RSI Swap = 0
0	05:30:01.486	Elpheba-20161030 AUDUSD,M5: EURJPY : Stoch - 70.5479RSI Swap = 0
0	05:30:01.494	Elpheba-20161030 AUDUSD,M5: AUDJPY : Stoch - 77RSI Swap = 0
0	05:30:01.500	Elpheba-20161030 AUDUSD,M5: EURAUD : Stoch - 48.0263RSI Swap = 0
0	05:30:01.502	Elpheba-20161030 AUDUSD,M5: USDCAD : Stoch - 29.2576RSI Swap = 1
2	05:30:01.798	Elpheba-20161030 AUDUSD,M5: open #158824177 buy 0.13 USDCAD at 1.35612 tp: 1.35782 ok
0	05:30:01.871	Elpheba-20161030 AUDUSD,M5: USDJPY : Stoch - 55.7971RSI Swap = 0
0	05:30:01.898	Elpheba-20161030 AUDUSD,M5: GBPCAD : Stoch - 77.4545RSI Swap = 0
0	05:30:01.923	Elpheba-20161030 AUDUSD,M5: AUDCAD : Stoch - 43.4211RSI Swap = 0
0	05:30:01.950	Elpheba-20161030 AUDUSD,M5: USDCHF : Stoch - 2.5641RSI Swap = 0
0	05:30:01.991	Elpheba-20161030 AUDUSD,M5: GBPAUD : Stoch - 91.6667RSI Swap = 0
0	05:30:02.001	Elpheba-20161030 AUDUSD,M5: XAUUSD : Stoch - 8.6735RSI Swap = 0
0	05:35:04.909	Elpheba-20161030 AUDUSD,M5: Check for Openings
0	05:35:04.910	Elpheba-20161030 AUDUSD,M5: EURUSD : Stoch - 16.092RSI Swap = 0
0	05:35:04.911	Elpheba-20161030 AUDUSD,M5: EURGBP : Stoch - 9.3458RSI Swap = 0
0	05:35:04.911	Elpheba-20161030 AUDUSD,M5: GBPUSD : Stoch - 93.3333RSI Swap = 0
0	05:35:04.911	Elpheba-20161030 AUDUSD,M5: AUDUSD : Stoch - 100RSI Swap = 0
0	05:35:04.912	Elpheba-20161030 AUDUSD,M5: EURJPY : Stoch - 9.0909RSI Swap = 0
0	05:35:04.913	Elpheba-20161030 AUDUSD,M5: AUDJPY : Stoch - 99.1803RSI Swap = 0
0	05:35:04.914	Elpheba-20161030 AUDUSD,M5: EURAUD : Stoch - 0RSI Swap = 0
0	05:35:04.915	Elpheba-20161030 AUDUSD,M5: USDCAD : Stoch - 19.697RSI Swap = 0
0	05:35:04.916	Elpheba-20161030 AUDUSD,M5: USDJPY : Stoch - 73.9726RSI Swap = 0
0	05:35:04.918	Elpheba-20161030 AUDUSD,M5: GBPCAD : Stoch - 42.9577RSI Swap = 0
0	05:35:04.919	Elpheba-20161030 AUDUSD,M5: AUDCAD : Stoch - 48.2759RSI Swap = 0
0	05:35:04.920	Elpheba-20161030 AUDUSD,M5: USDCHF : Stoch - 21.0526RSI Swap = 0
0	05:35:04.922	Elpheba-20161030 AUDUSD,M5: GBPAUD : Stoch - 31.694RSI Swap = 0
0	05:35:04.923	Elpheba-20161030 AUDUSD,M5: XAUUSD : Stoch - 94.5607RSI Swap = 0
0	05:40:11.531	Elpheba-20161030 AUDUSD,M5: Check for Openings
0	05:40:11.532	Elpheba-20161030 AUDUSD,M5: EURUSD : Stoch - 47.1429RSI Swap = 0
0	05:40:11.533	Elpheba-20161030 AUDUSD,M5: EURGBP : Stoch - 16.1765RSI Swap = 0
0	05:40:11.534	Elpheba-20161030 AUDUSD,M5: GBPUSD : Stoch - 100RSI Swap = 0
0	05:40:11.534	Elpheba-20161030 AUDUSD,M5: AUDUSD : Stoch - 98.75RSI Swap = 0
0	05:40:11.535	Elpheba-20161030 AUDUSD,M5: EURJPY : Stoch - 62.5RSI Swap = 0
0	05:40:11.535	Elpheba-20161030 AUDUSD,M5: AUDJPY : Stoch - 99.0654RSI Swap = 0
0	05:40:11.537	Elpheba-20161030 AUDUSD,M5: EURAUD : Stoch - 3.7838RSI Swap = 0
0	05:40:11.538	Elpheba-20161030 AUDUSD,M5: USDCAD : Stoch - 21.8543RSI Swap = 0
0	05:40:11.541	Elpheba-20161030 AUDUSD,M5: USDJPY : Stoch - 52.2388RSI Swap = 0
0	05:40:11.543	Elpheba-20161030 AUDUSD,M5: GBPCAD : Stoch - 62.9442RSI Swap = 0
0	05:40:11.546	Elpheba-20161030 AUDUSD,M5: AUDCAD : Stoch - 84.0909RSI Swap = 0
0	05:40:11.549	Elpheba-20161030 AUDUSD,M5: USDCHF : Stoch - 8.6022RSI Swap = 0
0	05:40:11.554	Elpheba-20161030 AUDUSD,M5: GBPAUD : Stoch - 10.4839RSI Swap = 0
0	05:40:11.557	Elpheba-20161030 AUDUSD,M5: XAUUSD : Stoch - 88.4615RSI Swap = 0
0	05:45:30.734	Elpheba-20161030 AUDUSD,M5: Check for Openings
0	05:45:30.736	Elpheba-20161030 AUDUSD,M5: EURUSD : Stoch - 45.8333RSI Swap = 0
0	05:45:30.737	Elpheba-20161030 AUDUSD,M5: EURGBP : Stoch - 15.7143RSI Swap = 0
0	05:45:30.738	Elpheba-20161030 AUDUSD,M5: GBPUSD : Stoch - 97.7273RSI Swap = 0
0	05:45:30.738	Elpheba-20161030 AUDUSD,M5: AUDUSD : Stoch - 98.6842RSI Swap = 0
0	05:45:30.739	Elpheba-20161030 AUDUSD,M5: EURJPY : Stoch - 33.3333RSI Swap = 0
0	05:45:30.740	Elpheba-20161030 AUDUSD,M5: AUDJPY : Stoch - 100RSI Swap = 0
0	05:45:30.742	Elpheba-20161030 AUDUSD,M5: EURAUD : Stoch - 4.2683RSI Swap = 0
0	05:45:30.744	Elpheba-20161030 AUDUSD,M5: USDCAD : Stoch - 36RSI Swap = 0
0	05:45:30.757	Elpheba-20161030 AUDUSD,M5: USDJPY : Stoch - 32.1429RSI Swap = 0
0	05:45:30.758	Elpheba-20161030 AUDUSD,M5: GBPCAD : Stoch - 90.8571RSI Swap = 0
0	05:45:30.759	Elpheba-20161030 AUDUSD,M5: AUDCAD : Stoch - 100RSI Swap = 0
0	05:45:30.760	Elpheba-20161030 AUDUSD,M5: USDCHF : Stoch - 13.9785RSI Swap = 0
0	05:45:30.762	Elpheba-20161030 AUDUSD,M5: GBPAUD : Stoch - 7.3684RSI Swap = 0
0	05:45:30.763	Elpheba-20161030 AUDUSD,M5: XAUUSD : Stoch - 58.2278RSI Swap = 0
0	05:50:01.078	Elpheba-20161030 AUDUSD,M5: Check for Openings
0	05:50:01.078	Elpheba-20161030 AUDUSD,M5: EURUSD : Stoch - 32.4675RSI Swap = 0
0	05:50:01.079	Elpheba-20161030 AUDUSD,M5: EURGBP : Stoch - 12.0879RSI Swap = 0
0	05:50:01.080	Elpheba-20161030 AUDUSD,M5: GBPUSD : Stoch - 98.4375RSI Swap = 0
0	05:50:01.080	Elpheba-20161030 AUDUSD,M5: AUDUSD : Stoch - 81.9672RSI Swap = 0
0	05:50:01.081	Elpheba-20161030 AUDUSD,M5: EURJPY : Stoch - 16.4384RSI Swap = 0
0	05:50:01.082	Elpheba-20161030 AUDUSD,M5: AUDJPY : Stoch - 100RSI Swap = 0
0	05:50:01.082	Elpheba-20161030 AUDUSD,M5: EURAUD : Stoch - 5.5118RSI Swap = 0
0	05:50:01.097	Elpheba-20161030 AUDUSD,M5: USDCAD : Stoch - 45.7143RSI Swap = 0
0	05:50:01.098	Elpheba-20161030 AUDUSD,M5: USDJPY : Stoch - 0RSI Swap = 0
0	05:50:01.100	Elpheba-20161030 AUDUSD,M5: GBPCAD : Stoch - 100RSI Swap = 0
0	05:50:01.101	Elpheba-20161030 AUDUSD,M5: AUDCAD : Stoch - 96.1905RSI Swap = 0
0	05:50:01.103	Elpheba-20161030 AUDUSD,M5: USDCHF : Stoch - 26.6667RSI Swap = 0
0	05:50:01.104	Elpheba-20161030 AUDUSD,M5: GBPAUD : Stoch - 55.3398RSI Swap = 0
0	05:50:01.106	Elpheba-20161030 AUDUSD,M5: XAUUSD : Stoch - 29.927RSI Swap = 0
0	05:55:22.335	Elpheba-20161030 AUDUSD,M5: Check for Openings
0	05:55:22.351	Elpheba-20161030 AUDUSD,M5: EURUSD : Stoch - 3.7975RSI Swap = 0
0	05:55:22.352	Elpheba-20161030 AUDUSD,M5: EURGBP : Stoch - 0RSI Swap = 0
0	05:55:22.353	Elpheba-20161030 AUDUSD,M5: GBPUSD : Stoch - 98.8166RSI Swap = 0
0	05:55:22.353	Elpheba-20161030 AUDUSD,M5: AUDUSD : Stoch - 48.3333RSI Swap = 1
0	05:55:22.355	Elpheba-20161030 AUDUSD,M5: EURJPY : Stoch - 0RSI Swap = 0
0	05:55:22.357	Elpheba-20161030 AUDUSD,M5: AUDJPY : Stoch - 67.2727RSI Swap = 0
0	05:55:22.358	Elpheba-20161030 AUDUSD,M5: EURAUD : Stoch - 15.7895RSI Swap = 0
0	05:55:22.361	Elpheba-20161030 AUDUSD,M5: USDCAD : Stoch - 86.4407RSI Swap = 0
0	05:55:22.364	Elpheba-20161030 AUDUSD,M5: USDJPY : Stoch - 0RSI Swap = 0
0	05:55:22.368	Elpheba-20161030 AUDUSD,M5: GBPCAD : Stoch - 100RSI Swap = 0
0	05:55:22.371	Elpheba-20161030 AUDUSD,M5: AUDCAD : Stoch - 93.4783RSI Swap = 0
0	05:55:22.372	Elpheba-20161030 AUDUSD,M5: USDCHF : Stoch - 33.3333RSI Swap = 0
0	05:55:22.374	Elpheba-20161030 AUDUSD,M5: GBPAUD : Stoch - 92.2222RSI Swap = 0
0	05:55:22.375	Elpheba-20161030 AUDUSD,M5: XAUUSD : Stoch - 32.5397RSI Swap = 0
0	06:00:02.979	Elpheba-20161030 AUDUSD,M5: Check for Openings
0	06:00:02.980	Elpheba-20161030 AUDUSD,M5: EURUSD : Stoch - 9.8765RSI Swap = 0
0	06:00:02.982	Elpheba-20161030 AUDUSD,M5: EURGBP : Stoch - 1.7647RSI Swap = 0
0	06:00:02.983	Elpheba-20161030 AUDUSD,M5: GBPUSD : Stoch - 96.5174RSI Swap = 0
0	06:00:02.983	Elpheba-20161030 AUDUSD,M5: AUDUSD : Stoch - 7.6923RSI Swap = 0
0	06:00:02.995	Elpheba-20161030 AUDUSD,M5: EURJPY : Stoch - 0RSI Swap = 0
0	06:00:02.995	Elpheba-20161030 AUDUSD,M5: AUDJPY : Stoch - 28.3784RSI Swap = 0
0	06:00:02.996	Elpheba-20161030 AUDUSD,M5: EURAUD : Stoch - 50.7692RSI Swap = 0
0	06:00:03.027	Elpheba-20161030 AUDUSD,M5: USDCAD : Stoch - 90.6977RSI Swap = 0
0	06:00:03.039	Elpheba-20161030 AUDUSD,M5: USDJPY : Stoch - 0RSI Swap = 0
0	06:00:03.041	Elpheba-20161030 AUDUSD,M5: GBPCAD : Stoch - 100RSI Swap = 0
0	06:00:03.044	Elpheba-20161030 AUDUSD,M5: AUDCAD : Stoch - 87.931RSI Swap = 0
0	06:00:03.046	Elpheba-20161030 AUDUSD,M5: USDCHF : Stoch - 21.7391RSI Swap = 0
0	06:00:03.049	Elpheba-20161030 AUDUSD,M5: GBPAUD : Stoch - 100RSI Swap = 0
0	06:00:03.051	Elpheba-20161030 AUDUSD,M5: XAUUSD : Stoch - 70.3448RSI Swap = 0
0	06:06:06.050	Elpheba-20161030 AUDUSD,M5: Check for Openings
0	06:06:06.051	Elpheba-20161030 AUDUSD,M5: EURUSD : Stoch - 15.2542RSI Swap = 0
0	06:06:06.052	Elpheba-20161030 AUDUSD,M5: EURGBP : Stoch - 1.7143RSI Swap = 0
0	06:06:06.053	Elpheba-20161030 AUDUSD,M5: GBPUSD : Stoch - 96.7742RSI Swap = 0
0	06:06:06.053	Elpheba-20161030 AUDUSD,M5: AUDUSD : Stoch - 0RSI Swap = 0
0	06:06:06.053	Elpheba-20161030 AUDUSD,M5: EURJPY : Stoch - 12.9032RSI Swap = 0
0	06:06:06.054	Elpheba-20161030 AUDUSD,M5: AUDJPY : Stoch - 0RSI Swap = 0
0	06:06:06.055	Elpheba-20161030 AUDUSD,M5: EURAUD : Stoch - 87.5RSI Swap = 1
2	06:06:09.748	Elpheba-20161030 AUDUSD,M5: open #158825531 sell 0.13 EURAUD at 1.45452 tp: 1.45282 ok
0	06:06:09.749	Elpheba-20161030 AUDUSD,M5: USDCAD : Stoch - 100RSI Swap = 0
0	06:06:09.750	Elpheba-20161030 AUDUSD,M5: USDJPY : Stoch - 27.1186RSI Swap = 0
0	06:06:09.751	Elpheba-20161030 AUDUSD,M5: GBPCAD : Stoch - 100RSI Swap = 0
0	06:06:09.752	Elpheba-20161030 AUDUSD,M5: AUDCAD : Stoch - 77.7778RSI Swap = 0
0	06:06:09.754	Elpheba-20161030 AUDUSD,M5: USDCHF : Stoch - 0RSI Swap = 0
0	06:06:09.757	Elpheba-20161030 AUDUSD,M5: GBPAUD : Stoch - 100RSI Swap = 0
0	06:06:09.760	Elpheba-20161030 AUDUSD,M5: XAUUSD : Stoch - 87.7301RSI Swap = 0
0	06:10:07.062	Elpheba-20161030 AUDUSD,M5: Check for Openings
0	06:10:07.063	Elpheba-20161030 AUDUSD,M5: EURUSD : Stoch - 21.6216RSI Swap = 0
0	06:10:07.064	Elpheba-20161030 AUDUSD,M5: EURGBP : Stoch - 17.9856RSI Swap = 0
0	06:10:07.065	Elpheba-20161030 AUDUSD,M5: GBPUSD : Stoch - 79.558RSI Swap = 0
0	06:10:07.065	Elpheba-20161030 AUDUSD,M5: AUDUSD : Stoch - 0RSI Swap = 0
0	06:10:07.067	Elpheba-20161030 AUDUSD,M5: EURJPY : Stoch - 37.3134RSI Swap = 0
0	06:10:07.068	Elpheba-20161030 AUDUSD,M5: AUDJPY : Stoch - 0RSI Swap = 0
0	06:10:07.070	Elpheba-20161030 AUDUSD,M5: EURAUD : Stoch - 100RSI Swap = 0
0	06:10:07.071	Elpheba-20161030 AUDUSD,M5: USDCAD : Stoch - 100RSI Swap = 0
0	06:10:07.073	Elpheba-20161030 AUDUSD,M5: USDJPY : Stoch - 64RSI Swap = 0
0	06:10:07.074	Elpheba-20161030 AUDUSD,M5: GBPCAD : Stoch - 95.202RSI Swap = 0
0	06:10:07.076	Elpheba-20161030 AUDUSD,M5: AUDCAD : Stoch - 47.3684RSI Swap = 0
0	06:10:07.078	Elpheba-20161030 AUDUSD,M5: USDCHF : Stoch - 0RSI Swap = 0
0	06:10:07.083	Elpheba-20161030 AUDUSD,M5: GBPAUD : Stoch - 93.494RSI Swap = 0
0	06:10:07.085	Elpheba-20161030 AUDUSD,M5: XAUUSD : Stoch - 74.3169RSI Swap = 0
0	06:15:00.438	Elpheba-20161030 AUDUSD,M5: Check for Openings
0	06:15:00.439	Elpheba-20161030 AUDUSD,M5: EURUSD : Stoch - 66.6667RSI Swap = 0
0	06:15:00.440	Elpheba-20161030 AUDUSD,M5: EURGBP : Stoch - 39RSI Swap = 0
0	06:15:00.442	Elpheba-20161030 AUDUSD,M5: GBPUSD : Stoch - 71.9178RSI Swap = 0
0	06:15:00.442	Elpheba-20161030 AUDUSD,M5: AUDUSD : Stoch - 5.8824RSI Swap = 0
0	06:15:00.444	Elpheba-20161030 AUDUSD,M5: EURJPY : Stoch - 97.9592RSI Swap = 0
0	06:15:00.445	Elpheba-20161030 AUDUSD,M5: AUDJPY : Stoch - 0RSI Swap = 0
0	06:15:00.447	Elpheba-20161030 AUDUSD,M5: EURAUD : Stoch - 100RSI Swap = 0
0	06:15:00.448	Elpheba-20161030 AUDUSD,M5: USDCAD : Stoch - 91.6667RSI Swap = 0
0	06:15:00.449	Elpheba-20161030 AUDUSD,M5: USDJPY : Stoch - 97.9592RSI Swap = 0
0	06:15:00.451	Elpheba-20161030 AUDUSD,M5: GBPCAD : Stoch - 92.2601RSI Swap = 0
0	06:15:00.452	Elpheba-20161030 AUDUSD,M5: AUDCAD : Stoch - 0RSI Swap = 0
0	06:15:00.454	Elpheba-20161030 AUDUSD,M5: USDCHF : Stoch - 0RSI Swap = 0
0	06:15:00.458	Elpheba-20161030 AUDUSD,M5: GBPAUD : Stoch - 87.251RSI Swap = 0
0	06:15:00.462	Elpheba-20161030 AUDUSD,M5: XAUUSD : Stoch - 56.3758RSI Swap = 0
0	06:20:03.030	Elpheba-20161030 AUDUSD,M5: Check for Openings
0	06:20:03.031	Elpheba-20161030 AUDUSD,M5: EURUSD : Stoch - 92.3077RSI Swap = 1
2	06:20:03.372	Elpheba-20161030 AUDUSD,M5: open #158825889 sell 0.13 EURUSD at 1.04570 tp: 1.04398 ok
0	06:20:03.373	Elpheba-20161030 AUDUSD,M5: EURGBP : Stoch - 90.3614RSI Swap = 0
0	06:20:03.373	Elpheba-20161030 AUDUSD,M5: GBPUSD : Stoch - 28.5714RSI Swap = 0
0	06:20:03.373	Elpheba-20161030 AUDUSD,M5: AUDUSD : Stoch - 21.0526RSI Swap = 0
0	06:20:03.374	Elpheba-20161030 AUDUSD,M5: EURJPY : Stoch - 100RSI Swap = 0
0	06:20:03.375	Elpheba-20161030 AUDUSD,M5: AUDJPY : Stoch - 0RSI Swap = 0
0	06:20:03.376	Elpheba-20161030 AUDUSD,M5: EURAUD : Stoch - 100RSI Swap = 0
0	06:20:03.377	Elpheba-20161030 AUDUSD,M5: USDCAD : Stoch - 79.5918RSI Swap = 0
0	06:20:03.378	Elpheba-20161030 AUDUSD,M5: USDJPY : Stoch - 87.5RSI Swap = 0
0	06:20:03.378	Elpheba-20161030 AUDUSD,M5: GBPCAD : Stoch - 71.2919RSI Swap = 0
0	06:20:03.379	Elpheba-20161030 AUDUSD,M5: AUDCAD : Stoch - 18.75RSI Swap = 0
0	06:20:03.380	Elpheba-20161030 AUDUSD,M5: USDCHF : Stoch - 0RSI Swap = 0
0	06:20:03.382	Elpheba-20161030 AUDUSD,M5: GBPAUD : Stoch - 72.9167RSI Swap = 0
0	06:20:03.383	Elpheba-20161030 AUDUSD,M5: XAUUSD : Stoch - 69.1781RSI Swap = 0
0	06:25:02.467	Elpheba-20161030 AUDUSD,M5: Insufficient Margin
0	06:30:03.934	Elpheba-20161030 AUDUSD,M5: Insufficient Margin
0	06:35:08.218	Elpheba-20161030 AUDUSD,M5: Insufficient Margin
0	06:40:08.685	Elpheba-20161030 AUDUSD,M5: Insufficient Margin
0	06:45:01.538	Elpheba-20161030 AUDUSD,M5: Insufficient Margin
0	06:50:04.243	Elpheba-20161030 AUDUSD,M5: Insufficient Margin
0	06:55:03.780	Elpheba-20161030 AUDUSD,M5: Insufficient Margin
0	07:00:00.331	Elpheba-20161030 AUDUSD,M5: Insufficient Margin
0	07:08:17.836	Elpheba-20161030 AUDUSD,M5: Insufficient Margin
0	07:10:00.390	Elpheba-20161030 AUDUSD,M5: Insufficient Margin
0	07:15:00.888	Elpheba-20161030 AUDUSD,M5: Insufficient Margin
0	07:20:05.256	Elpheba-20161030 AUDUSD,M5: Insufficient Margin
0	07:25:00.426	Elpheba-20161030 AUDUSD,M5: Insufficient Margin
0	07:30:00.976	Elpheba-20161030 AUDUSD,M5: Insufficient Margin
0	07:36:20.689	Elpheba-20161030 AUDUSD,M5: Insufficient Margin
0	07:41:07.362	Elpheba-20161030 AUDUSD,M5: Insufficient Margin
0	07:45:02.592	Elpheba-20161030 AUDUSD,M5: Insufficient Margin
0	07:50:01.059	Elpheba-20161030 AUDUSD,M5: Insufficient Margin
2	07:50:32.769	Elpheba-20161030 AUDUSD,M5: modify #158824177 buy 0.13 USDCAD at 1.35612 sl: 1.35741 tp: 1.35808 ok
2	07:52:05.480	Elpheba-20161030 AUDUSD,M5: modify #158824177 buy 0.13 USDCAD at 1.35612 sl: 1.35743 tp: 1.35807 ok
2	07:53:37.751	Elpheba-20161030 AUDUSD,M5: modify #158824177 buy 0.13 USDCAD at 1.35612 sl: 1.35765 tp: 1.35835 ok
2	07:53:38.106	Elpheba-20161030 AUDUSD,M5: modify #158824177 buy 0.13 USDCAD at 1.35612 sl: 1.35766 tp: 1.35835 ok
0	07:55:04.951	Elpheba-20161030 AUDUSD,M5: Insufficient Margin
0	08:00:00.252	Elpheba-20161030 AUDUSD,M5: Insufficient Margin
0	08:05:32.490	Elpheba-20161030 AUDUSD,M5: Insufficient Margin
0	08:10:00.449	Elpheba-20161030 AUDUSD,M5: Insufficient Margin
0	08:15:01.119	Elpheba-20161030 AUDUSD,M5: Insufficient Margin
0	08:21:32.437	Elpheba-20161030 AUDUSD,M5: Insufficient Margin
0	08:25:52.509	Elpheba-20161030 AUDUSD,M5: Insufficient Margin
0	08:30:00.499	Elpheba-20161030 AUDUSD,M5: Insufficient Margin
0	08:35:23.551	Elpheba-20161030 AUDUSD,M5: Insufficient Margin
0	08:41:29.150	Elpheba-20161030 AUDUSD,M5: Insufficient Margin
0	08:45:05.575	Elpheba-20161030 AUDUSD,M5: Insufficient Margin
0	08:50:00.287	Elpheba-20161030 AUDUSD,M5: Insufficient Margin
0	08:55:29.468	Elpheba-20161030 AUDUSD,M5: Insufficient Margin
0	09:02:24.678	Elpheba-20161030 AUDUSD,M5: Insufficient Margin
0	09:09:31.678	Elpheba-20161030 AUDUSD,M5: Insufficient Margin
0	09:10:00.701	Elpheba-20161030 AUDUSD,M5: Insufficient Margin
0	09:15:01.549	Elpheba-20161030 AUDUSD,M5: Insufficient Margin
0	09:20:06.023	Elpheba-20161030 AUDUSD,M5: Insufficient Margin
0	09:25:05.429	Elpheba-20161030 AUDUSD,M5: Insufficient Margin
0	09:30:00.799	Elpheba-20161030 AUDUSD,M5: Insufficient Margin
0	09:35:05.597	Elpheba-20161030 AUDUSD,M5: Insufficient Margin
0	09:40:49.623	Elpheba-20161030 AUDUSD,M5: Insufficient Margin
0	09:45:06.276	Elpheba-20161030 AUDUSD,M5: Insufficient Margin
0	09:50:03.639	Elpheba-20161030 AUDUSD,M5: Insufficient Margin
0	09:55:04.869	Elpheba-20161030 AUDUSD,M5: Insufficient Margin
0	10:00:14.169	Elpheba-20161030 AUDUSD,M5: Insufficient Margin
0	10:06:25.438	Elpheba-20161030 AUDUSD,M5: Insufficient Margin
0	10:10:01.315	Elpheba-20161030 AUDUSD,M5: Insufficient Margin
0	10:15:02.239	Elpheba-20161030 AUDUSD,M5: Insufficient Margin
0	10:20:00.878	Elpheba-20161030 AUDUSD,M5: Insufficient Margin
0	10:25:00.252	Elpheba-20161030 AUDUSD,M5: Insufficient Margin
0	10:30:00.765	Elpheba-20161030 AUDUSD,M5: Insufficient Margin
0	10:35:00.300	Elpheba-20161030 AUDUSD,M5: Insufficient Margin
0	10:40:01.057	Elpheba-20161030 AUDUSD,M5: Insufficient Margin
0	10:45:01.362	Elpheba-20161030 AUDUSD,M5: Insufficient Margin
0	10:50:01.949	Elpheba-20161030 AUDUSD,M5: Insufficient Margin
0	10:55:10.096	Elpheba-20161030 AUDUSD,M5: Insufficient Margin
0	11:00:00.245	Elpheba-20161030 AUDUSD,M5: Insufficient Margin
0	11:06:26.896	Elpheba-20161030 AUDUSD,M5: Insufficient Margin
0	11:10:00.978	Elpheba-20161030 AUDUSD,M5: Insufficient Margin
0	11:15:03.652	Elpheba-20161030 AUDUSD,M5: Insufficient Margin
0	11:20:00.252	Elpheba-20161030 AUDUSD,M5: Insufficient Margin
0	11:25:09.242	Elpheba-20161030 AUDUSD,M5: Insufficient Margin
0	11:30:00.751	Elpheba-20161030 AUDUSD,M5: Insufficient Margin
0	11:35:03.340	Elpheba-20161030 AUDUSD,M5: Insufficient Margin
0	11:40:12.546	Elpheba-20161030 AUDUSD,M5: Insufficient Margin
0	11:45:01.557	Elpheba-20161030 AUDUSD,M5: Insufficient Margin
0	11:50:00.414	Elpheba-20161030 AUDUSD,M5: Insufficient Margin
0	11:55:00.252	Elpheba-20161030 AUDUSD,M5: Insufficient Margin
0	12:00:00.251	Elpheba-20161030 AUDUSD,M5: Insufficient Margin
0	12:06:56.938	Elpheba-20161030 AUDUSD,M5: Insufficient Margin
0	12:10:04.781	Elpheba-20161030 AUDUSD,M5: Insufficient Margin
2	12:11:28.081	Elpheba-20161030 AUDUSD,M5: modify #158794887 sell 0.13 USDCHF at 1.02829 sl: 1.02737 tp: 1.02668 ok
2	12:11:54.428	Elpheba-20161030 AUDUSD,M5: modify #158794887 sell 0.13 USDCHF at 1.02829 sl: 1.02735 tp: 1.02665 ok
2	12:11:59.727	Elpheba-20161030 AUDUSD,M5: modify #158794887 sell 0.13 USDCHF at 1.02829 sl: 1.02733 tp: 1.02664 ok
0	12:15:00.488	Elpheba-20161030 AUDUSD,M5: Insufficient Margin
2	12:16:43.063	Elpheba-20161030 AUDUSD,M5: modify #158794887 sell 0.13 USDCHF at 1.02829 sl: 1.02731 tp: 1.02659 ok
2	12:16:54.860	Elpheba-20161030 AUDUSD,M5: modify #158794887 sell 0.13 USDCHF at 1.02829 sl: 1.02731 tp: 1.02658 ok
2	12:16:57.376	Elpheba-20161030 AUDUSD,M5: modify #158794887 sell 0.13 USDCHF at 1.02829 sl: 1.02730 tp: 1.02657 ok
2	12:17:19.738	Elpheba-20161030 AUDUSD,M5: modify #158794887 sell 0.13 USDCHF at 1.02829 sl: 1.02729 tp: 1.02658 ok
2	12:18:20.117	Elpheba-20161030 AUDUSD,M5: modify #158794887 sell 0.13 USDCHF at 1.02829 sl: 1.02727 tp: 1.02657 ok
0	12:20:00.452	Elpheba-20161030 AUDUSD,M5: Insufficient Margin
0	12:25:12.473	Elpheba-20161030 AUDUSD,M5: Insufficient Margin
0	12:30:02.591	Elpheba-20161030 AUDUSD,M5: Insufficient Margin
0	12:35:02.819	Elpheba-20161030 AUDUSD,M5: Insufficient Margin
0	12:40:00.456	Elpheba-20161030 AUDUSD,M5: Insufficient Margin
0	12:45:03.622	Elpheba-20161030 AUDUSD,M5: Insufficient Margin
0	12:50:01.960	Elpheba-20161030 AUDUSD,M5: Insufficient Margin
0	12:55:02.481	Elpheba-20161030 AUDUSD,M5: Insufficient Margin
2	12:58:10.681	Elpheba-20161030 AUDUSD,M5: modify #158825531 sell 0.13 EURAUD at 1.45452 sl: 1.45318 tp: 1.45244 ok
2	12:58:15.462	Elpheba-20161030 AUDUSD,M5: modify #158825531 sell 0.13 EURAUD at 1.45452 sl: 1.45317 tp: 1.45240 ok
2	12:58:15.906	Elpheba-20161030 AUDUSD,M5: modify #158825531 sell 0.13 EURAUD at 1.45452 sl: 1.45316 tp: 1.45239 ok
2	12:58:23.588	Elpheba-20161030 AUDUSD,M5: modify #158825531 sell 0.13 EURAUD at 1.45452 sl: 1.45315 tp: 1.45240 ok
0	13:00:00.420	Elpheba-20161030 AUDUSD,M5: Insufficient Margin
0	13:07:31.640	Elpheba-20161030 AUDUSD,M5: Insufficient Margin
0	13:10:04.173	Elpheba-20161030 AUDUSD,M5: Insufficient Margin
0	13:15:00.362	Elpheba-20161030 AUDUSD,M5: Insufficient Margin
0	13:20:00.473	Elpheba-20161030 AUDUSD,M5: Insufficient Margin
0	13:25:01.815	Elpheba-20161030 AUDUSD,M5: Insufficient Margin
0	13:30:00.405	Elpheba-20161030 AUDUSD,M5: Insufficient Margin
0	13:35:00.678	Elpheba-20161030 AUDUSD,M5: Insufficient Margin
0	13:40:01.556	Elpheba-20161030 AUDUSD,M5: Insufficient Margin
0	13:45:01.481	Elpheba-20161030 AUDUSD,M5: Insufficient Margin
0	13:50:02.664	Elpheba-20161030 AUDUSD,M5: Insufficient Margin
0	13:55:04.954	Elpheba-20161030 AUDUSD,M5: Insufficient Margin
0	14:00:00.336	Elpheba-20161030 AUDUSD,M5: Insufficient Margin
0	14:06:25.953	Elpheba-20161030 AUDUSD,M5: Insufficient Margin
0	14:10:00.282	Elpheba-20161030 AUDUSD,M5: Insufficient Margin
0	14:15:08.730	Elpheba-20161030 AUDUSD,M5: Insufficient Margin
0	14:20:06.330	Elpheba-20161030 AUDUSD,M5: Insufficient Margin
0	14:25:06.862	Elpheba-20161030 AUDUSD,M5: Insufficient Margin
0	14:30:00.322	Elpheba-20161030 AUDUSD,M5: Insufficient Margin
0	14:35:00.639	Elpheba-20161030 AUDUSD,M5: Insufficient Margin
0	14:40:05.751	Elpheba-20161030 AUDUSD,M5: Insufficient Margin
0	14:45:01.865	Elpheba-20161030 AUDUSD,M5: Insufficient Margin
0	14:50:07.736	Elpheba-20161030 AUDUSD,M5: Insufficient Margin
0	14:55:35.996	Elpheba-20161030 AUDUSD,M5: Insufficient Margin
0	15:00:13.452	Elpheba-20161030 AUDUSD,M5: Insufficient Margin
0	15:05:49.492	Elpheba-20161030 AUDUSD,M5: Insufficient Margin
0	15:10:02.518	Elpheba-20161030 AUDUSD,M5: Insufficient Margin
0	15:15:02.852	Elpheba-20161030 AUDUSD,M5: Insufficient Margin
0	15:20:00.200	Elpheba-20161030 AUDUSD,M5: Insufficient Margin
0	15:25:00.362	Elpheba-20161030 AUDUSD,M5: Insufficient Margin
0	15:30:02.772	Elpheba-20161030 AUDUSD,M5: Insufficient Margin
0	15:35:04.519	Elpheba-20161030 AUDUSD,M5: Insufficient Margin
0	15:40:01.657	Elpheba-20161030 AUDUSD,M5: Insufficient Margin
0	15:45:02.474	Elpheba-20161030 AUDUSD,M5: Insufficient Margin
0	15:50:01.328	Elpheba-20161030 AUDUSD,M5: Insufficient Margin
0	15:55:01.478	Elpheba-20161030 AUDUSD,M5: Insufficient Margin
0	16:00:00.786	Elpheba-20161030 AUDUSD,M5: Insufficient Margin
0	16:05:38.227	Elpheba-20161030 AUDUSD,M5: Insufficient Margin
0	16:10:14.787	Elpheba-20161030 AUDUSD,M5: Insufficient Margin
0	16:15:02.105	Elpheba-20161030 AUDUSD,M5: Insufficient Margin
0	16:20:02.073	Elpheba-20161030 AUDUSD,M5: Insufficient Margin
0	16:25:07.399	Elpheba-20161030 AUDUSD,M5: Insufficient Margin
0	16:30:01.294	Elpheba-20161030 AUDUSD,M5: Insufficient Margin
0	16:35:06.145	Elpheba-20161030 AUDUSD,M5: Insufficient Margin
0	16:40:00.243	Elpheba-20161030 AUDUSD,M5: Insufficient Margin
0	16:45:05.182	Elpheba-20161030 AUDUSD,M5: Insufficient Margin
0	16:50:00.943	Elpheba-20161030 AUDUSD,M5: Insufficient Margin
0	16:55:01.914	Elpheba-20161030 AUDUSD,M5: Insufficient Margin
0	17:00:00.536	Elpheba-20161030 AUDUSD,M5: Insufficient Margin
0	17:05:13.387	Elpheba-20161030 AUDUSD,M5: Insufficient Margin
0	17:10:00.167	Elpheba-20161030 AUDUSD,M5: Insufficient Margin
0	17:15:00.658	Elpheba-20161030 AUDUSD,M5: Insufficient Margin
0	17:20:01.208	Elpheba-20161030 AUDUSD,M5: Insufficient Margin
0	17:25:01.265	Elpheba-20161030 AUDUSD,M5: Insufficient Margin
0	17:30:00.925	Elpheba-20161030 AUDUSD,M5: Insufficient Margin
0	17:35:04.254	Elpheba-20161030 AUDUSD,M5: Insufficient Margin
0	17:40:04.531	Elpheba-20161030 AUDUSD,M5: Insufficient Margin
0	17:45:00.403	Elpheba-20161030 AUDUSD,M5: Insufficient Margin
0	17:50:07.721	Elpheba-20161030 AUDUSD,M5: Insufficient Margin
0	17:55:10.750	Elpheba-20161030 AUDUSD,M5: Insufficient Margin
0	18:00:00.780	Elpheba-20161030 AUDUSD,M5: Insufficient Margin
0	18:05:35.063	Elpheba-20161030 AUDUSD,M5: Insufficient Margin
0	18:10:03.323	Elpheba-20161030 AUDUSD,M5: Insufficient Margin
0	18:15:01.063	Elpheba-20161030 AUDUSD,M5: Insufficient Margin
0	18:20:00.757	Elpheba-20161030 AUDUSD,M5: Insufficient Margin
0	18:25:03.877	Elpheba-20161030 AUDUSD,M5: Insufficient Margin
0	18:30:00.457	Elpheba-20161030 AUDUSD,M5: Insufficient Margin
0	18:35:00.720	Elpheba-20161030 AUDUSD,M5: Insufficient Margin
0	18:40:00.382	Elpheba-20161030 AUDUSD,M5: Insufficient Margin
0	18:45:07.114	Elpheba-20161030 AUDUSD,M5: Insufficient Margin
0	18:50:17.821	Elpheba-20161030 AUDUSD,M5: Insufficient Margin
0	18:55:01.074	Elpheba-20161030 AUDUSD,M5: Insufficient Margin
0	19:00:00.318	Elpheba-20161030 AUDUSD,M5: Insufficient Margin
0	19:05:35.444	Elpheba-20161030 AUDUSD,M5: Insufficient Margin
0	19:10:00.438	Elpheba-20161030 AUDUSD,M5: Insufficient Margin
0	19:15:01.934	Elpheba-20161030 AUDUSD,M5: Insufficient Margin
0	19:20:00.316	Elpheba-20161030 AUDUSD,M5: Insufficient Margin
0	19:25:00.986	Elpheba-20161030 AUDUSD,M5: Insufficient Margin
0	19:30:02.951	Elpheba-20161030 AUDUSD,M5: Insufficient Margin
0	19:35:02.419	Elpheba-20161030 AUDUSD,M5: Insufficient Margin
0	19:40:09.667	Elpheba-20161030 AUDUSD,M5: Insufficient Margin
0	19:45:01.684	Elpheba-20161030 AUDUSD,M5: Insufficient Margin
2	19:48:02.627	Elpheba-20161030 AUDUSD,M5: modify #158825889 sell 0.13 EURUSD at 1.04570 sl: 1.04479 tp: 1.04419 ok
2	19:48:05.520	Elpheba-20161030 AUDUSD,M5: modify #158825889 sell 0.13 EURUSD at 1.04570 sl: 1.04469 tp: 1.04409 ok
2	19:48:21.676	Elpheba-20161030 AUDUSD,M5: modify #158825889 sell 0.13 EURUSD at 1.04570 sl: 1.04468 tp: 1.04408 ok
2	19:48:28.630	Elpheba-20161030 AUDUSD,M5: modify #158825889 sell 0.13 EURUSD at 1.04570 sl: 1.04467 tp: 1.04407 ok
2	19:48:35.490	Elpheba-20161030 AUDUSD,M5: modify #158825889 sell 0.13 EURUSD at 1.04570 sl: 1.04466 tp: 1.04405 ok
0	19:50:05.724	Elpheba-20161030 AUDUSD,M5: Check for Openings
0	19:50:05.962	Elpheba-20161030 AUDUSD,M5: EURUSD : Stoch - 100RSI Swap = 0
0	19:50:06.104	Elpheba-20161030 AUDUSD,M5: EURGBP : Stoch - 95RSI Swap = 0
0	19:50:06.147	Elpheba-20161030 AUDUSD,M5: GBPUSD : Stoch - 48.8889RSI Swap = 0
0	19:50:06.148	Elpheba-20161030 AUDUSD,M5: AUDUSD : Stoch - 0RSI Swap = 0
0	19:50:06.182	Elpheba-20161030 AUDUSD,M5: EURJPY : Stoch - 100RSI Swap = 1
2	19:50:06.530	Elpheba-20161030 AUDUSD,M5: open #158859078 sell 0.13 EURJPY at 122.871 tp: 122.701 ok
0	19:50:06.553	Elpheba-20161030 AUDUSD,M5: AUDJPY : Stoch - 2.1739RSI Swap = 0
0	19:50:06.573	Elpheba-20161030 AUDUSD,M5: EURAUD : Stoch - 100RSI Swap = 0
0	19:50:06.582	Elpheba-20161030 AUDUSD,M5: USDCAD : Stoch - 43.6364RSI Swap = 0
0	19:50:06.717	Elpheba-20161030 AUDUSD,M5: USDJPY : Stoch - 71.0526RSI Swap = 0
0	19:50:06.769	Elpheba-20161030 AUDUSD,M5: GBPCAD : Stoch - 52.2727RSI Swap = 0
0	19:50:06.783	Elpheba-20161030 AUDUSD,M5: AUDCAD : Stoch - 15.3846RSI Swap = 0
0	19:50:06.790	Elpheba-20161030 AUDUSD,M5: USDCHF : Stoch - 0RSI Swap = 0
0	19:50:06.873	Elpheba-20161030 AUDUSD,M5: GBPAUD : Stoch - 71.0526RSI Swap = 0
0	19:50:06.930	Elpheba-20161030 AUDUSD,M5: XAUUSD : Stoch - 87.8378RSI Swap = 0
0	19:55:01.136	Elpheba-20161030 AUDUSD,M5: Insufficient Margin
0	20:00:00.362	Elpheba-20161030 AUDUSD,M5: Insufficient Margin
0	20:05:43.451	Elpheba-20161030 AUDUSD,M5: Insufficient Margin
0	20:10:01.762	Elpheba-20161030 AUDUSD,M5: Insufficient Margin
0	20:15:03.430	Elpheba-20161030 AUDUSD,M5: Insufficient Margin
0	20:20:00.206	Elpheba-20161030 AUDUSD,M5: Insufficient Margin
2	20:22:55.022	Elpheba-20161030 AUDUSD,M5: modify #158859078 sell 0.13 EURJPY at 122.871 sl: 122.763 tp: 122.695 ok
2	20:22:56.536	Elpheba-20161030 AUDUSD,M5: modify #158859078 sell 0.13 EURJPY at 122.871 sl: 122.760 tp: 122.696 ok
2	20:22:56.928	Elpheba-20161030 AUDUSD,M5: modify #158859078 sell 0.13 EURJPY at 122.871 sl: 122.756 tp: 122.692 ok
2	20:23:15.273	Elpheba-20161030 AUDUSD,M5: modify #158859078 sell 0.13 EURJPY at 122.871 sl: 122.753 tp: 122.689 ok
2	20:23:58.199	Elpheba-20161030 AUDUSD,M5: modify #158859078 sell 0.13 EURJPY at 122.871 sl: 122.752 tp: 122.685 ok
2	20:23:59.637	Elpheba-20161030 AUDUSD,M5: modify #158859078 sell 0.13 EURJPY at 122.871 sl: 122.751 tp: 122.685 ok
2	20:23:59.979	Elpheba-20161030 AUDUSD,M5: modify #158859078 sell 0.13 EURJPY at 122.871 sl: 122.750 tp: 122.684 ok
2	20:24:06.370	Elpheba-20161030 AUDUSD,M5: modify #158859078 sell 0.13 EURJPY at 122.871 sl: 122.746 tp: 122.683 ok
2	20:24:11.607	Elpheba-20161030 AUDUSD,M5: modify #158859078 sell 0.13 EURJPY at 122.871 sl: 122.738 tp: 122.672 ok
2	20:25:03.438	Elpheba-20161030 AUDUSD,M5: modify #158859078 sell 0.13 EURJPY at 122.871 sl: 122.735 tp: 122.667 ok
0	20:25:03.451	Elpheba-20161030 AUDUSD,M5: Check for Openings
0	20:25:03.451	Elpheba-20161030 AUDUSD,M5: EURUSD : Stoch - 0RSI Swap = 0
0	20:25:03.452	Elpheba-20161030 AUDUSD,M5: EURGBP : Stoch - 33.7079RSI Swap = 0
0	20:25:03.453	Elpheba-20161030 AUDUSD,M5: GBPUSD : Stoch - 42.6RSI Swap = 0
0	20:25:03.453	Elpheba-20161030 AUDUSD,M5: AUDUSD : Stoch - 42.5532RSI Swap = 0
0	20:25:03.454	Elpheba-20161030 AUDUSD,M5: EURJPY : Stoch - 28.6957RSI Swap = 0
0	20:25:03.455	Elpheba-20161030 AUDUSD,M5: AUDJPY : Stoch - 82.7957RSI Swap = 0
0	20:25:03.455	Elpheba-20161030 AUDUSD,M5: EURAUD : Stoch - 18.2482RSI Swap = 0
0	20:25:03.456	Elpheba-20161030 AUDUSD,M5: USDCAD : Stoch - 63.6364RSI Swap = 0
0	20:25:03.457	Elpheba-20161030 AUDUSD,M5: USDJPY : Stoch - 86.9863RSI Swap = 0
0	20:25:03.458	Elpheba-20161030 AUDUSD,M5: GBPCAD : Stoch - 47.1477RSI Swap = 0
0	20:25:03.459	Elpheba-20161030 AUDUSD,M5: AUDCAD : Stoch - 40.8451RSI Swap = 0
0	20:25:03.459	Elpheba-20161030 AUDUSD,M5: USDCHF : Stoch - 81.4159RSI Swap = 0
0	20:25:03.461	Elpheba-20161030 AUDUSD,M5: GBPAUD : Stoch - 51.2555RSI Swap = 0
0	20:25:03.463	Elpheba-20161030 AUDUSD,M5: XAUUSD : Stoch - 24.5283RSI Swap = 0
2	20:25:06.309	Elpheba-20161030 AUDUSD,M5: modify #158859078 sell 0.13 EURJPY at 122.871 sl: 122.732 tp: 122.665 ok
0	20:30:02.072	Elpheba-20161030 AUDUSD,M5: Check for Openings
0	20:30:02.072	Elpheba-20161030 AUDUSD,M5: EURUSD : Stoch - 27.8481RSI Swap = 0
0	20:30:02.073	Elpheba-20161030 AUDUSD,M5: EURGBP : Stoch - 55.8304RSI Swap = 0
0	20:30:02.074	Elpheba-20161030 AUDUSD,M5: GBPUSD : Stoch - 20.7283RSI Swap = 0
0	20:30:02.074	Elpheba-20161030 AUDUSD,M5: AUDUSD : Stoch - 40.1786RSI Swap = 0
0	20:30:02.074	Elpheba-20161030 AUDUSD,M5: EURJPY : Stoch - 9.2105RSI Swap = 0
0	20:30:02.075	Elpheba-20161030 AUDUSD,M5: AUDJPY : Stoch - 15.625RSI Swap = 0
0	20:30:02.076	Elpheba-20161030 AUDUSD,M5: EURAUD : Stoch - 27.381RSI Swap = 0
0	20:30:02.076	Elpheba-20161030 AUDUSD,M5: USDCAD : Stoch - 35.443RSI Swap = 0
0	20:30:02.077	Elpheba-20161030 AUDUSD,M5: USDJPY : Stoch - 4.878RSI Swap = 0
0	20:30:02.078	Elpheba-20161030 AUDUSD,M5: GBPCAD : Stoch - 20.3252RSI Swap = 0
0	20:30:02.079	Elpheba-20161030 AUDUSD,M5: AUDCAD : Stoch - 22.2222RSI Swap = 0
0	20:30:02.080	Elpheba-20161030 AUDUSD,M5: USDCHF : Stoch - 56.6929RSI Swap = 0
0	20:30:02.083	Elpheba-20161030 AUDUSD,M5: GBPAUD : Stoch - 31.941RSI Swap = 0
0	20:30:02.087	Elpheba-20161030 AUDUSD,M5: XAUUSD : Stoch - 82.0225RSI Swap = 0
0	20:35:01.644	Elpheba-20161030 AUDUSD,M5: Check for Openings
0	20:35:01.645	Elpheba-20161030 AUDUSD,M5: EURUSD : Stoch - 21.2389RSI Swap = 0
0	20:35:01.646	Elpheba-20161030 AUDUSD,M5: EURGBP : Stoch - 59.8394RSI Swap = 0
0	20:35:01.647	Elpheba-20161030 AUDUSD,M5: GBPUSD : Stoch - 8.3573RSI Swap = 0
0	20:35:01.647	Elpheba-20161030 AUDUSD,M5: AUDUSD : Stoch - 20.9302RSI Swap = 0
0	20:35:01.648	Elpheba-20161030 AUDUSD,M5: EURJPY : Stoch - 17.1429RSI Swap = 0
0	20:35:01.648	Elpheba-20161030 AUDUSD,M5: AUDJPY : Stoch - 32.2581RSI Swap = 0
0	20:35:01.649	Elpheba-20161030 AUDUSD,M5: EURAUD : Stoch - 4.0816RSI Swap = 0
0	20:35:01.650	Elpheba-20161030 AUDUSD,M5: USDCAD : Stoch - 28.866RSI Swap = 0
0	20:35:01.651	Elpheba-20161030 AUDUSD,M5: USDJPY : Stoch - 11.25RSI Swap = 0
0	20:35:01.651	Elpheba-20161030 AUDUSD,M5: GBPCAD : Stoch - 10.3578RSI Swap = 0
0	20:35:01.653	Elpheba-20161030 AUDUSD,M5: AUDCAD : Stoch - 16.9643RSI Swap = 0
0	20:35:01.654	Elpheba-20161030 AUDUSD,M5: USDCHF : Stoch - 56.25RSI Swap = 0
0	20:35:01.664	Elpheba-20161030 AUDUSD,M5: GBPAUD : Stoch - 13.4293RSI Swap = 0
0	20:35:01.666	Elpheba-20161030 AUDUSD,M5: XAUUSD : Stoch - 59.8684RSI Swap = 0
0	20:40:02.351	Elpheba-20161030 AUDUSD,M5: Check for Openings
0	20:40:02.352	Elpheba-20161030 AUDUSD,M5: EURUSD : Stoch - 24.8299RSI Swap = 0
0	20:40:02.352	Elpheba-20161030 AUDUSD,M5: EURGBP : Stoch - 76.4505RSI Swap = 0
0	20:40:02.359	Elpheba-20161030 AUDUSD,M5: GBPUSD : Stoch - 0RSI Swap = 0
0	20:40:02.359	Elpheba-20161030 AUDUSD,M5: AUDUSD : Stoch - 20.4545RSI Swap = 0
0	20:40:02.361	Elpheba-20161030 AUDUSD,M5: EURJPY : Stoch - 45.9302RSI Swap = 0
0	20:40:02.362	Elpheba-20161030 AUDUSD,M5: AUDJPY : Stoch - 50.9434RSI Swap = 0
0	20:40:02.363	Elpheba-20161030 AUDUSD,M5: EURAUD : Stoch - 21.6216RSI Swap = 0
0	20:40:02.364	Elpheba-20161030 AUDUSD,M5: USDCAD : Stoch - 21.7742RSI Swap = 0
0	20:40:02.366	Elpheba-20161030 AUDUSD,M5: USDJPY : Stoch - 63.9344RSI Swap = 0
0	20:40:02.367	Elpheba-20161030 AUDUSD,M5: GBPCAD : Stoch - 2.1148RSI Swap = 0
0	20:40:02.369	Elpheba-20161030 AUDUSD,M5: AUDCAD : Stoch - 0RSI Swap = 0
0	20:40:02.371	Elpheba-20161030 AUDUSD,M5: USDCHF : Stoch - 42.4242RSI Swap = 0
0	20:40:02.374	Elpheba-20161030 AUDUSD,M5: GBPAUD : Stoch - 9.7466RSI Swap = 0
0	20:40:02.377	Elpheba-20161030 AUDUSD,M5: XAUUSD : Stoch - 22.7273RSI Swap = 0
0	20:45:00.521	Elpheba-20161030 AUDUSD,M5: Check for Openings
0	20:45:00.522	Elpheba-20161030 AUDUSD,M5: EURUSD : Stoch - 34.5324RSI Swap = 0
0	20:45:00.522	Elpheba-20161030 AUDUSD,M5: EURGBP : Stoch - 100RSI Swap = 0
0	20:45:00.523	Elpheba-20161030 AUDUSD,M5: GBPUSD : Stoch - 0RSI Swap = 0
0	20:45:00.523	Elpheba-20161030 AUDUSD,M5: AUDUSD : Stoch - 18.9189RSI Swap = 0
0	20:45:00.524	Elpheba-20161030 AUDUSD,M5: EURJPY : Stoch - 71.3873RSI Swap = 0
0	20:45:00.525	Elpheba-20161030 AUDUSD,M5: AUDJPY : Stoch - 75.7764RSI Swap = 0
0	20:45:00.526	Elpheba-20161030 AUDUSD,M5: EURAUD : Stoch - 44.1489RSI Swap = 0
0	20:45:00.527	Elpheba-20161030 AUDUSD,M5: USDCAD : Stoch - 23.3333RSI Swap = 0
0	20:45:00.528	Elpheba-20161030 AUDUSD,M5: USDJPY : Stoch - 83.0303RSI Swap = 0
0	20:45:00.529	Elpheba-20161030 AUDUSD,M5: GBPCAD : Stoch - 1.8916RSI Swap = 0
0	20:45:00.531	Elpheba-20161030 AUDUSD,M5: AUDCAD : Stoch - 6.0773RSI Swap = 0
0	20:45:00.533	Elpheba-20161030 AUDUSD,M5: USDCHF : Stoch - 30.9524RSI Swap = 0
0	20:45:00.535	Elpheba-20161030 AUDUSD,M5: GBPAUD : Stoch - 0RSI Swap = 0
0	20:45:00.539	Elpheba-20161030 AUDUSD,M5: XAUUSD : Stoch - 7.2072RSI Swap = 0
0	20:50:00.412	Elpheba-20161030 AUDUSD,M5: Check for Openings
0	20:50:00.413	Elpheba-20161030 AUDUSD,M5: EURUSD : Stoch - 42.9224RSI Swap = 0
0	20:50:00.416	Elpheba-20161030 AUDUSD,M5: EURGBP : Stoch - 94.9239RSI Swap = 0
0	20:50:00.418	Elpheba-20161030 AUDUSD,M5: GBPUSD : Stoch - 6.7518RSI Swap = 0
0	20:50:00.418	Elpheba-20161030 AUDUSD,M5: AUDUSD : Stoch - 11.8182RSI Swap = 0
0	20:50:00.420	Elpheba-20161030 AUDUSD,M5: EURJPY : Stoch - 89.0805RSI Swap = 0
0	20:50:00.421	Elpheba-20161030 AUDUSD,M5: AUDJPY : Stoch - 91.1243RSI Swap = 0
0	20:50:00.423	Elpheba-20161030 AUDUSD,M5: EURAUD : Stoch - 66.8831RSI Swap = 0
0	20:50:00.425	Elpheba-20161030 AUDUSD,M5: USDCAD : Stoch - 21.6049RSI Swap = 0
0	20:50:00.426	Elpheba-20161030 AUDUSD,M5: USDJPY : Stoch - 96.1165RSI Swap = 0
0	20:50:00.428	Elpheba-20161030 AUDUSD,M5: GBPCAD : Stoch - 3.936RSI Swap = 0
0	20:50:00.432	Elpheba-20161030 AUDUSD,M5: AUDCAD : Stoch - 6.6265RSI Swap = 0
0	20:50:00.433	Elpheba-20161030 AUDUSD,M5: USDCHF : Stoch - 39.2857RSI Swap = 0
0	20:50:00.436	Elpheba-20161030 AUDUSD,M5: GBPAUD : Stoch - 4.6802RSI Swap = 0
0	20:50:00.440	Elpheba-20161030 AUDUSD,M5: XAUUSD : Stoch - 6.5574RSI Swap = 0
0	20:55:00.838	Elpheba-20161030 AUDUSD,M5: Check for Openings
0	20:55:00.838	Elpheba-20161030 AUDUSD,M5: EURUSD : Stoch - 35.2564RSI Swap = 0
0	20:55:00.839	Elpheba-20161030 AUDUSD,M5: EURGBP : Stoch - 84.6395RSI Swap = 0
0	20:55:00.840	Elpheba-20161030 AUDUSD,M5: GBPUSD : Stoch - 13.5371RSI Swap = 0
0	20:55:00.840	Elpheba-20161030 AUDUSD,M5: AUDUSD : Stoch - 13.1313RSI Swap = 0
0	20:55:00.841	Elpheba-20161030 AUDUSD,M5: EURJPY : Stoch - 70.2614RSI Swap = 0
0	20:55:00.842	Elpheba-20161030 AUDUSD,M5: AUDJPY : Stoch - 61.6352RSI Swap = 0
0	20:55:00.842	Elpheba-20161030 AUDUSD,M5: EURAUD : Stoch - 86.5079RSI Swap = 0
0	20:55:00.843	Elpheba-20161030 AUDUSD,M5: USDCAD : Stoch - 42.1769RSI Swap = 0
0	20:55:00.844	Elpheba-20161030 AUDUSD,M5: USDJPY : Stoch - 90.0498RSI Swap = 0
0	20:55:00.845	Elpheba-20161030 AUDUSD,M5: GBPCAD : Stoch - 9.2332RSI Swap = 0
0	20:55:00.845	Elpheba-20161030 AUDUSD,M5: AUDCAD : Stoch - 7.5342RSI Swap = 0
0	20:55:00.846	Elpheba-20161030 AUDUSD,M5: USDCHF : Stoch - 47.619RSI Swap = 0
0	20:55:00.847	Elpheba-20161030 AUDUSD,M5: GBPAUD : Stoch - 21.4008RSI Swap = 0
0	20:55:00.849	Elpheba-20161030 AUDUSD,M5: XAUUSD : Stoch - 0RSI Swap = 0
0	21:00:00.538	Elpheba-20161030 AUDUSD,M5: Check for Openings
0	21:00:00.540	Elpheba-20161030 AUDUSD,M5: EURUSD : Stoch - 28.0702RSI Swap = 0
0	21:00:00.540	Elpheba-20161030 AUDUSD,M5: EURGBP : Stoch - 57.9832RSI Swap = 0
0	21:00:00.541	Elpheba-20161030 AUDUSD,M5: GBPUSD : Stoch - 36.4238RSI Swap = 0
0	21:00:00.541	Elpheba-20161030 AUDUSD,M5: AUDUSD : Stoch - 2.6786RSI Swap = 0
0	21:00:00.542	Elpheba-20161030 AUDUSD,M5: EURJPY : Stoch - 50.4RSI Swap = 0
0	21:00:00.543	Elpheba-20161030 AUDUSD,M5: AUDJPY : Stoch - 37.5RSI Swap = 0
0	21:00:00.544	Elpheba-20161030 AUDUSD,M5: EURAUD : Stoch - 85.7143RSI Swap = 1
2	21:00:00.881	Elpheba-20161030 AUDUSD,M5: open #158864543 sell 0.13 EURAUD at 1.45116 tp: 1.44948 ok
0	21:00:00.892	Elpheba-20161030 AUDUSD,M5: USDCAD : Stoch - 37.8788RSI Swap = 0
0	21:00:00.898	Elpheba-20161030 AUDUSD,M5: USDJPY : Stoch - 80.4054RSI Swap = 0
0	21:00:00.907	Elpheba-20161030 AUDUSD,M5: GBPCAD : Stoch - 25RSI Swap = 0
0	21:00:00.909	Elpheba-20161030 AUDUSD,M5: AUDCAD : Stoch - 0RSI Swap = 0
0	21:00:00.911	Elpheba-20161030 AUDUSD,M5: USDCHF : Stoch - 41.0714RSI Swap = 0
0	21:00:00.929	Elpheba-20161030 AUDUSD,M5: GBPAUD : Stoch - 55.0481RSI Swap = 0
0	21:00:00.931	Elpheba-20161030 AUDUSD,M5: XAUUSD : Stoch - 0RSI Swap = 0
0	21:07:34.955	Elpheba-20161030 AUDUSD,M5: Insufficient Margin
0	21:10:03.238	Elpheba-20161030 AUDUSD,M5: Check for Openings
0	21:10:03.240	Elpheba-20161030 AUDUSD,M5: EURUSD : Stoch - 40RSI Swap = 0
0	21:10:03.241	Elpheba-20161030 AUDUSD,M5: EURGBP : Stoch - 16.3522RSI Swap = 0
0	21:10:03.241	Elpheba-20161030 AUDUSD,M5: GBPUSD : Stoch - 72.0648RSI Swap = 0
0	21:10:03.242	Elpheba-20161030 AUDUSD,M5: AUDUSD : Stoch - 8.2192RSI Swap = 0
0	21:10:03.242	Elpheba-20161030 AUDUSD,M5: EURJPY : Stoch - 43.2161RSI Swap = 0
0	21:10:03.243	Elpheba-20161030 AUDUSD,M5: AUDJPY : Stoch - 6.9444RSI Swap = 0
0	21:10:03.244	Elpheba-20161030 AUDUSD,M5: EURAUD : Stoch - 97.4194RSI Swap = 0
0	21:10:03.245	Elpheba-20161030 AUDUSD,M5: USDCAD : Stoch - 50.8772RSI Swap = 0
0	21:10:03.245	Elpheba-20161030 AUDUSD,M5: USDJPY : Stoch - 64.5833RSI Swap = 0
0	21:10:03.246	Elpheba-20161030 AUDUSD,M5: GBPCAD : Stoch - 71.0623RSI Swap = 0
0	21:10:03.247	Elpheba-20161030 AUDUSD,M5: AUDCAD : Stoch - 0RSI Swap = 0
0	21:10:03.248	Elpheba-20161030 AUDUSD,M5: USDCHF : Stoch - 41.0256RSI Swap = 0
0	21:10:03.249	Elpheba-20161030 AUDUSD,M5: GBPAUD : Stoch - 100RSI Swap = 0
0	21:10:03.250	Elpheba-20161030 AUDUSD,M5: XAUUSD : Stoch - 29.4118RSI Swap = 0
0	21:15:00.305	Elpheba-20161030 AUDUSD,M5: Check for Openings
0	21:15:00.306	Elpheba-20161030 AUDUSD,M5: EURUSD : Stoch - 100RSI Swap = 0
0	21:15:00.306	Elpheba-20161030 AUDUSD,M5: EURGBP : Stoch - 65.3595RSI Swap = 0
0	21:15:00.307	Elpheba-20161030 AUDUSD,M5: GBPUSD : Stoch - 57.7358RSI Swap = 0
0	21:15:00.307	Elpheba-20161030 AUDUSD,M5: AUDUSD : Stoch - 25.5319RSI Swap = 0
0	21:15:00.309	Elpheba-20161030 AUDUSD,M5: EURJPY : Stoch - 100RSI Swap = 0
0	21:15:00.310	Elpheba-20161030 AUDUSD,M5: AUDJPY : Stoch - 38.4615RSI Swap = 0
0	21:15:00.312	Elpheba-20161030 AUDUSD,M5: EURAUD : Stoch - 100RSI Swap = 0
0	21:15:00.314	Elpheba-20161030 AUDUSD,M5: USDCAD : Stoch - 34.6154RSI Swap = 0
0	21:15:00.316	Elpheba-20161030 AUDUSD,M5: USDJPY : Stoch - 89.4737RSI Swap = 0
0	21:15:00.318	Elpheba-20161030 AUDUSD,M5: GBPCAD : Stoch - 53.5032RSI Swap = 0
0	21:15:00.320	Elpheba-20161030 AUDUSD,M5: AUDCAD : Stoch - 12.1495RSI Swap = 0
0	21:15:00.322	Elpheba-20161030 AUDUSD,M5: USDCHF : Stoch - 0RSI Swap = 0
0	21:15:00.326	Elpheba-20161030 AUDUSD,M5: GBPAUD : Stoch - 68.6316RSI Swap = 0
0	21:15:00.329	Elpheba-20161030 AUDUSD,M5: XAUUSD : Stoch - 71.1111RSI Swap = 0
0	21:20:00.540	Elpheba-20161030 AUDUSD,M5: Check for Openings
0	21:20:00.541	Elpheba-20161030 AUDUSD,M5: EURUSD : Stoch - 100RSI Swap = 0
0	21:20:00.542	Elpheba-20161030 AUDUSD,M5: EURGBP : Stoch - 100RSI Swap = 0
0	21:20:00.542	Elpheba-20161030 AUDUSD,M5: GBPUSD : Stoch - 30.9417RSI Swap = 0
0	21:20:00.543	Elpheba-20161030 AUDUSD,M5: AUDUSD : Stoch - 90.4762RSI Swap = 0
0	21:20:00.543	Elpheba-20161030 AUDUSD,M5: EURJPY : Stoch - 100RSI Swap = 0
0	21:20:00.544	Elpheba-20161030 AUDUSD,M5: AUDJPY : Stoch - 67.3267RSI Swap = 0
0	21:20:00.545	Elpheba-20161030 AUDUSD,M5: EURAUD : Stoch - 100RSI Swap = 0
0	21:20:00.545	Elpheba-20161030 AUDUSD,M5: USDCAD : Stoch - 15.0538RSI Swap = 0
0	21:20:00.546	Elpheba-20161030 AUDUSD,M5: USDJPY : Stoch - 100RSI Swap = 0
0	21:20:00.547	Elpheba-20161030 AUDUSD,M5: GBPCAD : Stoch - 15.9794RSI Swap = 0
0	21:20:00.547	Elpheba-20161030 AUDUSD,M5: AUDCAD : Stoch - 9.2857RSI Swap = 0
0	21:20:00.548	Elpheba-20161030 AUDUSD,M5: USDCHF : Stoch - 0RSI Swap = 1
2	21:20:00.941	Elpheba-20161030 AUDUSD,M5: open #158865567 buy 0.13 USDCHF at 1.02850 tp: 1.03020 ok
0	21:20:00.942	Elpheba-20161030 AUDUSD,M5: GBPAUD : Stoch - 40.7202RSI Swap = 0
0	21:20:00.943	Elpheba-20161030 AUDUSD,M5: XAUUSD : Stoch - 70.3704RSI Swap = 0
0	21:25:04.037	Elpheba-20161030 AUDUSD,M5: Check for Openings
0	21:25:04.038	Elpheba-20161030 AUDUSD,M5: EURUSD : Stoch - 83.8863RSI Swap = 0
0	21:25:04.039	Elpheba-20161030 AUDUSD,M5: EURGBP : Stoch - 96.3351RSI Swap = 0
0	21:25:04.041	Elpheba-20161030 AUDUSD,M5: GBPUSD : Stoch - 17.4312RSI Swap = 0
0	21:25:04.041	Elpheba-20161030 AUDUSD,M5: AUDUSD : Stoch - 50RSI Swap = 0
0	21:25:04.046	Elpheba-20161030 AUDUSD,M5: EURJPY : Stoch - 89.3805RSI Swap = 0
0	21:25:04.048	Elpheba-20161030 AUDUSD,M5: AUDJPY : Stoch - 100RSI Swap = 0
0	21:25:04.049	Elpheba-20161030 AUDUSD,M5: EURAUD : Stoch - 78.5714RSI Swap = 0
0	21:25:04.050	Elpheba-20161030 AUDUSD,M5: USDCAD : Stoch - 3.9568RSI Swap = 0
0	21:25:04.051	Elpheba-20161030 AUDUSD,M5: USDJPY : Stoch - 100RSI Swap = 0
0	21:25:04.052	Elpheba-20161030 AUDUSD,M5: GBPCAD : Stoch - 0RSI Swap = 0
0	21:25:04.053	Elpheba-20161030 AUDUSD,M5: AUDCAD : Stoch - 4.3011RSI Swap = 0
0	21:25:04.056	Elpheba-20161030 AUDUSD,M5: USDCHF : Stoch - 8.209RSI Swap = 0
0	21:25:04.058	Elpheba-20161030 AUDUSD,M5: GBPAUD : Stoch - 15.7233RSI Swap = 0
0	21:25:04.061	Elpheba-20161030 AUDUSD,M5: XAUUSD : Stoch - 59.6639RSI Swap = 0
0	21:30:03.940	Elpheba-20161030 AUDUSD,M5: Insufficient Margin
0	21:35:01.578	Elpheba-20161030 AUDUSD,M5: Insufficient Margin
0	21:40:00.746	Elpheba-20161030 AUDUSD,M5: Insufficient Margin
0	21:45:04.664	Elpheba-20161030 AUDUSD,M5: Insufficient Margin
0	21:50:08.834	Elpheba-20161030 AUDUSD,M5: Insufficient Margin
0	21:55:02.547	Elpheba-20161030 AUDUSD,M5: Insufficient Margin
0	22:00:00.348	Elpheba-20161030 AUDUSD,M5: Insufficient Margin
0	22:05:32.940	Elpheba-20161030 AUDUSD,M5: Insufficient Margin
0	22:10:00.469	Elpheba-20161030 AUDUSD,M5: Insufficient Margin
0	22:15:00.269	Elpheba-20161030 AUDUSD,M5: Insufficient Margin
0	22:20:07.443	Elpheba-20161030 AUDUSD,M5: Insufficient Margin
0	22:25:00.583	Elpheba-20161030 AUDUSD,M5: Check for Openings
0	22:25:00.584	Elpheba-20161030 AUDUSD,M5: EURUSD : Stoch - 55.4974RSI Swap = 0
0	22:25:00.585	Elpheba-20161030 AUDUSD,M5: EURGBP : Stoch - 81.6456RSI Swap = 0
0	22:25:00.586	Elpheba-20161030 AUDUSD,M5: GBPUSD : Stoch - 14.0351RSI Swap = 0
0	22:25:00.586	Elpheba-20161030 AUDUSD,M5: AUDUSD : Stoch - 5.2885RSI Swap = 0
0	22:25:00.586	Elpheba-20161030 AUDUSD,M5: EURJPY : Stoch - 67.0103RSI Swap = 1
2	22:25:00.992	Elpheba-20161030 AUDUSD,M5: open #158870063 sell 0.13 EURJPY at 122.704 tp: 122.530 ok
0	22:25:00.992	Elpheba-20161030 AUDUSD,M5: AUDJPY : Stoch - 72.4138RSI Swap = 0
0	22:25:00.993	Elpheba-20161030 AUDUSD,M5: EURAUD : Stoch - 55.9671RSI Swap = 0
0	22:25:00.994	Elpheba-20161030 AUDUSD,M5: USDCAD : Stoch - 6.1111RSI Swap = 0
0	22:25:00.995	Elpheba-20161030 AUDUSD,M5: USDJPY : Stoch - 97.6471RSI Swap = 0
0	22:25:00.996	Elpheba-20161030 AUDUSD,M5: GBPCAD : Stoch - 0RSI Swap = 0
0	22:25:00.998	Elpheba-20161030 AUDUSD,M5: AUDCAD : Stoch - 3.1496RSI Swap = 0
0	22:25:01.000	Elpheba-20161030 AUDUSD,M5: USDCHF : Stoch - 14.2857RSI Swap = 0
0	22:25:01.002	Elpheba-20161030 AUDUSD,M5: GBPAUD : Stoch - 23.0769RSI Swap = 0
0	22:25:01.004	Elpheba-20161030 AUDUSD,M5: XAUUSD : Stoch - 47.4138RSI Swap = 0
2	22:26:34.780	Elpheba-20161030 AUDUSD,M5: modify #158814262 sell 0.13 EURJPY at 122.775 sl: 122.665 tp: 122.598 ok
2	22:26:36.547	Elpheba-20161030 AUDUSD,M5: modify #158814262 sell 0.13 EURJPY at 122.775 sl: 122.656 tp: 122.592 ok
2	22:26:52.407	Elpheba-20161030 AUDUSD,M5: modify #158814262 sell 0.13 EURJPY at 122.775 sl: 122.652 tp: 122.586 ok
0	22:30:06.658	Elpheba-20161030 AUDUSD,M5: Check for Openings
0	22:30:06.659	Elpheba-20161030 AUDUSD,M5: EURUSD : Stoch - 0RSI Swap = 0
0	22:30:06.660	Elpheba-20161030 AUDUSD,M5: EURGBP : Stoch - 16.1826RSI Swap = 0
0	22:30:06.661	Elpheba-20161030 AUDUSD,M5: GBPUSD : Stoch - 12.9412RSI Swap = 0
0	22:30:06.661	Elpheba-20161030 AUDUSD,M5: AUDUSD : Stoch - 7.1895RSI Swap = 0
0	22:30:06.662	Elpheba-20161030 AUDUSD,M5: EURJPY : Stoch - 7.7273RSI Swap = 0
0	22:30:06.662	Elpheba-20161030 AUDUSD,M5: AUDJPY : Stoch - 17.8571RSI Swap = 0
0	22:30:06.663	Elpheba-20161030 AUDUSD,M5: EURAUD : Stoch - 42.9319RSI Swap = 0
0	22:30:06.664	Elpheba-20161030 AUDUSD,M5: USDCAD : Stoch - 100RSI Swap = 0
0	22:30:06.664	Elpheba-20161030 AUDUSD,M5: USDJPY : Stoch - 94.0217RSI Swap = 0
0	22:30:06.665	Elpheba-20161030 AUDUSD,M5: GBPCAD : Stoch - 57.6316RSI Swap = 0
0	22:30:06.666	Elpheba-20161030 AUDUSD,M5: AUDCAD : Stoch - 29.4872RSI Swap = 0
0	22:30:06.668	Elpheba-20161030 AUDUSD,M5: USDCHF : Stoch - 100RSI Swap = 0
0	22:30:06.669	Elpheba-20161030 AUDUSD,M5: GBPAUD : Stoch - 88.102RSI Swap = 0
0	22:30:06.671	Elpheba-20161030 AUDUSD,M5: XAUUSD : Stoch - 16.2055RSI Swap = 0
0	22:35:02.349	Elpheba-20161030 AUDUSD,M5: Check for Openings
0	22:35:02.350	Elpheba-20161030 AUDUSD,M5: EURUSD : Stoch - 0RSI Swap = 0
0	22:35:02.351	Elpheba-20161030 AUDUSD,M5: EURGBP : Stoch - 0RSI Swap = 0
0	22:35:02.351	Elpheba-20161030 AUDUSD,M5: GBPUSD : Stoch - 22.4409RSI Swap = 0
0	22:35:02.352	Elpheba-20161030 AUDUSD,M5: AUDUSD : Stoch - 20.4082RSI Swap = 0
0	22:35:02.352	Elpheba-20161030 AUDUSD,M5: EURJPY : Stoch - 0RSI Swap = 0
0	22:35:02.353	Elpheba-20161030 AUDUSD,M5: AUDJPY : Stoch - 39.8305RSI Swap = 0
0	22:35:02.354	Elpheba-20161030 AUDUSD,M5: EURAUD : Stoch - 8.1448RSI Swap = 0
0	22:35:02.354	Elpheba-20161030 AUDUSD,M5: USDCAD : Stoch - 95.9184RSI Swap = 0
0	22:35:02.355	Elpheba-20161030 AUDUSD,M5: USDJPY : Stoch - 94.2708RSI Swap = 0
0	22:35:02.356	Elpheba-20161030 AUDUSD,M5: GBPCAD : Stoch - 80.9524RSI Swap = 0
0	22:35:02.357	Elpheba-20161030 AUDUSD,M5: AUDCAD : Stoch - 52.8409RSI Swap = 0
0	22:35:02.358	Elpheba-20161030 AUDUSD,M5: USDCHF : Stoch - 100RSI Swap = 0
0	22:35:02.359	Elpheba-20161030 AUDUSD,M5: GBPAUD : Stoch - 91.5789RSI Swap = 0
0	22:35:02.360	Elpheba-20161030 AUDUSD,M5: XAUUSD : Stoch - 32.7751RSI Swap = 0
0	22:40:00.503	Elpheba-20161030 AUDUSD,M5: Check for Openings
0	22:40:00.505	Elpheba-20161030 AUDUSD,M5: EURUSD : Stoch - 5.2863RSI Swap = 0
0	22:40:00.505	Elpheba-20161030 AUDUSD,M5: EURGBP : Stoch - 14.4476RSI Swap = 0
0	22:40:00.506	Elpheba-20161030 AUDUSD,M5: GBPUSD : Stoch - 12.9534RSI Swap = 0
0	22:40:00.506	Elpheba-20161030 AUDUSD,M5: AUDUSD : Stoch - 71.7949RSI Swap = 0
0	22:40:00.507	Elpheba-20161030 AUDUSD,M5: EURJPY : Stoch - 2.2284RSI Swap = 0
0	22:40:00.508	Elpheba-20161030 AUDUSD,M5: AUDJPY : Stoch - 80.5195RSI Swap = 0
0	22:40:00.509	Elpheba-20161030 AUDUSD,M5: EURAUD : Stoch - 0RSI Swap = 0
0	22:40:00.510	Elpheba-20161030 AUDUSD,M5: USDCAD : Stoch - 83.1897RSI Swap = 0
0	22:40:00.510	Elpheba-20161030 AUDUSD,M5: USDJPY : Stoch - 88.7097RSI Swap = 0
0	22:40:00.511	Elpheba-20161030 AUDUSD,M5: GBPCAD : Stoch - 62.6374RSI Swap = 0
0	22:40:00.512	Elpheba-20161030 AUDUSD,M5: AUDCAD : Stoch - 79.661RSI Swap = 0
0	22:40:00.513	Elpheba-20161030 AUDUSD,M5: USDCHF : Stoch - 100RSI Swap = 0
0	22:40:00.514	Elpheba-20161030 AUDUSD,M5: GBPAUD : Stoch - 37.3626RSI Swap = 0
0	22:40:00.516	Elpheba-20161030 AUDUSD,M5: XAUUSD : Stoch - 58.7879RSI Swap = 0
0	22:43:16.169	Elpheba-20161030 AUDUSD,M5: ***** Close out price reached, 2577.93 ********
0	22:43:16.169	Elpheba-20161030 AUDUSD,M5: CloseUp : Triggered TP/SL on 28091
2	22:43:16.532	Elpheba-20161030 AUDUSD,M5: modify #158794723 sell 0.13 AUDJPY at 84.300 sl: 84.593 tp: 84.527 ok
0	22:43:16.532	Elpheba-20161030 AUDUSD,M5: CloseUp : Triggered TP/SL on 32582
2	22:43:16.881	Elpheba-20161030 AUDUSD,M5: modify #158799214 sell 0.13 USDCAD at 1.35264 sl: 1.35789 tp: 1.35720 ok
0	22:43:16.881	Elpheba-20161030 AUDUSD,M5: CloseUp : Triggered TP/SL on 32926
2	22:43:17.256	Elpheba-20161030 AUDUSD,M5: modify #158799558 sell 0.13 USDCAD at 1.35267 sl: 1.35785 tp: 1.35717 ok
0	22:43:17.256	Elpheba-20161030 AUDUSD,M5: CloseUp : Triggered TP/SL on 33152
2	22:43:17.578	Elpheba-20161030 AUDUSD,M5: modify #158799784 sell 0.13 USDCAD at 1.35264 sl: 1.35785 tp: 1.35716 ok
0	22:43:17.578	Elpheba-20161030 AUDUSD,M5: CloseUp : Triggered TP/SL on 97911
2	22:43:17.939	Elpheba-20161030 AUDUSD,M5: modify #158864543 sell 0.13 EURAUD at 1.45116 sl: 1.45011 tp: 1.44939 ok
0	22:43:17.939	Elpheba-20161030 AUDUSD,M5: CloseUp : Triggered TP/SL on 98935
2	22:43:18.281	Elpheba-20161030 AUDUSD,M5: modify #158865567 buy 0.13 USDCHF at 1.02850 sl: 1.02943 tp: 1.03008 ok
0	22:43:18.281	Elpheba-20161030 AUDUSD,M5: CloseUp : Triggered TP/SL on 103431
2	22:43:18.625	Elpheba-20161030 AUDUSD,M5: modify #158870063 sell 0.13 EURJPY at 122.704 sl: 122.651 tp: 122.585 ok
2	22:43:18.970	Elpheba-20161030 AUDUSD,M5: modify #158799214 sell 0.13 USDCAD at 1.35264 sl: 1.35786 tp: 1.35716 ok
2	22:43:20.641	Elpheba-20161030 AUDUSD,M5: modify #158799214 sell 0.13 USDCAD at 1.35264 sl: 1.35785 tp: 1.35715 ok
2	22:43:21.318	Elpheba-20161030 AUDUSD,M5: modify #158799214 sell 0.13 USDCAD at 1.35264 sl: 1.35782 tp: 1.35713 ok
2	22:43:21.659	Elpheba-20161030 AUDUSD,M5: modify #158799558 sell 0.13 USDCAD at 1.35267 sl: 1.35784 tp: 1.35715 ok
2	22:43:22.050	Elpheba-20161030 AUDUSD,M5: modify #158799784 sell 0.13 USDCAD at 1.35264 sl: 1.35785 tp: 1.35715 ok
2	22:43:25.004	Elpheba-20161030 AUDUSD,M5: modify #158799558 sell 0.13 USDCAD at 1.35267 sl: 1.35783 tp: 1.35715 ok
2	22:43:25.421	Elpheba-20161030 AUDUSD,M5: modify #158799784 sell 0.13 USDCAD at 1.35264 sl: 1.35783 tp: 1.35715 ok
2	22:43:31.362	Elpheba-20161030 AUDUSD,M5: modify #158865567 buy 0.13 USDCHF at 1.02850 sl: 1.02946 tp: 1.03009 ok
2	22:44:39.384	Elpheba-20161030 AUDUSD,M5: modify #158799214 sell 0.13 USDCAD at 1.35264 sl: 1.35781 tp: 1.35713 ok
2	22:44:39.946	Elpheba-20161030 AUDUSD,M5: modify #158799558 sell 0.13 USDCAD at 1.35267 sl: 1.35781 tp: 1.35712 ok
2	22:44:40.293	Elpheba-20161030 AUDUSD,M5: modify #158799784 sell 0.13 USDCAD at 1.35264 sl: 1.35781 tp: 1.35712 ok
2	22:44:43.128	Elpheba-20161030 AUDUSD,M5: modify #158864543 sell 0.13 EURAUD at 1.45116 sl: 1.45010 tp: 1.44936 ok
2	22:44:43.643	Elpheba-20161030 AUDUSD,M5: modify #158864543 sell 0.13 EURAUD at 1.45116 sl: 1.45007 tp: 1.44933 ok
2	22:44:43.997	Elpheba-20161030 AUDUSD,M5: modify #158870063 sell 0.13 EURJPY at 122.704 sl: 122.645 tp: 122.579 ok
2	22:44:44.347	Elpheba-20161030 AUDUSD,M5: modify #158864543 sell 0.13 EURAUD at 1.45116 sl: 1.45000 tp: 1.44926 ok
2	22:44:44.685	Elpheba-20161030 AUDUSD,M5: modify #158870063 sell 0.13 EURJPY at 122.704 sl: 122.641 tp: 122.574 ok
2	22:44:47.950	Elpheba-20161030 AUDUSD,M5: modify #158864543 sell 0.13 EURAUD at 1.45116 sl: 1.44998 tp: 1.44924 ok
2	22:44:48.306	Elpheba-20161030 AUDUSD,M5: modify #158870063 sell 0.13 EURJPY at 122.704 sl: 122.638 tp: 122.571 ok
2	22:44:52.571	Elpheba-20161030 AUDUSD,M5: modify #158864543 sell 0.13 EURAUD at 1.45116 sl: 1.44994 tp: 1.44921 ok
2	22:44:56.185	Elpheba-20161030 AUDUSD,M5: modify #158870063 sell 0.13 EURJPY at 122.704 sl: 122.638 tp: 122.572 ok
2	22:45:02.777	Elpheba-20161030 AUDUSD,M5: modify #158864543 sell 0.13 EURAUD at 1.45116 sl: 1.44984 tp: 1.44910 ok
2	22:45:03.230	Elpheba-20161030 AUDUSD,M5: modify #158865567 buy 0.13 USDCHF at 1.02850 sl: 1.02950 tp: 1.03015 ok
2	22:45:03.652	Elpheba-20161030 AUDUSD,M5: modify #158870063 sell 0.13 EURJPY at 122.704 sl: 122.636 tp: 122.569 ok
2	22:45:09.200	Elpheba-20161030 AUDUSD,M5: modify #158865567 buy 0.13 USDCHF at 1.02850 sl: 1.02954 tp: 1.03018 ok
2	22:45:12.837	Elpheba-20161030 AUDUSD,M5: modify #158865567 buy 0.13 USDCHF at 1.02850 sl: 1.02955 tp: 1.03019 ok
2	22:45:13.344	Elpheba-20161030 AUDUSD,M5: modify #158870063 sell 0.13 EURJPY at 122.704 sl: 122.635 tp: 122.570 ok
2	22:45:37.170	Elpheba-20161030 AUDUSD,M5: modify #158865567 buy 0.13 USDCHF at 1.02850 sl: 1.02963 tp: 1.03027 ok
2	22:45:48.155	Elpheba-20161030 AUDUSD,M5: modify #158865567 buy 0.13 USDCHF at 1.02850 sl: 1.02968 tp: 1.03034 ok
0	22:45:51.978	Elpheba-20161030 AUDUSD,M5: Order modify failed on buy tkt 98935
2	22:46:03.175	Elpheba-20161030 AUDUSD,M5: modify #158865567 buy 0.13 USDCHF at 1.02850 sl: 1.02971 tp: 1.03035 ok
2	22:47:12.821	Elpheba-20161030 AUDUSD,M5: modify #158799214 sell 0.13 USDCAD at 1.35264 sl: 1.35778 tp: 1.35711 ok
2	22:47:13.288	Elpheba-20161030 AUDUSD,M5: modify #158799558 sell 0.13 USDCAD at 1.35267 sl: 1.35778 tp: 1.35711 ok
2	22:47:13.585	Elpheba-20161030 AUDUSD,M5: modify #158799784 sell 0.13 USDCAD at 1.35264 sl: 1.35777 tp: 1.35711 ok
2	22:47:14.226	Elpheba-20161030 AUDUSD,M5: modify #158799214 sell 0.13 USDCAD at 1.35264 sl: 1.35777 tp: 1.35711 ok
2	22:47:14.569	Elpheba-20161030 AUDUSD,M5: modify #158799558 sell 0.13 USDCAD at 1.35267 sl: 1.35777 tp: 1.35711 ok
2	22:47:16.617	Elpheba-20161030 AUDUSD,M5: modify #158865567 buy 0.13 USDCHF at 1.02850 sl: 1.02973 tp: 1.03041 ok
2	22:47:24.212	Elpheba-20161030 AUDUSD,M5: modify #158799214 sell 0.13 USDCAD at 1.35264 sl: 1.35775 tp: 1.35712 ok
2	22:47:24.562	Elpheba-20161030 AUDUSD,M5: modify #158799558 sell 0.13 USDCAD at 1.35267 sl: 1.35775 tp: 1.35712 ok
2	22:47:24.906	Elpheba-20161030 AUDUSD,M5: modify #158799784 sell 0.13 USDCAD at 1.35264 sl: 1.35776 tp: 1.35712 ok
2	22:47:28.635	Elpheba-20161030 AUDUSD,M5: modify #158865567 buy 0.13 USDCHF at 1.02850 sl: 1.02975 tp: 1.03039 ok
2	22:47:56.825	Elpheba-20161030 AUDUSD,M5: modify #158865567 buy 0.13 USDCHF at 1.02850 sl: 1.02976 tp: 1.03041 ok
2	22:48:14.985	Elpheba-20161030 AUDUSD,M5: modify #158865567 buy 0.13 USDCHF at 1.02850 sl: 1.02977 tp: 1.03043 ok
2	22:55:37.415	Elpheba-20161030 AUDUSD,M5: modify #158865567 buy 0.13 USDCHF at 1.02850 sl: 1.02982 tp: 1.03045 ok
2	22:55:37.773	Elpheba-20161030 AUDUSD,M5: modify #158865567 buy 0.13 USDCHF at 1.02850 sl: 1.02985 tp: 1.03048 ok
0	22:56:41.717	Elpheba-20161030 AUDUSD,M5: ****** Close out completed, balance=2573.57 ***********
0	22:56:50.387	Elpheba-20161030 AUDUSD,M5: MAGICMA - 262504 CloseOutPrice - 2625.0414
0	22:56:50.387	Elpheba-20161030 AUDUSD,M5: CloseOutPrice=2625  LotPrice=12.8679  Lot=0.13  trigger_profit=130  drop_profit=20
0	23:00:01.815	Elpheba-20161030 AUDUSD,M5: Check for Openings
0	23:00:01.832	Elpheba-20161030 AUDUSD,M5: EURUSD : Stoch - 9.6618RSI Swap = 0
0	23:00:01.833	Elpheba-20161030 AUDUSD,M5: EURGBP : Stoch - 13.7838RSI Swap = 0
0	23:00:01.834	Elpheba-20161030 AUDUSD,M5: GBPUSD : Stoch - 64.5714RSI Swap = 0
0	23:00:01.834	Elpheba-20161030 AUDUSD,M5: AUDUSD : Stoch - 74.1573RSI Swap = 0
0	23:00:01.835	Elpheba-20161030 AUDUSD,M5: EURJPY : Stoch - 2.9499RSI Swap = 0
0	23:00:01.835	Elpheba-20161030 AUDUSD,M5: AUDJPY : Stoch - 100RSI Swap = 0
0	23:00:01.836	Elpheba-20161030 AUDUSD,M5: EURAUD : Stoch - 0RSI Swap = 0
0	23:00:01.837	Elpheba-20161030 AUDUSD,M5: USDCAD : Stoch - 55.814RSI Swap = 0
0	23:00:01.838	Elpheba-20161030 AUDUSD,M5: USDJPY : Stoch - 75RSI Swap = 0
0	23:00:01.839	Elpheba-20161030 AUDUSD,M5: GBPCAD : Stoch - 74.386RSI Swap = 0
0	23:00:01.840	Elpheba-20161030 AUDUSD,M5: AUDCAD : Stoch - 88.6598RSI Swap = 0
0	23:00:01.849	Elpheba-20161030 AUDUSD,M5: USDCHF : Stoch - 98.7055RSI Swap = 0
0	23:00:01.858	Elpheba-20161030 AUDUSD,M5: GBPAUD : Stoch - 55.5985RSI Swap = 0
0	23:00:01.860	Elpheba-20161030 AUDUSD,M5: XAUUSD : Stoch - 82.5926RSI Swap = 0
0	23:05:58.994	Elpheba-20161030 AUDUSD,M5: Check for Openings
0	23:05:58.995	Elpheba-20161030 AUDUSD,M5: EURUSD : Stoch - 47.8495RSI Swap = 0
0	23:05:58.996	Elpheba-20161030 AUDUSD,M5: EURGBP : Stoch - 24.6324RSI Swap = 0
0	23:05:58.997	Elpheba-20161030 AUDUSD,M5: GBPUSD : Stoch - 65.035RSI Swap = 1
2	23:05:59.379	Elpheba-20161030 AUDUSD,M5: open #158873113 sell 0.13 GBPUSD at 1.22287 tp: 1.22117 ok
0	23:05:59.379	Elpheba-20161030 AUDUSD,M5: AUDUSD : Stoch - 34.9398RSI Swap = 0
0	23:05:59.380	Elpheba-20161030 AUDUSD,M5: EURJPY : Stoch - 68.7898RSI Swap = 0
0	23:05:59.380	Elpheba-20161030 AUDUSD,M5: AUDJPY : Stoch - 78.9855RSI Swap = 0
0	23:05:59.381	Elpheba-20161030 AUDUSD,M5: EURAUD : Stoch - 35.31RSI Swap = 0
0	23:05:59.382	Elpheba-20161030 AUDUSD,M5: USDCAD : Stoch - 32RSI Swap = 0
0	23:05:59.382	Elpheba-20161030 AUDUSD,M5: USDJPY : Stoch - 72.7273RSI Swap = 0
0	23:05:59.383	Elpheba-20161030 AUDUSD,M5: GBPCAD : Stoch - 68.0115RSI Swap = 1
2	23:05:59.974	Elpheba-20161030 AUDUSD,M5: open #158873120 sell 0.13 GBPCAD at 1.65988 tp: 1.65818 ok
0	23:05:59.974	Elpheba-20161030 AUDUSD,M5: AUDCAD : Stoch - 68.75RSI Swap = 0
0	23:05:59.975	Elpheba-20161030 AUDUSD,M5: USDCHF : Stoch - 97.2603RSI Swap = 0
0	23:05:59.976	Elpheba-20161030 AUDUSD,M5: GBPAUD : Stoch - 64.0411RSI Swap = 0
0	23:05:59.977	Elpheba-20161030 AUDUSD,M5: XAUUSD : Stoch - 95.7627RSI Swap = 0
0	23:10:02.447	Elpheba-20161030 AUDUSD,M5: Check for Openings
0	23:10:02.448	Elpheba-20161030 AUDUSD,M5: EURUSD : Stoch - 76.6667RSI Swap = 0
0	23:10:02.449	Elpheba-20161030 AUDUSD,M5: EURGBP : Stoch - 52.9167RSI Swap = 0
0	23:10:02.449	Elpheba-20161030 AUDUSD,M5: GBPUSD : Stoch - 50.9158RSI Swap = 0
0	23:10:02.450	Elpheba-20161030 AUDUSD,M5: AUDUSD : Stoch - 0RSI Swap = 0
0	23:10:02.451	Elpheba-20161030 AUDUSD,M5: EURJPY : Stoch - 82.0809RSI Swap = 0
0	23:10:02.453	Elpheba-20161030 AUDUSD,M5: AUDJPY : Stoch - 41.129RSI Swap = 0
0	23:10:02.454	Elpheba-20161030 AUDUSD,M5: EURAUD : Stoch - 69.8006RSI Swap = 0
0	23:10:02.456	Elpheba-20161030 AUDUSD,M5: USDCAD : Stoch - 13.6986RSI Swap = 0
0	23:10:02.457	Elpheba-20161030 AUDUSD,M5: USDJPY : Stoch - 44.7917RSI Swap = 0
0	23:10:02.459	Elpheba-20161030 AUDUSD,M5: GBPCAD : Stoch - 46.6867RSI Swap = 0
0	23:10:02.460	Elpheba-20161030 AUDUSD,M5: AUDCAD : Stoch - 30.7692RSI Swap = 0
0	23:10:02.465	Elpheba-20161030 AUDUSD,M5: USDCHF : Stoch - 82.9268RSI Swap = 0
0	23:10:02.470	Elpheba-20161030 AUDUSD,M5: GBPAUD : Stoch - 75RSI Swap = 0
0	23:10:02.475	Elpheba-20161030 AUDUSD,M5: XAUUSD : Stoch - 95.6989RSI Swap = 0
0	23:15:03.898	Elpheba-20161030 AUDUSD,M5: Check for Openings
0	23:15:03.923	Elpheba-20161030 AUDUSD,M5: EURUSD : Stoch - 74.7126RSI Swap = 0
0	23:15:03.924	Elpheba-20161030 AUDUSD,M5: EURGBP : Stoch - 84.6939RSI Swap = 0
0	23:15:03.924	Elpheba-20161030 AUDUSD,M5: GBPUSD : Stoch - 11.588RSI Swap = 0
0	23:15:03.925	Elpheba-20161030 AUDUSD,M5: AUDUSD : Stoch - 0RSI Swap = 0
0	23:15:03.925	Elpheba-20161030 AUDUSD,M5: EURJPY : Stoch - 64.4068RSI Swap = 0
0	23:15:03.926	Elpheba-20161030 AUDUSD,M5: AUDJPY : Stoch - 0.8547RSI Swap = 0
0	23:15:03.927	Elpheba-20161030 AUDUSD,M5: EURAUD : Stoch - 88.724RSI Swap = 0
0	23:15:03.927	Elpheba-20161030 AUDUSD,M5: USDCAD : Stoch - 53.4091RSI Swap = 0
0	23:15:03.928	Elpheba-20161030 AUDUSD,M5: USDJPY : Stoch - 26.8293RSI Swap = 0
0	23:15:03.929	Elpheba-20161030 AUDUSD,M5: GBPCAD : Stoch - 16.8459RSI Swap = 0
0	23:15:03.930	Elpheba-20161030 AUDUSD,M5: AUDCAD : Stoch - 18.6916RSI Swap = 0
0	23:15:03.930	Elpheba-20161030 AUDUSD,M5: USDCHF : Stoch - 80.3738RSI Swap = 0
0	23:15:03.940	Elpheba-20161030 AUDUSD,M5: GBPAUD : Stoch - 61.0442RSI Swap = 0
0	23:15:03.944	Elpheba-20161030 AUDUSD,M5: XAUUSD : Stoch - 81.6901RSI Swap = 0
0	23:20:00.290	Elpheba-20161030 AUDUSD,M5: Check for Openings
0	23:20:00.292	Elpheba-20161030 AUDUSD,M5: EURUSD : Stoch - 26.8657RSI Swap = 0
0	23:20:00.292	Elpheba-20161030 AUDUSD,M5: EURGBP : Stoch - 45.9574RSI Swap = 0
0	23:20:00.293	Elpheba-20161030 AUDUSD,M5: GBPUSD : Stoch - 2.9197RSI Swap = 0
0	23:20:00.293	Elpheba-20161030 AUDUSD,M5: AUDUSD : Stoch - 0RSI Swap = 0
0	23:20:00.294	Elpheba-20161030 AUDUSD,M5: EURJPY : Stoch - 19.9219RSI Swap = 0
0	23:20:00.295	Elpheba-20161030 AUDUSD,M5: AUDJPY : Stoch - 0.6803RSI Swap = 0
0	23:20:00.295	Elpheba-20161030 AUDUSD,M5: EURAUD : Stoch - 54.1311RSI Swap = 0
0	23:20:00.296	Elpheba-20161030 AUDUSD,M5: USDCAD : Stoch - 61.3861RSI Swap = 0
0	23:20:00.297	Elpheba-20161030 AUDUSD,M5: USDJPY : Stoch - 51.7241RSI Swap = 0
0	23:20:00.298	Elpheba-20161030 AUDUSD,M5: GBPCAD : Stoch - 13.6232RSI Swap = 0
0	23:20:00.299	Elpheba-20161030 AUDUSD,M5: AUDCAD : Stoch - 12.5786RSI Swap = 0
0	23:20:00.300	Elpheba-20161030 AUDUSD,M5: USDCHF : Stoch - 88.1119RSI Swap = 0
0	23:20:00.302	Elpheba-20161030 AUDUSD,M5: GBPAUD : Stoch - 65.8768RSI Swap = 0
0	23:20:00.304	Elpheba-20161030 AUDUSD,M5: XAUUSD : Stoch - 32.6087RSI Swap = 0
0	23:25:01.213	Elpheba-20161030 AUDUSD,M5: Check for Openings
0	23:25:01.213	Elpheba-20161030 AUDUSD,M5: EURUSD : Stoch - 5.974RSI Swap = 0
0	23:25:01.214	Elpheba-20161030 AUDUSD,M5: EURGBP : Stoch - 12.037RSI Swap = 0
0	23:25:01.215	Elpheba-20161030 AUDUSD,M5: GBPUSD : Stoch - 26.378RSI Swap = 0
0	23:25:01.216	Elpheba-20161030 AUDUSD,M5: AUDUSD : Stoch - 0RSI Swap = 0
0	23:25:01.216	Elpheba-20161030 AUDUSD,M5: EURJPY : Stoch - 1.3624RSI Swap = 0
0	23:25:01.217	Elpheba-20161030 AUDUSD,M5: AUDJPY : Stoch - 0.7092RSI Swap = 0
0	23:25:01.219	Elpheba-20161030 AUDUSD,M5: EURAUD : Stoch - 19.6382RSI Swap = 0
0	23:25:01.220	Elpheba-20161030 AUDUSD,M5: USDCAD : Stoch - 80.8333RSI Swap = 0
0	23:25:01.221	Elpheba-20161030 AUDUSD,M5: USDJPY : Stoch - 80.9524RSI Swap = 0
0	23:25:01.222	Elpheba-20161030 AUDUSD,M5: GBPCAD : Stoch - 44.6328RSI Swap = 0
0	23:25:01.224	Elpheba-20161030 AUDUSD,M5: AUDCAD : Stoch - 16.6667RSI Swap = 0
0	23:25:01.225	Elpheba-20161030 AUDUSD,M5: USDCHF : Stoch - 100RSI Swap = 0
0	23:25:01.228	Elpheba-20161030 AUDUSD,M5: GBPAUD : Stoch - 89.0977RSI Swap = 0
0	23:25:01.232	Elpheba-20161030 AUDUSD,M5: XAUUSD : Stoch - 0RSI Swap = 0
2	23:26:37.238	Elpheba-20161030 AUDUSD,M5: modify #158873113 sell 0.13 GBPUSD at 1.22287 sl: 1.22197 tp: 1.22126 ok
2	23:26:38.737	Elpheba-20161030 AUDUSD,M5: modify #158873113 sell 0.13 GBPUSD at 1.22287 sl: 1.22195 tp: 1.22128 ok
2	23:26:39.128	Elpheba-20161030 AUDUSD,M5: modify #158873113 sell 0.13 GBPUSD at 1.22287 sl: 1.22185 tp: 1.22119 ok
2	23:26:43.647	Elpheba-20161030 AUDUSD,M5: modify #158873113 sell 0.13 GBPUSD at 1.22287 sl: 1.22183 tp: 1.22114 ok
2	23:26:44.989	Elpheba-20161030 AUDUSD,M5: modify #158873120 sell 0.13 GBPCAD at 1.65988 sl: 1.65856 tp: 1.65771 ok
2	23:26:55.958	Elpheba-20161030 AUDUSD,M5: modify #158873113 sell 0.13 GBPUSD at 1.22287 sl: 1.22181 tp: 1.22111 ok
2	23:26:56.285	Elpheba-20161030 AUDUSD,M5: modify #158873120 sell 0.13 GBPCAD at 1.65988 sl: 1.65847 tp: 1.65762 ok
0	23:30:01.554	Elpheba-20161030 AUDUSD,M5: Check for Openings
0	23:30:01.555	Elpheba-20161030 AUDUSD,M5: EURUSD : Stoch - 0.6085RSI Swap = 0
0	23:30:01.556	Elpheba-20161030 AUDUSD,M5: EURGBP : Stoch - 9.201RSI Swap = 0
0	23:30:01.557	Elpheba-20161030 AUDUSD,M5: GBPUSD : Stoch - 30.9013RSI Swap = 0
0	23:30:01.557	Elpheba-20161030 AUDUSD,M5: AUDUSD : Stoch - 18.8312RSI Swap = 0
0	23:30:01.558	Elpheba-20161030 AUDUSD,M5: EURJPY : Stoch - 0.6342RSI Swap = 0
0	23:30:01.559	Elpheba-20161030 AUDUSD,M5: AUDJPY : Stoch - 0RSI Swap = 0
0	23:30:01.559	Elpheba-20161030 AUDUSD,M5: EURAUD : Stoch - 5.6738RSI Swap = 0
0	23:30:01.560	Elpheba-20161030 AUDUSD,M5: USDCAD : Stoch - 71.7949RSI Swap = 0
0	23:30:01.562	Elpheba-20161030 AUDUSD,M5: USDJPY : Stoch - 98.374RSI Swap = 0
0	23:30:01.564	Elpheba-20161030 AUDUSD,M5: GBPCAD : Stoch - 41.8733RSI Swap = 0
0	23:30:01.566	Elpheba-20161030 AUDUSD,M5: AUDCAD : Stoch - 5.3333RSI Swap = 0
0	23:30:01.567	Elpheba-20161030 AUDUSD,M5: USDCHF : Stoch - 100RSI Swap = 0
0	23:30:01.569	Elpheba-20161030 AUDUSD,M5: GBPAUD : Stoch - 85.3583RSI Swap = 0
0	23:30:01.570	Elpheba-20161030 AUDUSD,M5: XAUUSD : Stoch - 0RSI Swap = 0
0	23:35:00.137	Elpheba-20161030 AUDUSD,M5: Check for Openings
0	23:35:00.138	Elpheba-20161030 AUDUSD,M5: EURUSD : Stoch - 3.3264RSI Swap = 0
0	23:35:00.139	Elpheba-20161030 AUDUSD,M5: EURGBP : Stoch - 25.9009RSI Swap = 0
0	23:35:00.141	Elpheba-20161030 AUDUSD,M5: GBPUSD : Stoch - 33.6449RSI Swap = 0
0	23:35:00.141	Elpheba-20161030 AUDUSD,M5: AUDUSD : Stoch - 19.5946RSI Swap = 0
0	23:35:00.142	Elpheba-20161030 AUDUSD,M5: EURJPY : Stoch - 0.6479RSI Swap = 0
0	23:35:00.143	Elpheba-20161030 AUDUSD,M5: AUDJPY : Stoch - 20RSI Swap = 0
0	23:35:00.144	Elpheba-20161030 AUDUSD,M5: EURAUD : Stoch - 5.5046RSI Swap = 0
0	23:35:00.144	Elpheba-20161030 AUDUSD,M5: USDCAD : Stoch - 47.9167RSI Swap = 1
0	23:35:00.145	Elpheba-20161030 AUDUSD,M5: USDJPY : Stoch - 83.1933RSI Swap = 0
0	23:35:00.146	Elpheba-20161030 AUDUSD,M5: GBPCAD : Stoch - 35.8491RSI Swap = 0
0	23:35:00.146	Elpheba-20161030 AUDUSD,M5: AUDCAD : Stoch - 5.6338RSI Swap = 0
0	23:35:00.148	Elpheba-20161030 AUDUSD,M5: USDCHF : Stoch - 100RSI Swap = 0
0	23:35:00.152	Elpheba-20161030 AUDUSD,M5: GBPAUD : Stoch - 50.1094RSI Swap = 1
0	23:35:00.156	Elpheba-20161030 AUDUSD,M5: XAUUSD : Stoch - 10.3846RSI Swap = 0
0	23:40:00.511	Elpheba-20161030 AUDUSD,M5: Check for Openings
0	23:40:00.512	Elpheba-20161030 AUDUSD,M5: EURUSD : Stoch - 4.2216RSI Swap = 0
0	23:40:00.517	Elpheba-20161030 AUDUSD,M5: EURGBP : Stoch - 56.4885RSI Swap = 0
0	23:40:00.519	Elpheba-20161030 AUDUSD,M5: GBPUSD : Stoch - 3.5714RSI Swap = 0
0	23:40:00.519	Elpheba-20161030 AUDUSD,M5: AUDUSD : Stoch - 39.5833RSI Swap = 0
0	23:40:00.522	Elpheba-20161030 AUDUSD,M5: EURJPY : Stoch - 0.7576RSI Swap = 0
0	23:40:00.524	Elpheba-20161030 AUDUSD,M5: AUDJPY : Stoch - 17.094RSI Swap = 0
0	23:40:00.524	Elpheba-20161030 AUDUSD,M5: EURAUD : Stoch - 10.089RSI Swap = 0
0	23:40:00.525	Elpheba-20161030 AUDUSD,M5: USDCAD : Stoch - 30.9091RSI Swap = 0
0	23:40:00.526	Elpheba-20161030 AUDUSD,M5: USDJPY : Stoch - 61.4583RSI Swap = 0
0	23:40:00.531	Elpheba-20161030 AUDUSD,M5: GBPCAD : Stoch - 6.4063RSI Swap = 0
0	23:40:00.533	Elpheba-20161030 AUDUSD,M5: AUDCAD : Stoch - 0RSI Swap = 0
0	23:40:00.535	Elpheba-20161030 AUDUSD,M5: USDCHF : Stoch - 100RSI Swap = 0
0	23:40:00.540	Elpheba-20161030 AUDUSD,M5: GBPAUD : Stoch - 16.4855RSI Swap = 0
0	23:40:00.545	Elpheba-20161030 AUDUSD,M5: XAUUSD : Stoch - 12.7962RSI Swap = 0
0	23:45:01.608	Elpheba-20161030 AUDUSD,M5: Check for Openings
0	23:45:01.610	Elpheba-20161030 AUDUSD,M5: EURUSD : Stoch - 14.4928RSI Swap = 0
0	23:45:01.611	Elpheba-20161030 AUDUSD,M5: EURGBP : Stoch - 84.5029RSI Swap = 0
0	23:45:01.612	Elpheba-20161030 AUDUSD,M5: GBPUSD : Stoch - 7.5728RSI Swap = 0
0	23:45:01.613	Elpheba-20161030 AUDUSD,M5: AUDUSD : Stoch - 47.5177RSI Swap = 0
0	23:45:01.614	Elpheba-20161030 AUDUSD,M5: EURJPY : Stoch - 0RSI Swap = 0
0	23:45:01.615	Elpheba-20161030 AUDUSD,M5: AUDJPY : Stoch - 16.3121RSI Swap = 0
0	23:45:01.616	Elpheba-20161030 AUDUSD,M5: EURAUD : Stoch - 4.0816RSI Swap = 0
0	23:45:01.618	Elpheba-20161030 AUDUSD,M5: USDCAD : Stoch - 18.9744RSI Swap = 0
0	23:45:01.619	Elpheba-20161030 AUDUSD,M5: USDJPY : Stoch - 16.5217RSI Swap = 1
2	23:45:02.524	Elpheba-20161030 AUDUSD,M5: open #158876635 buy 0.13 USDJPY at 117.707 tp: 117.870 ok
0	23:45:02.525	Elpheba-20161030 AUDUSD,M5: GBPCAD : Stoch - 3.1542RSI Swap = 0
0	23:45:02.526	Elpheba-20161030 AUDUSD,M5: AUDCAD : Stoch - 14.8718RSI Swap = 0
0	23:45:02.527	Elpheba-20161030 AUDUSD,M5: USDCHF : Stoch - 79.5812RSI Swap = 0
0	23:45:02.528	Elpheba-20161030 AUDUSD,M5: GBPAUD : Stoch - 0RSI Swap = 0
0	23:45:02.529	Elpheba-20161030 AUDUSD,M5: XAUUSD : Stoch - 36.9128RSI Swap = 0
0	23:50:01.346	Elpheba-20161030 AUDUSD,M5: Check for Openings
0	23:50:01.358	Elpheba-20161030 AUDUSD,M5: EURUSD : Stoch - 26.1307RSI Swap = 0
0	23:50:01.361	Elpheba-20161030 AUDUSD,M5: EURGBP : Stoch - 86.2191RSI Swap = 0
0	23:50:01.361	Elpheba-20161030 AUDUSD,M5: GBPUSD : Stoch - 21.0616RSI Swap = 0
0	23:50:01.361	Elpheba-20161030 AUDUSD,M5: AUDUSD : Stoch - 82.1192RSI Swap = 0
0	23:50:01.365	Elpheba-20161030 AUDUSD,M5: EURJPY : Stoch - 0RSI Swap = 0
0	23:50:01.367	Elpheba-20161030 AUDUSD,M5: AUDJPY : Stoch - 1.6484RSI Swap = 0
0	23:50:01.370	Elpheba-20161030 AUDUSD,M5: EURAUD : Stoch - 5.102RSI Swap = 0
0	23:50:01.372	Elpheba-20161030 AUDUSD,M5: USDCAD : Stoch - 18.593RSI Swap = 0
0	23:50:01.375	Elpheba-20161030 AUDUSD,M5: USDJPY : Stoch - 0RSI Swap = 0
0	23:50:01.377	Elpheba-20161030 AUDUSD,M5: GBPCAD : Stoch - 9.5499RSI Swap = 0
0	23:50:01.378	Elpheba-20161030 AUDUSD,M5: AUDCAD : Stoch - 33.3333RSI Swap = 0
0	23:50:01.382	Elpheba-20161030 AUDUSD,M5: USDCHF : Stoch - 43.1373RSI Swap = 0
0	23:50:01.406	Elpheba-20161030 AUDUSD,M5: GBPAUD : Stoch - 5.6686RSI Swap = 0
0	23:50:01.414	Elpheba-20161030 AUDUSD,M5: XAUUSD : Stoch - 72.5352RSI Swap = 0
0	23:55:02.581	Elpheba-20161030 AUDUSD,M5: Check for Openings
0	23:55:02.582	Elpheba-20161030 AUDUSD,M5: EURUSD : Stoch - 44.4444RSI Swap = 0
0	23:55:02.582	Elpheba-20161030 AUDUSD,M5: EURGBP : Stoch - 60.0877RSI Swap = 0
0	23:55:02.583	Elpheba-20161030 AUDUSD,M5: GBPUSD : Stoch - 48.8798RSI Swap = 0
0	23:55:02.583	Elpheba-20161030 AUDUSD,M5: AUDUSD : Stoch - 91.9255RSI Swap = 0
0	23:55:02.588	Elpheba-20161030 AUDUSD,M5: EURJPY : Stoch - 15.6334RSI Swap = 0
0	23:55:02.590	Elpheba-20161030 AUDUSD,M5: AUDJPY : Stoch - 29.6482RSI Swap = 0
0	23:55:02.592	Elpheba-20161030 AUDUSD,M5: EURAUD : Stoch - 0RSI Swap = 0
0	23:55:02.593	Elpheba-20161030 AUDUSD,M5: USDCAD : Stoch - 16.092RSI Swap = 0
0	23:55:02.595	Elpheba-20161030 AUDUSD,M5: USDJPY : Stoch - 18.8235RSI Swap = 0
0	23:55:02.595	Elpheba-20161030 AUDUSD,M5: GBPCAD : Stoch - 30.1966RSI Swap = 0
0	23:55:02.596	Elpheba-20161030 AUDUSD,M5: AUDCAD : Stoch - 69.3642RSI Swap = 0
0	23:55:02.597	Elpheba-20161030 AUDUSD,M5: USDCHF : Stoch - 0RSI Swap = 0
0	23:55:02.598	Elpheba-20161030 AUDUSD,M5: GBPAUD : Stoch - 15.619RSI Swap = 0
0	23:55:02.599	Elpheba-20161030 AUDUSD,M5: XAUUSD : Stoch - 96.6292RSI Swap = 0
