0	09:00:03.860	Elpheba-20161030 AUDUSD,M5: Insufficient Margin
0	09:00:03.879	Elpheba-20161030 AUDUSD,M5: Withdrawls : 49.2767, Total Taken: 49.2767, simBalance : 2513.1133, simEquity : 2267.0333
0	09:05:28.381	Elpheba-20161030 AUDUSD,M5: Insufficient Margin
0	09:10:00.317	Elpheba-20161030 AUDUSD,M5: Insufficient Margin
0	09:15:18.616	Elpheba-20161030 AUDUSD,M5: Insufficient Margin
0	09:20:34.034	Elpheba-20161030 AUDUSD,M5: Insufficient Margin
0	09:25:02.622	Elpheba-20161030 AUDUSD,M5: Insufficient Margin
0	09:31:12.026	Elpheba-20161030 AUDUSD,M5: Insufficient Margin
0	09:35:03.299	Elpheba-20161030 AUDUSD,M5: Insufficient Margin
0	09:40:04.509	Elpheba-20161030 AUDUSD,M5: Insufficient Margin
0	09:45:00.493	Elpheba-20161030 AUDUSD,M5: Insufficient Margin
0	09:50:12.457	Elpheba-20161030 AUDUSD,M5: Insufficient Margin
0	09:55:04.518	Elpheba-20161030 AUDUSD,M5: Insufficient Margin
0	10:00:00.296	Elpheba-20161030 AUDUSD,M5: Insufficient Margin
0	10:05:45.836	Elpheba-20161030 AUDUSD,M5: Insufficient Margin
0	10:10:06.639	Elpheba-20161030 AUDUSD,M5: Insufficient Margin
0	10:15:00.164	Elpheba-20161030 AUDUSD,M5: Insufficient Margin
0	10:20:00.856	Elpheba-20161030 AUDUSD,M5: Insufficient Margin
0	10:25:00.161	Elpheba-20161030 AUDUSD,M5: Insufficient Margin
0	10:30:08.763	Elpheba-20161030 AUDUSD,M5: Insufficient Margin
0	10:35:00.698	Elpheba-20161030 AUDUSD,M5: Insufficient Margin
0	10:40:00.597	Elpheba-20161030 AUDUSD,M5: Insufficient Margin
0	10:45:01.491	Elpheba-20161030 AUDUSD,M5: Insufficient Margin
0	10:50:00.934	Elpheba-20161030 AUDUSD,M5: Insufficient Margin
0	10:55:21.663	Elpheba-20161030 AUDUSD,M5: Insufficient Margin
0	11:00:00.265	Elpheba-20161030 AUDUSD,M5: Insufficient Margin
0	11:06:00.934	Elpheba-20161030 AUDUSD,M5: Insufficient Margin
0	11:10:15.986	Elpheba-20161030 AUDUSD,M5: Insufficient Margin
0	11:15:09.915	Elpheba-20161030 AUDUSD,M5: Insufficient Margin
0	11:20:08.810	Elpheba-20161030 AUDUSD,M5: Insufficient Margin
0	11:25:00.275	Elpheba-20161030 AUDUSD,M5: Insufficient Margin
0	11:30:00.367	Elpheba-20161030 AUDUSD,M5: Insufficient Margin
0	11:35:11.790	Elpheba-20161030 AUDUSD,M5: Insufficient Margin
0	11:40:00.220	Elpheba-20161030 AUDUSD,M5: Insufficient Margin
0	11:45:00.257	Elpheba-20161030 AUDUSD,M5: Insufficient Margin
0	11:50:07.805	Elpheba-20161030 AUDUSD,M5: Insufficient Margin
0	11:55:00.368	Elpheba-20161030 AUDUSD,M5: Insufficient Margin
0	12:00:00.384	Elpheba-20161030 AUDUSD,M5: Insufficient Margin
0	12:05:56.049	Elpheba-20161030 AUDUSD,M5: Insufficient Margin
0	12:10:01.618	Elpheba-20161030 AUDUSD,M5: Insufficient Margin
0	12:15:01.125	Elpheba-20161030 AUDUSD,M5: Insufficient Margin
0	12:20:01.286	Elpheba-20161030 AUDUSD,M5: Insufficient Margin
0	12:25:00.836	Elpheba-20161030 AUDUSD,M5: Insufficient Margin
0	12:30:17.932	Elpheba-20161030 AUDUSD,M5: Insufficient Margin
0	12:35:01.608	Elpheba-20161030 AUDUSD,M5: Insufficient Margin
0	12:40:08.159	Elpheba-20161030 AUDUSD,M5: Insufficient Margin
0	12:45:07.548	Elpheba-20161030 AUDUSD,M5: Insufficient Margin
0	12:50:16.107	Elpheba-20161030 AUDUSD,M5: Insufficient Margin
0	12:55:03.333	Elpheba-20161030 AUDUSD,M5: Insufficient Margin
0	13:00:00.386	Elpheba-20161030 AUDUSD,M5: Insufficient Margin
0	13:06:01.110	Elpheba-20161030 AUDUSD,M5: Insufficient Margin
0	13:10:04.512	Elpheba-20161030 AUDUSD,M5: Insufficient Margin
0	13:15:01.007	Elpheba-20161030 AUDUSD,M5: Insufficient Margin
0	13:20:36.171	Elpheba-20161030 AUDUSD,M5: Insufficient Margin
0	13:25:00.634	Elpheba-20161030 AUDUSD,M5: Insufficient Margin
0	13:30:00.294	Elpheba-20161030 AUDUSD,M5: Insufficient Margin
0	13:35:00.873	Elpheba-20161030 AUDUSD,M5: Insufficient Margin
0	13:40:05.388	Elpheba-20161030 AUDUSD,M5: Insufficient Margin
0	13:45:05.130	Elpheba-20161030 AUDUSD,M5: Insufficient Margin
0	13:50:07.993	Elpheba-20161030 AUDUSD,M5: Insufficient Margin
0	13:55:01.305	Elpheba-20161030 AUDUSD,M5: Insufficient Margin
0	14:00:00.327	Elpheba-20161030 AUDUSD,M5: Insufficient Margin
0	14:06:03.253	Elpheba-20161030 AUDUSD,M5: Insufficient Margin
0	14:10:01.881	Elpheba-20161030 AUDUSD,M5: Insufficient Margin
0	14:15:00.314	Elpheba-20161030 AUDUSD,M5: Insufficient Margin
0	14:20:00.284	Elpheba-20161030 AUDUSD,M5: Insufficient Margin
0	14:25:02.912	Elpheba-20161030 AUDUSD,M5: Insufficient Margin
0	14:30:00.260	Elpheba-20161030 AUDUSD,M5: Insufficient Margin
0	14:35:01.306	Elpheba-20161030 AUDUSD,M5: Insufficient Margin
0	14:40:02.173	Elpheba-20161030 AUDUSD,M5: Insufficient Margin
0	14:42:24.133	Elpheba-20161030 AUDUSD,M5: uninit reason 5
0	14:42:24.133	Elpheba-20161030 AUDUSD,M5: Final simEquity : 2434.1133, simBalance : 2552.7433, Withdrawls : 49.2767
0	14:42:24.150	Elpheba-20161030 AUDUSD,M5: filename = Tickets_10019548.log,  handle = 1
0	14:42:24.257	Elpheba-20161030 AUDUSD,M5 inputs: BuyPoint=35.0; SellPoint=65.0; tp=130.0; dp=20.0; sl=7500.0; max_trades=50; 
0	14:42:27.658	Elpheba-20161030 AUDUSD,M5: MAGICMA - 253337 CloseOutPrice - 2533.374
0	14:42:27.658	Elpheba-20161030 AUDUSD,M5: CloseOutPrice=2533  LotPrice=12.4185  Lot=0.12  trigger_profit=130  drop_profit=20
0	14:42:27.658	Elpheba-20161030 AUDUSD,M5: initialized
0	14:44:30.543	DumpTicks EURUSD,M1: uninit reason 9
0	14:44:30.543	DumpTicks EURUSD,M1: Close Expert Advisor
0	14:44:30.557	Elpheba-20161030 AUDUSD,M5: uninit reason 9
0	14:44:30.557	Elpheba-20161030 AUDUSD,M5: Final simEquity : 2486.2, simBalance : 2602.02, Withdrawls : 0
0	14:44:30.787	Expert DumpTicks EURUSD,M1: removed
0	14:44:30.942	Expert Elpheba-20161030 AUDUSD,M5: removed
0	14:45:50.386	Expert DumpTicks EURUSD,M1: loaded successfully
0	14:45:50.569	Expert Elpheba-20161030 AUDUSD,M5: loaded successfully
0	14:45:50.569	Elpheba-20161030 AUDUSD,M5 inputs: BuyPoint=35.0; SellPoint=65.0; tp=130.0; dp=20.0; sl=7500.0; max_trades=50; 
0	14:45:55.441	Expert DumpTicks EURUSD,M1: removed
0	14:45:55.450	Expert Elpheba-20161030 AUDUSD,M5: removed
0	14:45:59.956	Compiling 'MACD Sample'
0	14:45:59.957	Compiling 'Moving Average'
0	14:46:02.050	Compiling 'Accelerator'
0	14:46:02.050	Compiling 'Accumulation'
0	14:46:02.050	Compiling 'Alligator'
0	14:46:02.050	Compiling 'ATR'
0	14:46:02.050	Compiling 'Awesome'
0	14:46:02.050	Compiling 'Bands'
0	14:46:02.050	Compiling 'Bears'
0	14:46:02.050	Compiling 'Bulls'
0	14:46:02.050	Compiling 'CCI'
0	14:46:02.050	Compiling 'Custom Moving Averages'
0	14:46:02.050	Compiling 'Heiken Ashi'
0	14:46:02.050	Compiling 'Ichimoku'
0	14:46:02.050	Compiling 'iExposure'
0	14:46:02.051	Compiling 'MACD'
0	14:46:02.051	Compiling 'Momentum'
0	14:46:02.051	Compiling 'OsMA'
0	14:46:02.051	Compiling 'Parabolic'
0	14:46:02.051	Compiling 'RSI'
0	14:46:02.051	Compiling 'Stochastic'
0	14:46:02.051	Compiling 'ZigZag'
0	14:46:02.052	Compiling 'SimplePanel'
0	14:46:06.938	Compiling 'PeriodConverter'
0	14:46:06.938	Compiling 'DLLSampleTester'
0	14:46:06.939	Compiling 'PipeClient'
0	14:46:06.939	Compiling 'PipeClientPure'
0	14:46:09.203	Compiling 'stdlib'
0	14:46:13.110	Expert DumpTicks EURUSD,M1: loaded successfully
0	14:46:13.170	Expert Elpheba-20161030 AUDUSD,M5: loaded successfully
0	14:46:13.170	Elpheba-20161030 AUDUSD,M5 inputs: BuyPoint=35.0; SellPoint=65.0; tp=130.0; dp=20.0; sl=7500.0; max_trades=50; 
0	14:46:19.220	DumpTicks EURUSD,M1: Start Expert Advisor
0	14:46:19.220	DumpTicks EURUSD,M1: Writing to SPLUNK_MT_Log.csv
0	14:46:19.222	DumpTicks EURUSD,M1: initialized
0	14:46:22.885	Elpheba-20161030 AUDUSD,M5: filename = Tickets_10019548.log,  handle = 1
0	14:46:25.793	Elpheba-20161030 AUDUSD,M5: MAGICMA - 253343 CloseOutPrice - 2533.4352
0	14:46:25.793	Elpheba-20161030 AUDUSD,M5: CloseOutPrice=2533  LotPrice=12.4188  Lot=0.12  trigger_profit=130  drop_profit=20
0	14:46:25.793	Elpheba-20161030 AUDUSD,M5: initialized
2	14:48:54.022	Elpheba-20161030 AUDUSD,M5: modify #158768639 buy 0.13 USDCHF at 1.02740 sl: 1.02869 tp: 1.02939 ok
2	14:49:47.660	Elpheba-20161030 AUDUSD,M5: modify #158768639 buy 0.13 USDCHF at 1.02740 sl: 1.02872 tp: 1.02940 ok
0	14:50:02.571	Elpheba-20161030 AUDUSD,M5: Insufficient Margin
2	14:51:10.469	Elpheba-20161030 AUDUSD,M5: modify #158768639 buy 0.13 USDCHF at 1.02740 sl: 1.02878 tp: 1.02946 ok
2	14:51:24.169	Elpheba-20161030 AUDUSD,M5: modify #158768639 buy 0.13 USDCHF at 1.02740 sl: 1.02883 tp: 1.02953 ok
2	14:51:34.045	Elpheba-20161030 AUDUSD,M5: modify #158768639 buy 0.13 USDCHF at 1.02740 sl: 1.02884 tp: 1.02956 ok
0	14:55:11.503	Elpheba-20161030 AUDUSD,M5: Insufficient Margin
0	15:00:03.558	Elpheba-20161030 AUDUSD,M5: Insufficient Margin
0	15:06:40.603	Elpheba-20161030 AUDUSD,M5: Insufficient Margin
0	15:10:04.049	Elpheba-20161030 AUDUSD,M5: Insufficient Margin
0	15:15:04.428	Elpheba-20161030 AUDUSD,M5: Insufficient Margin
0	15:20:09.889	Elpheba-20161030 AUDUSD,M5: Insufficient Margin
0	15:25:05.301	Elpheba-20161030 AUDUSD,M5: Check for Openings
0	15:25:05.500	Elpheba-20161030 AUDUSD,M5: EURUSD : Stoch - 21.875RSI Swap = 0
0	15:25:05.710	Elpheba-20161030 AUDUSD,M5: EURGBP : Stoch - 4.2169RSI Swap = 0
0	15:25:05.741	Elpheba-20161030 AUDUSD,M5: GBPUSD : Stoch - 75.4839RSI Swap = 0
0	15:25:05.787	Elpheba-20161030 AUDUSD,M5: AUDUSD : Stoch - 50RSI Swap = 0
0	15:25:05.820	Elpheba-20161030 AUDUSD,M5: EURJPY : Stoch - 14.1593RSI Swap = 0
0	15:25:05.845	Elpheba-20161030 AUDUSD,M5: AUDJPY : Stoch - 28.7129RSI Swap = 0
0	15:25:05.867	Elpheba-20161030 AUDUSD,M5: EURAUD : Stoch - 60.7407RSI Swap = 0
0	15:25:05.882	Elpheba-20161030 AUDUSD,M5: USDCAD : Stoch - 0RSI Swap = 0
0	15:25:06.010	Elpheba-20161030 AUDUSD,M5: USDJPY : Stoch - 63.0137RSI Swap = 0
0	15:25:06.100	Elpheba-20161030 AUDUSD,M5: GBPCAD : Stoch - 15.7895RSI Swap = 0
0	15:25:06.161	Elpheba-20161030 AUDUSD,M5: AUDCAD : Stoch - 0.3413RSI Swap = 0
0	15:25:06.168	Elpheba-20161030 AUDUSD,M5: USDCHF : Stoch - 53.5088RSI Swap = 0
0	15:25:06.253	Elpheba-20161030 AUDUSD,M5: GBPAUD : Stoch - 77.0227RSI Swap = 0
0	15:25:06.283	Elpheba-20161030 AUDUSD,M5: XAUUSD : Stoch - 48.6842RSI Swap = 0
0	15:30:04.930	Elpheba-20161030 AUDUSD,M5: Check for Openings
0	15:30:04.931	Elpheba-20161030 AUDUSD,M5: EURUSD : Stoch - 84.9462RSI Swap = 0
0	15:30:04.932	Elpheba-20161030 AUDUSD,M5: EURGBP : Stoch - 93.5897RSI Swap = 0
0	15:30:04.933	Elpheba-20161030 AUDUSD,M5: GBPUSD : Stoch - 48.8095RSI Swap = 0
0	15:30:04.933	Elpheba-20161030 AUDUSD,M5: AUDUSD : Stoch - 94.8718RSI Swap = 0
0	15:30:04.933	Elpheba-20161030 AUDUSD,M5: EURJPY : Stoch - 100RSI Swap = 0
0	15:30:04.934	Elpheba-20161030 AUDUSD,M5: AUDJPY : Stoch - 61.8421RSI Swap = 1
0	15:30:04.935	Elpheba-20161030 AUDUSD,M5: EURAUD : Stoch - 80.4054RSI Swap = 0
0	15:30:04.936	Elpheba-20161030 AUDUSD,M5: USDCAD : Stoch - 0RSI Swap = 1
2	15:30:09.773	Elpheba-20161030 AUDUSD,M5: open #158788915 buy 0.12 USDCAD at 1.35385 tp: 1.35550 ok
0	15:30:09.774	Elpheba-20161030 AUDUSD,M5: USDJPY : Stoch - 42.5287RSI Swap = 0
0	15:30:09.775	Elpheba-20161030 AUDUSD,M5: GBPCAD : Stoch - 9.434RSI Swap = 0
0	15:30:09.776	Elpheba-20161030 AUDUSD,M5: AUDCAD : Stoch - 10RSI Swap = 1
2	15:30:11.131	Elpheba-20161030 AUDUSD,M5: open #158788923 buy 0.12 AUDCAD at 0.97190 tp: 0.97359 ok
0	15:30:11.132	Elpheba-20161030 AUDUSD,M5: USDCHF : Stoch - 1.4925RSI Swap = 0
0	15:30:11.133	Elpheba-20161030 AUDUSD,M5: GBPAUD : Stoch - 33.3333RSI Swap = 0
0	15:30:11.134	Elpheba-20161030 AUDUSD,M5: XAUUSD : Stoch - 83.0189RSI Swap = 0
0	15:35:12.562	Elpheba-20161030 AUDUSD,M5: Insufficient Margin
0	15:40:07.446	Elpheba-20161030 AUDUSD,M5: Insufficient Margin
0	15:45:18.012	Elpheba-20161030 AUDUSD,M5: Insufficient Margin
0	15:50:02.900	Elpheba-20161030 AUDUSD,M5: Insufficient Margin
0	15:55:05.892	Elpheba-20161030 AUDUSD,M5: Insufficient Margin
0	16:00:02.674	Elpheba-20161030 AUDUSD,M5: Insufficient Margin
0	16:05:18.707	Elpheba-20161030 AUDUSD,M5: Insufficient Margin
0	16:10:14.046	Elpheba-20161030 AUDUSD,M5: Insufficient Margin
0	16:15:03.680	Elpheba-20161030 AUDUSD,M5: Insufficient Margin
0	16:20:01.440	Elpheba-20161030 AUDUSD,M5: Insufficient Margin
0	16:25:16.602	Elpheba-20161030 AUDUSD,M5: Insufficient Margin
0	16:30:00.643	Elpheba-20161030 AUDUSD,M5: Insufficient Margin
0	16:35:07.546	Elpheba-20161030 AUDUSD,M5: Insufficient Margin
0	16:40:05.617	Elpheba-20161030 AUDUSD,M5: Insufficient Margin
0	16:45:12.338	Elpheba-20161030 AUDUSD,M5: Insufficient Margin
0	16:50:04.037	Elpheba-20161030 AUDUSD,M5: Insufficient Margin
0	16:55:09.156	Elpheba-20161030 AUDUSD,M5: Insufficient Margin
0	17:00:20.060	Elpheba-20161030 AUDUSD,M5: Insufficient Margin
0	17:05:37.696	Elpheba-20161030 AUDUSD,M5: Insufficient Margin
0	17:10:01.331	Elpheba-20161030 AUDUSD,M5: Insufficient Margin
0	17:15:01.655	Elpheba-20161030 AUDUSD,M5: Insufficient Margin
0	17:20:13.777	Elpheba-20161030 AUDUSD,M5: Insufficient Margin
0	17:25:06.258	Elpheba-20161030 AUDUSD,M5: Insufficient Margin
0	17:30:00.464	Elpheba-20161030 AUDUSD,M5: Insufficient Margin
0	17:35:06.405	Elpheba-20161030 AUDUSD,M5: Insufficient Margin
0	17:40:05.310	Elpheba-20161030 AUDUSD,M5: Insufficient Margin
0	17:41:56.019	Elpheba-20161030 AUDUSD,M5: ***** Close out price reached, 2533.06 ********
0	17:41:56.019	Elpheba-20161030 AUDUSD,M5: CloseUp : Triggered TP/SL on 2002
2	17:41:56.400	Elpheba-20161030 AUDUSD,M5: modify #158768634 buy 0.13 AUDCAD at 0.97087 sl: 0.97188 tp: 0.97267 ok
0	17:41:56.400	Elpheba-20161030 AUDUSD,M5: CloseUp : Triggered TP/SL on 22291
2	17:41:56.790	Elpheba-20161030 AUDUSD,M5: modify #158788923 buy 0.12 AUDCAD at 0.97190 sl: 0.97186 tp: 0.97267 ok
0	17:41:56.790	Elpheba-20161030 AUDUSD,M5: CloseUp : Triggered TP/SL on 0
2	17:41:57.088	Elpheba-20161030 AUDUSD,M5: modify #158766632 buy 0.13 EURGBP at 0.85192 sl: 0.85067 tp: 0.85135 ok
0	17:41:57.088	Elpheba-20161030 AUDUSD,M5: CloseUp : Triggered TP/SL on 677
2	17:41:57.481	Elpheba-20161030 AUDUSD,M5: modify #158767309 buy 0.13 EURUSD at 1.04494 sl: 1.04482 tp: 1.04544 ok
0	17:41:57.481	Elpheba-20161030 AUDUSD,M5: CloseUp : Triggered TP/SL on 903
2	17:41:57.791	Elpheba-20161030 AUDUSD,M5: modify #158767535 buy 0.13 EURUSD at 1.04515 sl: 1.04482 tp: 1.04544 ok
0	17:41:57.791	Elpheba-20161030 AUDUSD,M5: CloseUp : Triggered TP/SL on 834
2	17:41:58.088	Elpheba-20161030 AUDUSD,M5: modify #158767466 buy 0.13 GBPAUD at 1.71206 sl: 1.70836 tp: 1.70929 ok
0	17:41:58.089	Elpheba-20161030 AUDUSD,M5: CloseUp : Triggered TP/SL on 796
2	17:41:58.415	Elpheba-20161030 AUDUSD,M5: modify #158767428 buy 0.13 GBPUSD at 1.22769 sl: 1.22786 tp: 1.22860 ok
0	17:41:58.415	Elpheba-20161030 AUDUSD,M5: CloseUp : Triggered TP/SL on 1306
2	17:41:58.712	Elpheba-20161030 AUDUSD,M5: modify #158767938 buy 0.13 USDCAD at 1.35384 sl: 1.35233 tp: 1.35309 ok
0	17:41:58.712	Elpheba-20161030 AUDUSD,M5: CloseUp : Triggered TP/SL on 22283
2	17:42:00.056	Elpheba-20161030 AUDUSD,M5: modify #158788915 buy 0.12 USDCAD at 1.35385 sl: 1.35233 tp: 1.35309 ok
2	17:42:06.666	Elpheba-20161030 AUDUSD,M5: modify #158788923 buy 0.12 AUDCAD at 0.97190 sl: 0.97188 tp: 0.97270 ok
2	17:42:07.245	Elpheba-20161030 AUDUSD,M5: modify #158767466 buy 0.13 GBPAUD at 1.71206 sl: 1.70837 tp: 1.70927 ok
2	17:42:07.541	Elpheba-20161030 AUDUSD,M5: modify #158767938 buy 0.13 USDCAD at 1.35384 sl: 1.35238 tp: 1.35311 ok
2	17:42:07.896	Elpheba-20161030 AUDUSD,M5: modify #158788915 buy 0.12 USDCAD at 1.35385 sl: 1.35238 tp: 1.35311 ok
2	17:42:23.936	Elpheba-20161030 AUDUSD,M5: modify #158768634 buy 0.13 AUDCAD at 0.97087 sl: 0.97189 tp: 0.97271 ok
2	17:42:24.278	Elpheba-20161030 AUDUSD,M5: modify #158788923 buy 0.12 AUDCAD at 0.97190 sl: 0.97189 tp: 0.97271 ok
2	17:42:27.059	Elpheba-20161030 AUDUSD,M5: modify #158767466 buy 0.13 GBPAUD at 1.71206 sl: 1.70838 tp: 1.70927 ok
2	17:42:27.402	Elpheba-20161030 AUDUSD,M5: modify #158767938 buy 0.13 USDCAD at 1.35384 sl: 1.35239 tp: 1.35312 ok
2	17:42:27.699	Elpheba-20161030 AUDUSD,M5: modify #158788915 buy 0.12 USDCAD at 1.35385 sl: 1.35239 tp: 1.35312 ok
2	17:42:28.058	Elpheba-20161030 AUDUSD,M5: modify #158767938 buy 0.13 USDCAD at 1.35384 sl: 1.35240 tp: 1.35313 ok
2	17:42:46.779	Elpheba-20161030 AUDUSD,M5: modify #158767938 buy 0.13 USDCAD at 1.35384 sl: 1.35242 tp: 1.35313 ok
2	17:42:47.264	Elpheba-20161030 AUDUSD,M5: modify #158788915 buy 0.12 USDCAD at 1.35385 sl: 1.35241 tp: 1.35314 ok
2	17:42:55.671	Elpheba-20161030 AUDUSD,M5: modify #158768634 buy 0.13 AUDCAD at 0.97087 sl: 0.97192 tp: 0.97273 ok
2	17:42:56.061	Elpheba-20161030 AUDUSD,M5: modify #158767938 buy 0.13 USDCAD at 1.35384 sl: 1.35243 tp: 1.35316 ok
2	17:42:56.404	Elpheba-20161030 AUDUSD,M5: modify #158788915 buy 0.12 USDCAD at 1.35385 sl: 1.35242 tp: 1.35315 ok
2	17:42:56.719	Elpheba-20161030 AUDUSD,M5: modify #158788923 buy 0.12 AUDCAD at 0.97190 sl: 0.97191 tp: 0.97272 ok
2	17:42:57.070	Elpheba-20161030 AUDUSD,M5: modify #158766632 buy 0.13 EURGBP at 0.85192 sl: 0.85068 tp: 0.85137 ok
2	17:43:37.972	Elpheba-20161030 AUDUSD,M5: modify #158767309 buy 0.13 EURUSD at 1.04494 sl: 1.04484 tp: 1.04545 ok
2	17:43:38.268	Elpheba-20161030 AUDUSD,M5: modify #158767535 buy 0.13 EURUSD at 1.04515 sl: 1.04484 tp: 1.04545 ok
2	17:44:15.870	Elpheba-20161030 AUDUSD,M5: modify #158767309 buy 0.13 EURUSD at 1.04494 sl: 1.04485 tp: 1.04545 ok
2	17:44:16.210	Elpheba-20161030 AUDUSD,M5: modify #158767535 buy 0.13 EURUSD at 1.04515 sl: 1.04485 tp: 1.04545 ok
2	17:44:27.179	Elpheba-20161030 AUDUSD,M5: modify #158788915 buy 0.12 USDCAD at 1.35385 sl: 1.35243 tp: 1.35314 ok
2	17:44:38.305	Elpheba-20161030 AUDUSD,M5: modify #158767938 buy 0.13 USDCAD at 1.35384 sl: 1.35244 tp: 1.35317 ok
2	17:44:38.696	Elpheba-20161030 AUDUSD,M5: modify #158788915 buy 0.12 USDCAD at 1.35385 sl: 1.35244 tp: 1.35317 ok
2	17:44:38.992	Elpheba-20161030 AUDUSD,M5: modify #158767938 buy 0.13 USDCAD at 1.35384 sl: 1.35244 tp: 1.35315 ok
2	17:45:15.042	Elpheba-20161030 AUDUSD,M5: modify #158767466 buy 0.13 GBPAUD at 1.71206 sl: 1.70850 tp: 1.70942 ok
2	17:45:15.417	Elpheba-20161030 AUDUSD,M5: modify #158767938 buy 0.13 USDCAD at 1.35384 sl: 1.35246 tp: 1.35319 ok
2	17:45:38.591	Elpheba-20161030 AUDUSD,M5: modify #158788915 buy 0.12 USDCAD at 1.35385 sl: 1.35245 tp: 1.35318 ok
2	17:45:38.890	Elpheba-20161030 AUDUSD,M5: modify #158767466 buy 0.13 GBPAUD at 1.71206 sl: 1.70851 tp: 1.70940 ok
2	17:45:39.232	Elpheba-20161030 AUDUSD,M5: modify #158767938 buy 0.13 USDCAD at 1.35384 sl: 1.35250 tp: 1.35322 ok
2	17:45:39.544	Elpheba-20161030 AUDUSD,M5: modify #158788915 buy 0.12 USDCAD at 1.35385 sl: 1.35248 tp: 1.35320 ok
2	17:45:44.548	Elpheba-20161030 AUDUSD,M5: modify #158788923 buy 0.12 AUDCAD at 0.97190 sl: 0.97192 tp: 0.97274 ok
2	17:45:45.170	Elpheba-20161030 AUDUSD,M5: modify #158767938 buy 0.13 USDCAD at 1.35384 sl: 1.35251 tp: 1.35322 ok
2	17:45:45.812	Elpheba-20161030 AUDUSD,M5: modify #158788915 buy 0.12 USDCAD at 1.35385 sl: 1.35251 tp: 1.35322 ok
2	17:45:47.138	Elpheba-20161030 AUDUSD,M5: modify #158767938 buy 0.13 USDCAD at 1.35384 sl: 1.35253 tp: 1.35326 ok
2	17:45:47.436	Elpheba-20161030 AUDUSD,M5: modify #158788915 buy 0.12 USDCAD at 1.35385 sl: 1.35253 tp: 1.35326 ok
2	17:46:29.080	Elpheba-20161030 AUDUSD,M5: modify #158767938 buy 0.13 USDCAD at 1.35384 sl: 1.35256 tp: 1.35324 ok
2	17:46:29.376	Elpheba-20161030 AUDUSD,M5: modify #158788915 buy 0.12 USDCAD at 1.35385 sl: 1.35257 tp: 1.35326 ok
2	17:49:38.503	Elpheba-20161030 AUDUSD,M5: modify #158768634 buy 0.13 AUDCAD at 0.97087 sl: 0.97194 tp: 0.97276 ok
2	17:49:38.816	Elpheba-20161030 AUDUSD,M5: modify #158788923 buy 0.12 AUDCAD at 0.97190 sl: 0.97195 tp: 0.97276 ok
2	17:49:39.175	Elpheba-20161030 AUDUSD,M5: modify #158768634 buy 0.13 AUDCAD at 0.97087 sl: 0.97200 tp: 0.97282 ok
2	17:49:39.518	Elpheba-20161030 AUDUSD,M5: modify #158788923 buy 0.12 AUDCAD at 0.97190 sl: 0.97196 tp: 0.97279 ok
2	17:49:50.676	Elpheba-20161030 AUDUSD,M5: modify #158788923 buy 0.12 AUDCAD at 0.97190 sl: 0.97198 tp: 0.97279 ok
2	17:50:34.680	Elpheba-20161030 AUDUSD,M5: modify #158788923 buy 0.12 AUDCAD at 0.97190 sl: 0.97199 tp: 0.97281 ok
2	17:50:39.290	Elpheba-20161030 AUDUSD,M5: modify #158768634 buy 0.13 AUDCAD at 0.97087 sl: 0.97201 tp: 0.97283 ok
2	17:50:39.587	Elpheba-20161030 AUDUSD,M5: modify #158788923 buy 0.12 AUDCAD at 0.97190 sl: 0.97201 tp: 0.97283 ok
2	17:50:52.088	Elpheba-20161030 AUDUSD,M5: modify #158768634 buy 0.13 AUDCAD at 0.97087 sl: 0.97203 tp: 0.97285 ok
2	17:50:52.397	Elpheba-20161030 AUDUSD,M5: modify #158788923 buy 0.12 AUDCAD at 0.97190 sl: 0.97203 tp: 0.97285 ok
2	17:51:12.939	Elpheba-20161030 AUDUSD,M5: modify #158766632 buy 0.13 EURGBP at 0.85192 sl: 0.85069 tp: 0.85138 ok
2	17:51:19.028	Elpheba-20161030 AUDUSD,M5: modify #158768634 buy 0.13 AUDCAD at 0.97087 sl: 0.97206 tp: 0.97288 ok
2	17:52:25.331	Elpheba-20161030 AUDUSD,M5: modify #158766632 buy 0.13 EURGBP at 0.85192 sl: 0.85070 tp: 0.85140 ok
2	17:53:25.790	Elpheba-20161030 AUDUSD,M5: modify #158766632 buy 0.13 EURGBP at 0.85192 sl: 0.85072 tp: 0.85140 ok
2	17:53:39.244	Elpheba-20161030 AUDUSD,M5: modify #158766632 buy 0.13 EURGBP at 0.85192 sl: 0.85073 tp: 0.85141 ok
2	17:57:30.811	Elpheba-20161030 AUDUSD,M5: modify #158766632 buy 0.13 EURGBP at 0.85192 sl: 0.85074 tp: 0.85140 ok
2	17:57:38.593	Elpheba-20161030 AUDUSD,M5: modify #158766632 buy 0.13 EURGBP at 0.85192 sl: 0.85076 tp: 0.85141 ok
2	17:57:38.937	Elpheba-20161030 AUDUSD,M5: modify #158766632 buy 0.13 EURGBP at 0.85192 sl: 0.85078 tp: 0.85143 ok
2	17:58:59.961	Elpheba-20161030 AUDUSD,M5: modify #158766632 buy 0.13 EURGBP at 0.85192 sl: 0.85078 tp: 0.85148 ok
2	17:59:21.213	Elpheba-20161030 AUDUSD,M5: modify #158766632 buy 0.13 EURGBP at 0.85192 sl: 0.85079 tp: 0.85149 ok
2	18:00:06.764	Elpheba-20161030 AUDUSD,M5: modify #158766632 buy 0.13 EURGBP at 0.85192 sl: 0.85081 tp: 0.85149 ok
2	18:00:30.640	Elpheba-20161030 AUDUSD,M5: modify #158766632 buy 0.13 EURGBP at 0.85192 sl: 0.85087 tp: 0.85156 ok
2	18:00:30.999	Elpheba-20161030 AUDUSD,M5: modify #158766632 buy 0.13 EURGBP at 0.85192 sl: 0.85089 tp: 0.85158 ok
2	18:00:31.673	Elpheba-20161030 AUDUSD,M5: modify #158766632 buy 0.13 EURGBP at 0.85192 sl: 0.85090 tp: 0.85158 ok
2	18:00:49.128	Elpheba-20161030 AUDUSD,M5: modify #158766632 buy 0.13 EURGBP at 0.85192 sl: 0.85094 tp: 0.85163 ok
2	18:00:50.361	Elpheba-20161030 AUDUSD,M5: modify #158766632 buy 0.13 EURGBP at 0.85192 sl: 0.85095 tp: 0.85164 ok
2	18:01:03.349	Elpheba-20161030 AUDUSD,M5: modify #158766632 buy 0.13 EURGBP at 0.85192 sl: 0.85096 tp: 0.85163 ok
0	18:06:08.820	Elpheba-20161030 AUDUSD,M5: ****** Close out completed, balance=2524.9 ***********
0	18:06:10.699	Elpheba-20161030 AUDUSD,M5: MAGICMA - 257539 CloseOutPrice - 2575.398
0	18:06:10.699	Elpheba-20161030 AUDUSD,M5: CloseOutPrice=2575  LotPrice=12.6245  Lot=0.13  trigger_profit=130  drop_profit=20
0	18:10:00.406	Elpheba-20161030 AUDUSD,M5: Check for Openings
0	18:10:00.408	Elpheba-20161030 AUDUSD,M5: EURUSD : Stoch - 82.3529RSI Swap = 0
0	18:10:00.408	Elpheba-20161030 AUDUSD,M5: EURGBP : Stoch - 70.3704RSI Swap = 0
0	18:10:00.409	Elpheba-20161030 AUDUSD,M5: GBPUSD : Stoch - 83.0986RSI Swap = 0
0	18:10:00.409	Elpheba-20161030 AUDUSD,M5: AUDUSD : Stoch - 21.7822RSI Swap = 0
0	18:10:00.410	Elpheba-20161030 AUDUSD,M5: EURJPY : Stoch - 77.3585RSI Swap = 0
0	18:10:00.411	Elpheba-20161030 AUDUSD,M5: AUDJPY : Stoch - 96.0526RSI Swap = 1
2	18:10:00.828	Elpheba-20161030 AUDUSD,M5: open #158794723 sell 0.13 AUDJPY at 84.300 tp: 84.125 ok
0	18:10:00.829	Elpheba-20161030 AUDUSD,M5: EURAUD : Stoch - 48.4615RSI Swap = 0
0	18:10:00.829	Elpheba-20161030 AUDUSD,M5: USDCAD : Stoch - 0RSI Swap = 1
2	18:10:01.193	Elpheba-20161030 AUDUSD,M5: open #158794730 buy 0.13 USDCAD at 1.35270 tp: 1.35439 ok
0	18:10:01.195	Elpheba-20161030 AUDUSD,M5: USDJPY : Stoch - 42.5287RSI Swap = 0
0	18:10:01.196	Elpheba-20161030 AUDUSD,M5: GBPCAD : Stoch - 21.4286RSI Swap = 0
0	18:10:01.198	Elpheba-20161030 AUDUSD,M5: AUDCAD : Stoch - 54.2857RSI Swap = 1
0	18:10:01.201	Elpheba-20161030 AUDUSD,M5: USDCHF : Stoch - 1.2658RSI Swap = 0
0	18:10:01.205	Elpheba-20161030 AUDUSD,M5: GBPAUD : Stoch - 14.0625RSI Swap = 0
0	18:10:01.207	Elpheba-20161030 AUDUSD,M5: XAUUSD : Stoch - 100RSI Swap = 0
0	18:15:00.233	Elpheba-20161030 AUDUSD,M5: Check for Openings
0	18:15:00.234	Elpheba-20161030 AUDUSD,M5: EURUSD : Stoch - 3.1008RSI Swap = 0
0	18:15:00.235	Elpheba-20161030 AUDUSD,M5: EURGBP : Stoch - 61.4286RSI Swap = 0
0	18:15:00.236	Elpheba-20161030 AUDUSD,M5: GBPUSD : Stoch - 0RSI Swap = 0
0	18:15:00.236	Elpheba-20161030 AUDUSD,M5: AUDUSD : Stoch - 34.2593RSI Swap = 0
0	18:15:00.237	Elpheba-20161030 AUDUSD,M5: EURJPY : Stoch - 30.6818RSI Swap = 1
2	18:15:00.565	Elpheba-20161030 AUDUSD,M5: open #158794865 buy 0.13 EURJPY at 122.557 tp: 122.726 ok
0	18:15:00.566	Elpheba-20161030 AUDUSD,M5: AUDJPY : Stoch - 46.7532RSI Swap = 0
0	18:15:00.567	Elpheba-20161030 AUDUSD,M5: EURAUD : Stoch - 31.6092RSI Swap = 0
0	18:15:00.568	Elpheba-20161030 AUDUSD,M5: USDCAD : Stoch - 54.902RSI Swap = 0
0	18:15:00.569	Elpheba-20161030 AUDUSD,M5: USDJPY : Stoch - 91.1111RSI Swap = 1
2	18:15:00.864	Elpheba-20161030 AUDUSD,M5: open #158794873 sell 0.13 USDJPY at 117.341 tp: 117.171 ok
0	18:15:00.865	Elpheba-20161030 AUDUSD,M5: GBPCAD : Stoch - 0RSI Swap = 0
0	18:15:00.866	Elpheba-20161030 AUDUSD,M5: AUDCAD : Stoch - 32.7103RSI Swap = 1
2	18:15:01.205	Elpheba-20161030 AUDUSD,M5: open #158794882 buy 0.13 AUDCAD at 0.97236 tp: 0.97406 ok
0	18:15:01.206	Elpheba-20161030 AUDUSD,M5: USDCHF : Stoch - 83.1579RSI Swap = 1
2	18:15:01.503	Elpheba-20161030 AUDUSD,M5: open #158794887 sell 0.13 USDCHF at 1.02829 tp: 1.02658 ok
0	18:15:01.504	Elpheba-20161030 AUDUSD,M5: GBPAUD : Stoch - 27.2727RSI Swap = 0
0	18:15:01.505	Elpheba-20161030 AUDUSD,M5: XAUUSD : Stoch - 11.0294RSI Swap = 0
0	18:20:07.797	Elpheba-20161030 AUDUSD,M5: Check for Openings
0	18:20:07.798	Elpheba-20161030 AUDUSD,M5: EURUSD : Stoch - 5.5556RSI Swap = 0
0	18:20:07.799	Elpheba-20161030 AUDUSD,M5: EURGBP : Stoch - 26.087RSI Swap = 0
0	18:20:07.800	Elpheba-20161030 AUDUSD,M5: GBPUSD : Stoch - 18.9944RSI Swap = 0
0	18:20:07.800	Elpheba-20161030 AUDUSD,M5: AUDUSD : Stoch - 50RSI Swap = 0
0	18:20:07.801	Elpheba-20161030 AUDUSD,M5: EURJPY : Stoch - 47.1014RSI Swap = 1
0	18:20:07.801	Elpheba-20161030 AUDUSD,M5: AUDJPY : Stoch - 59RSI Swap = 0
0	18:20:07.802	Elpheba-20161030 AUDUSD,M5: EURAUD : Stoch - 23.2068RSI Swap = 0
0	18:20:07.803	Elpheba-20161030 AUDUSD,M5: USDCAD : Stoch - 72RSI Swap = 0
0	18:20:07.805	Elpheba-20161030 AUDUSD,M5: USDJPY : Stoch - 93.1298RSI Swap = 0
0	18:20:07.806	Elpheba-20161030 AUDUSD,M5: GBPCAD : Stoch - 25RSI Swap = 1
2	18:20:08.157	Elpheba-20161030 AUDUSD,M5: open #158795186 buy 0.13 GBPCAD at 1.66193 tp: 1.66363 ok
0	18:20:08.158	Elpheba-20161030 AUDUSD,M5: AUDCAD : Stoch - 50.7042RSI Swap = 0
0	18:20:08.159	Elpheba-20161030 AUDUSD,M5: USDCHF : Stoch - 88.0952RSI Swap = 0
0	18:20:08.160	Elpheba-20161030 AUDUSD,M5: GBPAUD : Stoch - 38.6503RSI Swap = 1
0	18:20:08.161	Elpheba-20161030 AUDUSD,M5: XAUUSD : Stoch - 19.0083RSI Swap = 0
0	18:25:10.184	Elpheba-20161030 AUDUSD,M5: Insufficient Margin
0	18:30:01.043	Elpheba-20161030 AUDUSD,M5: Insufficient Margin
0	18:35:08.570	Elpheba-20161030 AUDUSD,M5: Insufficient Margin
0	18:40:00.454	Elpheba-20161030 AUDUSD,M5: Insufficient Margin
0	18:45:06.194	Elpheba-20161030 AUDUSD,M5: Insufficient Margin
0	18:50:00.422	Elpheba-20161030 AUDUSD,M5: Insufficient Margin
0	18:55:00.294	Elpheba-20161030 AUDUSD,M5: Insufficient Margin
0	19:00:00.136	Elpheba-20161030 AUDUSD,M5: Insufficient Margin
0	19:05:51.798	Elpheba-20161030 AUDUSD,M5: Insufficient Margin
0	19:10:01.934	Elpheba-20161030 AUDUSD,M5: Insufficient Margin
0	19:15:02.046	Elpheba-20161030 AUDUSD,M5: Insufficient Margin
0	19:20:00.909	Elpheba-20161030 AUDUSD,M5: Insufficient Margin
0	19:25:01.704	Elpheba-20161030 AUDUSD,M5: Insufficient Margin
0	19:30:01.535	Elpheba-20161030 AUDUSD,M5: Insufficient Margin
2	19:31:53.566	Elpheba-20161030 AUDUSD,M5: modify #158794873 sell 0.13 USDJPY at 117.341 sl: 117.227 tp: 117.164 ok
0	19:35:00.524	Elpheba-20161030 AUDUSD,M5: Check for Openings
0	19:35:00.524	Elpheba-20161030 AUDUSD,M5: EURUSD : Stoch - 4.7619RSI Swap = 0
0	19:35:00.525	Elpheba-20161030 AUDUSD,M5: EURGBP : Stoch - 0RSI Swap = 0
0	19:35:00.526	Elpheba-20161030 AUDUSD,M5: GBPUSD : Stoch - 59.3301RSI Swap = 0
0	19:35:00.526	Elpheba-20161030 AUDUSD,M5: AUDUSD : Stoch - 58.3333RSI Swap = 0
0	19:35:00.527	Elpheba-20161030 AUDUSD,M5: EURJPY : Stoch - 44.4444RSI Swap = 1
0	19:35:00.528	Elpheba-20161030 AUDUSD,M5: AUDJPY : Stoch - 77.2358RSI Swap = 0
0	19:35:00.529	Elpheba-20161030 AUDUSD,M5: EURAUD : Stoch - 2.1352RSI Swap = 0
0	19:35:00.530	Elpheba-20161030 AUDUSD,M5: USDCAD : Stoch - 94.0299RSI Swap = 1
2	19:35:01.283	Elpheba-20161030 AUDUSD,M5: open #158799214 sell 0.13 USDCAD at 1.35264 tp: 1.35094 ok
0	19:35:01.284	Elpheba-20161030 AUDUSD,M5: USDJPY : Stoch - 92.7419RSI Swap = 0
0	19:35:01.285	Elpheba-20161030 AUDUSD,M5: GBPCAD : Stoch - 70.5686RSI Swap = 0
0	19:35:01.286	Elpheba-20161030 AUDUSD,M5: AUDCAD : Stoch - 79.021RSI Swap = 0
0	19:35:01.287	Elpheba-20161030 AUDUSD,M5: USDCHF : Stoch - 100RSI Swap = 0
0	19:35:01.290	Elpheba-20161030 AUDUSD,M5: GBPAUD : Stoch - 62.0536RSI Swap = 0
0	19:35:01.295	Elpheba-20161030 AUDUSD,M5: XAUUSD : Stoch - 50RSI Swap = 0
0	19:40:00.483	Elpheba-20161030 AUDUSD,M5: Check for Openings
0	19:40:00.484	Elpheba-20161030 AUDUSD,M5: EURUSD : Stoch - 77.7778RSI Swap = 0
0	19:40:00.485	Elpheba-20161030 AUDUSD,M5: EURGBP : Stoch - 75RSI Swap = 0
0	19:40:00.485	Elpheba-20161030 AUDUSD,M5: GBPUSD : Stoch - 40.9938RSI Swap = 0
0	19:40:00.485	Elpheba-20161030 AUDUSD,M5: AUDUSD : Stoch - 26.087RSI Swap = 0
0	19:40:00.486	Elpheba-20161030 AUDUSD,M5: EURJPY : Stoch - 0RSI Swap = 0
0	19:40:00.487	Elpheba-20161030 AUDUSD,M5: AUDJPY : Stoch - 0RSI Swap = 0
0	19:40:00.488	Elpheba-20161030 AUDUSD,M5: EURAUD : Stoch - 60.5505RSI Swap = 1
0	19:40:00.495	Elpheba-20161030 AUDUSD,M5: USDCAD : Stoch - 33.8235RSI Swap = 0
0	19:40:00.497	Elpheba-20161030 AUDUSD,M5: USDJPY : Stoch - 0RSI Swap = 0
0	19:40:00.499	Elpheba-20161030 AUDUSD,M5: GBPCAD : Stoch - 31.6514RSI Swap = 0
0	19:40:00.500	Elpheba-20161030 AUDUSD,M5: AUDCAD : Stoch - 32.9114RSI Swap = 0
0	19:40:00.502	Elpheba-20161030 AUDUSD,M5: USDCHF : Stoch - 25.641RSI Swap = 0
0	19:40:00.505	Elpheba-20161030 AUDUSD,M5: GBPAUD : Stoch - 41.9847RSI Swap = 0
0	19:40:00.507	Elpheba-20161030 AUDUSD,M5: XAUUSD : Stoch - 47.7876RSI Swap = 0
0	19:45:01.456	Elpheba-20161030 AUDUSD,M5: Check for Openings
0	19:45:01.457	Elpheba-20161030 AUDUSD,M5: EURUSD : Stoch - 83.5616RSI Swap = 0
0	19:45:01.458	Elpheba-20161030 AUDUSD,M5: EURGBP : Stoch - 98.1481RSI Swap = 0
0	19:45:01.459	Elpheba-20161030 AUDUSD,M5: GBPUSD : Stoch - 13.0435RSI Swap = 0
0	19:45:01.459	Elpheba-20161030 AUDUSD,M5: AUDUSD : Stoch - 10.1266RSI Swap = 0
0	19:45:01.459	Elpheba-20161030 AUDUSD,M5: EURJPY : Stoch - 13.4078RSI Swap = 0
0	19:45:01.460	Elpheba-20161030 AUDUSD,M5: AUDJPY : Stoch - 0RSI Swap = 0
0	19:45:01.461	Elpheba-20161030 AUDUSD,M5: EURAUD : Stoch - 89.7436RSI Swap = 0
0	19:45:01.463	Elpheba-20161030 AUDUSD,M5: USDCAD : Stoch - 68.75RSI Swap = 1
2	19:45:01.828	Elpheba-20161030 AUDUSD,M5: open #158799558 sell 0.13 USDCAD at 1.35267 tp: 1.35096 ok
0	19:45:01.830	Elpheba-20161030 AUDUSD,M5: USDJPY : Stoch - 4.7619RSI Swap = 0
0	19:45:01.831	Elpheba-20161030 AUDUSD,M5: GBPCAD : Stoch - 9.854RSI Swap = 0
0	19:45:01.833	Elpheba-20161030 AUDUSD,M5: AUDCAD : Stoch - 9.8765RSI Swap = 0
0	19:45:01.834	Elpheba-20161030 AUDUSD,M5: USDCHF : Stoch - 38.4615RSI Swap = 0
0	19:45:01.837	Elpheba-20161030 AUDUSD,M5: GBPAUD : Stoch - 25RSI Swap = 0
0	19:45:01.838	Elpheba-20161030 AUDUSD,M5: XAUUSD : Stoch - 28.5714RSI Swap = 0
0	19:50:03.884	Elpheba-20161030 AUDUSD,M5: Check for Openings
0	19:50:03.885	Elpheba-20161030 AUDUSD,M5: EURUSD : Stoch - 86.9565RSI Swap = 0
0	19:50:03.886	Elpheba-20161030 AUDUSD,M5: EURGBP : Stoch - 100RSI Swap = 0
0	19:50:03.887	Elpheba-20161030 AUDUSD,M5: GBPUSD : Stoch - 6.7194RSI Swap = 0
0	19:50:03.887	Elpheba-20161030 AUDUSD,M5: AUDUSD : Stoch - 23.6559RSI Swap = 0
0	19:50:03.892	Elpheba-20161030 AUDUSD,M5: EURJPY : Stoch - 47.0199RSI Swap = 0
0	19:50:03.892	Elpheba-20161030 AUDUSD,M5: AUDJPY : Stoch - 1.2739RSI Swap = 0
0	19:50:03.893	Elpheba-20161030 AUDUSD,M5: EURAUD : Stoch - 100RSI Swap = 0
0	19:50:03.894	Elpheba-20161030 AUDUSD,M5: USDCAD : Stoch - 85.7143RSI Swap = 1
2	19:50:04.217	Elpheba-20161030 AUDUSD,M5: open #158799784 sell 0.13 USDCAD at 1.35264 tp: 1.35093 ok
0	19:50:04.217	Elpheba-20161030 AUDUSD,M5: USDJPY : Stoch - 7.5949RSI Swap = 0
0	19:50:04.219	Elpheba-20161030 AUDUSD,M5: GBPCAD : Stoch - 10.303RSI Swap = 0
0	19:50:04.220	Elpheba-20161030 AUDUSD,M5: AUDCAD : Stoch - 2.5974RSI Swap = 0
0	19:50:04.221	Elpheba-20161030 AUDUSD,M5: USDCHF : Stoch - 56.8627RSI Swap = 0
0	19:50:04.223	Elpheba-20161030 AUDUSD,M5: GBPAUD : Stoch - 25.2336RSI Swap = 0
0	19:50:04.226	Elpheba-20161030 AUDUSD,M5: XAUUSD : Stoch - 33.3333RSI Swap = 0
0	19:55:09.049	Elpheba-20161030 AUDUSD,M5: Insufficient Margin
0	20:00:11.191	Elpheba-20161030 AUDUSD,M5: Insufficient Margin
0	20:07:28.689	Elpheba-20161030 AUDUSD,M5: Insufficient Margin
0	20:10:00.306	Elpheba-20161030 AUDUSD,M5: Insufficient Margin
0	20:15:07.253	Elpheba-20161030 AUDUSD,M5: Insufficient Margin
0	20:20:12.384	Elpheba-20161030 AUDUSD,M5: Insufficient Margin
0	20:25:01.408	Elpheba-20161030 AUDUSD,M5: Insufficient Margin
0	20:30:04.403	Elpheba-20161030 AUDUSD,M5: Insufficient Margin
0	20:35:14.372	Elpheba-20161030 AUDUSD,M5: Insufficient Margin
0	20:40:12.393	Elpheba-20161030 AUDUSD,M5: Insufficient Margin
0	20:45:07.586	Elpheba-20161030 AUDUSD,M5: Insufficient Margin
0	20:50:05.336	Elpheba-20161030 AUDUSD,M5: Insufficient Margin
0	20:55:02.960	Elpheba-20161030 AUDUSD,M5: Insufficient Margin
0	21:00:00.830	Elpheba-20161030 AUDUSD,M5: Insufficient Margin
0	21:05:16.187	Elpheba-20161030 AUDUSD,M5: Insufficient Margin
0	21:10:03.810	Elpheba-20161030 AUDUSD,M5: Insufficient Margin
0	21:15:02.477	Elpheba-20161030 AUDUSD,M5: Insufficient Margin
0	21:20:03.865	Elpheba-20161030 AUDUSD,M5: Insufficient Margin
0	21:25:07.334	Elpheba-20161030 AUDUSD,M5: Insufficient Margin
0	21:30:02.893	Elpheba-20161030 AUDUSD,M5: Insufficient Margin
0	21:35:01.816	Elpheba-20161030 AUDUSD,M5: Insufficient Margin
0	21:40:02.824	Elpheba-20161030 AUDUSD,M5: Insufficient Margin
0	21:45:00.432	Elpheba-20161030 AUDUSD,M5: Insufficient Margin
0	21:50:25.345	Elpheba-20161030 AUDUSD,M5: Insufficient Margin
0	21:55:03.306	Elpheba-20161030 AUDUSD,M5: Insufficient Margin
0	22:00:05.697	Elpheba-20161030 AUDUSD,M5: Insufficient Margin
0	22:06:45.808	Elpheba-20161030 AUDUSD,M5: Insufficient Margin
0	22:10:00.207	Elpheba-20161030 AUDUSD,M5: Insufficient Margin
0	22:15:00.916	Elpheba-20161030 AUDUSD,M5: Insufficient Margin
0	22:20:52.117	Elpheba-20161030 AUDUSD,M5: Insufficient Margin
0	22:25:08.272	Elpheba-20161030 AUDUSD,M5: Insufficient Margin
0	22:30:00.243	Elpheba-20161030 AUDUSD,M5: Insufficient Margin
0	22:35:07.904	Elpheba-20161030 AUDUSD,M5: Insufficient Margin
0	22:40:01.648	Elpheba-20161030 AUDUSD,M5: Insufficient Margin
0	22:45:00.675	Elpheba-20161030 AUDUSD,M5: Insufficient Margin
0	22:50:13.196	Elpheba-20161030 AUDUSD,M5: Insufficient Margin
0	22:55:00.789	Elpheba-20161030 AUDUSD,M5: Insufficient Margin
0	23:00:00.734	Elpheba-20161030 AUDUSD,M5: Insufficient Margin
0	23:05:26.751	Elpheba-20161030 AUDUSD,M5: Insufficient Margin
0	23:10:01.891	Elpheba-20161030 AUDUSD,M5: Insufficient Margin
0	23:15:06.424	Elpheba-20161030 AUDUSD,M5: Insufficient Margin
0	23:20:06.368	Elpheba-20161030 AUDUSD,M5: Insufficient Margin
0	23:25:00.227	Elpheba-20161030 AUDUSD,M5: Insufficient Margin
0	23:30:00.219	Elpheba-20161030 AUDUSD,M5: Insufficient Margin
0	23:35:08.387	Elpheba-20161030 AUDUSD,M5: Insufficient Margin
0	23:40:12.242	Elpheba-20161030 AUDUSD,M5: Insufficient Margin
0	23:45:00.906	Elpheba-20161030 AUDUSD,M5: Insufficient Margin
0	23:50:03.912	Elpheba-20161030 AUDUSD,M5: Insufficient Margin
0	23:55:01.518	Elpheba-20161030 AUDUSD,M5: Insufficient Margin
