0	09:08:48.827	'10010844': login on ICMarkets-Demo01 through Demo DC US (ping: 78.53 ms)
0	09:08:50.631	'10010844': login datacenter on ICMarkets-Demo01 through Demo DC US (ping: 78.53 ms)
0	09:09:13.655	'10010844': ping to current access point Demo DC US is 78.50 ms
0	09:09:34.572	'10010844': previous successful authorization performed from 203.87.121.4
2	17:43:49.109	Expert DumpTicks EURUSD,M1: removed
2	17:43:49.137	Expert Elpheba-20161030 EURUSD,H4: removed
0	17:43:49.999	IC Markets MT4 build 1010 stopped
0	07:18:28.416	IC Markets MT4 build 1010 started (International Capital Markets Pty Ltd.)
0	07:18:28.422	Microsoft Windows 7 (x64 based PC), IE 09.00, 1 x Intel Pentium 4  2.40GHz, RAM: 168 / 488 Mb, HDD: 5731 / 20029 Mb, GMT+00:00
0	07:18:28.422	Data Folder: Z:\home\keith\MT4-1
2	07:18:33.666	Expert DumpTicks EURUSD,M1: loaded successfully
2	07:18:33.829	Expert Elpheba-20161030 EURUSD,H4: loaded successfully
0	07:18:35.794	'10010844': login on ICMarkets-Demo01 through Demo DC US (ping: 78.50 ms)
0	07:18:36.664	'10010844': login datacenter on ICMarkets-Demo01 through Demo DC US (ping: 78.50 ms)
0	07:18:37.539	'10010844': previous successful authorization performed from 120.18.185.177
0	07:18:59.428	'10010844': ping to current access point Demo DC US is 78.75 ms
0	08:07:46.059	'10010844': login on ICMarkets-Demo01 through Demo DC US (ping: 78.75 ms)
0	08:07:47.765	'10010844': login datacenter on ICMarkets-Demo01 through Demo DC US (ping: 78.75 ms)
0	08:08:19.758	'10010844': previous successful authorization performed from 138.68.53.131
0	10:00:04.996	'10010844': order sell market 0.01 EURAUD sl: 0.00000 tp: 1.42747
1	15:07:01.410	'10010844': ping failed
0	15:07:01.799	'10010844': login on ICMarkets-Demo01 through Demo DC US (ping: 78.75 ms)
0	15:07:18.381	'10010844': login datacenter on ICMarkets-Demo01 through Demo DC US (ping: 78.75 ms)
0	15:07:18.649	'10010844': previous successful authorization performed from 138.68.53.131
0	15:07:41.423	'10010844': ping to current access point Demo DC US is 78.20 ms
0	17:35:57.394	Notifications: 'order opened #154494035 sell 0.01 EURAUD at 1.43404 tp: 1.42747' sent to 'D07ADD05'
