0	02:06:47.826	'10010844': modify order #155312850 sell 0.01 AUDUSD at 0.73807 sl: 0.00000 tp: 0.73426 -> sl: 0.73661 tp: 0.73308
0	02:08:15.825	'10010844': order #155312850 sell 0.01 AUDUSD at 0.73807 was modified -> sl: 0.73661 tp: 0.73308
0	02:08:16.859	Notifications: 'order #155312850 sell 0.01 AUDUSD at 0.73807 modified: sl: 0.00000 tp: 0.73426 -> sl: 0.73661 tp: 0.73308' sent to 'D07ADD05'
0	02:08:17.885	'10010844': order #155312850 sell 0.01 AUDUSD at 0.73807 closed due stop-loss at price 0.73661
0	02:08:19.047	Notifications: 'order #155312850 sell 0.01 AUDUSD at 0.73807 closed due stop-loss at price 0.73661, profit: 1.98 AUD' sent to 'D07ADD05'
0	02:09:00.911	'10010844': order buy market 0.01 EURGBP sl: 0.00000 tp: 0.86250
0	02:09:04.610	'10010844': order was opened : #155340089 buy 0.01 EURGBP at 0.85945 sl: 0.00000 tp: 0.86250
0	02:09:04.643	'10010844': order buy market 0.01 EURJPY sl: 0.000 tp: 117.339
0	02:09:05.422	Notifications: 'order opened #155340089 buy 0.01 EURGBP at 0.85945 tp: 0.86250' sent to 'D07ADD05'
0	02:09:06.031	'10010844': order was opened : #155340093 buy 0.01 EURJPY at 117.037 sl: 0.000 tp: 117.339
0	02:09:06.979	Notifications: 'order opened #155340093 buy 0.01 EURJPY at 117.037 tp: 117.339' sent to 'D07ADD05'
0	02:36:46.733	'10010844': modify order #155309741 sell 0.01 AUDUSD at 0.73714 sl: 0.00000 tp: 0.73414 -> sl: 0.73572 tp: 0.73220
0	02:36:47.449	'10010844': order #155309741 sell 0.01 AUDUSD at 0.73714 was modified -> sl: 0.73572 tp: 0.73220
0	02:36:48.041	'10010844': modify order #155309741 sell 0.01 AUDUSD at 0.73714 sl: 0.73572 tp: 0.73220 -> sl: 0.73570 tp: 0.73218
0	02:36:48.285	Notifications: 'order #155309741 sell 0.01 AUDUSD at 0.73714 modified: sl: 0.00000 tp: 0.73414 -> sl: 0.73572 tp: 0.73220' sent to 'D07ADD05'
0	02:36:50.029	'10010844': order #155309741 sell 0.01 AUDUSD at 0.73714 was modified -> sl: 0.73570 tp: 0.73218
0	02:36:50.195	Notifications: 'order #155309741 sell 0.01 AUDUSD at 0.73714 modified: sl: 0.73572 tp: 0.73220 -> sl: 0.73570 tp: 0.73218' sent to 'D07ADD05'
0	02:36:50.444	'10010844': modify order #155309741 sell 0.01 AUDUSD at 0.73714 sl: 0.73570 tp: 0.73218 -> sl: 0.73569 tp: 0.73217
0	02:36:51.418	'10010844': order #155309741 sell 0.01 AUDUSD at 0.73714 was modified -> sl: 0.73569 tp: 0.73217
0	02:36:52.664	Notifications: 'order #155309741 sell 0.01 AUDUSD at 0.73714 modified: sl: 0.73570 tp: 0.73218 -> sl: 0.73569 tp: 0.73217' sent to 'D07ADD05'
0	02:36:52.801	'10010844': modify order #155309741 sell 0.01 AUDUSD at 0.73714 sl: 0.73569 tp: 0.73217 -> sl: 0.73568 tp: 0.73216
0	02:36:58.340	'10010844': order #155309741 sell 0.01 AUDUSD at 0.73714 was modified -> sl: 0.73568 tp: 0.73216
0	02:36:58.942	Notifications: 'order #155309741 sell 0.01 AUDUSD at 0.73714 modified: sl: 0.73569 tp: 0.73217 -> sl: 0.73568 tp: 0.73216' sent to 'D07ADD05'
0	02:37:11.469	'10010844': modify order #155309741 sell 0.01 AUDUSD at 0.73714 sl: 0.73568 tp: 0.73216 -> sl: 0.73567 tp: 0.73214
0	02:37:12.577	'10010844': order #155309741 sell 0.01 AUDUSD at 0.73714 was modified -> sl: 0.73567 tp: 0.73214
0	02:37:13.375	Notifications: 'order #155309741 sell 0.01 AUDUSD at 0.73714 modified: sl: 0.73568 tp: 0.73216 -> sl: 0.73567 tp: 0.73214' sent to 'D07ADD05'
0	02:37:15.681	'10010844': modify order #155309741 sell 0.01 AUDUSD at 0.73714 sl: 0.73567 tp: 0.73214 -> sl: 0.73566 tp: 0.73212
0	02:37:24.047	'10010844': order #155309741 sell 0.01 AUDUSD at 0.73714 was modified -> sl: 0.73566 tp: 0.73212
0	02:37:24.818	Notifications: 'order #155309741 sell 0.01 AUDUSD at 0.73714 modified: sl: 0.73567 tp: 0.73214 -> sl: 0.73566 tp: 0.73212' sent to 'D07ADD05'
0	02:37:53.131	'10010844': modify order #155309741 sell 0.01 AUDUSD at 0.73714 sl: 0.73566 tp: 0.73212 -> sl: 0.73562 tp: 0.73210
1	02:41:14.136	'10010844': modification of order #155309741 sell 0.01 AUDUSD at 0.73714 sl: 0.73566 tp: 0.73212 -> sl: 0.73562 tp: 0.73210 failed [Trade timeout]
0	02:41:35.161	'10010844': modify order #155309741 sell 0.01 AUDUSD at 0.73714 sl: 0.73566 tp: 0.73212 -> sl: 0.73561 tp: 0.73208
0	02:41:37.025	'10010844': order #155309741 sell 0.01 AUDUSD at 0.73714 was modified -> sl: 0.73561 tp: 0.73208
0	02:41:37.025	'10010844': modify order #155309741 sell 0.01 AUDUSD at 0.73714 sl: 0.73561 tp: 0.73208 -> sl: 0.73559 tp: 0.73206
0	02:41:37.711	Notifications: 'order #155309741 sell 0.01 AUDUSD at 0.73714 modified: sl: 0.73566 tp: 0.73212 -> sl: 0.73561 tp: 0.73208' sent to 'D07ADD05'
0	02:41:38.554	'10010844': order #155309741 sell 0.01 AUDUSD at 0.73714 was modified -> sl: 0.73559 tp: 0.73206
0	02:41:38.554	'10010844': modify order #155309741 sell 0.01 AUDUSD at 0.73714 sl: 0.73559 tp: 0.73206 -> sl: 0.73553 tp: 0.73201
0	02:41:39.523	Notifications: 'order #155309741 sell 0.01 AUDUSD at 0.73714 modified: sl: 0.73561 tp: 0.73208 -> sl: 0.73559 tp: 0.73206' sent to 'D07ADD05'
0	02:41:41.210	'10010844': order #155309741 sell 0.01 AUDUSD at 0.73714 was modified -> sl: 0.73553 tp: 0.73201
0	02:41:41.988	Notifications: 'order #155309741 sell 0.01 AUDUSD at 0.73714 modified: sl: 0.73559 tp: 0.73206 -> sl: 0.73553 tp: 0.73201' sent to 'D07ADD05'
0	02:42:29.873	'10010844': modify order #155309741 sell 0.01 AUDUSD at 0.73714 sl: 0.73553 tp: 0.73201 -> sl: 0.73550 tp: 0.73197
0	02:42:30.528	'10010844': order #155309741 sell 0.01 AUDUSD at 0.73714 was modified -> sl: 0.73550 tp: 0.73197
0	02:42:31.057	'10010844': modify order #155309741 sell 0.01 AUDUSD at 0.73714 sl: 0.73550 tp: 0.73197 -> sl: 0.73546 tp: 0.73194
0	02:42:31.564	Notifications: 'order #155309741 sell 0.01 AUDUSD at 0.73714 modified: sl: 0.73553 tp: 0.73201 -> sl: 0.73550 tp: 0.73197' sent to 'D07ADD05'
0	02:42:34.730	'10010844': order #155309741 sell 0.01 AUDUSD at 0.73714 was modified -> sl: 0.73546 tp: 0.73194
0	02:42:35.619	Notifications: 'order #155309741 sell 0.01 AUDUSD at 0.73714 modified: sl: 0.73550 tp: 0.73197 -> sl: 0.73546 tp: 0.73194' sent to 'D07ADD05'
0	02:42:38.872	'10010844': modify order #155309741 sell 0.01 AUDUSD at 0.73714 sl: 0.73546 tp: 0.73194 -> sl: 0.73537 tp: 0.73184
0	02:46:04.642	'10010844': order #155309741 sell 0.01 AUDUSD at 0.73714 closed due stop-loss at price 0.73546
0	02:46:05.808	Notifications: 'order #155309741 sell 0.01 AUDUSD at 0.73714 closed due stop-loss at price 0.73546, profit: 2.28 AUD' sent to 'D07ADD05'
0	03:24:29.486	'10010844': modify order #155340089 buy 0.01 EURGBP at 0.85945 sl: 0.00000 tp: 0.86250 -> sl: 0.85897 tp: 0.86004
0	03:24:29.919	'10010844': order #155340089 buy 0.01 EURGBP at 0.85945 closed due stop-loss at price 0.85897
0	03:24:30.025	'10010844': order #155340089 buy 0.01 EURGBP at 0.85945 was modified -> sl: 0.85897 tp: 0.86004
0	03:24:30.268	'10010844': modify order #155340093 buy 0.01 EURJPY at 117.037 sl: 0.000 tp: 117.339 -> sl: 117.187 tp: 117.291
1	03:24:30.667	'10010844': modification of order #155340093 buy 0.01 EURJPY at 117.037 sl: 0.000 tp: 117.339 -> sl: 117.187 tp: 117.291 failed [Invalid S/L or T/P]
0	03:24:30.966	Notifications: 'Close up reached @ 235.05' sent to 'D07ADD05'
0	03:24:31.868	'10010844': modify order #155340093 buy 0.01 EURJPY at 117.037 sl: 0.000 tp: 117.339 -> sl: 117.192 tp: 117.298
0	03:24:31.954	Notifications: 'order #155340089 buy 0.01 EURGBP at 0.85945 modified: sl: 0.00000 tp: 0.86250 -> sl: 0.85897 tp: 0.86004' sent to 'D07ADD05'
0	03:24:33.007	Notifications: 'order #155340089 buy 0.01 EURGBP at 0.85945 closed due stop-loss at price 0.85897, profit: -0.80 AUD' sent to 'D07ADD05'
1	03:24:33.401	'10010844': modification of order #155340093 buy 0.01 EURJPY at 117.037 sl: 0.000 tp: 117.339 -> sl: 117.192 tp: 117.298 failed [Invalid S/L or T/P]
0	03:24:35.474	'10010844': modify order #155340093 buy 0.01 EURJPY at 117.037 sl: 0.000 tp: 117.339 -> sl: 117.193 tp: 117.298
0	03:24:37.013	Notifications: 'order #155340093 buy 0.01 EURJPY at 117.037 modified: sl: 0.000 tp: 117.339 -> sl: 117.193 tp: 117.298' sent to 'D07ADD05'
0	03:24:38.234	'10010844': order #155340093 buy 0.01 EURJPY at 117.037 was modified -> sl: 117.193 tp: 117.298
0	03:24:39.075	'10010844': modify order #155340093 buy 0.01 EURJPY at 117.037 sl: 117.193 tp: 117.298 -> sl: 117.201 tp: 117.306
0	03:24:39.620	'10010844': order #155340093 buy 0.01 EURJPY at 117.037 was modified -> sl: 117.201 tp: 117.306
0	03:24:39.917	'10010844': order #155340093 buy 0.01 EURJPY at 117.037 closed due stop-loss at price 117.201
0	03:24:40.494	Notifications: 'order #155340093 buy 0.01 EURJPY at 117.037 modified: sl: 117.193 tp: 117.298 -> sl: 117.201 tp: 117.306' sent to 'D07ADD05'
0	03:24:41.584	Notifications: 'order #155340093 buy 0.01 EURJPY at 117.037 closed due stop-loss at price 117.201, profit: 2.02 AUD' sent to 'D07ADD05'
0	03:24:42.680	Notifications: 'Close up completed @ 235.25' sent to 'D07ADD05'
0	03:31:00.417	'10010844': order sell market 0.01 XAUUSD sl: 0.00 tp: 1204.38
0	03:31:01.984	'10010844': order was opened : #155349095 sell 0.01 XAUUSD at 1207.42 sl: 0.00 tp: 1204.38
0	03:31:02.933	Notifications: 'order opened #155349095 sell 0.01 XAUUSD at 1207.42 tp: 1204.38' sent to 'D07ADD05'
