0	00:00:03.869	'10019548': ping to current access point Demo DC #3 is 233.55 ms
0	09:43:45.551	'10019548': order #158766639 sell 0.13 GBPAUD at 1.71099 closed due take-profit at price 1.70799
0	09:43:50.369	Notifications: 'order #158766639 sell 0.13 GBPAUD at 1.71099 closed due take-profit at price 1.70799, profit: 39.00 AUD' sent to 'D07ADD05'
2	14:44:30.786	Expert DumpTicks EURUSD,M1: removed
2	14:44:30.942	Expert Elpheba-20161030 AUDUSD,M5: removed
0	14:44:33.674	IC Markets MT4 build 1010 stopped
0	14:45:45.647	IC Markets MT4 build 1010 started (International Capital Markets Pty Ltd.)
0	14:45:45.648	Microsoft Windows XP (x64 based PC), IE 09.00, 2 x Intel Pentium 4  2.40GHz, RAM: 682 / 976 Mb, HDD: 108610 / 119815 Mb, GMT+10:00
0	14:45:45.648	Data Folder: Z:\home\keith\MT4-1
2	14:45:50.386	Expert DumpTicks EURUSD,M1: loaded successfully
2	14:45:50.569	Expert Elpheba-20161030 AUDUSD,M5: loaded successfully
0	14:45:52.124	'10019548': login on ICMarkets-Demo01 through Demo DC #3 (ping: 233.55 ms)
0	14:45:54.869	'10019548': login datacenter on ICMarkets-Demo01 through Demo DC #3 (ping: 233.55 ms)
2	14:45:55.441	Expert DumpTicks EURUSD,M1: removed
2	14:45:55.450	Expert Elpheba-20161030 AUDUSD,M5: removed
0	14:45:56.085	'10019548': auto connecting to a better access point Demo DC #2 (ping is 231.25 ms)
0	14:45:56.120	IC Markets MT4 build 1010 stopped
0	14:45:53.319	LiveUpdate: updater - started for portable 'Z:\home\keith\MT4-1'
0	14:45:53.320	LiveUpdate: updater - try to close terminal
0	14:45:57.134	LiveUpdate: updater - files update started
0	14:45:57.279	LiveUpdate: copied from 'C:\users\keith\Application Data\MetaQuotes\WebInstall\mt4clw\metaeditor.exe' to 'Z:\home\keith\MT4-1\metaeditor.exe'
0	14:45:57.291	LiveUpdate: copied from 'C:\users\keith\Application Data\MetaQuotes\WebInstall\mt4clw\terminal.exe' to 'Z:\home\keith\MT4-1\terminal.exe'
0	14:45:57.291	LiveUpdate: updater - files update finished
0	14:45:57.291	LiveUpdate: updater - clean obsolete data
0	14:45:57.294	LiveUpdate: updater - start terminal
0	14:45:57.303	LiveUpdate: updater - finished for portable 'Z:\home\keith\MT4-1'
0	14:45:59.186	LiveUpdate: update Z:\home\keith\MT4-1\MQL4 folder started
0	14:45:59.187	LiveUpdate: Z:\home\keith\MT4-1\MQL4/Experts/MACD Sample.mq4 updated
0	14:45:59.187	LiveUpdate: Z:\home\keith\MT4-1\MQL4/Experts/Moving Average.mq4 updated
0	14:45:59.218	LiveUpdate: Z:\home\keith\MT4-1\MQL4/Include/Arrays/Array.mqh updated
0	14:45:59.219	LiveUpdate: Z:\home\keith\MT4-1\MQL4/Include/Arrays/ArrayChar.mqh updated
0	14:45:59.219	LiveUpdate: Z:\home\keith\MT4-1\MQL4/Include/Arrays/ArrayDouble.mqh updated
0	14:45:59.219	LiveUpdate: Z:\home\keith\MT4-1\MQL4/Include/Arrays/ArrayFloat.mqh updated
0	14:45:59.220	LiveUpdate: Z:\home\keith\MT4-1\MQL4/Include/Arrays/ArrayInt.mqh updated
0	14:45:59.220	LiveUpdate: Z:\home\keith\MT4-1\MQL4/Include/Arrays/ArrayLong.mqh updated
0	14:45:59.220	LiveUpdate: Z:\home\keith\MT4-1\MQL4/Include/Arrays/ArrayObj.mqh updated
0	14:45:59.221	LiveUpdate: Z:\home\keith\MT4-1\MQL4/Include/Arrays/ArrayShort.mqh updated
0	14:45:59.221	LiveUpdate: Z:\home\keith\MT4-1\MQL4/Include/Arrays/ArrayString.mqh updated
0	14:45:59.221	LiveUpdate: Z:\home\keith\MT4-1\MQL4/Include/Arrays/List.mqh updated
0	14:45:59.221	LiveUpdate: Z:\home\keith\MT4-1\MQL4/Include/Arrays/Tree.mqh updated
0	14:45:59.222	LiveUpdate: Z:\home\keith\MT4-1\MQL4/Include/Arrays/TreeNode.mqh updated
0	14:45:59.223	LiveUpdate: Z:\home\keith\MT4-1\MQL4/Include/Canvas/Canvas.mqh updated
0	14:45:59.223	LiveUpdate: Z:\home\keith\MT4-1\MQL4/Include/ChartObjects/ChartObject.mqh updated
0	14:45:59.224	LiveUpdate: Z:\home\keith\MT4-1\MQL4/Include/ChartObjects/ChartObjectPanel.mqh updated
0	14:45:59.224	LiveUpdate: Z:\home\keith\MT4-1\MQL4/Include/ChartObjects/ChartObjectsArrows.mqh updated
0	14:45:59.224	LiveUpdate: Z:\home\keith\MT4-1\MQL4/Include/ChartObjects/ChartObjectsBmpControls.mqh updated
0	14:45:59.224	LiveUpdate: Z:\home\keith\MT4-1\MQL4/Include/ChartObjects/ChartObjectsChannels.mqh updated
0	14:45:59.225	LiveUpdate: Z:\home\keith\MT4-1\MQL4/Include/ChartObjects/ChartObjectsFibo.mqh updated
0	14:45:59.225	LiveUpdate: Z:\home\keith\MT4-1\MQL4/Include/ChartObjects/ChartObjectsGann.mqh updated
0	14:45:59.225	LiveUpdate: Z:\home\keith\MT4-1\MQL4/Include/ChartObjects/ChartObjectsLines.mqh updated
0	14:45:59.225	LiveUpdate: Z:\home\keith\MT4-1\MQL4/Include/ChartObjects/ChartObjectsShapes.mqh updated
0	14:45:59.226	LiveUpdate: Z:\home\keith\MT4-1\MQL4/Include/ChartObjects/ChartObjectsTxtControls.mqh updated
0	14:45:59.231	LiveUpdate: Z:\home\keith\MT4-1\MQL4/Include/Charts/Chart.mqh updated
0	14:45:59.232	LiveUpdate: Z:\home\keith\MT4-1\MQL4/Include/Controls/BmpButton.mqh updated
0	14:45:59.232	LiveUpdate: Z:\home\keith\MT4-1\MQL4/Include/Controls/Button.mqh updated
0	14:45:59.233	LiveUpdate: Z:\home\keith\MT4-1\MQL4/Include/Controls/CheckBox.mqh updated
0	14:45:59.233	LiveUpdate: Z:\home\keith\MT4-1\MQL4/Include/Controls/CheckGroup.mqh updated
0	14:45:59.253	LiveUpdate: Z:\home\keith\MT4-1\MQL4/Include/Controls/ComboBox.mqh updated
0	14:45:59.253	LiveUpdate: Z:\home\keith\MT4-1\MQL4/Include/Controls/DateDropList.mqh updated
0	14:45:59.253	LiveUpdate: Z:\home\keith\MT4-1\MQL4/Include/Controls/DatePicker.mqh updated
0	14:45:59.254	LiveUpdate: Z:\home\keith\MT4-1\MQL4/Include/Controls/Defines.mqh updated
0	14:45:59.254	LiveUpdate: Z:\home\keith\MT4-1\MQL4/Include/Controls/Dialog.mqh updated
0	14:45:59.254	LiveUpdate: Z:\home\keith\MT4-1\MQL4/Include/Controls/Edit.mqh updated
0	14:45:59.255	LiveUpdate: Z:\home\keith\MT4-1\MQL4/Include/Controls/Label.mqh updated
0	14:45:59.255	LiveUpdate: Z:\home\keith\MT4-1\MQL4/Include/Controls/ListView.mqh updated
0	14:45:59.255	LiveUpdate: Z:\home\keith\MT4-1\MQL4/Include/Controls/Panel.mqh updated
0	14:45:59.256	LiveUpdate: Z:\home\keith\MT4-1\MQL4/Include/Controls/Picture.mqh updated
0	14:45:59.256	LiveUpdate: Z:\home\keith\MT4-1\MQL4/Include/Controls/RadioButton.mqh updated
0	14:45:59.256	LiveUpdate: Z:\home\keith\MT4-1\MQL4/Include/Controls/RadioGroup.mqh updated
0	14:45:59.257	LiveUpdate: Z:\home\keith\MT4-1\MQL4/Include/Controls/Rect.mqh updated
0	14:45:59.263	LiveUpdate: Z:\home\keith\MT4-1\MQL4/Include/Controls/res/CheckBoxOff.bmp updated
0	14:45:59.263	LiveUpdate: Z:\home\keith\MT4-1\MQL4/Include/Controls/res/CheckBoxOn.bmp updated
0	14:45:59.263	LiveUpdate: Z:\home\keith\MT4-1\MQL4/Include/Controls/res/Close.bmp updated
0	14:45:59.264	LiveUpdate: Z:\home\keith\MT4-1\MQL4/Include/Controls/res/CloseDisable.bmp updated
0	14:45:59.264	LiveUpdate: Z:\home\keith\MT4-1\MQL4/Include/Controls/res/CloseOff.bmp updated
0	14:45:59.264	LiveUpdate: Z:\home\keith\MT4-1\MQL4/Include/Controls/res/CloseOn.bmp updated
0	14:45:59.265	LiveUpdate: Z:\home\keith\MT4-1\MQL4/Include/Controls/res/DateDropOff.bmp updated
0	14:45:59.265	LiveUpdate: Z:\home\keith\MT4-1\MQL4/Include/Controls/res/DateDropOn.bmp updated
0	14:45:59.266	LiveUpdate: Z:\home\keith\MT4-1\MQL4/Include/Controls/res/Down.bmp updated
0	14:45:59.266	LiveUpdate: Z:\home\keith\MT4-1\MQL4/Include/Controls/res/DownDisable.bmp updated
0	14:45:59.266	LiveUpdate: Z:\home\keith\MT4-1\MQL4/Include/Controls/res/DownSmall.bmp updated
0	14:45:59.266	LiveUpdate: Z:\home\keith\MT4-1\MQL4/Include/Controls/res/DownTransp.bmp updated
0	14:45:59.267	LiveUpdate: Z:\home\keith\MT4-1\MQL4/Include/Controls/res/down_smoll.bmp updated
0	14:45:59.267	LiveUpdate: Z:\home\keith\MT4-1\MQL4/Include/Controls/res/DropOff.bmp updated
0	14:45:59.267	LiveUpdate: Z:\home\keith\MT4-1\MQL4/Include/Controls/res/DropOn.bmp updated
0	14:45:59.267	LiveUpdate: Z:\home\keith\MT4-1\MQL4/Include/Controls/res/ExpandDisable.bmp updated
0	14:45:59.268	LiveUpdate: Z:\home\keith\MT4-1\MQL4/Include/Controls/res/ExpandOff.bmp updated
0	14:45:59.268	LiveUpdate: Z:\home\keith\MT4-1\MQL4/Include/Controls/res/ExpandOn.bmp updated
0	14:45:59.268	LiveUpdate: Z:\home\keith\MT4-1\MQL4/Include/Controls/res/HelpDisable.bmp updated
0	14:45:59.268	LiveUpdate: Z:\home\keith\MT4-1\MQL4/Include/Controls/res/HelpOff.bmp updated
0	14:45:59.269	LiveUpdate: Z:\home\keith\MT4-1\MQL4/Include/Controls/res/HelpOn.bmp updated
0	14:45:59.269	LiveUpdate: Z:\home\keith\MT4-1\MQL4/Include/Controls/res/Left.bmp updated
0	14:45:59.269	LiveUpdate: Z:\home\keith\MT4-1\MQL4/Include/Controls/res/LeftDisable.bmp updated
0	14:45:59.270	LiveUpdate: Z:\home\keith\MT4-1\MQL4/Include/Controls/res/LeftTransp.bmp updated
0	14:45:59.270	LiveUpdate: Z:\home\keith\MT4-1\MQL4/Include/Controls/res/RadioButtonOff.bmp updated
0	14:45:59.270	LiveUpdate: Z:\home\keith\MT4-1\MQL4/Include/Controls/res/RadioButtonOn.bmp updated
0	14:45:59.270	LiveUpdate: Z:\home\keith\MT4-1\MQL4/Include/Controls/res/Restore.bmp updated
0	14:45:59.271	LiveUpdate: Z:\home\keith\MT4-1\MQL4/Include/Controls/res/RestoreDisable.bmp updated
0	14:45:59.271	LiveUpdate: Z:\home\keith\MT4-1\MQL4/Include/Controls/res/RestoreOff.bmp updated
0	14:45:59.271	LiveUpdate: Z:\home\keith\MT4-1\MQL4/Include/Controls/res/RestoreOn.bmp updated
0	14:45:59.271	LiveUpdate: Z:\home\keith\MT4-1\MQL4/Include/Controls/res/Right.bmp updated
0	14:45:59.272	LiveUpdate: Z:\home\keith\MT4-1\MQL4/Include/Controls/res/RightDisable.bmp updated
0	14:45:59.272	LiveUpdate: Z:\home\keith\MT4-1\MQL4/Include/Controls/res/RightTransp.bmp updated
0	14:45:59.272	LiveUpdate: Z:\home\keith\MT4-1\MQL4/Include/Controls/res/SpinDec.bmp updated
0	14:45:59.272	LiveUpdate: Z:\home\keith\MT4-1\MQL4/Include/Controls/res/SpinInc.bmp updated
0	14:45:59.273	LiveUpdate: Z:\home\keith\MT4-1\MQL4/Include/Controls/res/ThumbHor.bmp updated
0	14:45:59.273	LiveUpdate: Z:\home\keith\MT4-1\MQL4/Include/Controls/res/ThumbHorDisable.bmp updated
0	14:45:59.273	LiveUpdate: Z:\home\keith\MT4-1\MQL4/Include/Controls/res/ThumbVert.bmp updated
0	14:45:59.273	LiveUpdate: Z:\home\keith\MT4-1\MQL4/Include/Controls/res/ThumbVertDisable.bmp updated
0	14:45:59.274	LiveUpdate: Z:\home\keith\MT4-1\MQL4/Include/Controls/res/Turn.bmp updated
0	14:45:59.274	LiveUpdate: Z:\home\keith\MT4-1\MQL4/Include/Controls/res/TurnOff.bmp updated
0	14:45:59.274	LiveUpdate: Z:\home\keith\MT4-1\MQL4/Include/Controls/res/TurnOn.bmp updated
0	14:45:59.275	LiveUpdate: Z:\home\keith\MT4-1\MQL4/Include/Controls/res/Up.bmp updated
0	14:45:59.275	LiveUpdate: Z:\home\keith\MT4-1\MQL4/Include/Controls/res/UpDisable.bmp updated
0	14:45:59.275	LiveUpdate: Z:\home\keith\MT4-1\MQL4/Include/Controls/res/UpSmall.bmp updated
0	14:45:59.275	LiveUpdate: Z:\home\keith\MT4-1\MQL4/Include/Controls/res/UpTransp.bmp updated
0	14:45:59.276	LiveUpdate: Z:\home\keith\MT4-1\MQL4/Include/Controls/res/up_smoll.bmp updated
0	14:45:59.276	LiveUpdate: Z:\home\keith\MT4-1\MQL4/Include/Controls/Scrolls.mqh updated
0	14:45:59.276	LiveUpdate: Z:\home\keith\MT4-1\MQL4/Include/Controls/SpinEdit.mqh updated
0	14:45:59.277	LiveUpdate: Z:\home\keith\MT4-1\MQL4/Include/Controls/TimePicker.mqh updated
0	14:45:59.277	LiveUpdate: Z:\home\keith\MT4-1\MQL4/Include/Controls/Wnd.mqh updated
0	14:45:59.278	LiveUpdate: Z:\home\keith\MT4-1\MQL4/Include/Controls/WndClient.mqh updated
0	14:45:59.278	LiveUpdate: Z:\home\keith\MT4-1\MQL4/Include/Controls/WndContainer.mqh updated
0	14:45:59.278	LiveUpdate: Z:\home\keith\MT4-1\MQL4/Include/Controls/WndObj.mqh updated
0	14:45:59.428	LiveUpdate: Z:\home\keith\MT4-1\MQL4/Include/Files/File.mqh updated
0	14:45:59.428	LiveUpdate: Z:\home\keith\MT4-1\MQL4/Include/Files/FileBin.mqh updated
0	14:45:59.428	LiveUpdate: Z:\home\keith\MT4-1\MQL4/Include/Files/FilePipe.mqh updated
0	14:45:59.429	LiveUpdate: Z:\home\keith\MT4-1\MQL4/Include/Files/FileTxt.mqh updated
0	14:45:59.485	LiveUpdate: Z:\home\keith\MT4-1\MQL4/Include/Indicators/BillWilliams.mqh updated
0	14:45:59.486	LiveUpdate: Z:\home\keith\MT4-1\MQL4/Include/Indicators/Custom.mqh updated
0	14:45:59.486	LiveUpdate: Z:\home\keith\MT4-1\MQL4/Include/Indicators/Indicator.mqh updated
0	14:45:59.486	LiveUpdate: Z:\home\keith\MT4-1\MQL4/Include/Indicators/Indicators.mqh updated
0	14:45:59.487	LiveUpdate: Z:\home\keith\MT4-1\MQL4/Include/Indicators/Oscilators.mqh updated
0	14:45:59.487	LiveUpdate: Z:\home\keith\MT4-1\MQL4/Include/Indicators/Series.mqh updated
0	14:45:59.488	LiveUpdate: Z:\home\keith\MT4-1\MQL4/Include/Indicators/TimeSeries.mqh updated
0	14:45:59.488	LiveUpdate: Z:\home\keith\MT4-1\MQL4/Include/Indicators/Trend.mqh updated
0	14:45:59.488	LiveUpdate: Z:\home\keith\MT4-1\MQL4/Include/Indicators/Volumes.mqh updated
0	14:45:59.489	LiveUpdate: Z:\home\keith\MT4-1\MQL4/Include/MovingAverages.mqh updated
0	14:45:59.489	LiveUpdate: Z:\home\keith\MT4-1\MQL4/Include/Object.mqh updated
0	14:45:59.489	LiveUpdate: Z:\home\keith\MT4-1\MQL4/Include/stderror.mqh updated
0	14:45:59.489	LiveUpdate: Z:\home\keith\MT4-1\MQL4/Include/stdlib.mqh updated
0	14:45:59.490	LiveUpdate: Z:\home\keith\MT4-1\MQL4/Include/StdLibErr.mqh updated
0	14:45:59.517	LiveUpdate: Z:\home\keith\MT4-1\MQL4/Include/Strings/String.mqh updated
0	14:45:59.518	LiveUpdate: Z:\home\keith\MT4-1\MQL4/Include/Tools/DateTime.mqh updated
0	14:45:59.518	LiveUpdate: Z:\home\keith\MT4-1\MQL4/Include/WinUser32.mqh updated
0	14:45:59.519	LiveUpdate: Z:\home\keith\MT4-1\MQL4/Indicators/Accelerator.mq4 updated
0	14:45:59.519	LiveUpdate: Z:\home\keith\MT4-1\MQL4/Indicators/Accumulation.mq4 updated
0	14:45:59.519	LiveUpdate: Z:\home\keith\MT4-1\MQL4/Indicators/Alligator.mq4 updated
0	14:45:59.520	LiveUpdate: Z:\home\keith\MT4-1\MQL4/Indicators/ATR.mq4 updated
0	14:45:59.520	LiveUpdate: Z:\home\keith\MT4-1\MQL4/Indicators/Awesome.mq4 updated
0	14:45:59.520	LiveUpdate: Z:\home\keith\MT4-1\MQL4/Indicators/Bands.mq4 updated
0	14:45:59.521	LiveUpdate: Z:\home\keith\MT4-1\MQL4/Indicators/Bears.mq4 updated
0	14:45:59.521	LiveUpdate: Z:\home\keith\MT4-1\MQL4/Indicators/Bulls.mq4 updated
0	14:45:59.521	LiveUpdate: Z:\home\keith\MT4-1\MQL4/Indicators/CCI.mq4 updated
0	14:45:59.522	LiveUpdate: Z:\home\keith\MT4-1\MQL4/Indicators/Custom Moving Averages.mq4 updated
0	14:45:59.522	LiveUpdate: Z:\home\keith\MT4-1\MQL4/Indicators/Examples/SimplePanel/PanelDialog.mqh updated
0	14:45:59.523	LiveUpdate: Z:\home\keith\MT4-1\MQL4/Indicators/Examples/SimplePanel/SimplePanel.mq4 updated
0	14:45:59.523	LiveUpdate: Z:\home\keith\MT4-1\MQL4/Indicators/Heiken Ashi.mq4 updated
0	14:45:59.523	LiveUpdate: Z:\home\keith\MT4-1\MQL4/Indicators/Ichimoku.mq4 updated
0	14:45:59.524	LiveUpdate: Z:\home\keith\MT4-1\MQL4/Indicators/iExposure.mq4 updated
0	14:45:59.524	LiveUpdate: Z:\home\keith\MT4-1\MQL4/Indicators/MACD.mq4 updated
0	14:45:59.524	LiveUpdate: Z:\home\keith\MT4-1\MQL4/Indicators/Momentum.mq4 updated
0	14:45:59.524	LiveUpdate: Z:\home\keith\MT4-1\MQL4/Indicators/OsMA.mq4 updated
0	14:45:59.525	LiveUpdate: Z:\home\keith\MT4-1\MQL4/Indicators/Parabolic.mq4 updated
0	14:45:59.525	LiveUpdate: Z:\home\keith\MT4-1\MQL4/Indicators/RSI.mq4 updated
0	14:45:59.526	LiveUpdate: Z:\home\keith\MT4-1\MQL4/Indicators/Stochastic.mq4 updated
0	14:45:59.526	LiveUpdate: Z:\home\keith\MT4-1\MQL4/Indicators/ZigZag.mq4 updated
0	14:45:59.526	LiveUpdate: Z:\home\keith\MT4-1\MQL4/Libraries/stdlib.mq4 updated
0	14:45:59.527	LiveUpdate: Z:\home\keith\MT4-1\MQL4/Scripts/Examples/DLL/DLLSample.cpp updated
0	14:45:59.527	LiveUpdate: Z:\home\keith\MT4-1\MQL4/Scripts/Examples/DLL/DLLSample.def updated
0	14:45:59.527	LiveUpdate: Z:\home\keith\MT4-1\MQL4/Scripts/Examples/DLL/DLLSample.vcxproj updated
0	14:45:59.528	LiveUpdate: Z:\home\keith\MT4-1\MQL4/Scripts/Examples/DLL/DLLSampleTester.mq4 updated
0	14:45:59.529	LiveUpdate: Z:\home\keith\MT4-1\MQL4/Scripts/Examples/DLL/Libraries/DLLSample.dll updated
0	14:45:59.529	LiveUpdate: Z:\home\keith\MT4-1\MQL4/Scripts/Examples/Pipes/PipeClient.mq4 updated
0	14:45:59.530	LiveUpdate: Z:\home\keith\MT4-1\MQL4/Scripts/Examples/Pipes/PipeClientPure.mq4 updated
0	14:45:59.530	LiveUpdate: Z:\home\keith\MT4-1\MQL4/Scripts/PeriodConverter.mq4 updated
0	14:45:59.530	LiveUpdate: update Z:\home\keith\MT4-1\MQL4 folder finished
0	14:45:59.610	IC Markets MT4 build 1031 started (International Capital Markets Pty Ltd.)
0	14:45:59.612	Microsoft Windows XP (x64 based PC), IE 09.00, 2 x Intel Pentium 4  2.40GHz, RAM: 669 / 976 Mb, HDD: 108610 / 119815 Mb, GMT+10:00
0	14:45:59.612	Data Folder: Z:\home\keith\MT4-1
0	14:45:59.953	Sources recompilation started
0	14:46:11.023	Sources recompilation finished (28 compiled in 10994 msec)
2	14:46:13.110	Expert DumpTicks EURUSD,M1: loaded successfully
2	14:46:13.170	Expert Elpheba-20161030 AUDUSD,M5: loaded successfully
0	14:46:14.337	'10019548': login on ICMarkets-Demo01 through Demo DC #2 (ping: 231.25 ms)
0	14:46:18.309	'10019548': login datacenter on ICMarkets-Demo01 through Demo DC #2 (ping: 231.25 ms)
0	14:46:18.984	'10019548': previous successful authorization performed from 220.244.203.12
0	14:48:49.555	'10019548': modify order #158768639 buy 0.13 USDCHF at 1.02740 sl: 0.00000 tp: 1.03040 -> sl: 1.02869 tp: 1.02939
0	14:48:54.022	'10019548': order #158768639 buy 0.13 USDCHF at 1.02740 was modified -> sl: 1.02869 tp: 1.02939
0	14:48:57.446	Notifications: 'order #158768639 buy 0.13 USDCHF at 1.02740 modified: sl: 0.00000 tp: 1.03040 -> sl: 1.02869 tp: 1.02939' sent to 'D07ADD05'
0	14:49:44.112	'10019548': modify order #158768639 buy 0.13 USDCHF at 1.02740 sl: 1.02869 tp: 1.02939 -> sl: 1.02872 tp: 1.02940
0	14:49:47.660	'10019548': order #158768639 buy 0.13 USDCHF at 1.02740 was modified -> sl: 1.02872 tp: 1.02940
0	14:49:49.496	Notifications: 'order #158768639 buy 0.13 USDCHF at 1.02740 modified: sl: 1.02869 tp: 1.02939 -> sl: 1.02872 tp: 1.02940' sent to 'D07ADD05'
0	14:50:59.477	'10019548': modify order #158768639 buy 0.13 USDCHF at 1.02740 sl: 1.02872 tp: 1.02940 -> sl: 1.02878 tp: 1.02946
0	14:51:10.469	'10019548': order #158768639 buy 0.13 USDCHF at 1.02740 was modified -> sl: 1.02878 tp: 1.02946
0	14:51:10.469	'10019548': modify order #158768639 buy 0.13 USDCHF at 1.02740 sl: 1.02878 tp: 1.02946 -> sl: 1.02883 tp: 1.02953
0	14:51:12.421	Notifications: 'order #158768639 buy 0.13 USDCHF at 1.02740 modified: sl: 1.02872 tp: 1.02940 -> sl: 1.02878 tp: 1.02946' sent to 'D07ADD05'
0	14:51:24.169	'10019548': order #158768639 buy 0.13 USDCHF at 1.02740 was modified -> sl: 1.02883 tp: 1.02953
0	14:51:24.170	'10019548': modify order #158768639 buy 0.13 USDCHF at 1.02740 sl: 1.02883 tp: 1.02953 -> sl: 1.02884 tp: 1.02956
0	14:51:26.088	Notifications: 'order #158768639 buy 0.13 USDCHF at 1.02740 modified: sl: 1.02878 tp: 1.02946 -> sl: 1.02883 tp: 1.02953' sent to 'D07ADD05'
0	14:51:34.045	'10019548': order #158768639 buy 0.13 USDCHF at 1.02740 was modified -> sl: 1.02884 tp: 1.02956
0	14:51:35.922	Notifications: 'order #158768639 buy 0.13 USDCHF at 1.02740 modified: sl: 1.02883 tp: 1.02953 -> sl: 1.02884 tp: 1.02956' sent to 'D07ADD05'
0	14:52:53.329	'10019548': order #158768639 buy 0.13 USDCHF at 1.02740 closed due stop-loss at price 1.02884
0	14:52:55.211	Notifications: 'order #158768639 buy 0.13 USDCHF at 1.02740 closed due stop-loss at price 1.02884, profit: 25.36 AUD' sent to 'D07ADD05'
0	15:30:04.936	'10019548': order buy market 0.12 USDCAD sl: 0.00000 tp: 1.35550
0	15:30:09.773	'10019548': order was opened : #158788915 buy 0.12 USDCAD at 1.35385 sl: 0.00000 tp: 1.35550
0	15:30:09.776	'10019548': order buy market 0.12 AUDCAD sl: 0.00000 tp: 0.97359
0	15:30:11.131	'10019548': order was opened : #158788923 buy 0.12 AUDCAD at 0.97190 sl: 0.00000 tp: 0.97359
0	15:30:11.639	Notifications: 'order opened #158788915 buy 0.12 USDCAD at 1.35385 tp: 1.35550' sent to 'D07ADD05'
0	15:30:13.453	Notifications: 'order opened #158788923 buy 0.12 AUDCAD at 0.97190 tp: 0.97359' sent to 'D07ADD05'
1	17:00:40.039	'10019548': ping failed
0	17:00:41.235	'10019548': login on ICMarkets-Demo01 through Demo DC #2 (ping: 231.25 ms)
0	17:01:22.093	'10019548': login datacenter on ICMarkets-Demo01 through Demo DC #2 (ping: 231.25 ms)
0	17:01:22.819	'10019548': previous successful authorization performed from 220.244.203.12
0	17:01:41.707	'10019548': auto connecting to a better access point Demo DC #3 (ping is 233.31 ms)
0	17:01:42.459	'10019548': login on ICMarkets-Demo01 through Demo DC #3 (ping: 233.31 ms)
0	17:01:45.463	'10019548': login datacenter on ICMarkets-Demo01 through Demo DC #3 (ping: 233.31 ms)
0	17:01:46.071	'10019548': previous successful authorization performed from 220.244.203.12
0	17:41:56.019	'10019548': modify order #158768634 buy 0.13 AUDCAD at 0.97087 sl: 0.00000 tp: 0.97386 -> sl: 0.97188 tp: 0.97267
0	17:41:56.400	'10019548': order #158768634 buy 0.13 AUDCAD at 0.97087 was modified -> sl: 0.97188 tp: 0.97267
0	17:41:56.400	'10019548': modify order #158788923 buy 0.12 AUDCAD at 0.97190 sl: 0.00000 tp: 0.97359 -> sl: 0.97186 tp: 0.97267
0	17:41:56.790	'10019548': order #158788923 buy 0.12 AUDCAD at 0.97190 was modified -> sl: 0.97186 tp: 0.97267
0	17:41:56.790	'10019548': modify order #158766632 buy 0.13 EURGBP at 0.85192 sl: 0.00000 tp: 0.85492 -> sl: 0.85067 tp: 0.85135
0	17:41:57.088	'10019548': order #158766632 buy 0.13 EURGBP at 0.85192 was modified -> sl: 0.85067 tp: 0.85135
0	17:41:57.088	'10019548': modify order #158767309 buy 0.13 EURUSD at 1.04494 sl: 0.00000 tp: 1.04794 -> sl: 1.04482 tp: 1.04544
0	17:41:57.481	'10019548': order #158767309 buy 0.13 EURUSD at 1.04494 was modified -> sl: 1.04482 tp: 1.04544
0	17:41:57.482	'10019548': modify order #158767535 buy 0.13 EURUSD at 1.04515 sl: 0.00000 tp: 1.04815 -> sl: 1.04482 tp: 1.04544
0	17:41:57.791	'10019548': order #158767535 buy 0.13 EURUSD at 1.04515 was modified -> sl: 1.04482 tp: 1.04544
0	17:41:57.791	'10019548': modify order #158767466 buy 0.13 GBPAUD at 1.71206 sl: 0.00000 tp: 1.71507 -> sl: 1.70836 tp: 1.70929
0	17:41:57.927	Notifications: 'Close up reached @ 2533.06' sent to 'D07ADD05'
0	17:41:58.088	'10019548': order #158767466 buy 0.13 GBPAUD at 1.71206 was modified -> sl: 1.70836 tp: 1.70929
0	17:41:58.089	'10019548': modify order #158767428 buy 0.13 GBPUSD at 1.22769 sl: 0.00000 tp: 1.23069 -> sl: 1.22786 tp: 1.22860
0	17:41:58.415	'10019548': order #158767428 buy 0.13 GBPUSD at 1.22769 was modified -> sl: 1.22786 tp: 1.22860
0	17:41:58.415	'10019548': modify order #158767938 buy 0.13 USDCAD at 1.35384 sl: 0.00000 tp: 1.35689 -> sl: 1.35233 tp: 1.35309
0	17:41:58.712	'10019548': order #158767938 buy 0.13 USDCAD at 1.35384 was modified -> sl: 1.35233 tp: 1.35309
0	17:41:58.712	'10019548': modify order #158788915 buy 0.12 USDCAD at 1.35385 sl: 0.00000 tp: 1.35550 -> sl: 1.35233 tp: 1.35309
0	17:41:59.828	Notifications: 'order #158768634 buy 0.13 AUDCAD at 0.97087 modified: sl: 0.00000 tp: 0.97386 -> sl: 0.97188 tp: 0.97267' sent to 'D07ADD05'
0	17:42:00.056	'10019548': order #158788915 buy 0.12 USDCAD at 1.35385 was modified -> sl: 1.35233 tp: 1.35309
0	17:42:01.721	Notifications: 'order #158788923 buy 0.12 AUDCAD at 0.97190 modified: sl: 0.00000 tp: 0.97359 -> sl: 0.97186 tp: 0.97267' sent to 'D07ADD05'
0	17:42:03.602	Notifications: 'order #158766632 buy 0.13 EURGBP at 0.85192 modified: sl: 0.00000 tp: 0.85492 -> sl: 0.85067 tp: 0.85135' sent to 'D07ADD05'
0	17:42:05.521	Notifications: 'order #158767309 buy 0.13 EURUSD at 1.04494 modified: sl: 0.00000 tp: 1.04794 -> sl: 1.04482 tp: 1.04544' sent to 'D07ADD05'
0	17:42:06.362	'10019548': modify order #158788923 buy 0.12 AUDCAD at 0.97190 sl: 0.97186 tp: 0.97267 -> sl: 0.97188 tp: 0.97270
0	17:42:06.666	'10019548': order #158788923 buy 0.12 AUDCAD at 0.97190 was modified -> sl: 0.97188 tp: 0.97270
0	17:42:06.666	'10019548': modify order #158767466 buy 0.13 GBPAUD at 1.71206 sl: 1.70836 tp: 1.70929 -> sl: 1.70837 tp: 1.70927
0	17:42:07.245	'10019548': order #158767466 buy 0.13 GBPAUD at 1.71206 was modified -> sl: 1.70837 tp: 1.70927
0	17:42:07.245	'10019548': modify order #158767938 buy 0.13 USDCAD at 1.35384 sl: 1.35233 tp: 1.35309 -> sl: 1.35238 tp: 1.35311
0	17:42:07.389	Notifications: 'order #158767535 buy 0.13 EURUSD at 1.04515 modified: sl: 0.00000 tp: 1.04815 -> sl: 1.04482 tp: 1.04544' sent to 'D07ADD05'
0	17:42:07.541	'10019548': order #158767938 buy 0.13 USDCAD at 1.35384 was modified -> sl: 1.35238 tp: 1.35311
0	17:42:07.541	'10019548': modify order #158788915 buy 0.12 USDCAD at 1.35385 sl: 1.35233 tp: 1.35309 -> sl: 1.35238 tp: 1.35311
0	17:42:07.896	'10019548': order #158788915 buy 0.12 USDCAD at 1.35385 was modified -> sl: 1.35238 tp: 1.35311
0	17:42:09.337	Notifications: 'order #158767466 buy 0.13 GBPAUD at 1.71206 modified: sl: 0.00000 tp: 1.71507 -> sl: 1.70836 tp: 1.70929' sent to 'D07ADD05'
0	17:42:11.282	Notifications: 'order #158767428 buy 0.13 GBPUSD at 1.22769 modified: sl: 0.00000 tp: 1.23069 -> sl: 1.22786 tp: 1.22860' sent to 'D07ADD05'
0	17:42:13.118	Notifications: 'order #158767938 buy 0.13 USDCAD at 1.35384 modified: sl: 0.00000 tp: 1.35689 -> sl: 1.35233 tp: 1.35309' sent to 'D07ADD05'
0	17:42:15.014	Notifications: 'order #158788915 buy 0.12 USDCAD at 1.35385 modified: sl: 0.00000 tp: 1.35550 -> sl: 1.35233 tp: 1.35309' sent to 'D07ADD05'
0	17:42:16.831	Notifications: 'order #158788923 buy 0.12 AUDCAD at 0.97190 modified: sl: 0.97186 tp: 0.97267 -> sl: 0.97188 tp: 0.97270' sent to 'D07ADD05'
0	17:42:18.719	Notifications: 'order #158767466 buy 0.13 GBPAUD at 1.71206 modified: sl: 1.70836 tp: 1.70929 -> sl: 1.70837 tp: 1.70927' sent to 'D07ADD05'
0	17:42:20.580	Notifications: 'order #158767938 buy 0.13 USDCAD at 1.35384 modified: sl: 1.35233 tp: 1.35309 -> sl: 1.35238 tp: 1.35311' sent to 'D07ADD05'
0	17:42:22.367	Notifications: 'order #158788915 buy 0.12 USDCAD at 1.35385 modified: sl: 1.35233 tp: 1.35309 -> sl: 1.35238 tp: 1.35311' sent to 'D07ADD05'
0	17:42:23.109	'10019548': modify order #158768634 buy 0.13 AUDCAD at 0.97087 sl: 0.97188 tp: 0.97267 -> sl: 0.97189 tp: 0.97271
0	17:42:23.935	'10019548': order #158768634 buy 0.13 AUDCAD at 0.97087 was modified -> sl: 0.97189 tp: 0.97271
0	17:42:23.936	'10019548': modify order #158788923 buy 0.12 AUDCAD at 0.97190 sl: 0.97188 tp: 0.97270 -> sl: 0.97189 tp: 0.97271
0	17:42:24.278	'10019548': order #158788923 buy 0.12 AUDCAD at 0.97190 was modified -> sl: 0.97189 tp: 0.97271
0	17:42:25.810	Notifications: 'order #158768634 buy 0.13 AUDCAD at 0.97087 modified: sl: 0.97188 tp: 0.97267 -> sl: 0.97189 tp: 0.97271' sent to 'D07ADD05'
0	17:42:26.667	'10019548': modify order #158767466 buy 0.13 GBPAUD at 1.71206 sl: 1.70837 tp: 1.70927 -> sl: 1.70838 tp: 1.70927
0	17:42:27.059	'10019548': order #158767466 buy 0.13 GBPAUD at 1.71206 was modified -> sl: 1.70838 tp: 1.70927
0	17:42:27.059	'10019548': modify order #158767938 buy 0.13 USDCAD at 1.35384 sl: 1.35238 tp: 1.35311 -> sl: 1.35239 tp: 1.35312
0	17:42:27.402	'10019548': order #158767938 buy 0.13 USDCAD at 1.35384 was modified -> sl: 1.35239 tp: 1.35312
0	17:42:27.402	'10019548': modify order #158788915 buy 0.12 USDCAD at 1.35385 sl: 1.35238 tp: 1.35311 -> sl: 1.35239 tp: 1.35312
0	17:42:27.699	'10019548': order #158788915 buy 0.12 USDCAD at 1.35385 was modified -> sl: 1.35239 tp: 1.35312
0	17:42:27.699	'10019548': modify order #158767938 buy 0.13 USDCAD at 1.35384 sl: 1.35239 tp: 1.35312 -> sl: 1.35240 tp: 1.35313
0	17:42:27.730	Notifications: 'order #158788923 buy 0.12 AUDCAD at 0.97190 modified: sl: 0.97188 tp: 0.97270 -> sl: 0.97189 tp: 0.97271' sent to 'D07ADD05'
0	17:42:28.058	'10019548': order #158767938 buy 0.13 USDCAD at 1.35384 was modified -> sl: 1.35240 tp: 1.35313
0	17:42:29.532	Notifications: 'order #158767466 buy 0.13 GBPAUD at 1.71206 modified: sl: 1.70837 tp: 1.70927 -> sl: 1.70838 tp: 1.70927' sent to 'D07ADD05'
0	17:42:31.361	Notifications: 'order #158767938 buy 0.13 USDCAD at 1.35384 modified: sl: 1.35238 tp: 1.35311 -> sl: 1.35239 tp: 1.35312' sent to 'D07ADD05'
0	17:42:33.264	Notifications: 'order #158788915 buy 0.12 USDCAD at 1.35385 modified: sl: 1.35238 tp: 1.35311 -> sl: 1.35239 tp: 1.35312' sent to 'D07ADD05'
0	17:42:35.082	Notifications: 'order #158767938 buy 0.13 USDCAD at 1.35384 modified: sl: 1.35239 tp: 1.35312 -> sl: 1.35240 tp: 1.35313' sent to 'D07ADD05'
0	17:42:46.391	'10019548': modify order #158767938 buy 0.13 USDCAD at 1.35384 sl: 1.35240 tp: 1.35313 -> sl: 1.35242 tp: 1.35313
0	17:42:46.779	'10019548': order #158767938 buy 0.13 USDCAD at 1.35384 was modified -> sl: 1.35242 tp: 1.35313
0	17:42:46.779	'10019548': modify order #158788915 buy 0.12 USDCAD at 1.35385 sl: 1.35239 tp: 1.35312 -> sl: 1.35241 tp: 1.35314
0	17:42:47.264	'10019548': order #158788915 buy 0.12 USDCAD at 1.35385 was modified -> sl: 1.35241 tp: 1.35314
0	17:42:48.628	Notifications: 'order #158767938 buy 0.13 USDCAD at 1.35384 modified: sl: 1.35240 tp: 1.35313 -> sl: 1.35242 tp: 1.35313' sent to 'D07ADD05'
0	17:42:50.501	Notifications: 'order #158788915 buy 0.12 USDCAD at 1.35385 modified: sl: 1.35239 tp: 1.35312 -> sl: 1.35241 tp: 1.35314' sent to 'D07ADD05'
0	17:42:55.235	'10019548': modify order #158768634 buy 0.13 AUDCAD at 0.97087 sl: 0.97189 tp: 0.97271 -> sl: 0.97192 tp: 0.97273
0	17:42:55.671	'10019548': order #158768634 buy 0.13 AUDCAD at 0.97087 was modified -> sl: 0.97192 tp: 0.97273
0	17:42:55.744	'10019548': modify order #158767938 buy 0.13 USDCAD at 1.35384 sl: 1.35242 tp: 1.35313 -> sl: 1.35243 tp: 1.35316
0	17:42:56.061	'10019548': order #158767938 buy 0.13 USDCAD at 1.35384 was modified -> sl: 1.35243 tp: 1.35316
0	17:42:56.061	'10019548': modify order #158788915 buy 0.12 USDCAD at 1.35385 sl: 1.35241 tp: 1.35314 -> sl: 1.35242 tp: 1.35315
0	17:42:56.404	'10019548': order #158788915 buy 0.12 USDCAD at 1.35385 was modified -> sl: 1.35242 tp: 1.35315
0	17:42:56.405	'10019548': modify order #158788923 buy 0.12 AUDCAD at 0.97190 sl: 0.97189 tp: 0.97271 -> sl: 0.97191 tp: 0.97272
0	17:42:56.719	'10019548': order #158788923 buy 0.12 AUDCAD at 0.97190 was modified -> sl: 0.97191 tp: 0.97272
0	17:42:56.719	'10019548': modify order #158766632 buy 0.13 EURGBP at 0.85192 sl: 0.85067 tp: 0.85135 -> sl: 0.85068 tp: 0.85137
0	17:42:57.069	'10019548': order #158766632 buy 0.13 EURGBP at 0.85192 was modified -> sl: 0.85068 tp: 0.85137
0	17:42:57.518	Notifications: 'order #158768634 buy 0.13 AUDCAD at 0.97087 modified: sl: 0.97189 tp: 0.97271 -> sl: 0.97192 tp: 0.97273' sent to 'D07ADD05'
0	17:42:59.385	Notifications: 'order #158767938 buy 0.13 USDCAD at 1.35384 modified: sl: 1.35242 tp: 1.35313 -> sl: 1.35243 tp: 1.35316' sent to 'D07ADD05'
0	17:43:01.255	Notifications: 'order #158788915 buy 0.12 USDCAD at 1.35385 modified: sl: 1.35241 tp: 1.35314 -> sl: 1.35242 tp: 1.35315' sent to 'D07ADD05'
0	17:43:03.110	Notifications: 'order #158788923 buy 0.12 AUDCAD at 0.97190 modified: sl: 0.97189 tp: 0.97271 -> sl: 0.97191 tp: 0.97272' sent to 'D07ADD05'
0	17:43:04.981	Notifications: 'order #158766632 buy 0.13 EURGBP at 0.85192 modified: sl: 0.85067 tp: 0.85135 -> sl: 0.85068 tp: 0.85137' sent to 'D07ADD05'
0	17:43:37.647	'10019548': modify order #158767309 buy 0.13 EURUSD at 1.04494 sl: 1.04482 tp: 1.04544 -> sl: 1.04484 tp: 1.04545
0	17:43:37.972	'10019548': order #158767309 buy 0.13 EURUSD at 1.04494 was modified -> sl: 1.04484 tp: 1.04545
0	17:43:37.972	'10019548': modify order #158767535 buy 0.13 EURUSD at 1.04515 sl: 1.04482 tp: 1.04544 -> sl: 1.04484 tp: 1.04545
0	17:43:38.268	'10019548': order #158767535 buy 0.13 EURUSD at 1.04515 was modified -> sl: 1.04484 tp: 1.04545
0	17:43:39.828	Notifications: 'order #158767309 buy 0.13 EURUSD at 1.04494 modified: sl: 1.04482 tp: 1.04544 -> sl: 1.04484 tp: 1.04545' sent to 'D07ADD05'
0	17:43:41.659	Notifications: 'order #158767535 buy 0.13 EURUSD at 1.04515 modified: sl: 1.04482 tp: 1.04544 -> sl: 1.04484 tp: 1.04545' sent to 'D07ADD05'
0	17:44:15.543	'10019548': modify order #158767309 buy 0.13 EURUSD at 1.04494 sl: 1.04484 tp: 1.04545 -> sl: 1.04485 tp: 1.04545
0	17:44:15.869	'10019548': order #158767309 buy 0.13 EURUSD at 1.04494 was modified -> sl: 1.04485 tp: 1.04545
0	17:44:15.870	'10019548': modify order #158767535 buy 0.13 EURUSD at 1.04515 sl: 1.04484 tp: 1.04545 -> sl: 1.04485 tp: 1.04545
0	17:44:16.210	'10019548': order #158767535 buy 0.13 EURUSD at 1.04515 was modified -> sl: 1.04485 tp: 1.04545
0	17:44:17.814	Notifications: 'order #158767309 buy 0.13 EURUSD at 1.04494 modified: sl: 1.04484 tp: 1.04545 -> sl: 1.04485 tp: 1.04545' sent to 'D07ADD05'
0	17:44:19.618	Notifications: 'order #158767535 buy 0.13 EURUSD at 1.04515 modified: sl: 1.04484 tp: 1.04545 -> sl: 1.04485 tp: 1.04545' sent to 'D07ADD05'
0	17:44:26.814	'10019548': modify order #158788915 buy 0.12 USDCAD at 1.35385 sl: 1.35242 tp: 1.35315 -> sl: 1.35243 tp: 1.35314
0	17:44:27.179	'10019548': order #158788915 buy 0.12 USDCAD at 1.35385 was modified -> sl: 1.35243 tp: 1.35314
0	17:44:29.967	Notifications: 'order #158788915 buy 0.12 USDCAD at 1.35385 modified: sl: 1.35242 tp: 1.35315 -> sl: 1.35243 tp: 1.35314' sent to 'D07ADD05'
0	17:44:37.955	'10019548': modify order #158767938 buy 0.13 USDCAD at 1.35384 sl: 1.35243 tp: 1.35316 -> sl: 1.35244 tp: 1.35317
0	17:44:38.305	'10019548': order #158767938 buy 0.13 USDCAD at 1.35384 was modified -> sl: 1.35244 tp: 1.35317
0	17:44:38.305	'10019548': modify order #158788915 buy 0.12 USDCAD at 1.35385 sl: 1.35243 tp: 1.35314 -> sl: 1.35244 tp: 1.35317
0	17:44:38.696	'10019548': order #158788915 buy 0.12 USDCAD at 1.35385 was modified -> sl: 1.35244 tp: 1.35317
0	17:44:38.696	'10019548': modify order #158767938 buy 0.13 USDCAD at 1.35384 sl: 1.35244 tp: 1.35317 -> sl: 1.35244 tp: 1.35315
0	17:44:38.992	'10019548': order #158767938 buy 0.13 USDCAD at 1.35384 was modified -> sl: 1.35244 tp: 1.35315
0	17:44:40.215	Notifications: 'order #158767938 buy 0.13 USDCAD at 1.35384 modified: sl: 1.35243 tp: 1.35316 -> sl: 1.35244 tp: 1.35317' sent to 'D07ADD05'
0	17:44:42.116	Notifications: 'order #158788915 buy 0.12 USDCAD at 1.35385 modified: sl: 1.35243 tp: 1.35314 -> sl: 1.35244 tp: 1.35317' sent to 'D07ADD05'
0	17:44:44.019	Notifications: 'order #158767938 buy 0.13 USDCAD at 1.35384 modified: sl: 1.35244 tp: 1.35317 -> sl: 1.35244 tp: 1.35315' sent to 'D07ADD05'
0	17:45:14.690	'10019548': modify order #158767466 buy 0.13 GBPAUD at 1.71206 sl: 1.70838 tp: 1.70927 -> sl: 1.70850 tp: 1.70942
0	17:45:15.042	'10019548': order #158767466 buy 0.13 GBPAUD at 1.71206 was modified -> sl: 1.70850 tp: 1.70942
0	17:45:15.042	'10019548': modify order #158767938 buy 0.13 USDCAD at 1.35384 sl: 1.35244 tp: 1.35315 -> sl: 1.35246 tp: 1.35319
0	17:45:15.417	'10019548': order #158767938 buy 0.13 USDCAD at 1.35384 was modified -> sl: 1.35246 tp: 1.35319
0	17:45:16.916	Notifications: 'order #158767466 buy 0.13 GBPAUD at 1.71206 modified: sl: 1.70838 tp: 1.70927 -> sl: 1.70850 tp: 1.70942' sent to 'D07ADD05'
0	17:45:18.709	Notifications: 'order #158767938 buy 0.13 USDCAD at 1.35384 modified: sl: 1.35244 tp: 1.35315 -> sl: 1.35246 tp: 1.35319' sent to 'D07ADD05'
0	17:45:38.278	'10019548': modify order #158788915 buy 0.12 USDCAD at 1.35385 sl: 1.35244 tp: 1.35317 -> sl: 1.35245 tp: 1.35318
0	17:45:38.591	'10019548': order #158788915 buy 0.12 USDCAD at 1.35385 was modified -> sl: 1.35245 tp: 1.35318
0	17:45:38.591	'10019548': modify order #158767466 buy 0.13 GBPAUD at 1.71206 sl: 1.70850 tp: 1.70942 -> sl: 1.70851 tp: 1.70940
0	17:45:38.890	'10019548': order #158767466 buy 0.13 GBPAUD at 1.71206 was modified -> sl: 1.70851 tp: 1.70940
0	17:45:38.890	'10019548': modify order #158767938 buy 0.13 USDCAD at 1.35384 sl: 1.35246 tp: 1.35319 -> sl: 1.35250 tp: 1.35322
0	17:45:39.232	'10019548': order #158767938 buy 0.13 USDCAD at 1.35384 was modified -> sl: 1.35250 tp: 1.35322
0	17:45:39.232	'10019548': modify order #158788915 buy 0.12 USDCAD at 1.35385 sl: 1.35245 tp: 1.35318 -> sl: 1.35248 tp: 1.35320
0	17:45:39.544	'10019548': order #158788915 buy 0.12 USDCAD at 1.35385 was modified -> sl: 1.35248 tp: 1.35320
0	17:45:40.522	Notifications: 'order #158788915 buy 0.12 USDCAD at 1.35385 modified: sl: 1.35244 tp: 1.35317 -> sl: 1.35245 tp: 1.35318' sent to 'D07ADD05'
0	17:45:42.378	Notifications: 'order #158767466 buy 0.13 GBPAUD at 1.71206 modified: sl: 1.70850 tp: 1.70942 -> sl: 1.70851 tp: 1.70940' sent to 'D07ADD05'
0	17:45:44.191	'10019548': modify order #158788923 buy 0.12 AUDCAD at 0.97190 sl: 0.97191 tp: 0.97272 -> sl: 0.97192 tp: 0.97274
0	17:45:44.437	Notifications: 'order #158767938 buy 0.13 USDCAD at 1.35384 modified: sl: 1.35246 tp: 1.35319 -> sl: 1.35250 tp: 1.35322' sent to 'D07ADD05'
0	17:45:44.547	'10019548': order #158788923 buy 0.12 AUDCAD at 0.97190 was modified -> sl: 0.97192 tp: 0.97274
0	17:45:44.548	'10019548': modify order #158767938 buy 0.13 USDCAD at 1.35384 sl: 1.35250 tp: 1.35322 -> sl: 1.35251 tp: 1.35322
0	17:45:45.170	'10019548': order #158767938 buy 0.13 USDCAD at 1.35384 was modified -> sl: 1.35251 tp: 1.35322
0	17:45:45.170	'10019548': modify order #158788915 buy 0.12 USDCAD at 1.35385 sl: 1.35248 tp: 1.35320 -> sl: 1.35251 tp: 1.35322
0	17:45:45.812	'10019548': order #158788915 buy 0.12 USDCAD at 1.35385 was modified -> sl: 1.35251 tp: 1.35322
0	17:45:46.252	Notifications: 'order #158788915 buy 0.12 USDCAD at 1.35385 modified: sl: 1.35245 tp: 1.35318 -> sl: 1.35248 tp: 1.35320' sent to 'D07ADD05'
0	17:45:46.702	'10019548': modify order #158767938 buy 0.13 USDCAD at 1.35384 sl: 1.35251 tp: 1.35322 -> sl: 1.35253 tp: 1.35326
0	17:45:47.138	'10019548': order #158767938 buy 0.13 USDCAD at 1.35384 was modified -> sl: 1.35253 tp: 1.35326
0	17:45:47.139	'10019548': modify order #158788915 buy 0.12 USDCAD at 1.35385 sl: 1.35251 tp: 1.35322 -> sl: 1.35253 tp: 1.35326
0	17:45:47.436	'10019548': order #158788915 buy 0.12 USDCAD at 1.35385 was modified -> sl: 1.35253 tp: 1.35326
0	17:45:48.144	Notifications: 'order #158788923 buy 0.12 AUDCAD at 0.97190 modified: sl: 0.97191 tp: 0.97272 -> sl: 0.97192 tp: 0.97274' sent to 'D07ADD05'
0	17:45:49.975	Notifications: 'order #158767938 buy 0.13 USDCAD at 1.35384 modified: sl: 1.35250 tp: 1.35322 -> sl: 1.35251 tp: 1.35322' sent to 'D07ADD05'
0	17:45:51.830	Notifications: 'order #158788915 buy 0.12 USDCAD at 1.35385 modified: sl: 1.35248 tp: 1.35320 -> sl: 1.35251 tp: 1.35322' sent to 'D07ADD05'
0	17:45:53.700	Notifications: 'order #158767938 buy 0.13 USDCAD at 1.35384 modified: sl: 1.35251 tp: 1.35322 -> sl: 1.35253 tp: 1.35326' sent to 'D07ADD05'
0	17:45:55.515	Notifications: 'order #158788915 buy 0.12 USDCAD at 1.35385 modified: sl: 1.35251 tp: 1.35322 -> sl: 1.35253 tp: 1.35326' sent to 'D07ADD05'
0	17:46:22.984	'10019548': order #158767309 buy 0.13 EURUSD at 1.04494 closed due stop-loss at price 1.04485
0	17:46:22.985	'10019548': order #158767535 buy 0.13 EURUSD at 1.04515 closed due stop-loss at price 1.04485
0	17:46:23.141	'10019548': order #158767466 buy 0.13 GBPAUD at 1.71206 closed due stop-loss at price 1.70851
0	17:46:23.344	'10019548': order #158767428 buy 0.13 GBPUSD at 1.22769 closed due stop-loss at price 1.22786
0	17:46:24.983	Notifications: 'order #158767309 buy 0.13 EURUSD at 1.04494 closed due stop-loss at price 1.04485, profit: -1.63 AUD' sent to 'D07ADD05'
0	17:46:26.853	Notifications: 'order #158767535 buy 0.13 EURUSD at 1.04515 closed due stop-loss at price 1.04485, profit: -5.43 AUD' sent to 'D07ADD05'
0	17:46:28.671	Notifications: 'order #158767466 buy 0.13 GBPAUD at 1.71206 closed due stop-loss at price 1.70851, profit: -46.15 AUD' sent to 'D07ADD05'
0	17:46:28.765	'10019548': modify order #158767938 buy 0.13 USDCAD at 1.35384 sl: 1.35253 tp: 1.35326 -> sl: 1.35256 tp: 1.35324
0	17:46:29.079	'10019548': order #158767938 buy 0.13 USDCAD at 1.35384 was modified -> sl: 1.35256 tp: 1.35324
0	17:46:29.080	'10019548': modify order #158788915 buy 0.12 USDCAD at 1.35385 sl: 1.35253 tp: 1.35326 -> sl: 1.35257 tp: 1.35326
0	17:46:29.376	'10019548': order #158788915 buy 0.12 USDCAD at 1.35385 was modified -> sl: 1.35257 tp: 1.35326
0	17:46:30.557	Notifications: 'order #158767428 buy 0.13 GBPUSD at 1.22769 closed due stop-loss at price 1.22786, profit: 3.08 AUD' sent to 'D07ADD05'
0	17:46:32.374	Notifications: 'order #158767938 buy 0.13 USDCAD at 1.35384 modified: sl: 1.35253 tp: 1.35326 -> sl: 1.35256 tp: 1.35324' sent to 'D07ADD05'
0	17:46:34.170	Notifications: 'order #158788915 buy 0.12 USDCAD at 1.35385 modified: sl: 1.35253 tp: 1.35326 -> sl: 1.35257 tp: 1.35326' sent to 'D07ADD05'
0	17:49:38.161	'10019548': modify order #158768634 buy 0.13 AUDCAD at 0.97087 sl: 0.97192 tp: 0.97273 -> sl: 0.97194 tp: 0.97276
0	17:49:38.503	'10019548': order #158768634 buy 0.13 AUDCAD at 0.97087 was modified -> sl: 0.97194 tp: 0.97276
0	17:49:38.504	'10019548': modify order #158788923 buy 0.12 AUDCAD at 0.97190 sl: 0.97192 tp: 0.97274 -> sl: 0.97195 tp: 0.97276
0	17:49:38.816	'10019548': order #158788923 buy 0.12 AUDCAD at 0.97190 was modified -> sl: 0.97195 tp: 0.97276
0	17:49:38.816	'10019548': modify order #158768634 buy 0.13 AUDCAD at 0.97087 sl: 0.97194 tp: 0.97276 -> sl: 0.97200 tp: 0.97282
0	17:49:38.924	'10019548': order #158767938 buy 0.13 USDCAD at 1.35384 closed due stop-loss at price 1.35256
0	17:49:38.925	'10019548': order #158788915 buy 0.12 USDCAD at 1.35385 closed due stop-loss at price 1.35257
0	17:49:39.175	'10019548': order #158768634 buy 0.13 AUDCAD at 0.97087 was modified -> sl: 0.97200 tp: 0.97282
0	17:49:39.175	'10019548': modify order #158788923 buy 0.12 AUDCAD at 0.97190 sl: 0.97195 tp: 0.97276 -> sl: 0.97196 tp: 0.97279
0	17:49:39.518	'10019548': order #158788923 buy 0.12 AUDCAD at 0.97190 was modified -> sl: 0.97196 tp: 0.97279
0	17:49:40.390	Notifications: 'order #158768634 buy 0.13 AUDCAD at 0.97087 modified: sl: 0.97192 tp: 0.97273 -> sl: 0.97194 tp: 0.97276' sent to 'D07ADD05'
0	17:49:42.269	Notifications: 'order #158788923 buy 0.12 AUDCAD at 0.97190 modified: sl: 0.97192 tp: 0.97274 -> sl: 0.97195 tp: 0.97276' sent to 'D07ADD05'
0	17:49:44.180	Notifications: 'order #158767938 buy 0.13 USDCAD at 1.35384 closed due stop-loss at price 1.35256, profit: -17.12 AUD' sent to 'D07ADD05'
0	17:49:46.013	Notifications: 'order #158788915 buy 0.12 USDCAD at 1.35385 closed due stop-loss at price 1.35257, profit: -15.80 AUD' sent to 'D07ADD05'
0	17:49:47.916	Notifications: 'order #158768634 buy 0.13 AUDCAD at 0.97087 modified: sl: 0.97194 tp: 0.97276 -> sl: 0.97200 tp: 0.97282' sent to 'D07ADD05'
0	17:49:49.733	Notifications: 'order #158788923 buy 0.12 AUDCAD at 0.97190 modified: sl: 0.97195 tp: 0.97276 -> sl: 0.97196 tp: 0.97279' sent to 'D07ADD05'
0	17:49:50.336	'10019548': modify order #158788923 buy 0.12 AUDCAD at 0.97190 sl: 0.97196 tp: 0.97279 -> sl: 0.97198 tp: 0.97279
0	17:49:50.676	'10019548': order #158788923 buy 0.12 AUDCAD at 0.97190 was modified -> sl: 0.97198 tp: 0.97279
0	17:49:52.537	Notifications: 'order #158788923 buy 0.12 AUDCAD at 0.97190 modified: sl: 0.97196 tp: 0.97279 -> sl: 0.97198 tp: 0.97279' sent to 'D07ADD05'
0	17:50:34.374	'10019548': modify order #158788923 buy 0.12 AUDCAD at 0.97190 sl: 0.97198 tp: 0.97279 -> sl: 0.97199 tp: 0.97281
0	17:50:34.680	'10019548': order #158788923 buy 0.12 AUDCAD at 0.97190 was modified -> sl: 0.97199 tp: 0.97281
0	17:50:36.548	Notifications: 'order #158788923 buy 0.12 AUDCAD at 0.97190 modified: sl: 0.97198 tp: 0.97279 -> sl: 0.97199 tp: 0.97281' sent to 'D07ADD05'
0	17:50:38.935	'10019548': modify order #158768634 buy 0.13 AUDCAD at 0.97087 sl: 0.97200 tp: 0.97282 -> sl: 0.97201 tp: 0.97283
0	17:50:39.289	'10019548': order #158768634 buy 0.13 AUDCAD at 0.97087 was modified -> sl: 0.97201 tp: 0.97283
0	17:50:39.290	'10019548': modify order #158788923 buy 0.12 AUDCAD at 0.97190 sl: 0.97199 tp: 0.97281 -> sl: 0.97201 tp: 0.97283
0	17:50:39.587	'10019548': order #158788923 buy 0.12 AUDCAD at 0.97190 was modified -> sl: 0.97201 tp: 0.97283
0	17:50:41.107	Notifications: 'order #158768634 buy 0.13 AUDCAD at 0.97087 modified: sl: 0.97200 tp: 0.97282 -> sl: 0.97201 tp: 0.97283' sent to 'D07ADD05'
0	17:50:42.959	Notifications: 'order #158788923 buy 0.12 AUDCAD at 0.97190 modified: sl: 0.97199 tp: 0.97281 -> sl: 0.97201 tp: 0.97283' sent to 'D07ADD05'
0	17:50:51.719	'10019548': modify order #158768634 buy 0.13 AUDCAD at 0.97087 sl: 0.97201 tp: 0.97283 -> sl: 0.97203 tp: 0.97285
0	17:50:52.088	'10019548': order #158768634 buy 0.13 AUDCAD at 0.97087 was modified -> sl: 0.97203 tp: 0.97285
0	17:50:52.088	'10019548': modify order #158788923 buy 0.12 AUDCAD at 0.97190 sl: 0.97201 tp: 0.97283 -> sl: 0.97203 tp: 0.97285
0	17:50:52.397	'10019548': order #158788923 buy 0.12 AUDCAD at 0.97190 was modified -> sl: 0.97203 tp: 0.97285
0	17:50:53.926	Notifications: 'order #158768634 buy 0.13 AUDCAD at 0.97087 modified: sl: 0.97201 tp: 0.97283 -> sl: 0.97203 tp: 0.97285' sent to 'D07ADD05'
0	17:50:55.848	Notifications: 'order #158788923 buy 0.12 AUDCAD at 0.97190 modified: sl: 0.97201 tp: 0.97283 -> sl: 0.97203 tp: 0.97285' sent to 'D07ADD05'
0	17:51:12.601	'10019548': modify order #158766632 buy 0.13 EURGBP at 0.85192 sl: 0.85068 tp: 0.85137 -> sl: 0.85069 tp: 0.85138
0	17:51:12.939	'10019548': order #158766632 buy 0.13 EURGBP at 0.85192 was modified -> sl: 0.85069 tp: 0.85138
0	17:51:14.761	Notifications: 'order #158766632 buy 0.13 EURGBP at 0.85192 modified: sl: 0.85068 tp: 0.85137 -> sl: 0.85069 tp: 0.85138' sent to 'D07ADD05'
0	17:51:18.727	'10019548': modify order #158768634 buy 0.13 AUDCAD at 0.97087 sl: 0.97203 tp: 0.97285 -> sl: 0.97206 tp: 0.97288
0	17:51:19.028	'10019548': order #158768634 buy 0.13 AUDCAD at 0.97087 was modified -> sl: 0.97206 tp: 0.97288
0	17:51:20.975	Notifications: 'order #158768634 buy 0.13 AUDCAD at 0.97087 modified: sl: 0.97203 tp: 0.97285 -> sl: 0.97206 tp: 0.97288' sent to 'D07ADD05'
0	17:52:25.026	'10019548': modify order #158766632 buy 0.13 EURGBP at 0.85192 sl: 0.85069 tp: 0.85138 -> sl: 0.85070 tp: 0.85140
0	17:52:25.331	'10019548': order #158766632 buy 0.13 EURGBP at 0.85192 was modified -> sl: 0.85070 tp: 0.85140
0	17:52:27.213	Notifications: 'order #158766632 buy 0.13 EURGBP at 0.85192 modified: sl: 0.85069 tp: 0.85138 -> sl: 0.85070 tp: 0.85140' sent to 'D07ADD05'
0	17:53:25.428	'10019548': modify order #158766632 buy 0.13 EURGBP at 0.85192 sl: 0.85070 tp: 0.85140 -> sl: 0.85072 tp: 0.85140
0	17:53:25.790	'10019548': order #158766632 buy 0.13 EURGBP at 0.85192 was modified -> sl: 0.85072 tp: 0.85140
0	17:53:27.595	Notifications: 'order #158766632 buy 0.13 EURGBP at 0.85192 modified: sl: 0.85070 tp: 0.85140 -> sl: 0.85072 tp: 0.85140' sent to 'D07ADD05'
0	17:53:38.883	'10019548': modify order #158766632 buy 0.13 EURGBP at 0.85192 sl: 0.85072 tp: 0.85140 -> sl: 0.85073 tp: 0.85141
0	17:53:39.244	'10019548': order #158766632 buy 0.13 EURGBP at 0.85192 was modified -> sl: 0.85073 tp: 0.85141
0	17:53:41.102	Notifications: 'order #158766632 buy 0.13 EURGBP at 0.85192 modified: sl: 0.85072 tp: 0.85140 -> sl: 0.85073 tp: 0.85141' sent to 'D07ADD05'
0	17:53:42.368	'10019548': order #158768634 buy 0.13 AUDCAD at 0.97087 closed due stop-loss at price 0.97206
0	17:53:43.511	'10019548': order #158788923 buy 0.12 AUDCAD at 0.97190 closed due stop-loss at price 0.97203
0	17:53:44.232	Notifications: 'order #158768634 buy 0.13 AUDCAD at 0.97087 closed due stop-loss at price 0.97206, profit: 15.91 AUD' sent to 'D07ADD05'
0	17:53:46.049	Notifications: 'order #158788923 buy 0.12 AUDCAD at 0.97190 closed due stop-loss at price 0.97203, profit: 1.60 AUD' sent to 'D07ADD05'
0	17:57:30.446	'10019548': modify order #158766632 buy 0.13 EURGBP at 0.85192 sl: 0.85073 tp: 0.85141 -> sl: 0.85074 tp: 0.85140
0	17:57:30.811	'10019548': order #158766632 buy 0.13 EURGBP at 0.85192 was modified -> sl: 0.85074 tp: 0.85140
0	17:57:32.713	Notifications: 'order #158766632 buy 0.13 EURGBP at 0.85192 modified: sl: 0.85073 tp: 0.85141 -> sl: 0.85074 tp: 0.85140' sent to 'D07ADD05'
0	17:57:38.247	'10019548': modify order #158766632 buy 0.13 EURGBP at 0.85192 sl: 0.85074 tp: 0.85140 -> sl: 0.85076 tp: 0.85141
0	17:57:38.593	'10019548': order #158766632 buy 0.13 EURGBP at 0.85192 was modified -> sl: 0.85076 tp: 0.85141
0	17:57:38.594	'10019548': modify order #158766632 buy 0.13 EURGBP at 0.85192 sl: 0.85076 tp: 0.85141 -> sl: 0.85078 tp: 0.85143
0	17:57:38.937	'10019548': order #158766632 buy 0.13 EURGBP at 0.85192 was modified -> sl: 0.85078 tp: 0.85143
0	17:57:40.455	Notifications: 'order #158766632 buy 0.13 EURGBP at 0.85192 modified: sl: 0.85074 tp: 0.85140 -> sl: 0.85076 tp: 0.85141' sent to 'D07ADD05'
0	17:57:42.327	Notifications: 'order #158766632 buy 0.13 EURGBP at 0.85192 modified: sl: 0.85076 tp: 0.85141 -> sl: 0.85078 tp: 0.85143' sent to 'D07ADD05'
0	17:58:59.554	'10019548': modify order #158766632 buy 0.13 EURGBP at 0.85192 sl: 0.85078 tp: 0.85143 -> sl: 0.85078 tp: 0.85148
0	17:58:59.961	'10019548': order #158766632 buy 0.13 EURGBP at 0.85192 was modified -> sl: 0.85078 tp: 0.85148
0	17:59:01.945	Notifications: 'order #158766632 buy 0.13 EURGBP at 0.85192 modified: sl: 0.85078 tp: 0.85143 -> sl: 0.85078 tp: 0.85148' sent to 'D07ADD05'
0	17:59:20.843	'10019548': modify order #158766632 buy 0.13 EURGBP at 0.85192 sl: 0.85078 tp: 0.85148 -> sl: 0.85079 tp: 0.85149
0	17:59:21.213	'10019548': order #158766632 buy 0.13 EURGBP at 0.85192 was modified -> sl: 0.85079 tp: 0.85149
0	17:59:23.168	Notifications: 'order #158766632 buy 0.13 EURGBP at 0.85192 modified: sl: 0.85078 tp: 0.85148 -> sl: 0.85079 tp: 0.85149' sent to 'D07ADD05'
0	18:00:06.404	'10019548': modify order #158766632 buy 0.13 EURGBP at 0.85192 sl: 0.85079 tp: 0.85149 -> sl: 0.85081 tp: 0.85149
0	18:00:06.763	'10019548': order #158766632 buy 0.13 EURGBP at 0.85192 was modified -> sl: 0.85081 tp: 0.85149
0	18:00:08.659	Notifications: 'order #158766632 buy 0.13 EURGBP at 0.85192 modified: sl: 0.85079 tp: 0.85149 -> sl: 0.85081 tp: 0.85149' sent to 'D07ADD05'
0	18:00:30.264	'10019548': modify order #158766632 buy 0.13 EURGBP at 0.85192 sl: 0.85081 tp: 0.85149 -> sl: 0.85087 tp: 0.85156
0	18:00:30.640	'10019548': order #158766632 buy 0.13 EURGBP at 0.85192 was modified -> sl: 0.85087 tp: 0.85156
0	18:00:30.641	'10019548': modify order #158766632 buy 0.13 EURGBP at 0.85192 sl: 0.85087 tp: 0.85156 -> sl: 0.85089 tp: 0.85158
0	18:00:30.999	'10019548': order #158766632 buy 0.13 EURGBP at 0.85192 was modified -> sl: 0.85089 tp: 0.85158
0	18:00:31.000	'10019548': modify order #158766632 buy 0.13 EURGBP at 0.85192 sl: 0.85089 tp: 0.85158 -> sl: 0.85090 tp: 0.85158
0	18:00:31.672	'10019548': order #158766632 buy 0.13 EURGBP at 0.85192 was modified -> sl: 0.85090 tp: 0.85158
0	18:00:32.623	Notifications: 'order #158766632 buy 0.13 EURGBP at 0.85192 modified: sl: 0.85081 tp: 0.85149 -> sl: 0.85087 tp: 0.85156' sent to 'D07ADD05'
0	18:00:34.583	Notifications: 'order #158766632 buy 0.13 EURGBP at 0.85192 modified: sl: 0.85087 tp: 0.85156 -> sl: 0.85089 tp: 0.85158' sent to 'D07ADD05'
0	18:00:36.480	Notifications: 'order #158766632 buy 0.13 EURGBP at 0.85192 modified: sl: 0.85089 tp: 0.85158 -> sl: 0.85090 tp: 0.85158' sent to 'D07ADD05'
0	18:00:48.749	'10019548': modify order #158766632 buy 0.13 EURGBP at 0.85192 sl: 0.85090 tp: 0.85158 -> sl: 0.85094 tp: 0.85163
0	18:00:49.127	'10019548': order #158766632 buy 0.13 EURGBP at 0.85192 was modified -> sl: 0.85094 tp: 0.85163
0	18:00:50.012	'10019548': modify order #158766632 buy 0.13 EURGBP at 0.85192 sl: 0.85094 tp: 0.85163 -> sl: 0.85095 tp: 0.85164
0	18:00:50.361	'10019548': order #158766632 buy 0.13 EURGBP at 0.85192 was modified -> sl: 0.85095 tp: 0.85164
0	18:00:51.147	Notifications: 'order #158766632 buy 0.13 EURGBP at 0.85192 modified: sl: 0.85090 tp: 0.85158 -> sl: 0.85094 tp: 0.85163' sent to 'D07ADD05'
0	18:00:53.039	Notifications: 'order #158766632 buy 0.13 EURGBP at 0.85192 modified: sl: 0.85094 tp: 0.85163 -> sl: 0.85095 tp: 0.85164' sent to 'D07ADD05'
0	18:01:03.007	'10019548': modify order #158766632 buy 0.13 EURGBP at 0.85192 sl: 0.85095 tp: 0.85164 -> sl: 0.85096 tp: 0.85163
0	18:01:03.349	'10019548': order #158766632 buy 0.13 EURGBP at 0.85192 was modified -> sl: 0.85096 tp: 0.85163
0	18:01:05.325	Notifications: 'order #158766632 buy 0.13 EURGBP at 0.85192 modified: sl: 0.85095 tp: 0.85164 -> sl: 0.85096 tp: 0.85163' sent to 'D07ADD05'
0	18:06:08.656	'10019548': order #158766632 buy 0.13 EURGBP at 0.85192 closed due stop-loss at price 0.85096
0	18:06:10.803	Notifications: 'order #158766632 buy 0.13 EURGBP at 0.85192 closed due stop-loss at price 0.85096, profit: -21.32 AUD' sent to 'D07ADD05'
0	18:06:12.774	Notifications: 'Close up completed @ 2524.90' sent to 'D07ADD05'
0	18:10:00.411	'10019548': order sell market 0.13 AUDJPY sl: 0.000 tp: 84.125
0	18:10:00.828	'10019548': order was opened : #158794723 sell 0.13 AUDJPY at 84.300 sl: 0.000 tp: 84.125
0	18:10:00.829	'10019548': order buy market 0.13 USDCAD sl: 0.00000 tp: 1.35439
0	18:10:01.193	'10019548': order was opened : #158794730 buy 0.13 USDCAD at 1.35270 sl: 0.00000 tp: 1.35439
0	18:10:02.965	Notifications: 'order opened #158794723 sell 0.13 AUDJPY at 84.300 tp: 84.125' sent to 'D07ADD05'
0	18:10:04.886	Notifications: 'order opened #158794730 buy 0.13 USDCAD at 1.35270 tp: 1.35439' sent to 'D07ADD05'
0	18:15:00.237	'10019548': order buy market 0.13 EURJPY sl: 0.000 tp: 122.726
0	18:15:00.565	'10019548': order was opened : #158794865 buy 0.13 EURJPY at 122.557 sl: 0.000 tp: 122.726
0	18:15:00.569	'10019548': order sell market 0.13 USDJPY sl: 0.000 tp: 117.171
0	18:15:00.864	'10019548': order was opened : #158794873 sell 0.13 USDJPY at 117.341 sl: 0.000 tp: 117.171
0	18:15:00.866	'10019548': order buy market 0.13 AUDCAD sl: 0.00000 tp: 0.97406
0	18:15:01.205	'10019548': order was opened : #158794882 buy 0.13 AUDCAD at 0.97236 sl: 0.00000 tp: 0.97406
0	18:15:01.206	'10019548': order sell market 0.13 USDCHF sl: 0.00000 tp: 1.02658
0	18:15:01.502	'10019548': order was opened : #158794887 sell 0.13 USDCHF at 1.02829 sl: 0.00000 tp: 1.02658
0	18:15:02.430	Notifications: 'order opened #158794865 buy 0.13 EURJPY at 122.557 tp: 122.726' sent to 'D07ADD05'
0	18:15:04.418	Notifications: 'order opened #158794873 sell 0.13 USDJPY at 117.341 tp: 117.171' sent to 'D07ADD05'
0	18:15:06.285	Notifications: 'order opened #158794882 buy 0.13 AUDCAD at 0.97236 tp: 0.97406' sent to 'D07ADD05'
0	18:15:08.090	Notifications: 'order opened #158794887 sell 0.13 USDCHF at 1.02829 tp: 1.02658' sent to 'D07ADD05'
0	18:20:07.806	'10019548': order buy market 0.13 GBPCAD sl: 0.00000 tp: 1.66363
0	18:20:08.157	'10019548': order was opened : #158795186 buy 0.13 GBPCAD at 1.66193 sl: 0.00000 tp: 1.66363
0	18:20:10.000	Notifications: 'order opened #158795186 buy 0.13 GBPCAD at 1.66193 tp: 1.66363' sent to 'D07ADD05'
0	19:31:53.181	'10019548': modify order #158794873 sell 0.13 USDJPY at 117.341 sl: 0.000 tp: 117.171 -> sl: 117.227 tp: 117.164
0	19:31:53.566	'10019548': order #158794873 sell 0.13 USDJPY at 117.341 was modified -> sl: 117.227 tp: 117.164
0	19:31:55.531	Notifications: 'order #158794873 sell 0.13 USDJPY at 117.341 modified: sl: 0.000 tp: 117.171 -> sl: 117.227 tp: 117.164' sent to 'D07ADD05'
0	19:33:33.584	'10019548': order #158794873 sell 0.13 USDJPY at 117.341 closed due stop-loss at price 117.227
0	19:33:35.396	Notifications: 'order #158794873 sell 0.13 USDJPY at 117.341 closed due stop-loss at price 117.227, profit: 17.58 AUD' sent to 'D07ADD05'
0	19:35:00.530	'10019548': order sell market 0.13 USDCAD sl: 0.00000 tp: 1.35094
0	19:35:01.283	'10019548': order was opened : #158799214 sell 0.13 USDCAD at 1.35264 sl: 0.00000 tp: 1.35094
0	19:35:03.221	Notifications: 'order opened #158799214 sell 0.13 USDCAD at 1.35264 tp: 1.35094' sent to 'D07ADD05'
0	19:45:01.463	'10019548': order sell market 0.13 USDCAD sl: 0.00000 tp: 1.35096
0	19:45:01.828	'10019548': order was opened : #158799558 sell 0.13 USDCAD at 1.35267 sl: 0.00000 tp: 1.35096
0	19:45:03.778	Notifications: 'order opened #158799558 sell 0.13 USDCAD at 1.35267 tp: 1.35096' sent to 'D07ADD05'
0	19:50:03.894	'10019548': order sell market 0.13 USDCAD sl: 0.00000 tp: 1.35093
0	19:50:04.216	'10019548': order was opened : #158799784 sell 0.13 USDCAD at 1.35264 sl: 0.00000 tp: 1.35093
0	19:50:06.054	Notifications: 'order opened #158799784 sell 0.13 USDCAD at 1.35264 tp: 1.35093' sent to 'D07ADD05'
