0	00:01:09.297	IC Markets MT4 build 1010 started (International Capital Markets Pty Ltd.)
0	00:01:09.305	Microsoft Windows 7 (x64 based PC), IE 09.00, 1 x Intel Pentium 4  2.40GHz, RAM: 223 / 488 Mb, HDD: 6352 / 20029 Mb, GMT+00:00
0	00:01:09.305	Data Folder: Z:\home\keith\MT4-1
2	00:01:11.963	Expert DumpTicks EURUSD,M1: loaded successfully
2	00:01:12.045	Expert Elpheba-20161030 EURUSD,M1: loaded successfully
0	00:01:13.390	'10010844': login on ICMarkets-Demo01 through Demo DC #2 (ping: 81.21 ms)
0	00:01:14.311	'10010844': login datacenter on ICMarkets-Demo01 through Demo DC #2 (ping: 81.21 ms)
0	00:01:14.617	'10010844': previous successful authorization performed from 138.68.53.131
0	00:01:27.487	'10010844': auto connecting to a better access point Demo DC #3 (ping is 78.30 ms)
0	00:01:27.907	'10010844': login on ICMarkets-Demo01 through Demo DC #3 (ping: 78.30 ms)
0	00:01:28.784	'10010844': login datacenter on ICMarkets-Demo01 through Demo DC #3 (ping: 78.30 ms)
0	00:01:29.049	'10010844': previous successful authorization performed from 138.68.53.131
1	22:28:40.851	'10010844': connect failed [No connection]
0	22:33:30.962	'10010844': login on ICMarkets-Demo01 through Demo DC (ping: n/a)
0	22:35:38.028	'10010844': login on ICMarkets-Demo01 through Demo DC #2 (ping: n/a)
0	22:35:50.567	'10010844': login datacenter on ICMarkets-Demo01 through Demo DC #2 (ping: n/a)
0	22:35:51.041	'10010844': previous successful authorization performed from 203.221.243.6
0	22:36:03.430	'10010844': auto connecting to a better access point Demo DC (ping is 75.41 ms)
0	22:36:03.801	'10010844': login on ICMarkets-Demo01 through Demo DC (ping: 75.41 ms)
0	22:36:08.528	'10010844': login datacenter on ICMarkets-Demo01 through Demo DC (ping: 75.41 ms)
0	22:36:08.761	'10010844': previous successful authorization performed from 138.68.53.131
