2	06:40:54.345	Expert Elpheba-20161030 EURUSD,M15: removed
2	06:40:54.399	Expert Elpheba-20161030 EURUSD,M15: loaded successfully
0	06:41:41.673	'10010844': one click trading has been enabled
0	06:41:54.753	'10010844': close order #155349095 sell 0.01 XAUUSD at 1207.42 sl: 0.00 tp: 1204.38 at price 0.00
0	06:41:55.027	'10010844': order #155349095 sell 0.01 XAUUSD at 1207.42 sl: 0.00 tp: 1204.38 closed at price 1213.14
0	06:41:57.996	Notifications: 'order #155349095 sell 0.01 XAUUSD at 1207.42 closed at price 1213.14, profit: -7.80 AUD' sent to 'D07ADD05'
2	06:42:07.869	Expert Elpheba-20161030 EURUSD,M1: removed
2	06:42:27.663	Expert Elpheba-20161030 AUDUSD,M1: loaded successfully
0	06:44:02.584	'10010844': order buy market 0.01 GBPAUD sl: 0.00000 tp: 1.68675
0	06:44:02.792	'10010844': order was opened : #155420914 buy 0.01 GBPAUD at 1.68375 sl: 0.00000 tp: 1.68675
0	06:44:03.951	Notifications: 'order opened #155420914 buy 0.01 GBPAUD at 1.68375 tp: 1.68675' sent to 'D07ADD05'
0	13:26:45.664	'10010844': modify order #155420914 buy 0.01 GBPAUD at 1.68375 sl: 0.00000 tp: 1.68675 -> sl: 1.68579 tp: 1.68933
0	13:26:45.919	'10010844': order #155420914 buy 0.01 GBPAUD at 1.68375 was modified -> sl: 1.68579 tp: 1.68933
0	13:26:45.921	'10010844': modify order #155420914 buy 0.01 GBPAUD at 1.68375 sl: 1.68579 tp: 1.68933 -> sl: 1.68580 tp: 1.68937
0	13:26:46.282	'10010844': order #155420914 buy 0.01 GBPAUD at 1.68375 was modified -> sl: 1.68580 tp: 1.68937
0	13:26:46.723	'10010844': modify order #155420914 buy 0.01 GBPAUD at 1.68375 sl: 1.68580 tp: 1.68937 -> sl: 1.68605 tp: 1.68981
0	13:26:47.290	Notifications: 'order #155420914 buy 0.01 GBPAUD at 1.68375 modified: sl: 0.00000 tp: 1.68675 -> sl: 1.68579 tp: 1.68933' sent to 'D07ADD05'
0	13:26:48.280	Notifications: 'order #155420914 buy 0.01 GBPAUD at 1.68375 modified: sl: 1.68579 tp: 1.68933 -> sl: 1.68580 tp: 1.68937' sent to 'D07ADD05'
0	13:26:53.112	'10010844': order #155420914 buy 0.01 GBPAUD at 1.68375 was modified -> sl: 1.68605 tp: 1.68981
0	13:26:53.113	'10010844': modify order #155420914 buy 0.01 GBPAUD at 1.68375 sl: 1.68605 tp: 1.68981 -> sl: 1.68766 tp: 1.69130
0	13:26:53.803	'10010844': order #155420914 buy 0.01 GBPAUD at 1.68375 was modified -> sl: 1.68766 tp: 1.69130
0	13:26:53.804	'10010844': modify order #155420914 buy 0.01 GBPAUD at 1.68375 sl: 1.68766 tp: 1.69130 -> sl: 1.68840 tp: 1.68964
0	13:26:54.317	Notifications: 'order #155420914 buy 0.01 GBPAUD at 1.68375 modified: sl: 1.68580 tp: 1.68937 -> sl: 1.68605 tp: 1.68981' sent to 'D07ADD05'
0	13:26:55.282	'10010844': order #155420914 buy 0.01 GBPAUD at 1.68375 was modified -> sl: 1.68840 tp: 1.68964
0	13:26:55.283	'10010844': modify order #155420914 buy 0.01 GBPAUD at 1.68375 sl: 1.68840 tp: 1.68964 -> sl: 1.68864 tp: 1.68975
0	13:26:55.313	Notifications: 'order #155420914 buy 0.01 GBPAUD at 1.68375 modified: sl: 1.68605 tp: 1.68981 -> sl: 1.68766 tp: 1.69130' sent to 'D07ADD05'
0	13:26:55.957	'10010844': order #155420914 buy 0.01 GBPAUD at 1.68375 was modified -> sl: 1.68864 tp: 1.68975
0	13:26:55.958	'10010844': modify order #155420914 buy 0.01 GBPAUD at 1.68375 sl: 1.68864 tp: 1.68975 -> sl: 1.68888 tp: 1.68993
0	13:26:56.402	Notifications: 'Close up reached @ 233.13' sent to 'D07ADD05'
0	13:26:56.688	'10010844': order #155420914 buy 0.01 GBPAUD at 1.68375 was modified -> sl: 1.68888 tp: 1.68993
0	13:26:56.689	'10010844': modify order #155420914 buy 0.01 GBPAUD at 1.68375 sl: 1.68888 tp: 1.68993 -> sl: 1.68909 tp: 1.69016
0	13:26:57.097	'10010844': order #155420914 buy 0.01 GBPAUD at 1.68375 was modified -> sl: 1.68909 tp: 1.69016
0	13:26:57.442	Notifications: 'order #155420914 buy 0.01 GBPAUD at 1.68375 modified: sl: 1.68766 tp: 1.69130 -> sl: 1.68840 tp: 1.68964' sent to 'D07ADD05'
0	13:26:57.879	'10010844': order #155420914 buy 0.01 GBPAUD at 1.68375 closed due stop-loss at price 1.68909
0	13:26:58.726	Notifications: 'order #155420914 buy 0.01 GBPAUD at 1.68375 modified: sl: 1.68840 tp: 1.68964 -> sl: 1.68864 tp: 1.68975' sent to 'D07ADD05'
0	13:26:59.758	Notifications: 'order #155420914 buy 0.01 GBPAUD at 1.68375 modified: sl: 1.68864 tp: 1.68975 -> sl: 1.68888 tp: 1.68993' sent to 'D07ADD05'
0	13:27:00.744	'10010844': order sell market 0.01 GBPAUD sl: 0.00000 tp: 1.68578
0	13:27:00.787	Notifications: 'order #155420914 buy 0.01 GBPAUD at 1.68375 modified: sl: 1.68888 tp: 1.68993 -> sl: 1.68909 tp: 1.69016' sent to 'D07ADD05'
0	13:27:01.902	Notifications: 'order #155420914 buy 0.01 GBPAUD at 1.68375 closed due stop-loss at price 1.68909, profit: 5.34 AUD' sent to 'D07ADD05'
0	13:27:03.036	Notifications: 'Close up completed @ 233.82' sent to 'D07ADD05'
0	13:27:37.666	'10010844': order was opened : #155466729 sell 0.01 GBPAUD at 1.69402 sl: 0.00000 tp: 1.68578
0	13:27:38.926	Notifications: 'order opened #155466729 sell 0.01 GBPAUD at 1.69402 tp: 1.68578' sent to 'D07ADD05'
0	13:27:58.503	'10010844': modify order #155466729 sell 0.01 GBPAUD at 1.69402 sl: 0.00000 tp: 1.68578 -> sl: 1.69189 tp: 1.68802
0	13:27:58.864	'10010844': order #155466729 sell 0.01 GBPAUD at 1.69402 was modified -> sl: 1.69189 tp: 1.68802
0	13:27:58.864	'10010844': modify order #155466729 sell 0.01 GBPAUD at 1.69402 sl: 1.69189 tp: 1.68802 -> sl: 1.69191 tp: 1.68801
0	13:27:59.246	'10010844': order #155466729 sell 0.01 GBPAUD at 1.69402 was modified -> sl: 1.69191 tp: 1.68801
0	13:27:59.346	'10010844': modify order #155466729 sell 0.01 GBPAUD at 1.69402 sl: 1.69191 tp: 1.68801 -> sl: 1.69181 tp: 1.68802
0	13:27:59.688	'10010844': order #155466729 sell 0.01 GBPAUD at 1.69402 was modified -> sl: 1.69181 tp: 1.68802
0	13:28:00.035	Notifications: 'order #155466729 sell 0.01 GBPAUD at 1.69402 modified: sl: 0.00000 tp: 1.68578 -> sl: 1.69189 tp: 1.68802' sent to 'D07ADD05'
0	13:28:01.040	Notifications: 'order #155466729 sell 0.01 GBPAUD at 1.69402 modified: sl: 1.69189 tp: 1.68802 -> sl: 1.69191 tp: 1.68801' sent to 'D07ADD05'
0	13:28:02.039	Notifications: 'order #155466729 sell 0.01 GBPAUD at 1.69402 modified: sl: 1.69191 tp: 1.68801 -> sl: 1.69181 tp: 1.68802' sent to 'D07ADD05'
0	13:28:02.235	'10010844': modify order #155466729 sell 0.01 GBPAUD at 1.69402 sl: 1.69181 tp: 1.68802 -> sl: 1.69179 tp: 1.68799
0	13:28:02.475	'10010844': order #155466729 sell 0.01 GBPAUD at 1.69402 was modified -> sl: 1.69179 tp: 1.68799
0	13:28:03.580	Notifications: 'order #155466729 sell 0.01 GBPAUD at 1.69402 modified: sl: 1.69181 tp: 1.68802 -> sl: 1.69179 tp: 1.68799' sent to 'D07ADD05'
0	13:28:06.269	'10010844': modify order #155466729 sell 0.01 GBPAUD at 1.69402 sl: 1.69179 tp: 1.68799 -> sl: 1.69162 tp: 1.68779
0	13:28:06.502	'10010844': order #155466729 sell 0.01 GBPAUD at 1.69402 was modified -> sl: 1.69162 tp: 1.68779
0	13:28:06.502	'10010844': modify order #155466729 sell 0.01 GBPAUD at 1.69402 sl: 1.69162 tp: 1.68779 -> sl: 1.69141 tp: 1.68773
0	13:28:06.774	'10010844': order #155466729 sell 0.01 GBPAUD at 1.69402 was modified -> sl: 1.69141 tp: 1.68773
0	13:28:06.857	'10010844': modify order #155466729 sell 0.01 GBPAUD at 1.69402 sl: 1.69141 tp: 1.68773 -> sl: 1.69139 tp: 1.68754
0	13:28:07.057	'10010844': order #155466729 sell 0.01 GBPAUD at 1.69402 was modified -> sl: 1.69139 tp: 1.68754
0	13:28:07.057	'10010844': modify order #155466729 sell 0.01 GBPAUD at 1.69402 sl: 1.69139 tp: 1.68754 -> sl: 1.69136 tp: 1.68750
0	13:28:07.284	'10010844': order #155466729 sell 0.01 GBPAUD at 1.69402 was modified -> sl: 1.69136 tp: 1.68750
0	13:28:07.285	'10010844': modify order #155466729 sell 0.01 GBPAUD at 1.69402 sl: 1.69136 tp: 1.68750 -> sl: 1.69099 tp: 1.68711
0	13:28:07.547	'10010844': order #155466729 sell 0.01 GBPAUD at 1.69402 was modified -> sl: 1.69099 tp: 1.68711
0	13:28:07.670	'10010844': modify order #155466729 sell 0.01 GBPAUD at 1.69402 sl: 1.69099 tp: 1.68711 -> sl: 1.69071 tp: 1.68690
0	13:28:07.816	Notifications: 'order #155466729 sell 0.01 GBPAUD at 1.69402 modified: sl: 1.69179 tp: 1.68799 -> sl: 1.69162 tp: 1.68779' sent to 'D07ADD05'
0	13:28:08.315	'10010844': order #155466729 sell 0.01 GBPAUD at 1.69402 was modified -> sl: 1.69071 tp: 1.68690
0	13:28:08.844	Notifications: 'order #155466729 sell 0.01 GBPAUD at 1.69402 modified: sl: 1.69162 tp: 1.68779 -> sl: 1.69141 tp: 1.68773' sent to 'D07ADD05'
0	13:28:08.990	'10010844': modify order #155466729 sell 0.01 GBPAUD at 1.69402 sl: 1.69071 tp: 1.68690 -> sl: 1.69066 tp: 1.68685
0	13:28:09.313	'10010844': order #155466729 sell 0.01 GBPAUD at 1.69402 was modified -> sl: 1.69066 tp: 1.68685
0	13:28:09.517	'10010844': modify order #155466729 sell 0.01 GBPAUD at 1.69402 sl: 1.69066 tp: 1.68685 -> sl: 1.69029 tp: 1.68648
0	13:28:09.777	'10010844': order #155466729 sell 0.01 GBPAUD at 1.69402 was modified -> sl: 1.69029 tp: 1.68648
0	13:28:09.778	'10010844': modify order #155466729 sell 0.01 GBPAUD at 1.69402 sl: 1.69029 tp: 1.68648 -> sl: 1.68949 tp: 1.68827
0	13:28:09.831	Notifications: 'order #155466729 sell 0.01 GBPAUD at 1.69402 modified: sl: 1.69141 tp: 1.68773 -> sl: 1.69139 tp: 1.68754' sent to 'D07ADD05'
1	13:28:10.814	'10010844': modification of order #155466729 sell 0.01 GBPAUD at 1.69402 sl: 1.69029 tp: 1.68648 -> sl: 1.68949 tp: 1.68827 failed [Invalid S/L or T/P]
0	13:28:10.859	Notifications: 'order #155466729 sell 0.01 GBPAUD at 1.69402 modified: sl: 1.69139 tp: 1.68754 -> sl: 1.69136 tp: 1.68750' sent to 'D07ADD05'
0	13:28:10.927	'10010844': order #155466729 sell 0.01 GBPAUD at 1.69402 closed due stop-loss at price 1.69029
0	13:28:12.338	Notifications: 'order #155466729 sell 0.01 GBPAUD at 1.69402 modified: sl: 1.69136 tp: 1.68750 -> sl: 1.69099 tp: 1.68711' sent to 'D07ADD05'
0	13:28:13.446	Notifications: 'order #155466729 sell 0.01 GBPAUD at 1.69402 modified: sl: 1.69099 tp: 1.68711 -> sl: 1.69071 tp: 1.68690' sent to 'D07ADD05'
0	13:28:14.703	Notifications: 'order #155466729 sell 0.01 GBPAUD at 1.69402 modified: sl: 1.69071 tp: 1.68690 -> sl: 1.69066 tp: 1.68685' sent to 'D07ADD05'
0	13:28:15.780	Notifications: 'order #155466729 sell 0.01 GBPAUD at 1.69402 modified: sl: 1.69066 tp: 1.68685 -> sl: 1.69029 tp: 1.68648' sent to 'D07ADD05'
0	13:28:16.996	Notifications: 'Close up reached @ 238.28' sent to 'D07ADD05'
0	13:28:18.148	Notifications: 'order #155466729 sell 0.01 GBPAUD at 1.69402 closed due stop-loss at price 1.69029, profit: 3.73 AUD' sent to 'D07ADD05'
0	13:28:19.198	Notifications: 'Close up completed @ 237.48' sent to 'D07ADD05'
0	13:30:00.257	'10010844': order sell market 0.01 AUDUSD sl: 0.00000 tp: 0.73396
0	13:30:00.486	'10010844': order was opened : #155468048 sell 0.01 AUDUSD at 0.73695 sl: 0.00000 tp: 0.73396
0	13:30:00.490	'10010844': order buy market 0.01 USDCAD sl: 0.00000 tp: 1.34915
0	13:30:01.710	Notifications: 'order opened #155468048 sell 0.01 AUDUSD at 0.73695 tp: 0.73396' sent to 'D07ADD05'
0	13:30:04.111	'10010844': order was opened : #155468175 buy 0.01 USDCAD at 1.34672 sl: 0.00000 tp: 1.34915
0	13:30:05.304	Notifications: 'order opened #155468175 buy 0.01 USDCAD at 1.34672 tp: 1.34915' sent to 'D07ADD05'
0	16:56:19.316	'10010844': modify order #155468048 sell 0.01 AUDUSD at 0.73695 sl: 0.00000 tp: 0.73396 -> sl: 0.73557 tp: 0.73205
0	16:56:19.491	'10010844': order #155468048 sell 0.01 AUDUSD at 0.73695 was modified -> sl: 0.73557 tp: 0.73205
0	16:56:19.947	'10010844': modify order #155468048 sell 0.01 AUDUSD at 0.73695 sl: 0.73557 tp: 0.73205 -> sl: 0.73555 tp: 0.73201
0	16:56:20.120	'10010844': order #155468048 sell 0.01 AUDUSD at 0.73695 was modified -> sl: 0.73555 tp: 0.73201
0	16:56:20.763	'10010844': modify order #155468048 sell 0.01 AUDUSD at 0.73695 sl: 0.73555 tp: 0.73201 -> sl: 0.73554 tp: 0.73201
0	16:56:20.939	'10010844': order #155468048 sell 0.01 AUDUSD at 0.73695 was modified -> sl: 0.73554 tp: 0.73201
0	16:56:20.985	Notifications: 'order #155468048 sell 0.01 AUDUSD at 0.73695 modified: sl: 0.00000 tp: 0.73396 -> sl: 0.73557 tp: 0.73205' sent to 'D07ADD05'
0	16:56:22.043	Notifications: 'order #155468048 sell 0.01 AUDUSD at 0.73695 modified: sl: 0.73557 tp: 0.73205 -> sl: 0.73555 tp: 0.73201' sent to 'D07ADD05'
0	16:56:23.312	Notifications: 'order #155468048 sell 0.01 AUDUSD at 0.73695 modified: sl: 0.73555 tp: 0.73201 -> sl: 0.73554 tp: 0.73201' sent to 'D07ADD05'
0	16:58:53.691	'10010844': order #155468048 sell 0.01 AUDUSD at 0.73695 closed due stop-loss at price 0.73554
0	16:58:54.751	Notifications: 'order #155468048 sell 0.01 AUDUSD at 0.73695 closed due stop-loss at price 0.73554, profit: 1.92 AUD' sent to 'D07ADD05'
