2	00:52:28.385	Expert Elpheba-20161020 EURUSD,H4: removed
2	00:52:45.650	Expert Elpheba-20161020 EURUSD,H4: loaded successfully
0	00:54:42.003	'10010844': modify order #153325360 buy 0.01 AUDCAD at 1.02655 sl: 0.00000 tp: 1.03255 -> sl: 1.02864 tp: 1.03522
0	00:54:42.201	'10010844': order #153325360 buy 0.01 AUDCAD at 1.02655 was modified -> sl: 1.02864 tp: 1.03522
0	00:54:43.317	Notifications: 'order #153325360 buy 0.01 AUDCAD at 1.02655 modified: sl: 0.00000 tp: 1.03255 -> sl: 1.02864 tp: 1.03522' sent to 'D07ADD05'
0	00:55:30.226	'10010844': modify order #153325360 buy 0.01 AUDCAD at 1.02655 sl: 1.02864 tp: 1.03522 -> sl: 1.02868 tp: 1.03530
0	00:55:30.421	'10010844': order #153325360 buy 0.01 AUDCAD at 1.02655 was modified -> sl: 1.02868 tp: 1.03530
0	00:55:31.781	Notifications: 'order #153325360 buy 0.01 AUDCAD at 1.02655 modified: sl: 1.02864 tp: 1.03522 -> sl: 1.02868 tp: 1.03530' sent to 'D07ADD05'
0	00:55:35.253	'10010844': modify order #153325360 buy 0.01 AUDCAD at 1.02655 sl: 1.02868 tp: 1.03530 -> sl: 1.02869 tp: 1.03532
0	00:55:35.453	'10010844': order #153325360 buy 0.01 AUDCAD at 1.02655 was modified -> sl: 1.02869 tp: 1.03532
0	00:55:37.109	Notifications: 'order #153325360 buy 0.01 AUDCAD at 1.02655 modified: sl: 1.02868 tp: 1.03530 -> sl: 1.02869 tp: 1.03532' sent to 'D07ADD05'
0	00:55:49.344	'10010844': modify order #153325360 buy 0.01 AUDCAD at 1.02655 sl: 1.02869 tp: 1.03532 -> sl: 1.02872 tp: 1.03536
0	00:55:49.705	'10010844': order #153325360 buy 0.01 AUDCAD at 1.02655 was modified -> sl: 1.02872 tp: 1.03536
0	00:55:50.768	Notifications: 'order #153325360 buy 0.01 AUDCAD at 1.02655 modified: sl: 1.02869 tp: 1.03532 -> sl: 1.02872 tp: 1.03536' sent to 'D07ADD05'
0	00:58:00.591	'10010844': modify order #153325360 buy 0.01 AUDCAD at 1.02655 sl: 1.02872 tp: 1.03536 -> sl: 1.02878 tp: 1.03542
0	00:58:00.856	'10010844': order #153325360 buy 0.01 AUDCAD at 1.02655 was modified -> sl: 1.02878 tp: 1.03542
0	00:58:01.178	'10010844': modify order #153325360 buy 0.01 AUDCAD at 1.02655 sl: 1.02878 tp: 1.03542 -> sl: 1.02884 tp: 1.03548
0	00:58:01.388	'10010844': order #153325360 buy 0.01 AUDCAD at 1.02655 was modified -> sl: 1.02884 tp: 1.03548
0	00:58:01.953	Notifications: 'order #153325360 buy 0.01 AUDCAD at 1.02655 modified: sl: 1.02872 tp: 1.03536 -> sl: 1.02878 tp: 1.03542' sent to 'D07ADD05'
0	00:58:02.950	Notifications: 'order #153325360 buy 0.01 AUDCAD at 1.02655 modified: sl: 1.02878 tp: 1.03542 -> sl: 1.02884 tp: 1.03548' sent to 'D07ADD05'
0	00:58:49.295	'10010844': modify order #153325360 buy 0.01 AUDCAD at 1.02655 sl: 1.02884 tp: 1.03548 -> sl: 1.02886 tp: 1.03550
0	00:58:49.549	'10010844': order #153325360 buy 0.01 AUDCAD at 1.02655 was modified -> sl: 1.02886 tp: 1.03550
0	00:58:50.678	Notifications: 'order #153325360 buy 0.01 AUDCAD at 1.02655 modified: sl: 1.02884 tp: 1.03548 -> sl: 1.02886 tp: 1.03550' sent to 'D07ADD05'
0	00:59:01.684	'10010844': modify order #153325360 buy 0.01 AUDCAD at 1.02655 sl: 1.02886 tp: 1.03550 -> sl: 1.02894 tp: 1.03560
0	00:59:01.892	'10010844': order #153325360 buy 0.01 AUDCAD at 1.02655 was modified -> sl: 1.02894 tp: 1.03560
0	00:59:02.921	Notifications: 'order #153325360 buy 0.01 AUDCAD at 1.02655 modified: sl: 1.02886 tp: 1.03550 -> sl: 1.02894 tp: 1.03560' sent to 'D07ADD05'
0	00:59:04.811	'10010844': modify order #153325360 buy 0.01 AUDCAD at 1.02655 sl: 1.02894 tp: 1.03560 -> sl: 1.02895 tp: 1.03561
0	00:59:04.988	'10010844': order #153325360 buy 0.01 AUDCAD at 1.02655 was modified -> sl: 1.02895 tp: 1.03561
0	00:59:06.043	Notifications: 'order #153325360 buy 0.01 AUDCAD at 1.02655 modified: sl: 1.02894 tp: 1.03560 -> sl: 1.02895 tp: 1.03561' sent to 'D07ADD05'
0	01:06:07.948	'10010844': order #153325360 buy 0.01 AUDCAD at 1.02655 closed due stop-loss at price 1.02895
0	01:06:09.334	Notifications: 'order #153325360 buy 0.01 AUDCAD at 1.02655 closed due stop-loss at price 1.02895, profit: 2.33 AUD' sent to 'D07ADD05'
0	11:50:40.984	'10010844': modify order #153325349 buy 0.01 GBPUSD at 1.24790 sl: 0.00000 tp: 1.25395 -> sl: 1.24933 tp: 1.25587
0	11:50:41.165	'10010844': order #153325349 buy 0.01 GBPUSD at 1.24790 was modified -> sl: 1.24933 tp: 1.25587
0	11:50:42.376	Notifications: 'order #153325349 buy 0.01 GBPUSD at 1.24790 modified: sl: 0.00000 tp: 1.25395 -> sl: 1.24933 tp: 1.25587' sent to 'D07ADD05'
0	11:52:58.415	'10010844': close order #153325349 buy 0.01 GBPUSD at 1.24790 sl: 1.24933 tp: 1.25587 at price 0.00000
0	11:52:58.623	'10010844': order #153325349 buy 0.01 GBPUSD at 1.24790 sl: 1.24933 tp: 1.25587 closed at price 1.24940
0	11:52:59.691	Notifications: 'order #153325349 buy 0.01 GBPUSD at 1.24790 closed at price 1.24940, profit: 1.95 AUD' sent to 'D07ADD05'
