0	04:27:37.126	'10010844': modify order #152349737 sell 0.01 EURUSD at 1.09237 sl: 0.00000 tp: 1.08654 -> sl: 1.09093 tp: 1.08443
0	04:27:45.319	'10010844': order #152349737 sell 0.01 EURUSD at 1.09237 was modified -> sl: 1.09093 tp: 1.08443
0	04:27:45.322	'10010844': modify order #152349737 sell 0.01 EURUSD at 1.09237 sl: 1.09093 tp: 1.08443 -> sl: 1.09089 tp: 1.08439
0	04:27:45.584	'10010844': order #152349737 sell 0.01 EURUSD at 1.09237 was modified -> sl: 1.09089 tp: 1.08439
0	04:27:46.398	Notifications: 'order #152349737 sell 0.01 EURUSD at 1.09237 modified: sl: 0.00000 tp: 1.08654 -> sl: 1.09093 tp: 1.08443' sent to 'D07ADD05'
0	04:27:47.403	Notifications: 'order #152349737 sell 0.01 EURUSD at 1.09237 modified: sl: 1.09093 tp: 1.08443 -> sl: 1.09089 tp: 1.08439' sent to 'D07ADD05'
0	04:45:10.574	'10010844': modify order #152349737 sell 0.01 EURUSD at 1.09237 sl: 1.09089 tp: 1.08439 -> sl: 1.09088 tp: 1.08438
0	04:45:11.018	'10010844': order #152349737 sell 0.01 EURUSD at 1.09237 was modified -> sl: 1.09088 tp: 1.08438
0	04:45:12.008	Notifications: 'order #152349737 sell 0.01 EURUSD at 1.09237 modified: sl: 1.09089 tp: 1.08439 -> sl: 1.09088 tp: 1.08438' sent to 'D07ADD05'
0	05:29:34.615	'10010844': close order #152349737 sell 0.01 EURUSD at 1.09237 sl: 1.09088 tp: 1.08438 at price 0.00000
0	05:29:34.863	'10010844': order #152349737 sell 0.01 EURUSD at 1.09237 sl: 1.09088 tp: 1.08438 closed at price 1.09077
0	05:29:35.896	Notifications: 'order #152349737 sell 0.01 EURUSD at 1.09237 closed at price 1.09077, profit: 2.10 AUD' sent to 'D07ADD05'
0	08:03:08.494	'10010844': order sell market 0.01 GBPAUD sl: 0.00000 tp: 1.59423
1	08:06:29.495	'10010844': order sell 0.01 GBPAUD opening at market sl: 0.00000 tp: 1.59423 failed [Trade timeout]
0	08:09:35.371	Notifications: 'order opened #152425205 sell 0.01 GBPAUD at 1.60034 tp: 1.59423' sent to 'D07ADD05'
0	11:54:41.427	'10010844': modify order #152425205 sell 0.01 GBPAUD at 1.60034 sl: 0.00000 tp: 1.59423 -> sl: 1.59832 tp: 1.59168
0	11:54:41.856	'10010844': order #152425205 sell 0.01 GBPAUD at 1.60034 was modified -> sl: 1.59832 tp: 1.59168
0	11:54:42.983	Notifications: 'order #152425205 sell 0.01 GBPAUD at 1.60034 modified: sl: 0.00000 tp: 1.59423 -> sl: 1.59832 tp: 1.59168' sent to 'D07ADD05'
0	11:54:52.857	'10010844': modify order #152425205 sell 0.01 GBPAUD at 1.60034 sl: 1.59832 tp: 1.59168 -> sl: 1.59824 tp: 1.59145
0	11:54:56.682	'10010844': order #152425205 sell 0.01 GBPAUD at 1.60034 was modified -> sl: 1.59824 tp: 1.59145
0	11:54:56.682	'10010844': modify order #152425205 sell 0.01 GBPAUD at 1.60034 sl: 1.59824 tp: 1.59145 -> sl: 1.59827 tp: 1.59144
0	11:54:57.619	'10010844': order #152425205 sell 0.01 GBPAUD at 1.60034 was modified -> sl: 1.59827 tp: 1.59144
0	11:54:57.674	Notifications: 'order #152425205 sell 0.01 GBPAUD at 1.60034 modified: sl: 1.59832 tp: 1.59168 -> sl: 1.59824 tp: 1.59145' sent to 'D07ADD05'
0	11:54:58.727	Notifications: 'order #152425205 sell 0.01 GBPAUD at 1.60034 modified: sl: 1.59824 tp: 1.59145 -> sl: 1.59827 tp: 1.59144' sent to 'D07ADD05'
0	11:55:01.717	'10010844': modify order #152425205 sell 0.01 GBPAUD at 1.60034 sl: 1.59827 tp: 1.59144 -> sl: 1.59798 tp: 1.59127
1	11:56:28.379	'10010844': modification of order #152425205 sell 0.01 GBPAUD at 1.60034 sl: 1.59827 tp: 1.59144 -> sl: 1.59798 tp: 1.59127 failed [Invalid S/L or T/P]
0	11:56:28.398	'10010844': close order #152425205 sell 0.01 GBPAUD at 1.60034 sl: 1.59827 tp: 1.59144 at price 0.00000
0	11:56:28.881	'10010844': order #152425205 sell 0.01 GBPAUD at 1.60034 sl: 1.59827 tp: 1.59144 closed at price 1.59820
0	11:56:29.836	Notifications: 'order #152425205 sell 0.01 GBPAUD at 1.60034 closed at price 1.59820, profit: 2.14 AUD' sent to 'D07ADD05'
0	12:00:02.214	'10010844': order buy market 0.01 AUDUSD sl: 0.00000 tp: 0.77040
0	12:00:37.607	'10010844': order was opened : #152439327 buy 0.01 AUDUSD at 0.76441 sl: 0.00000 tp: 0.77040
0	12:00:37.625	'10010844': order sell market 0.01 EURAUD sl: 0.00000 tp: 1.42044
0	12:00:38.534	Notifications: 'order opened #152439327 buy 0.01 AUDUSD at 0.76441 tp: 0.77040' sent to 'D07ADD05'
0	12:00:38.757	'10010844': order was opened : #152439332 sell 0.01 EURAUD at 1.42644 sl: 0.00000 tp: 1.42044
0	12:00:38.789	'10010844': order buy market 0.01 XAUUSD sl: 0.00 tp: 1271.97
0	12:00:39.258	'10010844': order was opened : #152439335 buy 0.01 XAUUSD at 1265.97 sl: 0.00 tp: 1271.97
0	12:00:39.695	Notifications: 'order opened #152439332 sell 0.01 EURAUD at 1.42644 tp: 1.42044' sent to 'D07ADD05'
0	12:00:40.765	Notifications: 'order opened #152439335 buy 0.01 XAUUSD at 1265.97 tp: 1271.97' sent to 'D07ADD05'
0	16:00:02.039	'10010844': order buy market 0.01 AUDUSD sl: 0.00000 tp: 0.76916
0	16:00:34.690	'10010844': order was opened : #152454839 buy 0.01 AUDUSD at 0.76316 sl: 0.00000 tp: 0.76916
0	16:00:35.816	Notifications: 'order opened #152454839 buy 0.01 AUDUSD at 0.76316 tp: 0.76916' sent to 'D07ADD05'
0	16:28:38.030	'10010844': modify order #152439335 buy 0.01 XAUUSD at 1265.97 sl: 0.00 tp: 1271.97 -> sl: 1267.39 tp: 1274.03
0	16:28:38.356	'10010844': order #152439335 buy 0.01 XAUUSD at 1265.97 was modified -> sl: 1267.39 tp: 1274.03
0	16:28:39.356	Notifications: 'order #152439335 buy 0.01 XAUUSD at 1265.97 modified: sl: 0.00 tp: 1271.97 -> sl: 1267.39 tp: 1274.03' sent to 'D07ADD05'
0	16:28:42.809	'10010844': modify order #152439335 buy 0.01 XAUUSD at 1265.97 sl: 1267.39 tp: 1274.03 -> sl: 1267.46 tp: 1274.13
0	16:28:43.060	'10010844': order #152439335 buy 0.01 XAUUSD at 1265.97 was modified -> sl: 1267.46 tp: 1274.13
0	16:28:44.148	Notifications: 'order #152439335 buy 0.01 XAUUSD at 1265.97 modified: sl: 1267.39 tp: 1274.03 -> sl: 1267.46 tp: 1274.13' sent to 'D07ADD05'
0	16:36:02.360	'10010844': modify order #152439335 buy 0.01 XAUUSD at 1265.97 sl: 1267.46 tp: 1274.13 -> sl: 1267.56 tp: 1274.16
0	16:36:02.880	'10010844': order #152439335 buy 0.01 XAUUSD at 1265.97 was modified -> sl: 1267.56 tp: 1274.16
0	16:36:03.823	Notifications: 'order #152439335 buy 0.01 XAUUSD at 1265.97 modified: sl: 1267.46 tp: 1274.13 -> sl: 1267.56 tp: 1274.16' sent to 'D07ADD05'
0	16:47:05.626	'10010844': modify order #152439335 buy 0.01 XAUUSD at 1265.97 sl: 1267.56 tp: 1274.16 -> sl: 1267.66 tp: 1274.30
0	16:47:06.038	'10010844': order #152439335 buy 0.01 XAUUSD at 1265.97 was modified -> sl: 1267.66 tp: 1274.30
0	16:47:06.239	'10010844': modify order #152439335 buy 0.01 XAUUSD at 1265.97 sl: 1267.66 tp: 1274.30 -> sl: 1267.72 tp: 1274.30
0	16:47:06.632	'10010844': order #152439335 buy 0.01 XAUUSD at 1265.97 was modified -> sl: 1267.72 tp: 1274.30
0	16:47:06.637	'10010844': modify order #152439335 buy 0.01 XAUUSD at 1265.97 sl: 1267.72 tp: 1274.30 -> sl: 1267.75 tp: 1274.40
0	16:47:07.038	'10010844': order #152439335 buy 0.01 XAUUSD at 1265.97 was modified -> sl: 1267.75 tp: 1274.40
0	16:47:07.190	Notifications: 'order #152439335 buy 0.01 XAUUSD at 1265.97 modified: sl: 1267.56 tp: 1274.16 -> sl: 1267.66 tp: 1274.30' sent to 'D07ADD05'
0	16:47:08.237	Notifications: 'order #152439335 buy 0.01 XAUUSD at 1265.97 modified: sl: 1267.66 tp: 1274.30 -> sl: 1267.72 tp: 1274.30' sent to 'D07ADD05'
0	16:47:09.316	Notifications: 'order #152439335 buy 0.01 XAUUSD at 1265.97 modified: sl: 1267.72 tp: 1274.30 -> sl: 1267.75 tp: 1274.40' sent to 'D07ADD05'
0	16:47:22.095	'10010844': modify order #152439335 buy 0.01 XAUUSD at 1265.97 sl: 1267.75 tp: 1274.40 -> sl: 1267.76 tp: 1274.41
0	16:47:22.337	'10010844': order #152439335 buy 0.01 XAUUSD at 1265.97 was modified -> sl: 1267.76 tp: 1274.41
0	16:47:23.406	Notifications: 'order #152439335 buy 0.01 XAUUSD at 1265.97 modified: sl: 1267.75 tp: 1274.40 -> sl: 1267.76 tp: 1274.41' sent to 'D07ADD05'
0	16:51:13.217	'10010844': modify order #152439335 buy 0.01 XAUUSD at 1265.97 sl: 1267.76 tp: 1274.41 -> sl: 1267.76 tp: 1274.40
0	16:51:13.719	'10010844': order #152439335 buy 0.01 XAUUSD at 1265.97 was modified -> sl: 1267.76 tp: 1274.40
0	16:51:14.648	Notifications: 'order #152439335 buy 0.01 XAUUSD at 1265.97 modified: sl: 1267.76 tp: 1274.41 -> sl: 1267.76 tp: 1274.40' sent to 'D07ADD05'
0	16:51:28.782	'10010844': modify order #152439335 buy 0.01 XAUUSD at 1265.97 sl: 1267.76 tp: 1274.40 -> sl: 1267.85 tp: 1274.44
0	16:51:29.502	'10010844': order #152439335 buy 0.01 XAUUSD at 1265.97 was modified -> sl: 1267.85 tp: 1274.44
0	16:51:30.292	Notifications: 'order #152439335 buy 0.01 XAUUSD at 1265.97 modified: sl: 1267.76 tp: 1274.40 -> sl: 1267.85 tp: 1274.44' sent to 'D07ADD05'
0	16:51:31.384	'10010844': modify order #152439335 buy 0.01 XAUUSD at 1265.97 sl: 1267.85 tp: 1274.44 -> sl: 1267.88 tp: 1274.58
0	16:51:32.909	'10010844': order #152439335 buy 0.01 XAUUSD at 1265.97 was modified -> sl: 1267.88 tp: 1274.58
0	16:51:32.909	'10010844': modify order #152439335 buy 0.01 XAUUSD at 1265.97 sl: 1267.88 tp: 1274.58 -> sl: 1267.96 tp: 1274.60
0	16:51:33.746	Notifications: 'order #152439335 buy 0.01 XAUUSD at 1265.97 modified: sl: 1267.85 tp: 1274.44 -> sl: 1267.88 tp: 1274.58' sent to 'D07ADD05'
0	16:51:34.002	'10010844': order #152439335 buy 0.01 XAUUSD at 1265.97 was modified -> sl: 1267.96 tp: 1274.60
0	16:51:34.841	Notifications: 'order #152439335 buy 0.01 XAUUSD at 1265.97 modified: sl: 1267.88 tp: 1274.58 -> sl: 1267.96 tp: 1274.60' sent to 'D07ADD05'
0	17:00:33.927	'10010844': modify order #152439335 buy 0.01 XAUUSD at 1265.97 sl: 1267.96 tp: 1274.60 -> sl: 1268.07 tp: 1274.68
0	17:00:38.820	'10010844': order #152439335 buy 0.01 XAUUSD at 1265.97 was modified -> sl: 1268.07 tp: 1274.68
0	17:00:39.707	Notifications: 'order #152439335 buy 0.01 XAUUSD at 1265.97 modified: sl: 1267.96 tp: 1274.60 -> sl: 1268.07 tp: 1274.68' sent to 'D07ADD05'
0	17:01:12.213	'10010844': modify order #152439335 buy 0.01 XAUUSD at 1265.97 sl: 1268.07 tp: 1274.68 -> sl: 1268.09 tp: 1274.68
0	17:01:12.604	'10010844': order #152439335 buy 0.01 XAUUSD at 1265.97 was modified -> sl: 1268.09 tp: 1274.68
0	17:01:12.604	'10010844': modify order #152439335 buy 0.01 XAUUSD at 1265.97 sl: 1268.09 tp: 1274.68 -> sl: 1268.17 tp: 1274.74
0	17:01:13.121	'10010844': order #152439335 buy 0.01 XAUUSD at 1265.97 was modified -> sl: 1268.17 tp: 1274.74
0	17:01:13.568	'10010844': modify order #152439335 buy 0.01 XAUUSD at 1265.97 sl: 1268.17 tp: 1274.74 -> sl: 1268.17 tp: 1274.79
0	17:01:13.598	Notifications: 'order #152439335 buy 0.01 XAUUSD at 1265.97 modified: sl: 1268.07 tp: 1274.68 -> sl: 1268.09 tp: 1274.68' sent to 'D07ADD05'
0	17:01:14.135	'10010844': order #152439335 buy 0.01 XAUUSD at 1265.97 was modified -> sl: 1268.17 tp: 1274.79
0	17:01:14.668	Notifications: 'order #152439335 buy 0.01 XAUUSD at 1265.97 modified: sl: 1268.09 tp: 1274.68 -> sl: 1268.17 tp: 1274.74' sent to 'D07ADD05'
0	17:01:15.697	Notifications: 'order #152439335 buy 0.01 XAUUSD at 1265.97 modified: sl: 1268.17 tp: 1274.74 -> sl: 1268.17 tp: 1274.79' sent to 'D07ADD05'
0	17:01:37.723	'10010844': modify order #152439335 buy 0.01 XAUUSD at 1265.97 sl: 1268.17 tp: 1274.79 -> sl: 1268.27 tp: 1274.86
0	17:01:38.028	'10010844': order #152439335 buy 0.01 XAUUSD at 1265.97 was modified -> sl: 1268.27 tp: 1274.86
0	17:01:39.128	Notifications: 'order #152439335 buy 0.01 XAUUSD at 1265.97 modified: sl: 1268.17 tp: 1274.79 -> sl: 1268.27 tp: 1274.86' sent to 'D07ADD05'
0	17:01:47.607	'10010844': modify order #152439335 buy 0.01 XAUUSD at 1265.97 sl: 1268.27 tp: 1274.86 -> sl: 1268.37 tp: 1274.98
0	17:01:47.966	'10010844': order #152439335 buy 0.01 XAUUSD at 1265.97 was modified -> sl: 1268.37 tp: 1274.98
0	17:01:49.283	Notifications: 'order #152439335 buy 0.01 XAUUSD at 1265.97 modified: sl: 1268.27 tp: 1274.86 -> sl: 1268.37 tp: 1274.98' sent to 'D07ADD05'
0	17:02:07.646	'10010844': modify order #152439335 buy 0.01 XAUUSD at 1265.97 sl: 1268.37 tp: 1274.98 -> sl: 1268.47 tp: 1275.05
0	17:02:14.643	'10010844': order #152439335 buy 0.01 XAUUSD at 1265.97 was modified -> sl: 1268.47 tp: 1275.05
0	17:02:15.624	Notifications: 'order #152439335 buy 0.01 XAUUSD at 1265.97 modified: sl: 1268.37 tp: 1274.98 -> sl: 1268.47 tp: 1275.05' sent to 'D07ADD05'
0	17:11:59.472	'10010844': close order #152439335 buy 0.01 XAUUSD at 1265.97 sl: 1268.47 tp: 1275.05 at price 0.00
0	17:11:59.853	'10010844': order #152439335 buy 0.01 XAUUSD at 1265.97 sl: 1268.47 tp: 1275.05 closed at price 1268.51
0	17:12:01.307	Notifications: 'order #152439335 buy 0.01 XAUUSD at 1265.97 closed at price 1268.51, profit: 3.33 AUD' sent to 'D07ADD05'
0	18:08:27.903	'10010844': login on ICMarkets-Demo01 through Demo DC US (ping: 80.84 ms)
0	18:08:29.507	'10010844': login datacenter on ICMarkets-Demo01 through Demo DC US (ping: 80.84 ms)
0	18:08:29.820	'10010844': previous successful authorization performed from 120.17.227.143
0	18:08:52.829	'10010844': ping to current access point Demo DC US is 78.49 ms
1	19:05:49.608	'10010844': connect failed [No connection]
0	19:07:05.983	'10010844': login on ICMarkets-Demo01 through Demo DC (ping: n/a)
0	19:07:48.720	'10010844': login datacenter on ICMarkets-Demo01 through Demo DC (ping: n/a)
0	19:07:49.158	'10010844': previous successful authorization performed from 185.21.218.136
0	19:08:12.346	'10010844': ping to current access point Demo DC is 75.26 ms
1	21:11:33.164	'10010844': connect failed [No connection]
0	21:15:02.982	'10010844': login on ICMarkets-Demo01 through Demo DC US (ping: n/a)
0	21:15:44.340	'10010844': login datacenter on ICMarkets-Demo01 through Demo DC US (ping: n/a)
0	21:15:44.697	'10010844': previous successful authorization performed from 185.21.218.136
0	21:16:08.352	'10010844': auto connecting to a better access point Demo DC (ping is 75.98 ms)
0	21:16:08.733	'10010844': login on ICMarkets-Demo01 through Demo DC (ping: 75.98 ms)
0	21:16:20.754	'10010844': login datacenter on ICMarkets-Demo01 through Demo DC (ping: 75.98 ms)
0	21:16:21.040	'10010844': previous successful authorization performed from 138.68.53.131
