1	00:01:33.279	MQL5.community: failed to start thread
1	00:06:33.273	MQL5.community: failed to start thread
1	00:11:33.351	MQL5.community: failed to start thread
1	00:16:33.276	MQL5.community: failed to start thread
1	00:21:33.396	MQL5.community: failed to start thread
1	00:26:33.274	MQL5.community: failed to start thread
1	00:31:33.275	MQL5.community: failed to start thread
1	00:36:33.277	MQL5.community: failed to start thread
1	00:41:33.274	MQL5.community: failed to start thread
1	00:46:33.287	MQL5.community: failed to start thread
1	00:51:33.283	MQL5.community: failed to start thread
1	00:56:33.285	MQL5.community: failed to start thread
1	01:01:33.278	MQL5.community: failed to start thread
1	01:06:33.274	MQL5.community: failed to start thread
1	01:11:33.279	MQL5.community: failed to start thread
1	01:16:33.282	MQL5.community: failed to start thread
0	01:17:22.616	'10019548': modify order #156777244 sell 0.09 USDCHF at 1.01043 sl: 0.00000 tp: 1.00726 -> sl: 1.00902 tp: 1.00746
1	01:17:23.749	Notifications: not enough space for notification 'order #156777244 sell 0.09 USDCHF at 1.01043 modified: sl: 0.00000 tp: 1.00726 -> sl: 1.00902 tp: 1.00746'
0	01:17:24.000	'10019548': order #156777244 sell 0.09 USDCHF at 1.01043 was modified -> sl: 1.00902 tp: 1.00746
0	01:17:24.000	'10019548': modify order #156777244 sell 0.09 USDCHF at 1.01043 sl: 1.00902 tp: 1.00746 -> sl: 1.00900 tp: 1.00741
1	01:17:24.579	Notifications: not enough space for notification 'order #156777244 sell 0.09 USDCHF at 1.01043 modified: sl: 1.00902 tp: 1.00746 -> sl: 1.00900 tp: 1.00741'
0	01:17:24.934	'10019548': order #156777244 sell 0.09 USDCHF at 1.01043 was modified -> sl: 1.00900 tp: 1.00741
0	01:17:26.640	'10019548': modify order #156777244 sell 0.09 USDCHF at 1.01043 sl: 1.00900 tp: 1.00741 -> sl: 1.00895 tp: 1.00738
1	01:17:27.442	Notifications: not enough space for notification 'order #156777244 sell 0.09 USDCHF at 1.01043 modified: sl: 1.00900 tp: 1.00741 -> sl: 1.00895 tp: 1.00738'
0	01:17:27.831	'10019548': order #156777244 sell 0.09 USDCHF at 1.01043 was modified -> sl: 1.00895 tp: 1.00738
0	04:18:22.738	IC Markets MT4 build 1010 started (International Capital Markets Pty Ltd.)
0	04:18:22.738	Microsoft Windows XP (x64 based PC), IE 09.00, 4 x Intel Pentium 4  2.40GHz, RAM: 1908 / 2227 Mb, HDD: 109395 / 119815 Mb, GMT+10:00
0	04:18:22.738	Data Folder: Z:\home\keith\MT4-1
2	04:18:27.205	Expert DumpTicks EURUSD,M1: loaded successfully
2	04:18:27.329	Expert Elpheba-20161030 AUDUSD,M5: loaded successfully
0	04:18:29.423	'10019548': login on ICMarkets-Demo01 through Demo DC #3 (ping: 233.11 ms)
0	04:18:32.668	'10019548': login datacenter on ICMarkets-Demo01 through Demo DC #3 (ping: 233.11 ms)
0	04:18:33.230	'10019548': previous successful authorization performed from 14.203.206.187
0	04:18:51.275	'10019548': ping to current access point Demo DC #3 is 231.84 ms
0	04:25:01.396	'10019548': order sell market 0.08 EURGBP sl: 0.00000 tp: 0.83892
0	04:25:27.670	'10019548': order was opened : #156849471 sell 0.08 EURGBP at 0.84189 sl: 0.00000 tp: 0.83892
0	04:25:27.689	'10019548': order buy market 0.08 EURAUD sl: 0.00000 tp: 1.43529
0	04:25:29.297	'10019548': order was opened : #156849475 buy 0.08 EURAUD at 1.43229 sl: 0.00000 tp: 1.43529
0	04:25:29.301	'10019548': order buy market 0.08 GBPAUD sl: 0.00000 tp: 1.70431
0	04:25:29.935	'10019548': order was opened : #156849480 buy 0.08 GBPAUD at 1.70138 sl: 0.00000 tp: 1.70431
0	04:25:30.567	Notifications: 'order opened #156849471 sell 0.08 EURGBP at 0.84189 tp: 0.83892' sent to 'D07ADD05'
0	04:25:32.276	Notifications: 'order opened #156849475 buy 0.08 EURAUD at 1.43229 tp: 1.43529' sent to 'D07ADD05'
0	04:25:33.998	Notifications: 'order opened #156849480 buy 0.08 GBPAUD at 1.70138 tp: 1.70431' sent to 'D07ADD05'
0	05:38:30.310	'10019548': modify order #156849471 sell 0.08 EURGBP at 0.84189 sl: 0.00000 tp: 0.83892 -> sl: 0.84091 tp: 0.83938
0	05:38:30.947	'10019548': order #156849471 sell 0.08 EURGBP at 0.84189 was modified -> sl: 0.84091 tp: 0.83938
0	05:38:32.529	'10019548': modify order #156849471 sell 0.08 EURGBP at 0.84189 sl: 0.84091 tp: 0.83938 -> sl: 0.84087 tp: 0.83932
0	05:38:32.753	Notifications: 'order #156849471 sell 0.08 EURGBP at 0.84189 modified: sl: 0.00000 tp: 0.83892 -> sl: 0.84091 tp: 0.83938' sent to 'D07ADD05'
0	05:38:33.239	'10019548': order #156849471 sell 0.08 EURGBP at 0.84189 was modified -> sl: 0.84087 tp: 0.83932
0	05:38:33.803	'10019548': modify order #156849471 sell 0.08 EURGBP at 0.84189 sl: 0.84087 tp: 0.83932 -> sl: 0.84086 tp: 0.83933
0	05:38:34.395	'10019548': order #156849471 sell 0.08 EURGBP at 0.84189 was modified -> sl: 0.84086 tp: 0.83933
0	05:38:34.395	'10019548': modify order #156849471 sell 0.08 EURGBP at 0.84189 sl: 0.84086 tp: 0.83933 -> sl: 0.84080 tp: 0.83924
0	05:38:34.878	Notifications: 'order #156849471 sell 0.08 EURGBP at 0.84189 modified: sl: 0.84091 tp: 0.83938 -> sl: 0.84087 tp: 0.83932' sent to 'D07ADD05'
0	05:38:36.131	'10019548': order #156849471 sell 0.08 EURGBP at 0.84189 was modified -> sl: 0.84080 tp: 0.83924
0	05:38:36.611	Notifications: 'order #156849471 sell 0.08 EURGBP at 0.84189 modified: sl: 0.84087 tp: 0.83932 -> sl: 0.84086 tp: 0.83933' sent to 'D07ADD05'
0	05:38:38.334	Notifications: 'order #156849471 sell 0.08 EURGBP at 0.84189 modified: sl: 0.84086 tp: 0.83933 -> sl: 0.84080 tp: 0.83924' sent to 'D07ADD05'
0	05:39:37.899	'10019548': modify order #156849471 sell 0.08 EURGBP at 0.84189 sl: 0.84080 tp: 0.83924 -> sl: 0.84079 tp: 0.83921
0	05:39:43.481	'10019548': order #156849471 sell 0.08 EURGBP at 0.84189 was modified -> sl: 0.84079 tp: 0.83921
0	05:39:43.482	'10019548': modify order #156849471 sell 0.08 EURGBP at 0.84189 sl: 0.84079 tp: 0.83921 -> sl: 0.84070 tp: 0.83917
0	05:39:44.276	'10019548': order #156849471 sell 0.08 EURGBP at 0.84189 was modified -> sl: 0.84070 tp: 0.83917
0	05:39:44.832	Notifications: 'order #156849471 sell 0.08 EURGBP at 0.84189 modified: sl: 0.84080 tp: 0.83924 -> sl: 0.84079 tp: 0.83921' sent to 'D07ADD05'
0	05:39:46.549	Notifications: 'order #156849471 sell 0.08 EURGBP at 0.84189 modified: sl: 0.84079 tp: 0.83921 -> sl: 0.84070 tp: 0.83917' sent to 'D07ADD05'
0	05:40:06.554	'10019548': modify order #156849471 sell 0.08 EURGBP at 0.84189 sl: 0.84070 tp: 0.83917 -> sl: 0.84070 tp: 0.83913
0	05:40:12.065	'10019548': order #156849471 sell 0.08 EURGBP at 0.84189 was modified -> sl: 0.84070 tp: 0.83913
0	05:40:14.911	Notifications: 'order #156849471 sell 0.08 EURGBP at 0.84189 modified: sl: 0.84070 tp: 0.83917 -> sl: 0.84070 tp: 0.83913' sent to 'D07ADD05'
0	05:40:34.191	'10019548': modify order #156849471 sell 0.08 EURGBP at 0.84189 sl: 0.84070 tp: 0.83913 -> sl: 0.84068 tp: 0.83912
0	05:40:34.688	'10019548': order #156849471 sell 0.08 EURGBP at 0.84189 was modified -> sl: 0.84068 tp: 0.83912
0	05:40:36.332	Notifications: 'order #156849471 sell 0.08 EURGBP at 0.84189 modified: sl: 0.84070 tp: 0.83913 -> sl: 0.84068 tp: 0.83912' sent to 'D07ADD05'
0	05:40:51.178	'10019548': modify order #156849471 sell 0.08 EURGBP at 0.84189 sl: 0.84068 tp: 0.83912 -> sl: 0.84068 tp: 0.83913
0	05:40:51.690	'10019548': order #156849471 sell 0.08 EURGBP at 0.84189 was modified -> sl: 0.84068 tp: 0.83913
0	05:40:53.418	Notifications: 'order #156849471 sell 0.08 EURGBP at 0.84189 modified: sl: 0.84068 tp: 0.83912 -> sl: 0.84068 tp: 0.83913' sent to 'D07ADD05'
0	05:45:02.935	'10019548': modify order #156849471 sell 0.08 EURGBP at 0.84189 sl: 0.84068 tp: 0.83913 -> sl: 0.84067 tp: 0.83911
0	05:45:03.666	'10019548': order #156849471 sell 0.08 EURGBP at 0.84189 was modified -> sl: 0.84067 tp: 0.83911
0	05:45:05.330	Notifications: 'order #156849471 sell 0.08 EURGBP at 0.84189 modified: sl: 0.84068 tp: 0.83913 -> sl: 0.84067 tp: 0.83911' sent to 'D07ADD05'
0	05:45:06.530	'10019548': modify order #156849471 sell 0.08 EURGBP at 0.84189 sl: 0.84067 tp: 0.83911 -> sl: 0.84055 tp: 0.83899
0	05:45:08.105	'10019548': order #156849471 sell 0.08 EURGBP at 0.84189 was modified -> sl: 0.84055 tp: 0.83899
0	05:45:09.744	Notifications: 'order #156849471 sell 0.08 EURGBP at 0.84189 modified: sl: 0.84067 tp: 0.83911 -> sl: 0.84055 tp: 0.83899' sent to 'D07ADD05'
0	05:45:16.313	'10019548': modify order #156849471 sell 0.08 EURGBP at 0.84189 sl: 0.84055 tp: 0.83899 -> sl: 0.84038 tp: 0.83879
0	05:45:17.026	'10019548': order #156849471 sell 0.08 EURGBP at 0.84189 was modified -> sl: 0.84038 tp: 0.83879
0	05:45:18.578	Notifications: 'order #156849471 sell 0.08 EURGBP at 0.84189 modified: sl: 0.84055 tp: 0.83899 -> sl: 0.84038 tp: 0.83879' sent to 'D07ADD05'
0	05:45:26.298	'10019548': modify order #156849471 sell 0.08 EURGBP at 0.84189 sl: 0.84038 tp: 0.83879 -> sl: 0.84035 tp: 0.83877
0	05:45:27.277	'10019548': order #156849471 sell 0.08 EURGBP at 0.84189 was modified -> sl: 0.84035 tp: 0.83877
0	05:45:28.825	Notifications: 'order #156849471 sell 0.08 EURGBP at 0.84189 modified: sl: 0.84038 tp: 0.83879 -> sl: 0.84035 tp: 0.83877' sent to 'D07ADD05'
0	05:45:34.801	'10019548': modify order #156849471 sell 0.08 EURGBP at 0.84189 sl: 0.84035 tp: 0.83877 -> sl: 0.84033 tp: 0.83875
0	05:45:36.376	'10019548': order #156849471 sell 0.08 EURGBP at 0.84189 was modified -> sl: 0.84033 tp: 0.83875
0	05:45:37.151	'10019548': modify order #156849471 sell 0.08 EURGBP at 0.84189 sl: 0.84033 tp: 0.83875 -> sl: 0.84031 tp: 0.83876
0	05:45:37.998	Notifications: 'order #156849471 sell 0.08 EURGBP at 0.84189 modified: sl: 0.84035 tp: 0.83877 -> sl: 0.84033 tp: 0.83875' sent to 'D07ADD05'
0	05:45:40.232	'10019548': order #156849471 sell 0.08 EURGBP at 0.84189 was modified -> sl: 0.84031 tp: 0.83876
0	05:45:40.232	'10019548': modify order #156849471 sell 0.08 EURGBP at 0.84189 sl: 0.84031 tp: 0.83876 -> sl: 0.84028 tp: 0.83872
0	05:45:41.670	Notifications: 'order #156849471 sell 0.08 EURGBP at 0.84189 modified: sl: 0.84033 tp: 0.83875 -> sl: 0.84031 tp: 0.83876' sent to 'D07ADD05'
0	05:45:46.375	'10019548': order #156849471 sell 0.08 EURGBP at 0.84189 was modified -> sl: 0.84028 tp: 0.83872
0	05:45:46.376	'10019548': modify order #156849471 sell 0.08 EURGBP at 0.84189 sl: 0.84028 tp: 0.83872 -> sl: 0.84017 tp: 0.83859
0	05:45:47.012	'10019548': order #156849471 sell 0.08 EURGBP at 0.84189 was modified -> sl: 0.84017 tp: 0.83859
0	05:45:47.876	Notifications: 'order #156849471 sell 0.08 EURGBP at 0.84189 modified: sl: 0.84031 tp: 0.83876 -> sl: 0.84028 tp: 0.83872' sent to 'D07ADD05'
0	05:45:48.937	'10019548': modify order #156849471 sell 0.08 EURGBP at 0.84189 sl: 0.84017 tp: 0.83859 -> sl: 0.84016 tp: 0.83856
0	05:45:49.635	Notifications: 'order #156849471 sell 0.08 EURGBP at 0.84189 modified: sl: 0.84028 tp: 0.83872 -> sl: 0.84017 tp: 0.83859' sent to 'D07ADD05'
0	05:45:50.530	'10019548': order #156849471 sell 0.08 EURGBP at 0.84189 was modified -> sl: 0.84016 tp: 0.83856
0	05:45:51.782	Notifications: 'order #156849471 sell 0.08 EURGBP at 0.84189 modified: sl: 0.84017 tp: 0.83859 -> sl: 0.84016 tp: 0.83856' sent to 'D07ADD05'
0	05:45:54.566	'10019548': modify order #156849471 sell 0.08 EURGBP at 0.84189 sl: 0.84016 tp: 0.83856 -> sl: 0.84014 tp: 0.83858
0	05:45:55.437	'10019548': order #156849471 sell 0.08 EURGBP at 0.84189 was modified -> sl: 0.84014 tp: 0.83858
0	05:45:57.000	Notifications: 'order #156849471 sell 0.08 EURGBP at 0.84189 modified: sl: 0.84016 tp: 0.83856 -> sl: 0.84014 tp: 0.83858' sent to 'D07ADD05'
0	05:46:00.176	'10019548': modify order #156849471 sell 0.08 EURGBP at 0.84189 sl: 0.84014 tp: 0.83858 -> sl: 0.84007 tp: 0.83851
0	05:46:07.327	'10019548': order #156849471 sell 0.08 EURGBP at 0.84189 was modified -> sl: 0.84007 tp: 0.83851
0	05:46:08.949	Notifications: 'order #156849471 sell 0.08 EURGBP at 0.84189 modified: sl: 0.84014 tp: 0.83858 -> sl: 0.84007 tp: 0.83851' sent to 'D07ADD05'
0	05:52:54.293	'10019548': modify order #156849471 sell 0.08 EURGBP at 0.84189 sl: 0.84007 tp: 0.83851 -> sl: 0.83997 tp: 0.83842
0	05:52:57.802	'10019548': order #156849471 sell 0.08 EURGBP at 0.84189 was modified -> sl: 0.83997 tp: 0.83842
0	05:52:58.073	'10019548': modify order #156849471 sell 0.08 EURGBP at 0.84189 sl: 0.83997 tp: 0.83842 -> sl: 0.83995 tp: 0.83841
0	05:52:59.376	Notifications: 'order #156849471 sell 0.08 EURGBP at 0.84189 modified: sl: 0.84007 tp: 0.83851 -> sl: 0.83997 tp: 0.83842' sent to 'D07ADD05'
0	05:53:11.427	'10019548': order #156849480 buy 0.08 GBPAUD at 1.70138 closed due take-profit at price 1.70431
0	05:53:13.277	Notifications: 'order #156849480 buy 0.08 GBPAUD at 1.70138 closed due take-profit at price 1.70431, profit: 23.44 AUD' sent to 'D07ADD05'
0	05:53:53.190	'10019548': order #156849471 sell 0.08 EURGBP at 0.84189 was modified -> sl: 0.83995 tp: 0.83841
0	05:53:53.192	'10019548': modify order #156849471 sell 0.08 EURGBP at 0.84189 sl: 0.83995 tp: 0.83841 -> sl: 0.83986 tp: 0.83830
0	05:53:53.854	'10019548': order #156849471 sell 0.08 EURGBP at 0.84189 was modified -> sl: 0.83986 tp: 0.83830
0	05:53:53.865	'10019548': modify order #156849471 sell 0.08 EURGBP at 0.84189 sl: 0.83986 tp: 0.83830 -> sl: 0.83984 tp: 0.83830
0	05:53:54.712	Notifications: 'order #156849471 sell 0.08 EURGBP at 0.84189 modified: sl: 0.83997 tp: 0.83842 -> sl: 0.83995 tp: 0.83841' sent to 'D07ADD05'
0	05:53:56.524	Notifications: 'order #156849471 sell 0.08 EURGBP at 0.84189 modified: sl: 0.83995 tp: 0.83841 -> sl: 0.83986 tp: 0.83830' sent to 'D07ADD05'
0	05:54:00.361	'10019548': order #156849471 sell 0.08 EURGBP at 0.84189 was modified -> sl: 0.83984 tp: 0.83830
0	05:54:02.129	Notifications: 'order #156849471 sell 0.08 EURGBP at 0.84189 modified: sl: 0.83986 tp: 0.83830 -> sl: 0.83984 tp: 0.83830' sent to 'D07ADD05'
0	05:54:09.941	'10019548': modify order #156779660 sell 0.09 AUDUSD at 0.74097 sl: 0.00000 tp: 0.73804 -> sl: 0.74548 tp: 0.74395
0	05:54:11.719	Notifications: 'Close up reached @ 1643.66' sent to 'D07ADD05'
0	05:54:15.494	'10019548': order #156779660 sell 0.09 AUDUSD at 0.74097 was modified -> sl: 0.74548 tp: 0.74395
0	05:54:15.495	'10019548': modify order #156778786 buy 0.09 EURAUD at 1.43955 sl: 0.00000 tp: 1.44194 -> sl: 1.43018 tp: 1.43175
0	05:54:16.713	Notifications: 'order #156779660 sell 0.09 AUDUSD at 0.74097 modified: sl: 0.00000 tp: 0.73804 -> sl: 0.74548 tp: 0.74395' sent to 'D07ADD05'
0	05:54:16.900	'10019548': order #156778786 buy 0.09 EURAUD at 1.43955 was modified -> sl: 1.43018 tp: 1.43175
0	05:54:16.900	'10019548': modify order #156782998 buy 0.09 EURJPY at 121.525 sl: 0.000 tp: 121.894 -> sl: 121.141 tp: 121.295
0	05:54:18.058	'10019548': order #156782998 buy 0.09 EURJPY at 121.525 was modified -> sl: 121.141 tp: 121.295
0	05:54:18.058	'10019548': modify order #156776591 buy 0.09 USDCAD at 1.33064 sl: 0.00000 tp: 1.33382 -> sl: 1.32949 tp: 1.33107
0	05:54:18.485	Notifications: 'order #156778786 buy 0.09 EURAUD at 1.43955 modified: sl: 0.00000 tp: 1.44194 -> sl: 1.43018 tp: 1.43175' sent to 'D07ADD05'
0	05:54:19.385	'10019548': order #156776591 buy 0.09 USDCAD at 1.33064 was modified -> sl: 1.32949 tp: 1.33107
0	05:54:19.385	'10019548': modify order #156779670 buy 0.09 USDCAD at 1.33157 sl: 0.00000 tp: 1.33457 -> sl: 1.32949 tp: 1.33107
0	05:54:20.308	Notifications: 'order #156782998 buy 0.09 EURJPY at 121.525 modified: sl: 0.000 tp: 121.894 -> sl: 121.141 tp: 121.295' sent to 'D07ADD05'
0	05:54:21.077	'10019548': order #156779670 buy 0.09 USDCAD at 1.33157 was modified -> sl: 1.32949 tp: 1.33107
0	05:54:21.077	'10019548': modify order #156849471 sell 0.08 EURGBP at 0.84189 sl: 0.83984 tp: 0.83830 -> sl: 0.83975 tp: 0.83817
0	05:54:22.054	Notifications: 'order #156776591 buy 0.09 USDCAD at 1.33064 modified: sl: 0.00000 tp: 1.33382 -> sl: 1.32949 tp: 1.33107' sent to 'D07ADD05'
0	05:54:23.787	Notifications: 'order #156779670 buy 0.09 USDCAD at 1.33157 modified: sl: 0.00000 tp: 1.33457 -> sl: 1.32949 tp: 1.33107' sent to 'D07ADD05'
0	05:54:42.155	'10019548': order #156849471 sell 0.08 EURGBP at 0.84189 was modified -> sl: 0.83975 tp: 0.83817
0	05:54:42.156	'10019548': modify order #156849475 buy 0.08 EURAUD at 1.43229 sl: 0.00000 tp: 1.43529 -> sl: 1.43011 tp: 1.43174
0	05:54:43.865	Notifications: 'order #156849471 sell 0.08 EURGBP at 0.84189 modified: sl: 0.83984 tp: 0.83830 -> sl: 0.83975 tp: 0.83817' sent to 'D07ADD05'
0	05:54:57.248	'10019548': order #156782998 buy 0.09 EURJPY at 121.525 closed due stop-loss at price 121.141
0	05:54:59.275	Notifications: 'order #156782998 buy 0.09 EURJPY at 121.525 closed due stop-loss at price 121.141, profit: -40.81 AUD' sent to 'D07ADD05'
0	05:55:53.878	'10019548': order #156849475 buy 0.08 EURAUD at 1.43229 was modified -> sl: 1.43011 tp: 1.43174
0	05:55:53.878	'10019548': modify order #156849471 sell 0.08 EURGBP at 0.84189 sl: 0.83975 tp: 0.83817 -> sl: 0.83944 tp: 0.83790
0	05:55:54.807	'10019548': order #156849471 sell 0.08 EURGBP at 0.84189 was modified -> sl: 0.83944 tp: 0.83790
0	05:55:55.434	Notifications: 'order #156849475 buy 0.08 EURAUD at 1.43229 modified: sl: 0.00000 tp: 1.43529 -> sl: 1.43011 tp: 1.43174' sent to 'D07ADD05'
0	05:55:57.163	Notifications: 'order #156849471 sell 0.08 EURGBP at 0.84189 modified: sl: 0.83975 tp: 0.83817 -> sl: 0.83944 tp: 0.83790' sent to 'D07ADD05'
0	05:56:08.390	'10019548': modify order #156849471 sell 0.08 EURGBP at 0.84189 sl: 0.83944 tp: 0.83790 -> sl: 0.83941 tp: 0.83785
0	05:56:09.174	'10019548': order #156849471 sell 0.08 EURGBP at 0.84189 was modified -> sl: 0.83941 tp: 0.83785
0	05:56:09.175	'10019548': modify order #156849475 buy 0.08 EURAUD at 1.43229 sl: 1.43011 tp: 1.43174 -> sl: 1.43012 tp: 1.43177
0	05:56:09.941	'10019548': order #156849475 buy 0.08 EURAUD at 1.43229 was modified -> sl: 1.43012 tp: 1.43177
0	05:56:10.763	'10019548': modify order #156849471 sell 0.08 EURGBP at 0.84189 sl: 0.83941 tp: 0.83785 -> sl: 0.83940 tp: 0.83786
0	05:56:10.817	Notifications: 'order #156849471 sell 0.08 EURGBP at 0.84189 modified: sl: 0.83944 tp: 0.83790 -> sl: 0.83941 tp: 0.83785' sent to 'D07ADD05'
0	05:56:11.460	'10019548': order #156849471 sell 0.08 EURGBP at 0.84189 was modified -> sl: 0.83940 tp: 0.83786
0	05:56:12.556	Notifications: 'order #156849475 buy 0.08 EURAUD at 1.43229 modified: sl: 1.43011 tp: 1.43174 -> sl: 1.43012 tp: 1.43177' sent to 'D07ADD05'
0	05:56:14.293	Notifications: 'order #156849471 sell 0.08 EURGBP at 0.84189 modified: sl: 0.83941 tp: 0.83785 -> sl: 0.83940 tp: 0.83786' sent to 'D07ADD05'
0	05:56:56.288	'10019548': modify order #156849475 buy 0.08 EURAUD at 1.43229 sl: 1.43012 tp: 1.43177 -> sl: 1.43014 tp: 1.43178
0	05:56:57.102	'10019548': order #156849475 buy 0.08 EURAUD at 1.43229 was modified -> sl: 1.43014 tp: 1.43178
0	05:56:57.103	'10019548': modify order #156849475 buy 0.08 EURAUD at 1.43229 sl: 1.43014 tp: 1.43178 -> sl: 1.43016 tp: 1.43178
0	05:56:57.884	'10019548': order #156849475 buy 0.08 EURAUD at 1.43229 was modified -> sl: 1.43016 tp: 1.43178
0	05:56:58.771	Notifications: 'order #156849475 buy 0.08 EURAUD at 1.43229 modified: sl: 1.43012 tp: 1.43177 -> sl: 1.43014 tp: 1.43178' sent to 'D07ADD05'
0	05:57:00.566	Notifications: 'order #156849475 buy 0.08 EURAUD at 1.43229 modified: sl: 1.43014 tp: 1.43178 -> sl: 1.43016 tp: 1.43178' sent to 'D07ADD05'
0	05:57:04.559	'10019548': modify order #156849475 buy 0.08 EURAUD at 1.43229 sl: 1.43016 tp: 1.43178 -> sl: 1.43018 tp: 1.43179
0	05:57:05.289	'10019548': order #156849475 buy 0.08 EURAUD at 1.43229 was modified -> sl: 1.43018 tp: 1.43179
0	05:57:05.991	'10019548': modify order #156779660 sell 0.09 AUDUSD at 0.74097 sl: 0.74548 tp: 0.74395 -> sl: 0.74547 tp: 0.74392
0	05:57:06.602	'10019548': order #156779660 sell 0.09 AUDUSD at 0.74097 was modified -> sl: 0.74547 tp: 0.74392
0	05:57:06.602	'10019548': modify order #156776591 buy 0.09 USDCAD at 1.33064 sl: 1.32949 tp: 1.33107 -> sl: 1.32950 tp: 1.33105
0	05:57:07.032	Notifications: 'order #156849475 buy 0.08 EURAUD at 1.43229 modified: sl: 1.43016 tp: 1.43178 -> sl: 1.43018 tp: 1.43179' sent to 'D07ADD05'
0	05:57:07.431	'10019548': order #156776591 buy 0.09 USDCAD at 1.33064 was modified -> sl: 1.32950 tp: 1.33105
0	05:57:07.432	'10019548': modify order #156779660 sell 0.09 AUDUSD at 0.74097 sl: 0.74547 tp: 0.74392 -> sl: 0.74546 tp: 0.74391
0	05:57:08.243	'10019548': order #156779660 sell 0.09 AUDUSD at 0.74097 was modified -> sl: 0.74546 tp: 0.74391
0	05:57:08.773	Notifications: 'order #156779660 sell 0.09 AUDUSD at 0.74097 modified: sl: 0.74548 tp: 0.74395 -> sl: 0.74547 tp: 0.74392' sent to 'D07ADD05'
0	05:57:10.508	Notifications: 'order #156776591 buy 0.09 USDCAD at 1.33064 modified: sl: 1.32949 tp: 1.33107 -> sl: 1.32950 tp: 1.33105' sent to 'D07ADD05'
0	05:57:12.291	Notifications: 'order #156779660 sell 0.09 AUDUSD at 0.74097 modified: sl: 0.74547 tp: 0.74392 -> sl: 0.74546 tp: 0.74391' sent to 'D07ADD05'
0	05:57:15.266	'10019548': modify order #156779670 buy 0.09 USDCAD at 1.33157 sl: 1.32949 tp: 1.33107 -> sl: 1.32949 tp: 1.33105
0	05:57:15.805	'10019548': order #156779670 buy 0.09 USDCAD at 1.33157 was modified -> sl: 1.32949 tp: 1.33105
0	05:57:17.475	Notifications: 'order #156779670 buy 0.09 USDCAD at 1.33157 modified: sl: 1.32949 tp: 1.33107 -> sl: 1.32949 tp: 1.33105' sent to 'D07ADD05'
0	05:57:46.087	'10019548': modify order #156778786 buy 0.09 EURAUD at 1.43955 sl: 1.43018 tp: 1.43175 -> sl: 1.43025 tp: 1.43191
0	05:57:46.418	'10019548': order #156778786 buy 0.09 EURAUD at 1.43955 was modified -> sl: 1.43025 tp: 1.43191
0	05:57:46.418	'10019548': modify order #156849475 buy 0.08 EURAUD at 1.43229 sl: 1.43018 tp: 1.43179 -> sl: 1.43025 tp: 1.43192
0	05:57:46.903	'10019548': order #156849475 buy 0.08 EURAUD at 1.43229 was modified -> sl: 1.43025 tp: 1.43192
0	05:57:48.200	Notifications: 'order #156778786 buy 0.09 EURAUD at 1.43955 modified: sl: 1.43018 tp: 1.43175 -> sl: 1.43025 tp: 1.43191' sent to 'D07ADD05'
0	05:57:49.923	Notifications: 'order #156849475 buy 0.08 EURAUD at 1.43229 modified: sl: 1.43018 tp: 1.43179 -> sl: 1.43025 tp: 1.43192' sent to 'D07ADD05'
0	05:57:50.667	'10019548': modify order #156778786 buy 0.09 EURAUD at 1.43955 sl: 1.43025 tp: 1.43191 -> sl: 1.43027 tp: 1.43192
0	05:57:51.298	'10019548': order #156778786 buy 0.09 EURAUD at 1.43955 was modified -> sl: 1.43027 tp: 1.43192
0	05:57:51.299	'10019548': modify order #156849475 buy 0.08 EURAUD at 1.43229 sl: 1.43025 tp: 1.43192 -> sl: 1.43027 tp: 1.43192
0	05:57:51.747	'10019548': order #156849475 buy 0.08 EURAUD at 1.43229 was modified -> sl: 1.43027 tp: 1.43192
0	05:57:52.984	Notifications: 'order #156778786 buy 0.09 EURAUD at 1.43955 modified: sl: 1.43025 tp: 1.43191 -> sl: 1.43027 tp: 1.43192' sent to 'D07ADD05'
0	05:57:54.779	Notifications: 'order #156849475 buy 0.08 EURAUD at 1.43229 modified: sl: 1.43025 tp: 1.43192 -> sl: 1.43027 tp: 1.43192' sent to 'D07ADD05'
0	05:57:59.146	'10019548': modify order #156779660 sell 0.09 AUDUSD at 0.74097 sl: 0.74546 tp: 0.74391 -> sl: 0.74545 tp: 0.74391
0	05:57:59.596	'10019548': order #156779660 sell 0.09 AUDUSD at 0.74097 was modified -> sl: 0.74545 tp: 0.74391
0	05:57:59.596	'10019548': modify order #156778786 buy 0.09 EURAUD at 1.43955 sl: 1.43027 tp: 1.43192 -> sl: 1.43029 tp: 1.43196
0	05:57:59.982	'10019548': order #156778786 buy 0.09 EURAUD at 1.43955 was modified -> sl: 1.43029 tp: 1.43196
0	05:57:59.982	'10019548': modify order #156849475 buy 0.08 EURAUD at 1.43229 sl: 1.43027 tp: 1.43192 -> sl: 1.43029 tp: 1.43196
0	05:58:00.388	'10019548': order #156849475 buy 0.08 EURAUD at 1.43229 was modified -> sl: 1.43029 tp: 1.43196
0	05:58:01.273	Notifications: 'order #156779660 sell 0.09 AUDUSD at 0.74097 modified: sl: 0.74546 tp: 0.74391 -> sl: 0.74545 tp: 0.74391' sent to 'D07ADD05'
0	05:58:02.791	'10019548': modify order #156778786 buy 0.09 EURAUD at 1.43955 sl: 1.43029 tp: 1.43196 -> sl: 1.43030 tp: 1.43197
0	05:58:03.093	Notifications: 'order #156778786 buy 0.09 EURAUD at 1.43955 modified: sl: 1.43027 tp: 1.43192 -> sl: 1.43029 tp: 1.43196' sent to 'D07ADD05'
0	05:58:03.609	'10019548': order #156778786 buy 0.09 EURAUD at 1.43955 was modified -> sl: 1.43030 tp: 1.43197
0	05:58:04.791	'10019548': modify order #156849475 buy 0.08 EURAUD at 1.43229 sl: 1.43029 tp: 1.43196 -> sl: 1.43030 tp: 1.43197
0	05:58:04.820	Notifications: 'order #156849475 buy 0.08 EURAUD at 1.43229 modified: sl: 1.43027 tp: 1.43192 -> sl: 1.43029 tp: 1.43196' sent to 'D07ADD05'
0	05:58:05.561	'10019548': order #156849475 buy 0.08 EURAUD at 1.43229 was modified -> sl: 1.43030 tp: 1.43197
0	05:58:05.562	'10019548': modify order #156779660 sell 0.09 AUDUSD at 0.74097 sl: 0.74545 tp: 0.74391 -> sl: 0.74544 tp: 0.74389
0	05:58:06.109	'10019548': order #156779660 sell 0.09 AUDUSD at 0.74097 was modified -> sl: 0.74544 tp: 0.74389
0	05:58:06.109	'10019548': modify order #156778786 buy 0.09 EURAUD at 1.43955 sl: 1.43030 tp: 1.43197 -> sl: 1.43031 tp: 1.43198
0	05:58:06.547	Notifications: 'order #156778786 buy 0.09 EURAUD at 1.43955 modified: sl: 1.43029 tp: 1.43196 -> sl: 1.43030 tp: 1.43197' sent to 'D07ADD05'
0	05:58:06.982	'10019548': order #156778786 buy 0.09 EURAUD at 1.43955 was modified -> sl: 1.43031 tp: 1.43198
0	05:58:06.982	'10019548': modify order #156849475 buy 0.08 EURAUD at 1.43229 sl: 1.43030 tp: 1.43197 -> sl: 1.43037 tp: 1.43198
0	05:58:08.046	'10019548': order #156849475 buy 0.08 EURAUD at 1.43229 was modified -> sl: 1.43037 tp: 1.43198
0	05:58:08.046	'10019548': modify order #156779660 sell 0.09 AUDUSD at 0.74097 sl: 0.74544 tp: 0.74389 -> sl: 0.74538 tp: 0.74384
0	05:58:08.294	Notifications: 'order #156849475 buy 0.08 EURAUD at 1.43229 modified: sl: 1.43029 tp: 1.43196 -> sl: 1.43030 tp: 1.43197' sent to 'D07ADD05'
0	05:58:08.733	'10019548': order #156779660 sell 0.09 AUDUSD at 0.74097 was modified -> sl: 0.74538 tp: 0.74384
0	05:58:08.733	'10019548': modify order #156778786 buy 0.09 EURAUD at 1.43955 sl: 1.43031 tp: 1.43198 -> sl: 1.43043 tp: 1.43202
0	05:58:09.568	'10019548': order #156778786 buy 0.09 EURAUD at 1.43955 was modified -> sl: 1.43043 tp: 1.43202
0	05:58:09.568	'10019548': modify order #156849475 buy 0.08 EURAUD at 1.43229 sl: 1.43037 tp: 1.43198 -> sl: 1.43041 tp: 1.43205
0	05:58:09.973	'10019548': order #156849475 buy 0.08 EURAUD at 1.43229 was modified -> sl: 1.43041 tp: 1.43205
0	05:58:10.050	Notifications: 'order #156779660 sell 0.09 AUDUSD at 0.74097 modified: sl: 0.74545 tp: 0.74391 -> sl: 0.74544 tp: 0.74389' sent to 'D07ADD05'
0	05:58:11.780	Notifications: 'order #156778786 buy 0.09 EURAUD at 1.43955 modified: sl: 1.43030 tp: 1.43197 -> sl: 1.43031 tp: 1.43198' sent to 'D07ADD05'
0	05:58:12.530	'10019548': modify order #156779660 sell 0.09 AUDUSD at 0.74097 sl: 0.74538 tp: 0.74384 -> sl: 0.74537 tp: 0.74383
0	05:58:13.381	'10019548': order #156779660 sell 0.09 AUDUSD at 0.74097 was modified -> sl: 0.74537 tp: 0.74383
0	05:58:13.382	'10019548': modify order #156849475 buy 0.08 EURAUD at 1.43229 sl: 1.43041 tp: 1.43205 -> sl: 1.43043 tp: 1.43209
0	05:58:13.624	Notifications: 'order #156849475 buy 0.08 EURAUD at 1.43229 modified: sl: 1.43030 tp: 1.43197 -> sl: 1.43037 tp: 1.43198' sent to 'D07ADD05'
0	05:58:13.875	'10019548': order #156849475 buy 0.08 EURAUD at 1.43229 was modified -> sl: 1.43043 tp: 1.43209
0	05:58:15.359	Notifications: 'order #156779660 sell 0.09 AUDUSD at 0.74097 modified: sl: 0.74544 tp: 0.74389 -> sl: 0.74538 tp: 0.74384' sent to 'D07ADD05'
0	05:58:16.189	'10019548': modify order #156778786 buy 0.09 EURAUD at 1.43955 sl: 1.43043 tp: 1.43202 -> sl: 1.43045 tp: 1.43209
0	05:58:16.656	'10019548': order #156778786 buy 0.09 EURAUD at 1.43955 was modified -> sl: 1.43045 tp: 1.43209
0	05:58:16.656	'10019548': modify order #156849475 buy 0.08 EURAUD at 1.43229 sl: 1.43043 tp: 1.43209 -> sl: 1.43045 tp: 1.43209
0	05:58:17.093	Notifications: 'order #156778786 buy 0.09 EURAUD at 1.43955 modified: sl: 1.43031 tp: 1.43198 -> sl: 1.43043 tp: 1.43202' sent to 'D07ADD05'
0	05:58:17.097	'10019548': order #156849475 buy 0.08 EURAUD at 1.43229 was modified -> sl: 1.43045 tp: 1.43209
0	05:58:17.097	'10019548': modify order #156779660 sell 0.09 AUDUSD at 0.74097 sl: 0.74537 tp: 0.74383 -> sl: 0.74536 tp: 0.74382
0	05:58:17.580	'10019548': order #156779660 sell 0.09 AUDUSD at 0.74097 was modified -> sl: 0.74536 tp: 0.74382
0	05:58:18.352	'10019548': modify order #156779660 sell 0.09 AUDUSD at 0.74097 sl: 0.74536 tp: 0.74382 -> sl: 0.74535 tp: 0.74382
0	05:58:18.905	'10019548': order #156779660 sell 0.09 AUDUSD at 0.74097 was modified -> sl: 0.74535 tp: 0.74382
0	05:58:18.905	'10019548': modify order #156778786 buy 0.09 EURAUD at 1.43955 sl: 1.43045 tp: 1.43209 -> sl: 1.43050 tp: 1.43215
0	05:58:18.960	Notifications: 'order #156849475 buy 0.08 EURAUD at 1.43229 modified: sl: 1.43037 tp: 1.43198 -> sl: 1.43041 tp: 1.43205' sent to 'D07ADD05'
0	05:58:19.545	'10019548': order #156778786 buy 0.09 EURAUD at 1.43955 was modified -> sl: 1.43050 tp: 1.43215
0	05:58:19.546	'10019548': modify order #156849475 buy 0.08 EURAUD at 1.43229 sl: 1.43045 tp: 1.43209 -> sl: 1.43057 tp: 1.43223
0	05:58:20.093	'10019548': order #156849475 buy 0.08 EURAUD at 1.43229 was modified -> sl: 1.43057 tp: 1.43223
0	05:58:20.093	'10019548': modify order #156779660 sell 0.09 AUDUSD at 0.74097 sl: 0.74535 tp: 0.74382 -> sl: 0.74534 tp: 0.74381
0	05:58:20.708	Notifications: 'order #156779660 sell 0.09 AUDUSD at 0.74097 modified: sl: 0.74538 tp: 0.74384 -> sl: 0.74537 tp: 0.74383' sent to 'D07ADD05'
0	05:58:21.312	'10019548': order #156779660 sell 0.09 AUDUSD at 0.74097 was modified -> sl: 0.74534 tp: 0.74381
0	05:58:22.497	Notifications: 'order #156849475 buy 0.08 EURAUD at 1.43229 modified: sl: 1.43041 tp: 1.43205 -> sl: 1.43043 tp: 1.43209' sent to 'D07ADD05'
0	05:58:24.222	Notifications: 'order #156778786 buy 0.09 EURAUD at 1.43955 modified: sl: 1.43043 tp: 1.43202 -> sl: 1.43045 tp: 1.43209' sent to 'D07ADD05'
0	05:58:25.950	Notifications: 'order #156849475 buy 0.08 EURAUD at 1.43229 modified: sl: 1.43043 tp: 1.43209 -> sl: 1.43045 tp: 1.43209' sent to 'D07ADD05'
0	05:58:27.751	Notifications: 'order #156779660 sell 0.09 AUDUSD at 0.74097 modified: sl: 0.74537 tp: 0.74383 -> sl: 0.74536 tp: 0.74382' sent to 'D07ADD05'
0	05:58:29.476	Notifications: 'order #156779660 sell 0.09 AUDUSD at 0.74097 modified: sl: 0.74536 tp: 0.74382 -> sl: 0.74535 tp: 0.74382' sent to 'D07ADD05'
0	05:58:31.215	Notifications: 'order #156778786 buy 0.09 EURAUD at 1.43955 modified: sl: 1.43045 tp: 1.43209 -> sl: 1.43050 tp: 1.43215' sent to 'D07ADD05'
0	05:58:32.956	Notifications: 'order #156849475 buy 0.08 EURAUD at 1.43229 modified: sl: 1.43045 tp: 1.43209 -> sl: 1.43057 tp: 1.43223' sent to 'D07ADD05'
0	05:58:34.703	Notifications: 'order #156779660 sell 0.09 AUDUSD at 0.74097 modified: sl: 0.74535 tp: 0.74382 -> sl: 0.74534 tp: 0.74381' sent to 'D07ADD05'
0	05:58:45.296	'10019548': modify order #156779660 sell 0.09 AUDUSD at 0.74097 sl: 0.74534 tp: 0.74381 -> sl: 0.74533 tp: 0.74380
0	05:58:46.235	'10019548': order #156779660 sell 0.09 AUDUSD at 0.74097 was modified -> sl: 0.74533 tp: 0.74380
0	05:58:47.962	Notifications: 'order #156779660 sell 0.09 AUDUSD at 0.74097 modified: sl: 0.74534 tp: 0.74381 -> sl: 0.74533 tp: 0.74380' sent to 'D07ADD05'
0	05:59:02.939	'10019548': modify order #156779660 sell 0.09 AUDUSD at 0.74097 sl: 0.74533 tp: 0.74380 -> sl: 0.74532 tp: 0.74379
0	05:59:04.240	'10019548': order #156779660 sell 0.09 AUDUSD at 0.74097 was modified -> sl: 0.74532 tp: 0.74379
0	05:59:05.804	Notifications: 'order #156779660 sell 0.09 AUDUSD at 0.74097 modified: sl: 0.74533 tp: 0.74380 -> sl: 0.74532 tp: 0.74379' sent to 'D07ADD05'
0	06:00:16.625	'10019548': modify order #156778786 buy 0.09 EURAUD at 1.43955 sl: 1.43050 tp: 1.43215 -> sl: 1.43052 tp: 1.43213
0	06:00:19.045	'10019548': order #156778786 buy 0.09 EURAUD at 1.43955 was modified -> sl: 1.43052 tp: 1.43213
0	06:00:19.045	'10019548': modify order #156778786 buy 0.09 EURAUD at 1.43955 sl: 1.43052 tp: 1.43213 -> sl: 1.43057 tp: 1.43218
0	06:00:20.568	Notifications: 'order #156778786 buy 0.09 EURAUD at 1.43955 modified: sl: 1.43050 tp: 1.43215 -> sl: 1.43052 tp: 1.43213' sent to 'D07ADD05'
0	06:00:21.225	'10019548': order #156778786 buy 0.09 EURAUD at 1.43955 was modified -> sl: 1.43057 tp: 1.43218
0	06:00:22.787	Notifications: 'order #156778786 buy 0.09 EURAUD at 1.43955 modified: sl: 1.43052 tp: 1.43213 -> sl: 1.43057 tp: 1.43218' sent to 'D07ADD05'
0	06:00:28.589	'10019548': modify order #156778786 buy 0.09 EURAUD at 1.43955 sl: 1.43057 tp: 1.43218 -> sl: 1.43062 tp: 1.43223
0	06:00:30.240	'10019548': order #156778786 buy 0.09 EURAUD at 1.43955 was modified -> sl: 1.43062 tp: 1.43223
0	06:00:30.241	'10019548': modify order #156849475 buy 0.08 EURAUD at 1.43229 sl: 1.43057 tp: 1.43223 -> sl: 1.43062 tp: 1.43225
0	06:00:31.949	Notifications: 'order #156778786 buy 0.09 EURAUD at 1.43955 modified: sl: 1.43057 tp: 1.43218 -> sl: 1.43062 tp: 1.43223' sent to 'D07ADD05'
0	06:00:32.511	'10019548': order #156849475 buy 0.08 EURAUD at 1.43229 was modified -> sl: 1.43062 tp: 1.43225
0	06:00:34.190	Notifications: 'order #156849475 buy 0.08 EURAUD at 1.43229 modified: sl: 1.43057 tp: 1.43223 -> sl: 1.43062 tp: 1.43225' sent to 'D07ADD05'
0	06:00:34.306	'10019548': modify order #156778786 buy 0.09 EURAUD at 1.43955 sl: 1.43062 tp: 1.43223 -> sl: 1.43063 tp: 1.43226
0	06:00:43.514	'10019548': order #156776591 buy 0.09 USDCAD at 1.33064 closed due stop-loss at price 1.32950
0	06:00:45.262	Notifications: 'order #156776591 buy 0.09 USDCAD at 1.33064 closed due stop-loss at price 1.32950, profit: -10.36 AUD' sent to 'D07ADD05'
0	06:00:45.765	'10019548': order #156778786 buy 0.09 EURAUD at 1.43955 was modified -> sl: 1.43063 tp: 1.43226
0	06:00:46.789	'10019548': modify order #156778786 buy 0.09 EURAUD at 1.43955 sl: 1.43063 tp: 1.43226 -> sl: 1.43065 tp: 1.43231
0	06:00:47.301	Notifications: 'order #156778786 buy 0.09 EURAUD at 1.43955 modified: sl: 1.43062 tp: 1.43223 -> sl: 1.43063 tp: 1.43226' sent to 'D07ADD05'
0	06:00:47.390	'10019548': order #156779670 buy 0.09 USDCAD at 1.33157 closed due stop-loss at price 1.32949
0	06:00:47.883	'10019548': order #156778786 buy 0.09 EURAUD at 1.43955 was modified -> sl: 1.43065 tp: 1.43231
0	06:00:47.883	'10019548': modify order #156849475 buy 0.08 EURAUD at 1.43229 sl: 1.43062 tp: 1.43225 -> sl: 1.43065 tp: 1.43231
0	06:00:48.600	'10019548': order #156849475 buy 0.08 EURAUD at 1.43229 was modified -> sl: 1.43065 tp: 1.43231
0	06:00:48.955	'10019548': modify order #156778786 buy 0.09 EURAUD at 1.43955 sl: 1.43065 tp: 1.43231 -> sl: 1.43067 tp: 1.43231
0	06:00:49.248	Notifications: 'order #156779670 buy 0.09 USDCAD at 1.33157 closed due stop-loss at price 1.32949, profit: -18.91 AUD' sent to 'D07ADD05'
0	06:00:50.359	'10019548': order #156778786 buy 0.09 EURAUD at 1.43955 was modified -> sl: 1.43067 tp: 1.43231
0	06:00:50.359	'10019548': modify order #156849475 buy 0.08 EURAUD at 1.43229 sl: 1.43065 tp: 1.43231 -> sl: 1.43067 tp: 1.43231
0	06:00:51.116	Notifications: 'order #156778786 buy 0.09 EURAUD at 1.43955 modified: sl: 1.43063 tp: 1.43226 -> sl: 1.43065 tp: 1.43231' sent to 'D07ADD05'
0	06:00:51.518	'10019548': order #156849475 buy 0.08 EURAUD at 1.43229 was modified -> sl: 1.43067 tp: 1.43231
0	06:00:52.852	Notifications: 'order #156849475 buy 0.08 EURAUD at 1.43229 modified: sl: 1.43062 tp: 1.43225 -> sl: 1.43065 tp: 1.43231' sent to 'D07ADD05'
0	06:00:54.580	Notifications: 'order #156778786 buy 0.09 EURAUD at 1.43955 modified: sl: 1.43065 tp: 1.43231 -> sl: 1.43067 tp: 1.43231' sent to 'D07ADD05'
0	06:00:56.306	Notifications: 'order #156849475 buy 0.08 EURAUD at 1.43229 modified: sl: 1.43065 tp: 1.43231 -> sl: 1.43067 tp: 1.43231' sent to 'D07ADD05'
0	06:00:56.797	'10019548': modify order #156778786 buy 0.09 EURAUD at 1.43955 sl: 1.43067 tp: 1.43231 -> sl: 1.43072 tp: 1.43238
0	06:00:57.799	'10019548': order #156778786 buy 0.09 EURAUD at 1.43955 was modified -> sl: 1.43072 tp: 1.43238
0	06:00:57.800	'10019548': modify order #156849475 buy 0.08 EURAUD at 1.43229 sl: 1.43067 tp: 1.43231 -> sl: 1.43074 tp: 1.43238
0	06:00:59.244	Notifications: 'order #156778786 buy 0.09 EURAUD at 1.43955 modified: sl: 1.43067 tp: 1.43231 -> sl: 1.43072 tp: 1.43238' sent to 'D07ADD05'
0	06:01:00.260	'10019548': order #156849475 buy 0.08 EURAUD at 1.43229 was modified -> sl: 1.43074 tp: 1.43238
0	06:01:01.969	Notifications: 'order #156849475 buy 0.08 EURAUD at 1.43229 modified: sl: 1.43067 tp: 1.43231 -> sl: 1.43074 tp: 1.43238' sent to 'D07ADD05'
0	06:01:46.246	'10019548': order #156849471 sell 0.08 EURGBP at 0.84189 closed due stop-loss at price 0.83940
0	06:01:48.017	Notifications: 'order #156849471 sell 0.08 EURGBP at 0.84189 closed due stop-loss at price 0.83940, profit: 33.97 AUD' sent to 'D07ADD05'
0	06:02:11.782	'10019548': modify order #156778786 buy 0.09 EURAUD at 1.43955 sl: 1.43072 tp: 1.43238 -> sl: 1.43076 tp: 1.43238
0	06:02:12.408	'10019548': order #156778786 buy 0.09 EURAUD at 1.43955 was modified -> sl: 1.43076 tp: 1.43238
0	06:02:12.409	'10019548': modify order #156849475 buy 0.08 EURAUD at 1.43229 sl: 1.43074 tp: 1.43238 -> sl: 1.43076 tp: 1.43238
0	06:02:13.129	'10019548': order #156849475 buy 0.08 EURAUD at 1.43229 was modified -> sl: 1.43076 tp: 1.43238
0	06:02:14.067	Notifications: 'order #156778786 buy 0.09 EURAUD at 1.43955 modified: sl: 1.43072 tp: 1.43238 -> sl: 1.43076 tp: 1.43238' sent to 'D07ADD05'
0	06:02:15.573	'10019548': modify order #156778786 buy 0.09 EURAUD at 1.43955 sl: 1.43076 tp: 1.43238 -> sl: 1.43078 tp: 1.43243
0	06:02:15.807	Notifications: 'order #156849475 buy 0.08 EURAUD at 1.43229 modified: sl: 1.43074 tp: 1.43238 -> sl: 1.43076 tp: 1.43238' sent to 'D07ADD05'
0	06:02:16.095	'10019548': order #156778786 buy 0.09 EURAUD at 1.43955 was modified -> sl: 1.43078 tp: 1.43243
0	06:02:16.096	'10019548': modify order #156849475 buy 0.08 EURAUD at 1.43229 sl: 1.43076 tp: 1.43238 -> sl: 1.43078 tp: 1.43243
0	06:02:16.598	'10019548': order #156849475 buy 0.08 EURAUD at 1.43229 was modified -> sl: 1.43078 tp: 1.43243
0	06:02:17.738	Notifications: 'order #156778786 buy 0.09 EURAUD at 1.43955 modified: sl: 1.43076 tp: 1.43238 -> sl: 1.43078 tp: 1.43243' sent to 'D07ADD05'
0	06:02:19.544	Notifications: 'order #156849475 buy 0.08 EURAUD at 1.43229 modified: sl: 1.43076 tp: 1.43238 -> sl: 1.43078 tp: 1.43243' sent to 'D07ADD05'
0	06:02:30.756	'10019548': modify order #156778786 buy 0.09 EURAUD at 1.43955 sl: 1.43078 tp: 1.43243 -> sl: 1.43079 tp: 1.43243
0	06:02:31.208	'10019548': order #156778786 buy 0.09 EURAUD at 1.43955 was modified -> sl: 1.43079 tp: 1.43243
0	06:02:32.843	Notifications: 'order #156778786 buy 0.09 EURAUD at 1.43955 modified: sl: 1.43078 tp: 1.43243 -> sl: 1.43079 tp: 1.43243' sent to 'D07ADD05'
0	06:08:01.366	'10019548': modify order #156779660 sell 0.09 AUDUSD at 0.74097 sl: 0.74532 tp: 0.74379 -> sl: 0.74531 tp: 0.74374
0	06:08:52.133	'10019548': order #156779660 sell 0.09 AUDUSD at 0.74097 was modified -> sl: 0.74531 tp: 0.74374
0	06:08:52.134	'10019548': modify order #156778786 buy 0.09 EURAUD at 1.43955 sl: 1.43079 tp: 1.43243 -> sl: 1.43080 tp: 1.43248
0	06:08:53.755	Notifications: 'order #156779660 sell 0.09 AUDUSD at 0.74097 modified: sl: 0.74532 tp: 0.74379 -> sl: 0.74531 tp: 0.74374' sent to 'D07ADD05'
0	06:08:55.821	'10019548': order #156778786 buy 0.09 EURAUD at 1.43955 was modified -> sl: 1.43080 tp: 1.43248
0	06:08:55.822	'10019548': modify order #156849475 buy 0.08 EURAUD at 1.43229 sl: 1.43078 tp: 1.43243 -> sl: 1.43080 tp: 1.43248
0	06:08:56.806	'10019548': order #156849475 buy 0.08 EURAUD at 1.43229 was modified -> sl: 1.43080 tp: 1.43248
0	06:08:56.807	'10019548': modify order #156779660 sell 0.09 AUDUSD at 0.74097 sl: 0.74531 tp: 0.74374 -> sl: 0.74529 tp: 0.74373
0	06:08:57.315	Notifications: 'order #156778786 buy 0.09 EURAUD at 1.43955 modified: sl: 1.43079 tp: 1.43243 -> sl: 1.43080 tp: 1.43248' sent to 'D07ADD05'
0	06:08:58.343	'10019548': order #156779660 sell 0.09 AUDUSD at 0.74097 was modified -> sl: 0.74529 tp: 0.74373
0	06:08:58.344	'10019548': modify order #156778786 buy 0.09 EURAUD at 1.43955 sl: 1.43080 tp: 1.43248 -> sl: 1.43081 tp: 1.43249
0	06:08:59.070	Notifications: 'order #156849475 buy 0.08 EURAUD at 1.43229 modified: sl: 1.43078 tp: 1.43243 -> sl: 1.43080 tp: 1.43248' sent to 'D07ADD05'
0	06:08:59.498	'10019548': order #156778786 buy 0.09 EURAUD at 1.43955 was modified -> sl: 1.43081 tp: 1.43249
0	06:08:59.498	'10019548': modify order #156849475 buy 0.08 EURAUD at 1.43229 sl: 1.43080 tp: 1.43248 -> sl: 1.43081 tp: 1.43249
0	06:09:00.556	'10019548': order #156849475 buy 0.08 EURAUD at 1.43229 was modified -> sl: 1.43081 tp: 1.43249
0	06:09:00.890	Notifications: 'order #156779660 sell 0.09 AUDUSD at 0.74097 modified: sl: 0.74531 tp: 0.74374 -> sl: 0.74529 tp: 0.74373' sent to 'D07ADD05'
0	06:09:02.721	Notifications: 'order #156778786 buy 0.09 EURAUD at 1.43955 modified: sl: 1.43080 tp: 1.43248 -> sl: 1.43081 tp: 1.43249' sent to 'D07ADD05'
0	06:09:04.440	Notifications: 'order #156849475 buy 0.08 EURAUD at 1.43229 modified: sl: 1.43080 tp: 1.43248 -> sl: 1.43081 tp: 1.43249' sent to 'D07ADD05'
0	06:09:14.500	'10019548': modify order #156778786 buy 0.09 EURAUD at 1.43955 sl: 1.43081 tp: 1.43249 -> sl: 1.43085 tp: 1.43248
0	06:09:15.091	'10019548': order #156778786 buy 0.09 EURAUD at 1.43955 was modified -> sl: 1.43085 tp: 1.43248
0	06:09:15.091	'10019548': modify order #156849475 buy 0.08 EURAUD at 1.43229 sl: 1.43081 tp: 1.43249 -> sl: 1.43082 tp: 1.43248
0	06:09:15.808	'10019548': order #156849475 buy 0.08 EURAUD at 1.43229 was modified -> sl: 1.43082 tp: 1.43248
0	06:09:16.721	Notifications: 'order #156778786 buy 0.09 EURAUD at 1.43955 modified: sl: 1.43081 tp: 1.43249 -> sl: 1.43085 tp: 1.43248' sent to 'D07ADD05'
0	06:09:18.551	Notifications: 'order #156849475 buy 0.08 EURAUD at 1.43229 modified: sl: 1.43081 tp: 1.43249 -> sl: 1.43082 tp: 1.43248' sent to 'D07ADD05'
0	06:09:27.560	'10019548': modify order #156778786 buy 0.09 EURAUD at 1.43955 sl: 1.43085 tp: 1.43248 -> sl: 1.43090 tp: 1.43254
0	06:09:28.188	'10019548': order #156778786 buy 0.09 EURAUD at 1.43955 was modified -> sl: 1.43090 tp: 1.43254
0	06:09:28.188	'10019548': modify order #156849475 buy 0.08 EURAUD at 1.43229 sl: 1.43082 tp: 1.43248 -> sl: 1.43090 tp: 1.43254
0	06:09:29.900	Notifications: 'order #156778786 buy 0.09 EURAUD at 1.43955 modified: sl: 1.43085 tp: 1.43248 -> sl: 1.43090 tp: 1.43254' sent to 'D07ADD05'
0	06:09:31.968	'10019548': order #156849475 buy 0.08 EURAUD at 1.43229 was modified -> sl: 1.43090 tp: 1.43254
0	06:09:33.541	Notifications: 'order #156849475 buy 0.08 EURAUD at 1.43229 modified: sl: 1.43082 tp: 1.43248 -> sl: 1.43090 tp: 1.43254' sent to 'D07ADD05'
0	06:09:37.140	'10019548': modify order #156778786 buy 0.09 EURAUD at 1.43955 sl: 1.43090 tp: 1.43254 -> sl: 1.43092 tp: 1.43257
0	06:09:38.234	'10019548': order #156778786 buy 0.09 EURAUD at 1.43955 was modified -> sl: 1.43092 tp: 1.43257
0	06:09:38.234	'10019548': modify order #156849475 buy 0.08 EURAUD at 1.43229 sl: 1.43090 tp: 1.43254 -> sl: 1.43093 tp: 1.43261
0	06:09:38.690	'10019548': order #156849475 buy 0.08 EURAUD at 1.43229 was modified -> sl: 1.43093 tp: 1.43261
0	06:09:38.693	'10019548': modify order #156778786 buy 0.09 EURAUD at 1.43955 sl: 1.43092 tp: 1.43257 -> sl: 1.43096 tp: 1.43261
0	06:09:39.900	Notifications: 'order #156778786 buy 0.09 EURAUD at 1.43955 modified: sl: 1.43090 tp: 1.43254 -> sl: 1.43092 tp: 1.43257' sent to 'D07ADD05'
0	06:09:41.493	'10019548': order #156778786 buy 0.09 EURAUD at 1.43955 was modified -> sl: 1.43096 tp: 1.43261
0	06:09:41.680	Notifications: 'order #156849475 buy 0.08 EURAUD at 1.43229 modified: sl: 1.43090 tp: 1.43254 -> sl: 1.43093 tp: 1.43261' sent to 'D07ADD05'
0	06:09:43.431	Notifications: 'order #156778786 buy 0.09 EURAUD at 1.43955 modified: sl: 1.43092 tp: 1.43257 -> sl: 1.43096 tp: 1.43261' sent to 'D07ADD05'
0	06:10:00.410	'10019548': modify order #156849475 buy 0.08 EURAUD at 1.43229 sl: 1.43093 tp: 1.43261 -> sl: 1.43094 tp: 1.43262
0	06:10:06.836	'10019548': order #156849475 buy 0.08 EURAUD at 1.43229 was modified -> sl: 1.43094 tp: 1.43262
0	06:10:08.417	Notifications: 'order #156849475 buy 0.08 EURAUD at 1.43229 modified: sl: 1.43093 tp: 1.43261 -> sl: 1.43094 tp: 1.43262' sent to 'D07ADD05'
0	06:10:12.856	'10019548': modify order #156849475 buy 0.08 EURAUD at 1.43229 sl: 1.43094 tp: 1.43262 -> sl: 1.43096 tp: 1.43260
0	06:10:16.302	'10019548': order #156849475 buy 0.08 EURAUD at 1.43229 was modified -> sl: 1.43096 tp: 1.43260
0	06:10:18.032	Notifications: 'order #156849475 buy 0.08 EURAUD at 1.43229 modified: sl: 1.43094 tp: 1.43262 -> sl: 1.43096 tp: 1.43260' sent to 'D07ADD05'
0	06:11:11.806	'10019548': modify order #156778786 buy 0.09 EURAUD at 1.43955 sl: 1.43096 tp: 1.43261 -> sl: 1.43097 tp: 1.43260
0	06:11:12.263	'10019548': order #156778786 buy 0.09 EURAUD at 1.43955 was modified -> sl: 1.43097 tp: 1.43260
0	06:11:12.263	'10019548': modify order #156849475 buy 0.08 EURAUD at 1.43229 sl: 1.43096 tp: 1.43260 -> sl: 1.43097 tp: 1.43260
0	06:11:12.810	'10019548': order #156849475 buy 0.08 EURAUD at 1.43229 was modified -> sl: 1.43097 tp: 1.43260
0	06:11:13.881	Notifications: 'order #156778786 buy 0.09 EURAUD at 1.43955 modified: sl: 1.43096 tp: 1.43261 -> sl: 1.43097 tp: 1.43260' sent to 'D07ADD05'
0	06:11:15.716	Notifications: 'order #156849475 buy 0.08 EURAUD at 1.43229 modified: sl: 1.43096 tp: 1.43260 -> sl: 1.43097 tp: 1.43260' sent to 'D07ADD05'
0	06:12:45.707	'10019548': modify order #156779660 sell 0.09 AUDUSD at 0.74097 sl: 0.74529 tp: 0.74373 -> sl: 0.74528 tp: 0.74372
0	06:12:46.324	'10019548': order #156779660 sell 0.09 AUDUSD at 0.74097 was modified -> sl: 0.74528 tp: 0.74372
0	06:12:46.324	'10019548': modify order #156778786 buy 0.09 EURAUD at 1.43955 sl: 1.43097 tp: 1.43260 -> sl: 1.43098 tp: 1.43265
0	06:12:47.084	'10019548': order #156778786 buy 0.09 EURAUD at 1.43955 was modified -> sl: 1.43098 tp: 1.43265
0	06:12:47.084	'10019548': modify order #156849475 buy 0.08 EURAUD at 1.43229 sl: 1.43097 tp: 1.43260 -> sl: 1.43098 tp: 1.43264
0	06:12:47.982	'10019548': order #156849475 buy 0.08 EURAUD at 1.43229 was modified -> sl: 1.43098 tp: 1.43264
0	06:12:47.982	'10019548': modify order #156779660 sell 0.09 AUDUSD at 0.74097 sl: 0.74528 tp: 0.74372 -> sl: 0.74521 tp: 0.74368
0	06:12:48.054	Notifications: 'order #156779660 sell 0.09 AUDUSD at 0.74097 modified: sl: 0.74529 tp: 0.74373 -> sl: 0.74528 tp: 0.74372' sent to 'D07ADD05'
0	06:12:48.791	'10019548': order #156779660 sell 0.09 AUDUSD at 0.74097 was modified -> sl: 0.74521 tp: 0.74368
0	06:12:48.791	'10019548': modify order #156779660 sell 0.09 AUDUSD at 0.74097 sl: 0.74521 tp: 0.74368 -> sl: 0.74520 tp: 0.74367
0	06:12:49.827	Notifications: 'order #156778786 buy 0.09 EURAUD at 1.43955 modified: sl: 1.43097 tp: 1.43260 -> sl: 1.43098 tp: 1.43265' sent to 'D07ADD05'
0	06:12:51.549	Notifications: 'order #156849475 buy 0.08 EURAUD at 1.43229 modified: sl: 1.43097 tp: 1.43260 -> sl: 1.43098 tp: 1.43264' sent to 'D07ADD05'
0	06:12:53.292	Notifications: 'order #156779660 sell 0.09 AUDUSD at 0.74097 modified: sl: 0.74528 tp: 0.74372 -> sl: 0.74521 tp: 0.74368' sent to 'D07ADD05'
0	06:13:44.485	'10019548': order #156779660 sell 0.09 AUDUSD at 0.74097 was modified -> sl: 0.74520 tp: 0.74367
0	06:13:44.486	'10019548': modify order #156779660 sell 0.09 AUDUSD at 0.74097 sl: 0.74520 tp: 0.74367 -> sl: 0.74512 tp: 0.74357
0	06:13:46.109	Notifications: 'order #156779660 sell 0.09 AUDUSD at 0.74097 modified: sl: 0.74521 tp: 0.74368 -> sl: 0.74520 tp: 0.74367' sent to 'D07ADD05'
0	06:14:01.385	'10019548': order #156779660 sell 0.09 AUDUSD at 0.74097 was modified -> sl: 0.74512 tp: 0.74357
0	06:14:03.127	Notifications: 'order #156779660 sell 0.09 AUDUSD at 0.74097 modified: sl: 0.74520 tp: 0.74367 -> sl: 0.74512 tp: 0.74357' sent to 'D07ADD05'
0	06:14:15.030	'10019548': modify order #156779660 sell 0.09 AUDUSD at 0.74097 sl: 0.74512 tp: 0.74357 -> sl: 0.74511 tp: 0.74355
0	06:14:15.654	'10019548': order #156779660 sell 0.09 AUDUSD at 0.74097 was modified -> sl: 0.74511 tp: 0.74355
0	06:14:16.585	'10019548': modify order #156779660 sell 0.09 AUDUSD at 0.74097 sl: 0.74511 tp: 0.74355 -> sl: 0.74510 tp: 0.74355
0	06:14:17.371	Notifications: 'order #156779660 sell 0.09 AUDUSD at 0.74097 modified: sl: 0.74512 tp: 0.74357 -> sl: 0.74511 tp: 0.74355' sent to 'D07ADD05'
0	06:14:20.558	'10019548': order #156779660 sell 0.09 AUDUSD at 0.74097 was modified -> sl: 0.74510 tp: 0.74355
0	06:14:22.119	Notifications: 'order #156779660 sell 0.09 AUDUSD at 0.74097 modified: sl: 0.74511 tp: 0.74355 -> sl: 0.74510 tp: 0.74355' sent to 'D07ADD05'
0	06:17:38.354	'10019548': modify order #156778786 buy 0.09 EURAUD at 1.43955 sl: 1.43098 tp: 1.43265 -> sl: 1.43102 tp: 1.43268
0	06:17:38.873	'10019548': order #156778786 buy 0.09 EURAUD at 1.43955 was modified -> sl: 1.43102 tp: 1.43268
0	06:17:38.874	'10019548': modify order #156849475 buy 0.08 EURAUD at 1.43229 sl: 1.43098 tp: 1.43264 -> sl: 1.43102 tp: 1.43268
0	06:17:39.343	'10019548': order #156849475 buy 0.08 EURAUD at 1.43229 was modified -> sl: 1.43102 tp: 1.43268
0	06:17:40.736	Notifications: 'order #156778786 buy 0.09 EURAUD at 1.43955 modified: sl: 1.43098 tp: 1.43265 -> sl: 1.43102 tp: 1.43268' sent to 'D07ADD05'
0	06:17:42.561	Notifications: 'order #156849475 buy 0.08 EURAUD at 1.43229 modified: sl: 1.43098 tp: 1.43264 -> sl: 1.43102 tp: 1.43268' sent to 'D07ADD05'
0	06:19:00.093	'10019548': modify order #156779660 sell 0.09 AUDUSD at 0.74097 sl: 0.74510 tp: 0.74355 -> sl: 0.74502 tp: 0.74347
0	06:19:00.500	'10019548': order #156779660 sell 0.09 AUDUSD at 0.74097 was modified -> sl: 0.74502 tp: 0.74347
0	06:19:00.580	'10019548': modify order #156779660 sell 0.09 AUDUSD at 0.74097 sl: 0.74502 tp: 0.74347 -> sl: 0.74501 tp: 0.74345
0	06:19:00.994	'10019548': order #156779660 sell 0.09 AUDUSD at 0.74097 was modified -> sl: 0.74501 tp: 0.74345
0	06:19:02.339	Notifications: 'order #156779660 sell 0.09 AUDUSD at 0.74097 modified: sl: 0.74510 tp: 0.74355 -> sl: 0.74502 tp: 0.74347' sent to 'D07ADD05'
0	06:19:04.199	Notifications: 'order #156779660 sell 0.09 AUDUSD at 0.74097 modified: sl: 0.74502 tp: 0.74347 -> sl: 0.74501 tp: 0.74345' sent to 'D07ADD05'
0	06:19:10.662	'10019548': modify order #156779660 sell 0.09 AUDUSD at 0.74097 sl: 0.74501 tp: 0.74345 -> sl: 0.74499 tp: 0.74345
0	06:19:11.141	'10019548': order #156779660 sell 0.09 AUDUSD at 0.74097 was modified -> sl: 0.74499 tp: 0.74345
0	06:19:12.830	Notifications: 'order #156779660 sell 0.09 AUDUSD at 0.74097 modified: sl: 0.74501 tp: 0.74345 -> sl: 0.74499 tp: 0.74345' sent to 'D07ADD05'
0	06:19:29.261	'10019548': modify order #156778786 buy 0.09 EURAUD at 1.43955 sl: 1.43102 tp: 1.43268 -> sl: 1.43103 tp: 1.43268
0	06:19:29.927	'10019548': order #156778786 buy 0.09 EURAUD at 1.43955 was modified -> sl: 1.43103 tp: 1.43268
0	06:19:31.679	Notifications: 'order #156778786 buy 0.09 EURAUD at 1.43955 modified: sl: 1.43102 tp: 1.43268 -> sl: 1.43103 tp: 1.43268' sent to 'D07ADD05'
0	06:19:32.347	'10019548': modify order #156778786 buy 0.09 EURAUD at 1.43955 sl: 1.43103 tp: 1.43268 -> sl: 1.43106 tp: 1.43271
0	06:19:32.811	'10019548': order #156778786 buy 0.09 EURAUD at 1.43955 was modified -> sl: 1.43106 tp: 1.43271
0	06:19:32.811	'10019548': modify order #156849475 buy 0.08 EURAUD at 1.43229 sl: 1.43102 tp: 1.43268 -> sl: 1.43105 tp: 1.43271
0	06:19:33.263	'10019548': order #156849475 buy 0.08 EURAUD at 1.43229 was modified -> sl: 1.43105 tp: 1.43271
0	06:19:34.660	Notifications: 'order #156778786 buy 0.09 EURAUD at 1.43955 modified: sl: 1.43103 tp: 1.43268 -> sl: 1.43106 tp: 1.43271' sent to 'D07ADD05'
0	06:19:36.426	Notifications: 'order #156849475 buy 0.08 EURAUD at 1.43229 modified: sl: 1.43102 tp: 1.43268 -> sl: 1.43105 tp: 1.43271' sent to 'D07ADD05'
0	06:21:33.780	'10019548': modify order #156778786 buy 0.09 EURAUD at 1.43955 sl: 1.43106 tp: 1.43271 -> sl: 1.43108 tp: 1.43275
0	06:21:35.157	'10019548': order #156778786 buy 0.09 EURAUD at 1.43955 was modified -> sl: 1.43108 tp: 1.43275
0	06:21:35.158	'10019548': modify order #156849475 buy 0.08 EURAUD at 1.43229 sl: 1.43105 tp: 1.43271 -> sl: 1.43108 tp: 1.43275
0	06:21:35.704	'10019548': order #156849475 buy 0.08 EURAUD at 1.43229 was modified -> sl: 1.43108 tp: 1.43275
0	06:21:38.073	Notifications: 'order #156778786 buy 0.09 EURAUD at 1.43955 modified: sl: 1.43106 tp: 1.43271 -> sl: 1.43108 tp: 1.43275' sent to 'D07ADD05'
0	06:21:39.833	Notifications: 'order #156849475 buy 0.08 EURAUD at 1.43229 modified: sl: 1.43105 tp: 1.43271 -> sl: 1.43108 tp: 1.43275' sent to 'D07ADD05'
0	06:21:53.772	'10019548': modify order #156778786 buy 0.09 EURAUD at 1.43955 sl: 1.43108 tp: 1.43275 -> sl: 1.43112 tp: 1.43273
0	06:21:54.265	'10019548': order #156778786 buy 0.09 EURAUD at 1.43955 was modified -> sl: 1.43112 tp: 1.43273
0	06:21:55.886	Notifications: 'order #156778786 buy 0.09 EURAUD at 1.43955 modified: sl: 1.43108 tp: 1.43275 -> sl: 1.43112 tp: 1.43273' sent to 'D07ADD05'
0	06:21:57.324	'10019548': modify order #156849475 buy 0.08 EURAUD at 1.43229 sl: 1.43108 tp: 1.43275 -> sl: 1.43110 tp: 1.43274
0	06:21:57.890	'10019548': order #156849475 buy 0.08 EURAUD at 1.43229 was modified -> sl: 1.43110 tp: 1.43274
0	06:21:57.890	'10019548': modify order #156849475 buy 0.08 EURAUD at 1.43229 sl: 1.43110 tp: 1.43274 -> sl: 1.43111 tp: 1.43279
0	06:21:58.281	'10019548': order #156849475 buy 0.08 EURAUD at 1.43229 was modified -> sl: 1.43111 tp: 1.43279
0	06:21:59.557	Notifications: 'order #156849475 buy 0.08 EURAUD at 1.43229 modified: sl: 1.43108 tp: 1.43275 -> sl: 1.43110 tp: 1.43274' sent to 'D07ADD05'
0	06:22:01.295	Notifications: 'order #156849475 buy 0.08 EURAUD at 1.43229 modified: sl: 1.43110 tp: 1.43274 -> sl: 1.43111 tp: 1.43279' sent to 'D07ADD05'
0	06:22:04.695	'10019548': modify order #156778786 buy 0.09 EURAUD at 1.43955 sl: 1.43112 tp: 1.43273 -> sl: 1.43113 tp: 1.43276
0	06:22:05.145	'10019548': order #156778786 buy 0.09 EURAUD at 1.43955 was modified -> sl: 1.43113 tp: 1.43276
0	06:22:06.906	Notifications: 'order #156778786 buy 0.09 EURAUD at 1.43955 modified: sl: 1.43112 tp: 1.43273 -> sl: 1.43113 tp: 1.43276' sent to 'D07ADD05'
0	06:22:08.985	'10019548': modify order #156849475 buy 0.08 EURAUD at 1.43229 sl: 1.43111 tp: 1.43279 -> sl: 1.43112 tp: 1.43275
0	06:22:09.421	'10019548': order #156849475 buy 0.08 EURAUD at 1.43229 was modified -> sl: 1.43112 tp: 1.43275
0	06:22:09.422	'10019548': modify order #156849475 buy 0.08 EURAUD at 1.43229 sl: 1.43112 tp: 1.43275 -> sl: 1.43113 tp: 1.43280
0	06:22:10.001	'10019548': order #156849475 buy 0.08 EURAUD at 1.43229 was modified -> sl: 1.43113 tp: 1.43280
0	06:22:11.288	Notifications: 'order #156849475 buy 0.08 EURAUD at 1.43229 modified: sl: 1.43111 tp: 1.43279 -> sl: 1.43112 tp: 1.43275' sent to 'D07ADD05'
0	06:22:13.116	Notifications: 'order #156849475 buy 0.08 EURAUD at 1.43229 modified: sl: 1.43112 tp: 1.43275 -> sl: 1.43113 tp: 1.43280' sent to 'D07ADD05'
0	06:22:14.778	'10019548': modify order #156778786 buy 0.09 EURAUD at 1.43955 sl: 1.43113 tp: 1.43276 -> sl: 1.43114 tp: 1.43280
0	06:22:15.214	'10019548': order #156778786 buy 0.09 EURAUD at 1.43955 was modified -> sl: 1.43114 tp: 1.43280
0	06:22:15.216	'10019548': modify order #156849475 buy 0.08 EURAUD at 1.43229 sl: 1.43113 tp: 1.43280 -> sl: 1.43114 tp: 1.43280
0	06:22:15.705	'10019548': order #156849475 buy 0.08 EURAUD at 1.43229 was modified -> sl: 1.43114 tp: 1.43280
0	06:22:17.070	Notifications: 'order #156778786 buy 0.09 EURAUD at 1.43955 modified: sl: 1.43113 tp: 1.43276 -> sl: 1.43114 tp: 1.43280' sent to 'D07ADD05'
0	06:22:18.001	'10019548': modify order #156778786 buy 0.09 EURAUD at 1.43955 sl: 1.43114 tp: 1.43280 -> sl: 1.43116 tp: 1.43282
0	06:22:18.579	'10019548': order #156778786 buy 0.09 EURAUD at 1.43955 was modified -> sl: 1.43116 tp: 1.43282
0	06:22:18.579	'10019548': modify order #156849475 buy 0.08 EURAUD at 1.43229 sl: 1.43114 tp: 1.43280 -> sl: 1.43116 tp: 1.43284
0	06:22:19.033	'10019548': order #156849475 buy 0.08 EURAUD at 1.43229 was modified -> sl: 1.43116 tp: 1.43284
0	06:22:19.811	Notifications: 'order #156849475 buy 0.08 EURAUD at 1.43229 modified: sl: 1.43113 tp: 1.43280 -> sl: 1.43114 tp: 1.43280' sent to 'D07ADD05'
0	06:22:21.789	Notifications: 'order #156778786 buy 0.09 EURAUD at 1.43955 modified: sl: 1.43114 tp: 1.43280 -> sl: 1.43116 tp: 1.43282' sent to 'D07ADD05'
0	06:22:23.597	Notifications: 'order #156849475 buy 0.08 EURAUD at 1.43229 modified: sl: 1.43114 tp: 1.43280 -> sl: 1.43116 tp: 1.43284' sent to 'D07ADD05'
0	06:22:30.570	'10019548': modify order #156778786 buy 0.09 EURAUD at 1.43955 sl: 1.43116 tp: 1.43282 -> sl: 1.43121 tp: 1.43285
0	06:22:31.019	'10019548': order #156778786 buy 0.09 EURAUD at 1.43955 was modified -> sl: 1.43121 tp: 1.43285
0	06:22:31.020	'10019548': modify order #156849475 buy 0.08 EURAUD at 1.43229 sl: 1.43116 tp: 1.43284 -> sl: 1.43117 tp: 1.43285
0	06:22:31.474	'10019548': order #156849475 buy 0.08 EURAUD at 1.43229 was modified -> sl: 1.43117 tp: 1.43285
0	06:22:31.474	'10019548': modify order #156849475 buy 0.08 EURAUD at 1.43229 sl: 1.43117 tp: 1.43285 -> sl: 1.43119 tp: 1.43285
0	06:22:31.894	'10019548': order #156849475 buy 0.08 EURAUD at 1.43229 was modified -> sl: 1.43119 tp: 1.43285
0	06:22:32.685	Notifications: 'order #156778786 buy 0.09 EURAUD at 1.43955 modified: sl: 1.43116 tp: 1.43282 -> sl: 1.43121 tp: 1.43285' sent to 'D07ADD05'
0	06:22:33.140	'10019548': modify order #156849475 buy 0.08 EURAUD at 1.43229 sl: 1.43119 tp: 1.43285 -> sl: 1.43120 tp: 1.43285
0	06:22:33.619	'10019548': order #156849475 buy 0.08 EURAUD at 1.43229 was modified -> sl: 1.43120 tp: 1.43285
0	06:22:34.412	Notifications: 'order #156849475 buy 0.08 EURAUD at 1.43229 modified: sl: 1.43116 tp: 1.43284 -> sl: 1.43117 tp: 1.43285' sent to 'D07ADD05'
0	06:22:36.149	Notifications: 'order #156849475 buy 0.08 EURAUD at 1.43229 modified: sl: 1.43117 tp: 1.43285 -> sl: 1.43119 tp: 1.43285' sent to 'D07ADD05'
0	06:22:37.958	Notifications: 'order #156849475 buy 0.08 EURAUD at 1.43229 modified: sl: 1.43119 tp: 1.43285 -> sl: 1.43120 tp: 1.43285' sent to 'D07ADD05'
0	06:32:53.715	'10019548': modify order #156778786 buy 0.09 EURAUD at 1.43955 sl: 1.43121 tp: 1.43285 -> sl: 1.43132 tp: 1.43286
0	06:32:54.261	'10019548': order #156778786 buy 0.09 EURAUD at 1.43955 was modified -> sl: 1.43132 tp: 1.43286
0	06:32:54.262	'10019548': modify order #156849475 buy 0.08 EURAUD at 1.43229 sl: 1.43120 tp: 1.43285 -> sl: 1.43127 tp: 1.43294
0	06:32:54.739	'10019548': order #156849475 buy 0.08 EURAUD at 1.43229 was modified -> sl: 1.43127 tp: 1.43294
0	06:32:56.224	Notifications: 'order #156778786 buy 0.09 EURAUD at 1.43955 modified: sl: 1.43121 tp: 1.43285 -> sl: 1.43132 tp: 1.43286' sent to 'D07ADD05'
0	06:32:58.058	Notifications: 'order #156849475 buy 0.08 EURAUD at 1.43229 modified: sl: 1.43120 tp: 1.43285 -> sl: 1.43127 tp: 1.43294' sent to 'D07ADD05'
0	06:32:58.222	'10019548': modify order #156849475 buy 0.08 EURAUD at 1.43229 sl: 1.43127 tp: 1.43294 -> sl: 1.43131 tp: 1.43296
0	06:32:58.731	'10019548': order #156849475 buy 0.08 EURAUD at 1.43229 was modified -> sl: 1.43131 tp: 1.43296
0	06:33:00.581	Notifications: 'order #156849475 buy 0.08 EURAUD at 1.43229 modified: sl: 1.43127 tp: 1.43294 -> sl: 1.43131 tp: 1.43296' sent to 'D07ADD05'
0	06:39:17.003	'10019548': order #156778786 buy 0.09 EURAUD at 1.43955 closed due stop-loss at price 1.43132
0	06:39:17.067	'10019548': order #156849475 buy 0.08 EURAUD at 1.43229 closed due stop-loss at price 1.43131
0	06:39:18.888	Notifications: 'order #156778786 buy 0.09 EURAUD at 1.43955 closed due stop-loss at price 1.43132, profit: -74.07 AUD' sent to 'D07ADD05'
0	06:39:20.834	Notifications: 'order #156849475 buy 0.08 EURAUD at 1.43229 closed due stop-loss at price 1.43131, profit: -7.84 AUD' sent to 'D07ADD05'
0	06:54:11.782	'10019548': modify order #156779660 sell 0.09 AUDUSD at 0.74097 sl: 0.74499 tp: 0.74345 -> sl: 0.74497 tp: 0.74343
0	06:54:12.209	'10019548': order #156779660 sell 0.09 AUDUSD at 0.74097 was modified -> sl: 0.74497 tp: 0.74343
0	06:54:13.924	Notifications: 'order #156779660 sell 0.09 AUDUSD at 0.74097 modified: sl: 0.74499 tp: 0.74345 -> sl: 0.74497 tp: 0.74343' sent to 'D07ADD05'
0	06:54:55.460	'10019548': modify order #156779660 sell 0.09 AUDUSD at 0.74097 sl: 0.74497 tp: 0.74343 -> sl: 0.74496 tp: 0.74343
0	06:54:55.963	'10019548': order #156779660 sell 0.09 AUDUSD at 0.74097 was modified -> sl: 0.74496 tp: 0.74343
0	06:54:57.691	Notifications: 'order #156779660 sell 0.09 AUDUSD at 0.74097 modified: sl: 0.74497 tp: 0.74343 -> sl: 0.74496 tp: 0.74343' sent to 'D07ADD05'
0	06:55:08.718	'10019548': modify order #156779660 sell 0.09 AUDUSD at 0.74097 sl: 0.74496 tp: 0.74343 -> sl: 0.74495 tp: 0.74337
0	06:55:09.199	'10019548': order #156779660 sell 0.09 AUDUSD at 0.74097 was modified -> sl: 0.74495 tp: 0.74337
0	06:55:09.199	'10019548': modify order #156779660 sell 0.09 AUDUSD at 0.74097 sl: 0.74495 tp: 0.74337 -> sl: 0.74492 tp: 0.74334
0	06:55:10.151	'10019548': order #156779660 sell 0.09 AUDUSD at 0.74097 was modified -> sl: 0.74492 tp: 0.74334
0	06:55:10.905	Notifications: 'order #156779660 sell 0.09 AUDUSD at 0.74097 modified: sl: 0.74496 tp: 0.74343 -> sl: 0.74495 tp: 0.74337' sent to 'D07ADD05'
0	06:55:12.676	Notifications: 'order #156779660 sell 0.09 AUDUSD at 0.74097 modified: sl: 0.74495 tp: 0.74337 -> sl: 0.74492 tp: 0.74334' sent to 'D07ADD05'
0	06:55:25.698	'10019548': modify order #156779660 sell 0.09 AUDUSD at 0.74097 sl: 0.74492 tp: 0.74334 -> sl: 0.74491 tp: 0.74335
0	06:55:26.201	'10019548': order #156779660 sell 0.09 AUDUSD at 0.74097 was modified -> sl: 0.74491 tp: 0.74335
0	06:55:26.204	'10019548': modify order #156779660 sell 0.09 AUDUSD at 0.74097 sl: 0.74491 tp: 0.74335 -> sl: 0.74488 tp: 0.74334
0	06:55:26.653	'10019548': order #156779660 sell 0.09 AUDUSD at 0.74097 was modified -> sl: 0.74488 tp: 0.74334
0	06:55:27.981	Notifications: 'order #156779660 sell 0.09 AUDUSD at 0.74097 modified: sl: 0.74492 tp: 0.74334 -> sl: 0.74491 tp: 0.74335' sent to 'D07ADD05'
0	06:55:29.828	Notifications: 'order #156779660 sell 0.09 AUDUSD at 0.74097 modified: sl: 0.74491 tp: 0.74335 -> sl: 0.74488 tp: 0.74334' sent to 'D07ADD05'
0	06:55:34.531	'10019548': modify order #156779660 sell 0.09 AUDUSD at 0.74097 sl: 0.74488 tp: 0.74334 -> sl: 0.74485 tp: 0.74330
0	06:55:34.969	'10019548': order #156779660 sell 0.09 AUDUSD at 0.74097 was modified -> sl: 0.74485 tp: 0.74330
0	06:55:36.663	Notifications: 'order #156779660 sell 0.09 AUDUSD at 0.74097 modified: sl: 0.74488 tp: 0.74334 -> sl: 0.74485 tp: 0.74330' sent to 'D07ADD05'
0	07:44:29.850	'10019548': order #156779660 sell 0.09 AUDUSD at 0.74097 closed due stop-loss at price 0.74485
0	07:44:31.647	Notifications: 'order #156779660 sell 0.09 AUDUSD at 0.74097 closed due stop-loss at price 0.74485, profit: -46.88 AUD' sent to 'D07ADD05'
0	07:44:33.477	Notifications: 'Close up completed @ 1641.70' sent to 'D07ADD05'
0	07:45:00.598	'10019548': order buy market 0.08 EURAUD sl: 0.00000 tp: 1.43493
0	07:45:20.105	'10019548': order was opened : #156860442 buy 0.08 EURAUD at 1.43194 sl: 0.00000 tp: 1.43493
0	07:45:21.623	Notifications: 'order opened #156860442 buy 0.08 EURAUD at 1.43194 tp: 1.43493' sent to 'D07ADD05'
0	08:00:01.128	'10019548': order buy market 0.08 EURAUD sl: 0.00000 tp: 1.43445
0	08:01:27.252	'10019548': order was opened : #156861133 buy 0.08 EURAUD at 1.43138 sl: 0.00000 tp: 1.43445
0	08:01:28.951	Notifications: 'order opened #156861133 buy 0.08 EURAUD at 1.43138 tp: 1.43445' sent to 'D07ADD05'
0	08:10:00.405	'10019548': order sell market 0.08 AUDCAD sl: 0.00000 tp: 0.98693
0	08:10:01.126	'10019548': order was opened : #156861327 sell 0.08 AUDCAD at 0.98993 sl: 0.00000 tp: 0.98693
0	08:10:02.758	Notifications: 'order opened #156861327 sell 0.08 AUDCAD at 0.98993 tp: 0.98693' sent to 'D07ADD05'
0	08:15:00.589	'10019548': order sell market 0.08 USDCHF sl: 0.00000 tp: 1.00715
0	08:15:36.620	'10019548': order was opened : #156861652 sell 0.08 USDCHF at 1.01017 sl: 0.00000 tp: 1.00715
0	08:15:38.298	Notifications: 'order opened #156861652 sell 0.08 USDCHF at 1.01017 tp: 1.00715' sent to 'D07ADD05'
0	08:25:09.066	'10019548': order sell market 0.08 AUDCAD sl: 0.00000 tp: 0.98684
0	08:25:11.131	'10019548': order was opened : #156862034 sell 0.08 AUDCAD at 0.98984 sl: 0.00000 tp: 0.98684
0	08:25:12.766	Notifications: 'order opened #156862034 sell 0.08 AUDCAD at 0.98984 tp: 0.98684' sent to 'D07ADD05'
0	08:35:01.281	'10019548': order sell market 0.08 AUDJPY sl: 0.000 tp: 84.375
0	08:35:01.861	'10019548': order was opened : #156862505 sell 0.08 AUDJPY at 84.675 sl: 0.000 tp: 84.375
0	08:35:03.609	Notifications: 'order opened #156862505 sell 0.08 AUDJPY at 84.675 tp: 84.375' sent to 'D07ADD05'
0	08:45:00.483	'10019548': order buy market 0.08 GBPAUD sl: 0.00000 tp: 1.71025
0	08:45:32.490	'10019548': order was opened : #156862995 buy 0.08 GBPAUD at 1.70765 sl: 0.00000 tp: 1.71025
