1	10:09:23.672	'10010844': ping failed
0	10:09:24.093	'10010844': login on ICMarkets-Demo01 through Demo DC #3 (ping: 78.75 ms)
0	10:09:42.627	'10010844': login datacenter on ICMarkets-Demo01 through Demo DC #3 (ping: 78.75 ms)
0	10:09:42.892	'10010844': previous successful authorization performed from 203.221.189.232
0	10:09:55.597	'10010844': auto connecting to a better access point Demo DC #2 (ping is 83.17 ms)
0	10:09:56.198	'10010844': login on ICMarkets-Demo01 through Demo DC #2 (ping: 83.17 ms)
0	10:10:02.632	'10010844': login datacenter on ICMarkets-Demo01 through Demo DC #2 (ping: 83.17 ms)
0	10:10:03.358	'10010844': previous successful authorization performed from 138.68.53.131
1	11:05:23.578	'10010844': ping failed
0	11:05:24.041	'10010844': login on ICMarkets-Demo01 through Demo DC #2 (ping: 83.17 ms)
0	11:06:07.668	'10010844': login datacenter on ICMarkets-Demo01 through Demo DC #2 (ping: 83.17 ms)
0	11:06:08.134	'10010844': previous successful authorization performed from 138.68.53.131
0	16:31:58.221	'10010844': modify order #155150821 buy 0.01 AUDJPY at 81.648 sl: 0.000 tp: 81.942 -> sl: 81.805 tp: 82.158
0	16:32:03.048	'10010844': order #155150821 buy 0.01 AUDJPY at 81.648 was modified -> sl: 81.805 tp: 82.158
0	16:32:04.127	Notifications: 'order #155150821 buy 0.01 AUDJPY at 81.648 modified: sl: 0.000 tp: 81.942 -> sl: 81.805 tp: 82.158' sent to 'D07ADD05'
0	16:33:22.090	'10010844': modify order #155150821 buy 0.01 AUDJPY at 81.648 sl: 81.805 tp: 82.158 -> sl: 81.809 tp: 82.161
0	16:33:26.382	'10010844': order #155150821 buy 0.01 AUDJPY at 81.648 was modified -> sl: 81.809 tp: 82.161
0	16:33:27.478	Notifications: 'order #155150821 buy 0.01 AUDJPY at 81.648 modified: sl: 81.805 tp: 82.158 -> sl: 81.809 tp: 82.161' sent to 'D07ADD05'
0	16:35:11.739	'10010844': modify order #155150821 buy 0.01 AUDJPY at 81.648 sl: 81.809 tp: 82.161 -> sl: 81.810 tp: 82.165
0	16:35:13.279	'10010844': order #155150821 buy 0.01 AUDJPY at 81.648 was modified -> sl: 81.810 tp: 82.165
0	21:22:57.736	IC Markets MT4 build 1010 started (International Capital Markets Pty Ltd.)
0	21:22:57.743	Microsoft Windows 7 (x64 based PC), IE 09.00, 1 x Intel Pentium 4  2.40GHz, RAM: 240 / 488 Mb, HDD: 6516 / 20029 Mb, GMT+10:00
0	21:22:57.743	Data Folder: Z:\home\keith\MT4-1
0	21:22:58.599	Sources recompilation started
0	21:23:01.502	Sources recompilation finished (1 compiled in 2905 msec)
2	21:23:03.392	Expert DumpTicks EURUSD,M1: loaded successfully
2	21:23:03.472	Expert Elpheba-20161030 EURUSD,H4: loaded successfully
0	21:23:04.502	'10010844': login on ICMarkets-Demo01 through Demo DC #3 (ping: 79.03 ms)
0	21:23:05.573	'10010844': login datacenter on ICMarkets-Demo01 through Demo DC #3 (ping: 79.03 ms)
0	21:23:05.932	'10010844': previous successful authorization performed from 138.68.53.131
2	21:23:24.612	Expert DumpTicks EURUSD,M1: removed
2	21:23:24.631	Expert Elpheba-20161030 EURUSD,M1: removed
0	21:23:25.183	'10010844': ping to current access point Demo DC #3 is 80.11 ms
0	21:23:25.571	IC Markets MT4 build 1010 stopped
0	21:23:49.231	IC Markets MT4 build 1010 started (International Capital Markets Pty Ltd.)
0	21:23:49.231	Microsoft Windows 7 (x64 based PC), IE 09.00, 1 x Intel Pentium 4  2.40GHz, RAM: 263 / 488 Mb, HDD: 6516 / 20029 Mb, GMT+10:00
0	21:23:49.231	Data Folder: Z:\home\keith\MT4-1
2	21:23:51.995	Expert DumpTicks EURUSD,M1: loaded successfully
2	21:23:52.073	Expert Elpheba-20161030 EURUSD,M1: loaded successfully
0	21:23:52.924	'10010844': login on ICMarkets-Demo01 through Demo DC #3 (ping: 80.11 ms)
0	21:23:53.999	'10010844': login datacenter on ICMarkets-Demo01 through Demo DC #3 (ping: 80.11 ms)
0	21:23:54.326	'10010844': previous successful authorization performed from 138.68.53.131
0	21:24:05.142	'10010844': order sell market 0.01 AUDUSD sl: 0.00000 tp: 0.73414
0	21:24:05.953	'10010844': order was opened : #155309741 sell 0.01 AUDUSD at 0.73714 sl: 0.00000 tp: 0.73414
0	21:24:08.196	Notifications: 'order opened #155309741 sell 0.01 AUDUSD at 0.73714 tp: 0.73414' sent to 'D07ADD05'
0	21:29:04.116	'10010844': order sell market 0.01 AUDUSD sl: 0.00000 tp: 0.73426
1	21:32:25.124	'10010844': order sell 0.01 AUDUSD opening at market sl: 0.00000 tp: 0.73426 failed [Trade timeout]
0	21:53:00.109	Notifications: 'order opened #155312850 sell 0.01 AUDUSD at 0.73807 tp: 0.73426' sent to 'D07ADD05'
