0	00:00:00.327	'10010844': order sell market 0.01 AUDUSD sl: 0.00000 tp: 0.75681
0	00:00:09.525	'10010844': order was opened : #152070941 sell 0.01 AUDUSD at 0.76283 sl: 0.00000 tp: 0.75681
0	00:00:09.529	'10010844': order sell market 0.01 AUDJPY sl: 0.000 tp: 78.684
0	00:00:09.734	'10010844': order was opened : #152070952 sell 0.01 AUDJPY at 79.284 sl: 0.000 tp: 78.684
0	00:00:10.836	Notifications: 'order opened #152070941 sell 0.01 AUDUSD at 0.76283 tp: 0.75681' sent to 'D07ADD05'
0	00:00:12.563	Notifications: 'order opened #152070952 sell 0.01 AUDJPY at 79.284 tp: 78.684' sent to 'D07ADD05'
0	01:00:05.307	'10010844': close order #151916753 sell 0.01 XAUUSD at 1263.87 sl: 0.00 tp: 1257.87 at price 0.00
0	01:00:05.653	'10010844': order #151916753 sell 0.01 XAUUSD at 1263.87 sl: 0.00 tp: 1257.87 closed at price 1265.06
0	01:00:05.654	'10010844': close order #152070952 sell 0.01 AUDJPY at 79.284 sl: 0.000 tp: 78.684 at price 0.000
0	01:00:05.903	'10010844': order #152070952 sell 0.01 AUDJPY at 79.284 sl: 0.000 tp: 78.684 closed at price 79.288
0	01:00:05.903	'10010844': close order #152070941 sell 0.01 AUDUSD at 0.76283 sl: 0.00000 tp: 0.75681 at price 0.00000
0	01:00:06.200	'10010844': order #152070941 sell 0.01 AUDUSD at 0.76283 sl: 0.00000 tp: 0.75681 closed at price 0.76120
0	01:00:07.103	Notifications: 'order #151916753 sell 0.01 XAUUSD at 1263.87 closed at price 1265.06, profit: -1.57 AUD' sent to 'D07ADD05'
0	01:00:08.206	Notifications: 'order #152070952 sell 0.01 AUDJPY at 79.284 closed at price 79.288, profit: -0.05 AUD' sent to 'D07ADD05'
0	01:00:09.339	Notifications: 'order #152070941 sell 0.01 AUDUSD at 0.76283 closed at price 0.76120, profit: 2.14 AUD' sent to 'D07ADD05'
0	01:00:10.475	Notifications: 'Close up completed @ 210.80' sent to 'D07ADD05'
0	04:00:01.486	'10010844': order buy market 0.01 GBPAUD sl: 0.00000 tp: 1.61247
0	04:00:05.827	'10010844': order was opened : #152103878 buy 0.01 GBPAUD at 1.60646 sl: 0.00000 tp: 1.61247
0	04:00:07.009	Notifications: 'order opened #152103878 buy 0.01 GBPAUD at 1.60646 tp: 1.61247' sent to 'D07ADD05'
0	10:09:42.280	'10010844': login on ICMarkets-Demo01 through Demo DC US (ping: 80.91 ms)
0	10:09:52.639	'10010844': login datacenter on ICMarkets-Demo01 through Demo DC US (ping: 80.91 ms)
0	10:09:52.907	'10010844': previous successful authorization performed from 120.17.153.135
0	10:10:15.852	'10010844': ping to current access point Demo DC US is 80.86 ms
0	10:42:46.389	'10010844': modify order #152103878 buy 0.01 GBPAUD at 1.60646 sl: 0.00000 tp: 1.61247 -> sl: 1.60849 tp: 1.61520
0	10:42:46.623	'10010844': order #152103878 buy 0.01 GBPAUD at 1.60646 was modified -> sl: 1.60849 tp: 1.61520
0	10:42:46.624	'10010844': modify order #152103878 buy 0.01 GBPAUD at 1.60646 sl: 1.60849 tp: 1.61520 -> sl: 1.60851 tp: 1.61529
0	10:42:46.842	'10010844': order #152103878 buy 0.01 GBPAUD at 1.60646 was modified -> sl: 1.60851 tp: 1.61529
0	10:42:46.842	'10010844': modify order #152103878 buy 0.01 GBPAUD at 1.60646 sl: 1.60851 tp: 1.61529 -> sl: 1.60853 tp: 1.61533
0	10:42:47.044	'10010844': order #152103878 buy 0.01 GBPAUD at 1.60646 was modified -> sl: 1.60853 tp: 1.61533
0	10:42:48.029	Notifications: 'order #152103878 buy 0.01 GBPAUD at 1.60646 modified: sl: 0.00000 tp: 1.61247 -> sl: 1.60849 tp: 1.61520' sent to 'D07ADD05'
0	10:42:49.335	Notifications: 'order #152103878 buy 0.01 GBPAUD at 1.60646 modified: sl: 1.60849 tp: 1.61520 -> sl: 1.60851 tp: 1.61529' sent to 'D07ADD05'
0	10:42:50.402	Notifications: 'order #152103878 buy 0.01 GBPAUD at 1.60646 modified: sl: 1.60851 tp: 1.61529 -> sl: 1.60853 tp: 1.61533' sent to 'D07ADD05'
0	10:42:54.863	'10010844': modify order #152103878 buy 0.01 GBPAUD at 1.60646 sl: 1.60853 tp: 1.61533 -> sl: 1.60855 tp: 1.61533
0	10:42:55.060	'10010844': order #152103878 buy 0.01 GBPAUD at 1.60646 was modified -> sl: 1.60855 tp: 1.61533
0	10:42:56.106	Notifications: 'order #152103878 buy 0.01 GBPAUD at 1.60646 modified: sl: 1.60853 tp: 1.61533 -> sl: 1.60855 tp: 1.61533' sent to 'D07ADD05'
0	10:43:22.024	'10010844': modify order #152103878 buy 0.01 GBPAUD at 1.60646 sl: 1.60855 tp: 1.61533 -> sl: 1.60861 tp: 1.61534
0	10:43:22.281	'10010844': order #152103878 buy 0.01 GBPAUD at 1.60646 was modified -> sl: 1.60861 tp: 1.61534
0	10:43:23.407	Notifications: 'order #152103878 buy 0.01 GBPAUD at 1.60646 modified: sl: 1.60855 tp: 1.61533 -> sl: 1.60861 tp: 1.61534' sent to 'D07ADD05'
0	10:47:08.930	'10010844': order #152103878 buy 0.01 GBPAUD at 1.60646 closed due stop-loss at price 1.60861
0	10:47:10.012	Notifications: 'order #152103878 buy 0.01 GBPAUD at 1.60646 closed due stop-loss at price 1.60861, profit: 2.15 AUD' sent to 'D07ADD05'
0	12:00:00.395	'10010844': order sell market 0.01 AUDJPY sl: 0.000 tp: 78.801
0	12:00:19.424	'10010844': order was opened : #152149049 sell 0.01 AUDJPY at 79.398 sl: 0.000 tp: 78.801
0	12:00:20.606	Notifications: 'order opened #152149049 sell 0.01 AUDJPY at 79.398 tp: 78.801' sent to 'D07ADD05'
0	16:00:01.965	'10010844': order sell market 0.01 EURJPY sl: 0.000 tp: 112.967
0	16:00:08.597	'10010844': order was opened : #152165190 sell 0.01 EURJPY at 113.562 sl: 0.000 tp: 112.967
0	16:00:09.888	Notifications: 'order opened #152165190 sell 0.01 EURJPY at 113.562 tp: 112.967' sent to 'D07ADD05'
