1	00:04:01.528	MQL5.community: authorization failed
1	00:09:01.529	MQL5.community: authorization failed
0	00:13:53.250	'10019548': login on ICMarkets-Demo01 through Demo DC #2 (ping: 233.93 ms)
0	00:13:57.033	'10019548': login datacenter on ICMarkets-Demo01 through Demo DC #2 (ping: 233.93 ms)
0	00:13:57.628	'10019548': previous successful authorization performed from 203.221.95.26
1	00:14:01.531	MQL5.community: authorization failed
0	00:14:14.179	'10019548': auto connecting to a better access point Demo DC #3 (ping is 255.15 ms)
0	00:14:14.955	'10019548': login on ICMarkets-Demo01 through Demo DC #3 (ping: 255.15 ms)
0	00:14:25.790	'10019548': login datacenter on ICMarkets-Demo01 through Demo DC #3 (ping: 255.15 ms)
0	00:14:26.415	'10019548': previous successful authorization performed from 220.244.203.12
1	00:17:41.576	MQL5.community: authorization failed
1	00:21:21.622	MQL5.community: authorization failed
1	00:25:01.662	MQL5.community: authorization failed
1	00:28:41.703	MQL5.community: authorization failed
1	00:32:21.757	MQL5.community: authorization failed
1	00:36:01.799	MQL5.community: authorization failed
1	00:39:41.843	MQL5.community: authorization failed
1	00:44:01.537	MQL5.community: authorization failed
1	00:49:01.545	MQL5.community: authorization failed
1	00:54:01.527	MQL5.community: authorization failed
1	00:59:01.523	MQL5.community: authorization failed
1	01:04:01.525	MQL5.community: authorization failed
1	01:09:01.535	MQL5.community: authorization failed
1	01:14:01.523	MQL5.community: authorization failed
1	01:19:01.535	MQL5.community: authorization failed
1	01:24:01.531	MQL5.community: authorization failed
1	01:29:01.529	MQL5.community: authorization failed
1	01:34:01.544	MQL5.community: authorization failed
1	01:39:01.544	MQL5.community: authorization failed
1	01:44:01.530	MQL5.community: authorization failed
1	01:49:01.532	MQL5.community: authorization failed
1	01:54:01.535	MQL5.community: authorization failed
1	01:59:01.546	MQL5.community: authorization failed
1	02:04:01.532	MQL5.community: authorization failed
1	02:09:01.520	MQL5.community: authorization failed
1	02:14:01.536	MQL5.community: authorization failed
1	02:19:01.531	MQL5.community: authorization failed
1	02:24:01.529	MQL5.community: authorization failed
1	02:29:01.533	MQL5.community: authorization failed
1	02:34:01.523	MQL5.community: authorization failed
1	02:39:01.534	MQL5.community: authorization failed
1	02:44:01.541	MQL5.community: authorization failed
1	02:49:01.548	MQL5.community: authorization failed
1	02:54:01.535	MQL5.community: authorization failed
1	02:59:01.537	MQL5.community: authorization failed
1	03:04:01.537	MQL5.community: authorization failed
1	03:09:01.530	MQL5.community: authorization failed
1	03:14:01.528	MQL5.community: authorization failed
1	03:19:01.525	MQL5.community: authorization failed
1	03:24:01.535	MQL5.community: authorization failed
1	03:29:01.529	MQL5.community: authorization failed
1	03:34:01.533	MQL5.community: authorization failed
1	03:39:01.530	MQL5.community: authorization failed
1	03:44:01.533	MQL5.community: authorization failed
1	03:49:01.525	MQL5.community: authorization failed
1	03:54:01.530	MQL5.community: authorization failed
1	03:59:01.539	MQL5.community: authorization failed
1	04:04:01.530	MQL5.community: authorization failed
1	04:09:01.536	MQL5.community: authorization failed
1	04:14:01.534	MQL5.community: authorization failed
1	04:19:01.529	MQL5.community: authorization failed
1	04:24:01.544	MQL5.community: authorization failed
1	04:29:01.530	MQL5.community: authorization failed
1	04:34:01.540	MQL5.community: authorization failed
1	04:39:01.542	MQL5.community: authorization failed
1	04:44:01.525	MQL5.community: authorization failed
1	04:49:01.530	MQL5.community: authorization failed
1	04:54:01.529	MQL5.community: authorization failed
1	04:59:01.528	MQL5.community: authorization failed
1	05:04:01.539	MQL5.community: authorization failed
1	05:09:01.529	MQL5.community: authorization failed
1	05:14:01.523	MQL5.community: authorization failed
1	05:19:01.544	MQL5.community: authorization failed
1	05:24:01.524	MQL5.community: authorization failed
1	05:29:01.521	MQL5.community: authorization failed
1	05:34:01.544	MQL5.community: authorization failed
1	05:39:01.540	MQL5.community: authorization failed
1	05:44:01.532	MQL5.community: authorization failed
1	05:49:01.538	MQL5.community: authorization failed
1	05:54:01.532	MQL5.community: authorization failed
1	05:59:01.526	MQL5.community: authorization failed
1	06:04:01.531	MQL5.community: authorization failed
1	06:09:01.531	MQL5.community: authorization failed
1	06:14:01.540	MQL5.community: authorization failed
1	06:19:01.533	MQL5.community: authorization failed
1	06:24:01.541	MQL5.community: authorization failed
1	06:29:01.531	MQL5.community: authorization failed
1	06:34:01.534	MQL5.community: authorization failed
1	06:39:01.535	MQL5.community: authorization failed
1	06:44:01.536	MQL5.community: authorization failed
1	06:49:01.534	MQL5.community: authorization failed
1	06:54:01.535	MQL5.community: authorization failed
1	06:59:01.532	MQL5.community: authorization failed
1	07:04:01.530	MQL5.community: authorization failed
1	07:09:01.531	MQL5.community: authorization failed
1	07:14:01.531	MQL5.community: authorization failed
1	07:19:01.526	MQL5.community: authorization failed
1	07:24:01.537	MQL5.community: authorization failed
1	07:29:01.533	MQL5.community: authorization failed
1	07:34:01.529	MQL5.community: authorization failed
1	07:39:01.527	MQL5.community: authorization failed
1	07:44:01.532	MQL5.community: authorization failed
1	07:49:01.526	MQL5.community: authorization failed
1	07:54:01.527	MQL5.community: authorization failed
1	07:59:01.533	MQL5.community: authorization failed
1	08:04:01.535	MQL5.community: authorization failed
1	08:09:01.524	MQL5.community: authorization failed
1	08:14:01.522	MQL5.community: authorization failed
1	08:19:01.532	MQL5.community: authorization failed
1	08:24:01.536	MQL5.community: authorization failed
1	08:29:01.546	MQL5.community: authorization failed
1	08:34:01.538	MQL5.community: authorization failed
1	08:39:01.525	MQL5.community: authorization failed
1	08:44:01.524	MQL5.community: authorization failed
1	08:49:01.530	MQL5.community: authorization failed
1	08:54:01.539	MQL5.community: authorization failed
1	08:59:01.531	MQL5.community: authorization failed
1	09:04:01.529	MQL5.community: authorization failed
1	09:09:01.530	MQL5.community: authorization failed
1	09:14:01.538	MQL5.community: authorization failed
1	09:19:01.552	MQL5.community: authorization failed
1	09:24:01.535	MQL5.community: authorization failed
0	09:28:18.186	'10019548': modify order #158316241 sell 0.12 AUDUSD at 0.72950 sl: 0.00000 tp: 0.72650 -> sl: 0.72801 tp: 0.72647
0	09:28:18.535	'10019548': order #158316241 sell 0.12 AUDUSD at 0.72950 was modified -> sl: 0.72801 tp: 0.72647
0	09:28:18.535	'10019548': modify order #158316241 sell 0.12 AUDUSD at 0.72950 sl: 0.72801 tp: 0.72647 -> sl: 0.72796 tp: 0.72636
0	09:28:18.868	'10019548': order #158316241 sell 0.12 AUDUSD at 0.72950 was modified -> sl: 0.72796 tp: 0.72636
1	09:28:38.554	Notifications: failed send request [0] notify.mql5.com:443 failed
1	09:28:38.554	Notifications: 'order #158316241 sell 0.12 AUDUSD at 0.72950 modified: sl: 0.00000 tp: 0.72650 -> sl: 0.72801 tp: 0.72647' not sent to 'D07ADD05'
0	09:28:39.320	'10019548': modify order #158316241 sell 0.12 AUDUSD at 0.72950 sl: 0.72796 tp: 0.72636 -> sl: 0.72791 tp: 0.72637
0	09:28:39.652	'10019548': order #158316241 sell 0.12 AUDUSD at 0.72950 was modified -> sl: 0.72791 tp: 0.72637
1	09:28:59.669	Notifications: failed send request [0] notify.mql5.com:443 failed
1	09:28:59.669	Notifications: 'order #158316241 sell 0.12 AUDUSD at 0.72950 modified: sl: 0.00000 tp: 0.72650 -> sl: 0.72801 tp: 0.72647' not sent to 'D07ADD05'
1	09:29:01.548	MQL5.community: authorization failed
0	09:31:26.703	'10019548': order #158316241 sell 0.12 AUDUSD at 0.72950 closed due stop-loss at price 0.72791
1	09:31:46.711	Notifications: failed send request [0] notify.mql5.com:443 failed
1	09:31:46.712	Notifications: 'order #158316241 sell 0.12 AUDUSD at 0.72950 modified: sl: 0.00000 tp: 0.72650 -> sl: 0.72801 tp: 0.72647' not sent to 'D07ADD05'
1	09:34:01.537	MQL5.community: authorization failed
1	09:39:01.532	MQL5.community: authorization failed
1	09:44:01.528	MQL5.community: authorization failed
1	09:49:01.526	MQL5.community: authorization failed
1	09:54:01.545	MQL5.community: authorization failed
1	09:59:01.551	MQL5.community: authorization failed
1	10:04:01.542	MQL5.community: authorization failed
1	10:09:01.519	MQL5.community: authorization failed
1	10:14:01.538	MQL5.community: authorization failed
1	10:19:01.530	MQL5.community: authorization failed
1	10:24:01.557	MQL5.community: authorization failed
1	10:29:01.527	MQL5.community: authorization failed
1	10:34:01.551	MQL5.community: authorization failed
1	10:39:01.536	MQL5.community: authorization failed
1	10:44:01.537	MQL5.community: authorization failed
1	10:49:01.535	MQL5.community: authorization failed
1	10:54:01.538	MQL5.community: authorization failed
1	10:59:01.531	MQL5.community: authorization failed
1	11:04:01.565	MQL5.community: authorization failed
1	11:09:01.532	MQL5.community: authorization failed
1	11:14:01.526	MQL5.community: authorization failed
1	11:19:01.524	MQL5.community: authorization failed
1	11:24:01.532	MQL5.community: authorization failed
1	11:29:01.530	MQL5.community: authorization failed
1	11:34:01.529	MQL5.community: authorization failed
1	11:39:01.528	MQL5.community: authorization failed
1	11:45:31.542	MQL5.community: authorization failed
1	11:50:41.626	MQL5.community: authorization failed
1	11:55:51.698	MQL5.community: authorization failed
1	12:01:01.778	MQL5.community: authorization failed
1	12:06:11.857	MQL5.community: authorization failed
1	12:11:21.924	MQL5.community: authorization failed
1	12:16:31.993	MQL5.community: authorization failed
1	12:21:42.046	MQL5.community: authorization failed
1	12:26:52.113	MQL5.community: authorization failed
1	12:32:02.189	MQL5.community: authorization failed
1	12:37:12.260	MQL5.community: authorization failed
1	12:42:22.339	MQL5.community: authorization failed
1	12:47:32.399	MQL5.community: authorization failed
1	12:52:42.465	MQL5.community: authorization failed
1	12:57:52.524	MQL5.community: authorization failed
1	13:03:02.591	MQL5.community: authorization failed
1	13:08:12.644	MQL5.community: authorization failed
1	13:13:22.731	MQL5.community: authorization failed
1	13:18:32.796	MQL5.community: authorization failed
1	13:23:42.860	MQL5.community: authorization failed
1	13:28:52.933	MQL5.community: authorization failed
1	13:34:03.001	MQL5.community: authorization failed
1	13:39:13.076	MQL5.community: authorization failed
0	13:42:33.512	'10019548': modify order #158316427 buy 0.12 EURGBP at 0.83634 sl: 0.00000 tp: 0.83934 -> sl: 0.83737 tp: 0.83892
0	13:42:33.880	'10019548': order #158316427 buy 0.12 EURGBP at 0.83634 was modified -> sl: 0.83737 tp: 0.83892
1	13:42:53.889	Notifications: failed send request [0] notify.mql5.com:443 failed
1	13:42:53.889	Notifications: 'order #158316241 sell 0.12 AUDUSD at 0.72950 modified: sl: 0.00000 tp: 0.72650 -> sl: 0.72801 tp: 0.72647' not sent to 'D07ADD05'
0	13:43:22.404	'10019548': modify order #158316427 buy 0.12 EURGBP at 0.83634 sl: 0.83737 tp: 0.83892 -> sl: 0.83739 tp: 0.83893
0	13:43:22.778	'10019548': order #158316427 buy 0.12 EURGBP at 0.83634 was modified -> sl: 0.83739 tp: 0.83893
0	13:43:28.284	'10019548': modify order #158316427 buy 0.12 EURGBP at 0.83634 sl: 0.83739 tp: 0.83893 -> sl: 0.83740 tp: 0.83894
0	13:43:28.620	'10019548': order #158316427 buy 0.12 EURGBP at 0.83634 was modified -> sl: 0.83740 tp: 0.83894
1	13:43:42.786	Notifications: failed send request [0] notify.mql5.com:443 failed
1	13:43:42.786	Notifications: 'order #158316241 sell 0.12 AUDUSD at 0.72950 modified: sl: 0.00000 tp: 0.72650 -> sl: 0.72801 tp: 0.72647' not sent to 'D07ADD05'
0	13:43:53.338	'10019548': modify order #158316427 buy 0.12 EURGBP at 0.83634 sl: 0.83740 tp: 0.83894 -> sl: 0.83742 tp: 0.83896
0	13:43:53.721	'10019548': order #158316427 buy 0.12 EURGBP at 0.83634 was modified -> sl: 0.83742 tp: 0.83896
0	13:43:56.235	'10019548': modify order #158316427 buy 0.12 EURGBP at 0.83634 sl: 0.83742 tp: 0.83896 -> sl: 0.83745 tp: 0.83899
0	13:43:56.608	'10019548': order #158316427 buy 0.12 EURGBP at 0.83634 was modified -> sl: 0.83745 tp: 0.83899
1	13:44:13.730	Notifications: failed send request [0] notify.mql5.com:443 failed
1	13:44:13.730	Notifications: 'order #158316241 sell 0.12 AUDUSD at 0.72950 modified: sl: 0.00000 tp: 0.72650 -> sl: 0.72801 tp: 0.72647' not sent to 'D07ADD05'
1	13:44:23.147	MQL5.community: authorization failed
1	13:49:33.221	MQL5.community: authorization failed
0	13:52:53.429	'10019548': modify order #158316427 buy 0.12 EURGBP at 0.83634 sl: 0.83745 tp: 0.83899 -> sl: 0.83746 tp: 0.83900
0	13:52:53.756	'10019548': order #158316427 buy 0.12 EURGBP at 0.83634 was modified -> sl: 0.83746 tp: 0.83900
1	13:53:13.775	Notifications: failed send request [0] notify.mql5.com:443 failed
1	13:53:13.775	Notifications: 'order #158316241 sell 0.12 AUDUSD at 0.72950 modified: sl: 0.00000 tp: 0.72650 -> sl: 0.72801 tp: 0.72647' not sent to 'D07ADD05'
0	13:53:47.236	'10019548': modify order #158316427 buy 0.12 EURGBP at 0.83634 sl: 0.83746 tp: 0.83900 -> sl: 0.83747 tp: 0.83902
0	13:53:47.542	'10019548': order #158316427 buy 0.12 EURGBP at 0.83634 was modified -> sl: 0.83747 tp: 0.83902
0	13:53:47.543	'10019548': modify order #158316427 buy 0.12 EURGBP at 0.83634 sl: 0.83747 tp: 0.83902 -> sl: 0.83748 tp: 0.83902
0	13:53:47.889	'10019548': order #158316427 buy 0.12 EURGBP at 0.83634 was modified -> sl: 0.83748 tp: 0.83902
0	13:53:51.396	'10019548': modify order #158316427 buy 0.12 EURGBP at 0.83634 sl: 0.83748 tp: 0.83902 -> sl: 0.83750 tp: 0.83904
0	13:53:51.745	'10019548': order #158316427 buy 0.12 EURGBP at 0.83634 was modified -> sl: 0.83750 tp: 0.83904
1	13:54:17.547	Notifications: 'order #158316241 sell 0.12 AUDUSD at 0.72950 modified: sl: 0.00000 tp: 0.72650 -> sl: 0.72801 tp: 0.72647' not sent to 'D07ADD05'
1	13:54:43.285	MQL5.community: authorization failed
1	13:59:53.361	MQL5.community: authorization failed
1	14:05:03.423	MQL5.community: authorization failed
1	14:10:13.486	MQL5.community: authorization failed
1	14:15:23.536	MQL5.community: authorization failed
1	14:20:33.597	MQL5.community: authorization failed
1	14:25:43.663	MQL5.community: authorization failed
1	14:30:53.735	MQL5.community: authorization failed
0	14:33:54.012	'10019548': modify order #158316427 buy 0.12 EURGBP at 0.83634 sl: 0.83750 tp: 0.83904 -> sl: 0.83751 tp: 0.83905
0	14:33:54.532	'10019548': order #158316427 buy 0.12 EURGBP at 0.83634 was modified -> sl: 0.83751 tp: 0.83905
0	14:33:54.533	'10019548': modify order #158316427 buy 0.12 EURGBP at 0.83634 sl: 0.83751 tp: 0.83905 -> sl: 0.83752 tp: 0.83906
0	14:33:54.921	'10019548': order #158316427 buy 0.12 EURGBP at 0.83634 was modified -> sl: 0.83752 tp: 0.83906
0	14:33:56.695	'10019548': modify order #158316427 buy 0.12 EURGBP at 0.83634 sl: 0.83752 tp: 0.83906 -> sl: 0.83756 tp: 0.83910
0	14:33:56.998	'10019548': order #158316427 buy 0.12 EURGBP at 0.83634 was modified -> sl: 0.83756 tp: 0.83910
1	14:34:24.544	Notifications: 'order #158316241 sell 0.12 AUDUSD at 0.72950 modified: sl: 0.00000 tp: 0.72650 -> sl: 0.72801 tp: 0.72647' not sent to 'D07ADD05'
1	14:36:03.800	MQL5.community: authorization failed
0	14:39:49.739	'10019548': modify order #158316427 buy 0.12 EURGBP at 0.83634 sl: 0.83756 tp: 0.83910 -> sl: 0.83757 tp: 0.83911
0	14:39:50.354	'10019548': order #158316427 buy 0.12 EURGBP at 0.83634 was modified -> sl: 0.83757 tp: 0.83911
1	14:40:20.359	Notifications: 'order #158316241 sell 0.12 AUDUSD at 0.72950 modified: sl: 0.00000 tp: 0.72650 -> sl: 0.72801 tp: 0.72647' not sent to 'D07ADD05'
0	14:40:55.364	'10019548': modify order #158316427 buy 0.12 EURGBP at 0.83634 sl: 0.83757 tp: 0.83911 -> sl: 0.83759 tp: 0.83913
0	14:40:55.970	'10019548': order #158316427 buy 0.12 EURGBP at 0.83634 was modified -> sl: 0.83759 tp: 0.83913
1	14:41:13.871	MQL5.community: authorization failed
1	14:41:33.876	Notifications: failed send request [0] notify.mql5.com:443 failed
1	14:41:33.876	Notifications: 'order #158316241 sell 0.12 AUDUSD at 0.72950 modified: sl: 0.00000 tp: 0.72650 -> sl: 0.72801 tp: 0.72647' not sent to 'D07ADD05'
0	14:42:05.615	'10019548': modify order #158316427 buy 0.12 EURGBP at 0.83634 sl: 0.83759 tp: 0.83913 -> sl: 0.83762 tp: 0.83916
0	14:42:05.964	'10019548': order #158316427 buy 0.12 EURGBP at 0.83634 was modified -> sl: 0.83762 tp: 0.83916
1	14:42:35.968	Notifications: 'order #158316241 sell 0.12 AUDUSD at 0.72950 modified: sl: 0.00000 tp: 0.72650 -> sl: 0.72801 tp: 0.72647' not sent to 'D07ADD05'
0	14:56:39.697	'10019548': order #158316427 buy 0.12 EURGBP at 0.83634 closed due stop-loss at price 0.83762
1	14:57:09.702	Notifications: 'order #158316241 sell 0.12 AUDUSD at 0.72950 modified: sl: 0.00000 tp: 0.72650 -> sl: 0.72801 tp: 0.72647' not sent to 'D07ADD05'
0	15:24:00.997	'10019548': modify order #158316243 sell 0.12 GBPCAD at 1.66587 sl: 0.00000 tp: 1.66283 -> sl: 1.66388 tp: 1.66212
0	15:24:01.333	'10019548': order #158316243 sell 0.12 GBPCAD at 1.66587 was modified -> sl: 1.66388 tp: 1.66212
0	15:24:01.333	'10019548': modify order #158316243 sell 0.12 GBPCAD at 1.66587 sl: 1.66388 tp: 1.66212 -> sl: 1.66383 tp: 1.66204
0	15:24:01.673	'10019548': order #158316243 sell 0.12 GBPCAD at 1.66587 was modified -> sl: 1.66383 tp: 1.66204
0	15:24:15.713	'10019548': modify order #158316243 sell 0.12 GBPCAD at 1.66587 sl: 1.66383 tp: 1.66204 -> sl: 1.66380 tp: 1.66200
0	15:24:16.081	'10019548': order #158316243 sell 0.12 GBPCAD at 1.66587 was modified -> sl: 1.66380 tp: 1.66200
0	15:24:16.081	'10019548': modify order #158314759 sell 0.12 GBPCAD at 1.66576 sl: 0.00000 tp: 1.66276 -> sl: 1.66376 tp: 1.66195
0	15:24:16.429	'10019548': order #158314759 sell 0.12 GBPCAD at 1.66576 was modified -> sl: 1.66376 tp: 1.66195
0	15:24:16.429	'10019548': modify order #158316243 sell 0.12 GBPCAD at 1.66587 sl: 1.66380 tp: 1.66200 -> sl: 1.66377 tp: 1.66196
0	15:24:16.768	'10019548': order #158316243 sell 0.12 GBPCAD at 1.66587 was modified -> sl: 1.66377 tp: 1.66196
0	15:24:18.241	'10019548': modify order #158316243 sell 0.12 GBPCAD at 1.66587 sl: 1.66377 tp: 1.66196 -> sl: 1.66376 tp: 1.66196
0	15:24:18.597	'10019548': order #158316243 sell 0.12 GBPCAD at 1.66587 was modified -> sl: 1.66376 tp: 1.66196
1	15:24:31.334	Notifications: 'order #158316241 sell 0.12 AUDUSD at 0.72950 modified: sl: 0.00000 tp: 0.72650 -> sl: 0.72801 tp: 0.72647' not sent to 'D07ADD05'
0	15:25:31.909	'10019548': modify order #158314759 sell 0.12 GBPCAD at 1.66576 sl: 1.66376 tp: 1.66195 -> sl: 1.66375 tp: 1.66196
0	15:25:32.275	'10019548': order #158314759 sell 0.12 GBPCAD at 1.66576 was modified -> sl: 1.66375 tp: 1.66196
0	15:25:32.275	'10019548': modify order #158316243 sell 0.12 GBPCAD at 1.66587 sl: 1.66376 tp: 1.66196 -> sl: 1.66375 tp: 1.66195
0	15:25:32.664	'10019548': order #158316243 sell 0.12 GBPCAD at 1.66587 was modified -> sl: 1.66375 tp: 1.66195
0	15:25:35.227	'10019548': modify order #158314759 sell 0.12 GBPCAD at 1.66576 sl: 1.66375 tp: 1.66196 -> sl: 1.66374 tp: 1.66195
0	15:25:35.603	'10019548': order #158314759 sell 0.12 GBPCAD at 1.66576 was modified -> sl: 1.66374 tp: 1.66195
1	15:26:02.279	Notifications: 'order #158316241 sell 0.12 AUDUSD at 0.72950 modified: sl: 0.00000 tp: 0.72650 -> sl: 0.72801 tp: 0.72647' not sent to 'D07ADD05'
0	15:32:24.515	'10019548': order #158314759 sell 0.12 GBPCAD at 1.66576 closed due stop-loss at price 1.66374
0	15:32:24.515	'10019548': order #158316243 sell 0.12 GBPCAD at 1.66587 closed due stop-loss at price 1.66375
1	15:32:54.519	Notifications: 'order #158316241 sell 0.12 AUDUSD at 0.72950 modified: sl: 0.00000 tp: 0.72650 -> sl: 0.72801 tp: 0.72647' not sent to 'D07ADD05'
0	20:07:46.988	'10019548': modify order #158315759 sell 0.12 EURGBP at 0.83625 sl: 0.00000 tp: 0.83335 -> sl: 0.83826 tp: 0.83673
0	20:07:47.360	'10019548': order #158315759 sell 0.12 EURGBP at 0.83625 was modified -> sl: 0.83826 tp: 0.83673
0	20:07:47.360	'10019548': modify order #158316621 sell 0.12 EURGBP at 0.83620 sl: 0.00000 tp: 0.83321 -> sl: 0.83825 tp: 0.83672
0	20:07:47.798	'10019548': order #158316621 sell 0.12 EURGBP at 0.83620 was modified -> sl: 0.83825 tp: 0.83672
0	20:07:47.798	'10019548': modify order #158313816 buy 0.12 EURJPY at 123.125 sl: 0.000 tp: 123.424 -> sl: 122.940 tp: 123.096
0	20:07:48.172	'10019548': order #158313816 buy 0.12 EURJPY at 123.125 was modified -> sl: 122.940 tp: 123.096
0	20:07:48.172	'10019548': modify order #158316248 sell 0.12 GBPAUD at 1.71047 sl: 0.00000 tp: 1.70747 -> sl: 1.71353 tp: 1.71184
0	20:07:48.517	'10019548': order #158316248 sell 0.12 GBPAUD at 1.71047 was modified -> sl: 1.71353 tp: 1.71184
0	20:07:48.517	'10019548': modify order #158315941 buy 0.12 GBPCAD at 1.66664 sl: 0.00000 tp: 1.66979 -> sl: 1.66810 tp: 1.66978
0	20:07:48.907	'10019548': order #158315941 buy 0.12 GBPCAD at 1.66664 was modified -> sl: 1.66810 tp: 1.66978
0	20:07:48.907	'10019548': modify order #158316543 buy 0.12 USDCAD at 1.33508 sl: 0.00000 tp: 1.33808 -> sl: 1.33503 tp: 1.33660
0	20:07:49.393	'10019548': order #158316543 buy 0.12 USDCAD at 1.33508 was modified -> sl: 1.33503 tp: 1.33660
0	20:07:49.393	'10019548': modify order #158316623 buy 0.12 USDCAD at 1.33476 sl: 0.00000 tp: 1.33770 -> sl: 1.33503 tp: 1.33660
0	20:07:49.766	'10019548': order #158316623 buy 0.12 USDCAD at 1.33476 was modified -> sl: 1.33503 tp: 1.33660
0	20:07:49.767	'10019548': modify order #158313816 buy 0.12 EURJPY at 123.125 sl: 122.940 tp: 123.096 -> sl: 122.945 tp: 123.100
0	20:07:50.110	'10019548': order #158313816 buy 0.12 EURJPY at 123.125 was modified -> sl: 122.945 tp: 123.100
0	20:07:50.110	'10019548': modify order #158316248 sell 0.12 GBPAUD at 1.71047 sl: 1.71353 tp: 1.71184 -> sl: 1.71351 tp: 1.71179
0	20:07:50.501	'10019548': order #158316248 sell 0.12 GBPAUD at 1.71047 was modified -> sl: 1.71351 tp: 1.71179
0	20:07:50.826	'10019548': modify order #158316248 sell 0.12 GBPAUD at 1.71047 sl: 1.71351 tp: 1.71179 -> sl: 1.71347 tp: 1.71177
0	20:07:51.189	'10019548': order #158316248 sell 0.12 GBPAUD at 1.71047 was modified -> sl: 1.71347 tp: 1.71177
0	20:07:51.189	'10019548': modify order #158316543 buy 0.12 USDCAD at 1.33508 sl: 1.33503 tp: 1.33660 -> sl: 1.33504 tp: 1.33661
0	20:07:51.532	'10019548': order #158316543 buy 0.12 USDCAD at 1.33508 was modified -> sl: 1.33504 tp: 1.33661
0	20:07:51.532	'10019548': modify order #158316623 buy 0.12 USDCAD at 1.33476 sl: 1.33503 tp: 1.33660 -> sl: 1.33505 tp: 1.33661
0	20:07:51.924	'10019548': order #158316623 buy 0.12 USDCAD at 1.33476 was modified -> sl: 1.33505 tp: 1.33661
0	20:07:51.924	'10019548': modify order #158315759 sell 0.12 EURGBP at 0.83625 sl: 0.83826 tp: 0.83673 -> sl: 0.83825 tp: 0.83670
0	20:07:52.314	'10019548': order #158315759 sell 0.12 EURGBP at 0.83625 was modified -> sl: 0.83825 tp: 0.83670
0	20:07:52.314	'10019548': modify order #158316621 sell 0.12 EURGBP at 0.83620 sl: 0.83825 tp: 0.83672 -> sl: 0.83824 tp: 0.83668
0	20:07:52.657	'10019548': order #158316621 sell 0.12 EURGBP at 0.83620 was modified -> sl: 0.83824 tp: 0.83668
0	20:07:52.657	'10019548': modify order #158316248 sell 0.12 GBPAUD at 1.71047 sl: 1.71347 tp: 1.71177 -> sl: 1.71342 tp: 1.71176
0	20:07:53.048	'10019548': order #158316248 sell 0.12 GBPAUD at 1.71047 was modified -> sl: 1.71342 tp: 1.71176
0	20:07:53.048	'10019548': modify order #158316543 buy 0.12 USDCAD at 1.33508 sl: 1.33504 tp: 1.33661 -> sl: 1.33513 tp: 1.33670
0	20:07:53.438	'10019548': order #158316543 buy 0.12 USDCAD at 1.33508 was modified -> sl: 1.33513 tp: 1.33670
0	20:07:53.438	'10019548': modify order #158316623 buy 0.12 USDCAD at 1.33476 sl: 1.33505 tp: 1.33661 -> sl: 1.33513 tp: 1.33670
0	20:07:53.860	'10019548': order #158316623 buy 0.12 USDCAD at 1.33476 was modified -> sl: 1.33513 tp: 1.33670
0	20:07:53.860	'10019548': modify order #158315759 sell 0.12 EURGBP at 0.83625 sl: 0.83825 tp: 0.83670 -> sl: 0.83820 tp: 0.83666
0	20:07:54.220	'10019548': order #158315759 sell 0.12 EURGBP at 0.83625 was modified -> sl: 0.83820 tp: 0.83666
0	20:07:54.220	'10019548': modify order #158316621 sell 0.12 EURGBP at 0.83620 sl: 0.83824 tp: 0.83668 -> sl: 0.83820 tp: 0.83666
0	20:07:54.564	'10019548': order #158316621 sell 0.12 EURGBP at 0.83620 was modified -> sl: 0.83820 tp: 0.83666
0	20:07:54.603	'10019548': modify order #158316248 sell 0.12 GBPAUD at 1.71047 sl: 1.71342 tp: 1.71176 -> sl: 1.71337 tp: 1.71181
0	20:07:54.954	'10019548': order #158316248 sell 0.12 GBPAUD at 1.71047 was modified -> sl: 1.71337 tp: 1.71181
0	20:07:58.626	'10019548': modify order #158316248 sell 0.12 GBPAUD at 1.71047 sl: 1.71337 tp: 1.71181 -> sl: 1.71336 tp: 1.71174
0	20:07:58.940	'10019548': order #158316248 sell 0.12 GBPAUD at 1.71047 was modified -> sl: 1.71336 tp: 1.71174
0	20:08:00.164	'10019548': modify order #158315759 sell 0.12 EURGBP at 0.83625 sl: 0.83820 tp: 0.83666 -> sl: 0.83819 tp: 0.83665
0	20:08:00.532	'10019548': order #158315759 sell 0.12 EURGBP at 0.83625 was modified -> sl: 0.83819 tp: 0.83665
0	20:08:00.532	'10019548': modify order #158316621 sell 0.12 EURGBP at 0.83620 sl: 0.83820 tp: 0.83666 -> sl: 0.83819 tp: 0.83665
0	20:08:00.877	'10019548': order #158316621 sell 0.12 EURGBP at 0.83620 was modified -> sl: 0.83819 tp: 0.83665
0	20:08:01.938	'10019548': modify order #158315759 sell 0.12 EURGBP at 0.83625 sl: 0.83819 tp: 0.83665 -> sl: 0.83813 tp: 0.83660
0	20:08:02.282	'10019548': order #158315759 sell 0.12 EURGBP at 0.83625 was modified -> sl: 0.83813 tp: 0.83660
0	20:08:02.282	'10019548': modify order #158316621 sell 0.12 EURGBP at 0.83620 sl: 0.83819 tp: 0.83665 -> sl: 0.83813 tp: 0.83660
0	20:08:02.628	'10019548': order #158316621 sell 0.12 EURGBP at 0.83620 was modified -> sl: 0.83813 tp: 0.83660
0	20:08:02.628	'10019548': modify order #158315941 buy 0.12 GBPCAD at 1.66664 sl: 1.66810 tp: 1.66978 -> sl: 1.66820 tp: 1.66984
0	20:08:02.986	'10019548': order #158315941 buy 0.12 GBPCAD at 1.66664 was modified -> sl: 1.66820 tp: 1.66984
0	20:08:10.198	'10019548': modify order #158316543 buy 0.12 USDCAD at 1.33508 sl: 1.33513 tp: 1.33670 -> sl: 1.33515 tp: 1.33670
0	20:08:10.580	'10019548': order #158316543 buy 0.12 USDCAD at 1.33508 was modified -> sl: 1.33515 tp: 1.33670
0	20:08:10.580	'10019548': modify order #158316623 buy 0.12 USDCAD at 1.33476 sl: 1.33513 tp: 1.33670 -> sl: 1.33515 tp: 1.33670
0	20:08:10.921	'10019548': order #158316623 buy 0.12 USDCAD at 1.33476 was modified -> sl: 1.33515 tp: 1.33670
1	20:08:16.991	Notifications: 'order #158316241 sell 0.12 AUDUSD at 0.72950 modified: sl: 0.00000 tp: 0.72650 -> sl: 0.72801 tp: 0.72647' not sent to 'D07ADD05'
0	20:08:18.086	'10019548': modify order #158315759 sell 0.12 EURGBP at 0.83625 sl: 0.83813 tp: 0.83660 -> sl: 0.83810 tp: 0.83657
0	20:08:18.444	'10019548': order #158315759 sell 0.12 EURGBP at 0.83625 was modified -> sl: 0.83810 tp: 0.83657
0	20:08:18.444	'10019548': modify order #158316621 sell 0.12 EURGBP at 0.83620 sl: 0.83813 tp: 0.83660 -> sl: 0.83807 tp: 0.83653
1	20:08:18.831	Notifications: allowed 30 messages per minute
0	20:08:18.831	'10019548': order #158316621 sell 0.12 EURGBP at 0.83620 was modified -> sl: 0.83807 tp: 0.83653
0	20:08:18.832	'10019548': modify order #158315759 sell 0.12 EURGBP at 0.83625 sl: 0.83810 tp: 0.83657 -> sl: 0.83804 tp: 0.83650
1	20:08:19.175	Notifications: allowed 30 messages per minute
0	20:08:19.175	'10019548': order #158315759 sell 0.12 EURGBP at 0.83625 was modified -> sl: 0.83804 tp: 0.83650
0	20:08:19.175	'10019548': modify order #158316621 sell 0.12 EURGBP at 0.83620 sl: 0.83807 tp: 0.83653 -> sl: 0.83804 tp: 0.83651
1	20:08:19.519	Notifications: allowed 30 messages per minute
0	20:08:19.519	'10019548': order #158316621 sell 0.12 EURGBP at 0.83620 was modified -> sl: 0.83804 tp: 0.83651
0	20:08:28.952	'10019548': modify order #158316543 buy 0.12 USDCAD at 1.33508 sl: 1.33515 tp: 1.33670 -> sl: 1.33516 tp: 1.33671
1	20:08:29.333	Notifications: allowed 30 messages per minute
0	20:08:29.333	'10019548': order #158316543 buy 0.12 USDCAD at 1.33508 was modified -> sl: 1.33516 tp: 1.33671
0	20:08:35.984	'10019548': modify order #158315759 sell 0.12 EURGBP at 0.83625 sl: 0.83804 tp: 0.83650 -> sl: 0.83803 tp: 0.83648
1	20:08:36.381	Notifications: allowed 30 messages per minute
0	20:08:36.381	'10019548': order #158315759 sell 0.12 EURGBP at 0.83625 was modified -> sl: 0.83803 tp: 0.83648
0	20:08:36.381	'10019548': modify order #158316621 sell 0.12 EURGBP at 0.83620 sl: 0.83804 tp: 0.83651 -> sl: 0.83801 tp: 0.83647
1	20:08:36.724	Notifications: allowed 30 messages per minute
0	20:08:36.724	'10019548': order #158316621 sell 0.12 EURGBP at 0.83620 was modified -> sl: 0.83801 tp: 0.83647
0	20:08:37.566	'10019548': modify order #158315759 sell 0.12 EURGBP at 0.83625 sl: 0.83803 tp: 0.83648 -> sl: 0.83802 tp: 0.83649
1	20:08:37.912	Notifications: allowed 30 messages per minute
0	20:08:37.912	'10019548': order #158315759 sell 0.12 EURGBP at 0.83625 was modified -> sl: 0.83802 tp: 0.83649
0	20:08:43.830	'10019548': modify order #158315941 buy 0.12 GBPCAD at 1.66664 sl: 1.66820 tp: 1.66984 -> sl: 1.66821 tp: 1.66991
1	20:08:44.224	Notifications: allowed 30 messages per minute
0	20:08:44.224	'10019548': order #158315941 buy 0.12 GBPCAD at 1.66664 was modified -> sl: 1.66821 tp: 1.66991
0	20:08:46.955	'10019548': modify order #158315941 buy 0.12 GBPCAD at 1.66664 sl: 1.66821 tp: 1.66991 -> sl: 1.66828 tp: 1.66999
0	20:08:47.318	'10019548': order #158315941 buy 0.12 GBPCAD at 1.66664 was modified -> sl: 1.66828 tp: 1.66999
1	20:08:48.431	Notifications: 'order #158316241 sell 0.12 AUDUSD at 0.72950 modified: sl: 0.00000 tp: 0.72650 -> sl: 0.72801 tp: 0.72647' not sent to 'D07ADD05'
0	20:08:54.643	'10019548': modify order #158315941 buy 0.12 GBPCAD at 1.66664 sl: 1.66828 tp: 1.66999 -> sl: 1.66830 tp: 1.66998
0	20:08:55.057	'10019548': order #158315941 buy 0.12 GBPCAD at 1.66664 was modified -> sl: 1.66830 tp: 1.66998
1	20:09:25.074	Notifications: 'order #158316241 sell 0.12 AUDUSD at 0.72950 modified: sl: 0.00000 tp: 0.72650 -> sl: 0.72801 tp: 0.72647' not sent to 'D07ADD05'
0	20:09:41.188	'10019548': order #158315941 buy 0.12 GBPCAD at 1.66664 closed due stop-loss at price 1.66830
0	20:09:41.253	'10019548': modify order #158316543 buy 0.12 USDCAD at 1.33508 sl: 1.33516 tp: 1.33671 -> sl: 1.33517 tp: 1.33670
1	20:09:41.590	Notifications: not enough space for notification 'order #158316543 buy 0.12 USDCAD at 1.33508 modified: sl: 1.33516 tp: 1.33671 -> sl: 1.33517 tp: 1.33670'
0	20:09:41.590	'10019548': order #158316543 buy 0.12 USDCAD at 1.33508 was modified -> sl: 1.33517 tp: 1.33670
0	20:09:41.590	'10019548': modify order #158316623 buy 0.12 USDCAD at 1.33476 sl: 1.33515 tp: 1.33670 -> sl: 1.33517 tp: 1.33670
1	20:09:41.933	Notifications: not enough space for notification 'order #158316623 buy 0.12 USDCAD at 1.33476 modified: sl: 1.33515 tp: 1.33670 -> sl: 1.33517 tp: 1.33670'
0	20:09:41.941	'10019548': order #158316623 buy 0.12 USDCAD at 1.33476 was modified -> sl: 1.33517 tp: 1.33670
0	20:09:47.125	'10019548': modify order #158316248 sell 0.12 GBPAUD at 1.71047 sl: 1.71336 tp: 1.71174 -> sl: 1.71331 tp: 1.71165
1	20:09:47.496	Notifications: not enough space for notification 'order #158316248 sell 0.12 GBPAUD at 1.71047 modified: sl: 1.71336 tp: 1.71174 -> sl: 1.71331 tp: 1.71165'
0	20:09:47.511	'10019548': order #158316248 sell 0.12 GBPAUD at 1.71047 was modified -> sl: 1.71331 tp: 1.71165
0	20:09:49.076	'10019548': modify order #158316248 sell 0.12 GBPAUD at 1.71047 sl: 1.71331 tp: 1.71165 -> sl: 1.71318 tp: 1.71163
1	20:09:49.402	Notifications: not enough space for notification 'order #158316248 sell 0.12 GBPAUD at 1.71047 modified: sl: 1.71331 tp: 1.71165 -> sl: 1.71318 tp: 1.71163'
0	20:09:49.402	'10019548': order #158316248 sell 0.12 GBPAUD at 1.71047 was modified -> sl: 1.71318 tp: 1.71163
1	20:10:11.193	Notifications: 'order #158316241 sell 0.12 AUDUSD at 0.72950 modified: sl: 0.00000 tp: 0.72650 -> sl: 0.72801 tp: 0.72647' not sent to 'D07ADD05'
0	20:10:31.782	'10019548': order #158316248 sell 0.12 GBPAUD at 1.71047 closed due stop-loss at price 1.71318
1	20:10:31.782	Notifications: not enough space for notification 'order #158316248 sell 0.12 GBPAUD at 1.71047 closed due stop-loss at price 1.71318, profit: -32.52 AUD'
0	20:12:06.946	'10019548': order #158313816 buy 0.12 EURJPY at 123.125 closed due stop-loss at price 122.945
1	20:12:06.946	Notifications: not enough space for notification 'order #158313816 buy 0.12 EURJPY at 123.125 closed due stop-loss at price 122.945, profit: -25.22 AUD'
0	20:12:22.689	'10019548': modify order #158315759 sell 0.12 EURGBP at 0.83625 sl: 0.83802 tp: 0.83649 -> sl: 0.83792 tp: 0.83636
1	20:12:23.073	Notifications: not enough space for notification 'order #158315759 sell 0.12 EURGBP at 0.83625 modified: sl: 0.83802 tp: 0.83649 -> sl: 0.83792 tp: 0.83636'
0	20:12:23.074	'10019548': order #158315759 sell 0.12 EURGBP at 0.83625 was modified -> sl: 0.83792 tp: 0.83636
0	20:12:23.074	'10019548': modify order #158316621 sell 0.12 EURGBP at 0.83620 sl: 0.83801 tp: 0.83647 -> sl: 0.83792 tp: 0.83636
1	20:12:23.416	Notifications: not enough space for notification 'order #158316621 sell 0.12 EURGBP at 0.83620 modified: sl: 0.83801 tp: 0.83647 -> sl: 0.83792 tp: 0.83636'
0	20:12:23.416	'10019548': order #158316621 sell 0.12 EURGBP at 0.83620 was modified -> sl: 0.83792 tp: 0.83636
0	20:12:27.930	'10019548': modify order #158315759 sell 0.12 EURGBP at 0.83625 sl: 0.83792 tp: 0.83636 -> sl: 0.83791 tp: 0.83636
1	20:12:28.325	Notifications: not enough space for notification 'order #158315759 sell 0.12 EURGBP at 0.83625 modified: sl: 0.83792 tp: 0.83636 -> sl: 0.83791 tp: 0.83636'
0	20:12:28.325	'10019548': order #158315759 sell 0.12 EURGBP at 0.83625 was modified -> sl: 0.83791 tp: 0.83636
0	20:12:33.221	'10019548': modify order #158316621 sell 0.12 EURGBP at 0.83620 sl: 0.83792 tp: 0.83636 -> sl: 0.83791 tp: 0.83635
1	20:12:33.606	Notifications: not enough space for notification 'order #158316621 sell 0.12 EURGBP at 0.83620 modified: sl: 0.83792 tp: 0.83636 -> sl: 0.83791 tp: 0.83635'
0	20:12:33.606	'10019548': order #158316621 sell 0.12 EURGBP at 0.83620 was modified -> sl: 0.83791 tp: 0.83635
0	20:12:33.608	'10019548': modify order #158315759 sell 0.12 EURGBP at 0.83625 sl: 0.83791 tp: 0.83636 -> sl: 0.83788 tp: 0.83635
1	20:12:33.950	Notifications: not enough space for notification 'order #158315759 sell 0.12 EURGBP at 0.83625 modified: sl: 0.83791 tp: 0.83636 -> sl: 0.83788 tp: 0.83635'
0	20:12:33.950	'10019548': order #158315759 sell 0.12 EURGBP at 0.83625 was modified -> sl: 0.83788 tp: 0.83635
0	20:12:34.064	'10019548': modify order #158316621 sell 0.12 EURGBP at 0.83620 sl: 0.83791 tp: 0.83635 -> sl: 0.83790 tp: 0.83635
1	20:12:34.557	Notifications: not enough space for notification 'order #158316621 sell 0.12 EURGBP at 0.83620 modified: sl: 0.83791 tp: 0.83635 -> sl: 0.83790 tp: 0.83635'
0	20:12:34.558	'10019548': order #158316621 sell 0.12 EURGBP at 0.83620 was modified -> sl: 0.83790 tp: 0.83635
0	20:22:04.053	'10019548': order #158315759 sell 0.12 EURGBP at 0.83625 closed due stop-loss at price 0.83788
1	20:22:04.053	Notifications: not enough space for notification 'order #158315759 sell 0.12 EURGBP at 0.83625 closed due stop-loss at price 0.83788, profit: -33.50 AUD'
0	20:22:04.207	'10019548': order #158316621 sell 0.12 EURGBP at 0.83620 closed due stop-loss at price 0.83790
1	20:22:04.207	Notifications: not enough space for notification 'order #158316621 sell 0.12 EURGBP at 0.83620 closed due stop-loss at price 0.83790, profit: -34.93 AUD'
0	20:26:35.303	'10019548': modify order #158316543 buy 0.12 USDCAD at 1.33508 sl: 1.33517 tp: 1.33670 -> sl: 1.33519 tp: 1.33674
1	20:26:35.634	Notifications: not enough space for notification 'order #158316543 buy 0.12 USDCAD at 1.33508 modified: sl: 1.33517 tp: 1.33670 -> sl: 1.33519 tp: 1.33674'
0	20:26:35.651	'10019548': order #158316543 buy 0.12 USDCAD at 1.33508 was modified -> sl: 1.33519 tp: 1.33674
0	20:26:35.651	'10019548': modify order #158316623 buy 0.12 USDCAD at 1.33476 sl: 1.33517 tp: 1.33670 -> sl: 1.33521 tp: 1.33676
1	20:26:36.009	Notifications: not enough space for notification 'order #158316623 buy 0.12 USDCAD at 1.33476 modified: sl: 1.33517 tp: 1.33670 -> sl: 1.33521 tp: 1.33676'
0	20:26:36.009	'10019548': order #158316623 buy 0.12 USDCAD at 1.33476 was modified -> sl: 1.33521 tp: 1.33676
0	20:26:36.010	'10019548': modify order #158316543 buy 0.12 USDCAD at 1.33508 sl: 1.33519 tp: 1.33674 -> sl: 1.33520 tp: 1.33676
1	20:26:36.400	Notifications: not enough space for notification 'order #158316543 buy 0.12 USDCAD at 1.33508 modified: sl: 1.33519 tp: 1.33674 -> sl: 1.33520 tp: 1.33676'
0	20:26:36.401	'10019548': order #158316543 buy 0.12 USDCAD at 1.33508 was modified -> sl: 1.33520 tp: 1.33676
0	20:27:33.507	'10019548': modify order #158316543 buy 0.12 USDCAD at 1.33508 sl: 1.33520 tp: 1.33676 -> sl: 1.33523 tp: 1.33677
1	20:27:33.841	Notifications: not enough space for notification 'order #158316543 buy 0.12 USDCAD at 1.33508 modified: sl: 1.33520 tp: 1.33676 -> sl: 1.33523 tp: 1.33677'
0	20:27:33.842	'10019548': order #158316543 buy 0.12 USDCAD at 1.33508 was modified -> sl: 1.33523 tp: 1.33677
0	20:32:11.869	'10019548': order #158316543 buy 0.12 USDCAD at 1.33508 closed due stop-loss at price 1.33523
1	20:32:11.869	Notifications: not enough space for notification 'order #158316543 buy 0.12 USDCAD at 1.33508 closed due stop-loss at price 1.33523, profit: 1.85 AUD'
0	20:40:51.483	'10019548': order #158316623 buy 0.12 USDCAD at 1.33476 closed due stop-loss at price 1.33521
1	20:40:51.483	Notifications: not enough space for notification 'order #158316623 buy 0.12 USDCAD at 1.33476 closed due stop-loss at price 1.33521, profit: 5.54 AUD'
1	20:40:51.492	Notifications: not enough space for notification 'Close up completed @ 2297.35'
0	20:45:01.215	'10019548': order sell market 0.11 EURGBP sl: 0.00000 tp: 0.83524
1	20:45:01.641	Notifications: not enough space for notification 'order opened #158368748 sell 0.11 EURGBP at 0.83812 tp: 0.83524'
0	20:45:01.641	'10019548': order was opened : #158368748 sell 0.11 EURGBP at 0.83812 sl: 0.00000 tp: 0.83524
0	20:50:04.508	'10019548': order buy market 0.11 USDJPY sl: 0.000 tp: 117.762
1	20:50:04.908	Notifications: not enough space for notification 'order opened #158369307 buy 0.11 USDJPY at 117.463 tp: 117.762'
0	20:50:04.908	'10019548': order was opened : #158369307 buy 0.11 USDJPY at 117.463 sl: 0.000 tp: 117.762
0	20:50:04.911	'10019548': order buy market 0.11 AUDCAD sl: 0.00000 tp: 0.97669
1	20:50:05.360	Notifications: not enough space for notification 'order opened #158369309 buy 0.11 AUDCAD at 0.97371 tp: 0.97669'
0	20:50:05.360	'10019548': order was opened : #158369309 buy 0.11 AUDCAD at 0.97371 sl: 0.00000 tp: 0.97669
0	20:50:05.364	'10019548': order sell market 0.11 XAUUSD sl: 0.00 tp: 1135.91
1	20:50:05.764	Notifications: not enough space for notification 'order opened #158369311 sell 0.11 XAUUSD at 1138.91 tp: 1135.91'
0	20:50:05.764	'10019548': order was opened : #158369311 sell 0.11 XAUUSD at 1138.91 sl: 0.00 tp: 1135.91
0	20:55:00.478	'10019548': order buy market 0.11 AUDCAD sl: 0.00000 tp: 0.97685
1	20:55:00.901	Notifications: not enough space for notification 'order opened #158369588 buy 0.11 AUDCAD at 0.97378 tp: 0.97685'
0	20:55:00.964	'10019548': order was opened : #158369588 buy 0.11 AUDCAD at 0.97378 sl: 0.00000 tp: 0.97685
0	21:00:00.266	'10019548': order sell market 0.11 EURGBP sl: 0.00000 tp: 0.83550
1	21:00:14.610	Notifications: not enough space for notification 'order opened #158370189 sell 0.11 EURGBP at 0.83817 tp: 0.83550'
0	21:00:14.610	'10019548': order was opened : #158370189 sell 0.11 EURGBP at 0.83817 sl: 0.00000 tp: 0.83550
0	21:08:09.113	'10019548': order buy market 0.11 AUDCAD sl: 0.00000 tp: 0.97665
1	21:08:09.474	Notifications: not enough space for notification 'order opened #158370699 buy 0.11 AUDCAD at 0.97365 tp: 0.97665'
0	21:08:09.474	'10019548': order was opened : #158370699 buy 0.11 AUDCAD at 0.97365 sl: 0.00000 tp: 0.97665
0	21:20:15.884	'10019548': order buy market 0.11 EURGBP sl: 0.00000 tp: 0.84091
1	21:20:16.234	Notifications: not enough space for notification 'order opened #158371585 buy 0.11 EURGBP at 0.83792 tp: 0.84091'
0	21:20:16.235	'10019548': order was opened : #158371585 buy 0.11 EURGBP at 0.83792 sl: 0.00000 tp: 0.84091
0	21:20:16.242	'10019548': order sell market 0.11 GBPAUD sl: 0.00000 tp: 1.70865
1	21:20:16.594	Notifications: not enough space for notification 'order opened #158371586 sell 0.11 GBPAUD at 1.71165 tp: 1.70865'
0	21:20:16.610	'10019548': order was opened : #158371586 sell 0.11 GBPAUD at 1.71165 sl: 0.00000 tp: 1.70865
0	21:30:00.593	'10019548': order buy market 0.11 EURGBP sl: 0.00000 tp: 0.84159
1	21:30:01.031	Notifications: not enough space for notification 'order opened #158372013 buy 0.11 EURGBP at 0.83858 tp: 0.84159'
0	21:30:01.048	'10019548': order was opened : #158372013 buy 0.11 EURGBP at 0.83858 sl: 0.00000 tp: 0.84159
0	21:35:01.165	'10019548': order sell market 0.11 GBPAUD sl: 0.00000 tp: 1.70842
1	21:35:01.701	Notifications: not enough space for notification 'order opened #158372383 sell 0.11 GBPAUD at 1.71140 tp: 1.70842'
0	21:35:01.702	'10019548': order was opened : #158372383 sell 0.11 GBPAUD at 1.71140 sl: 0.00000 tp: 1.70842
0	21:50:02.360	'10019548': order buy market 0.11 GBPAUD sl: 0.00000 tp: 1.71398
1	21:50:02.708	Notifications: not enough space for notification 'order opened #158373230 buy 0.11 GBPAUD at 1.71113 tp: 1.71398'
0	21:50:02.708	'10019548': order was opened : #158373230 buy 0.11 GBPAUD at 1.71113 sl: 0.00000 tp: 1.71398
0	22:07:34.792	'10019548': order buy market 0.11 EURAUD sl: 0.00000 tp: 1.43781
1	22:07:35.209	Notifications: not enough space for notification 'order opened #158374294 buy 0.11 EURAUD at 1.43481 tp: 1.43781'
0	22:07:35.222	'10019548': order was opened : #158374294 buy 0.11 EURAUD at 1.43481 sl: 0.00000 tp: 1.43781
0	22:07:35.226	'10019548': order buy market 0.11 USDCHF sl: 0.00000 tp: 1.02903
1	22:07:39.519	Notifications: not enough space for notification 'order opened #158374378 buy 0.11 USDCHF at 1.02586 tp: 1.02903'
0	22:07:39.520	'10019548': order was opened : #158374378 buy 0.11 USDCHF at 1.02586 sl: 0.00000 tp: 1.02903
0	22:10:31.062	'10019548': modify order #158371585 buy 0.11 EURGBP at 0.83792 sl: 0.00000 tp: 0.84091 -> sl: 0.83892 tp: 0.84046
1	22:10:31.413	Notifications: not enough space for notification 'order #158371585 buy 0.11 EURGBP at 0.83792 modified: sl: 0.00000 tp: 0.84091 -> sl: 0.83892 tp: 0.84046'
0	22:10:31.473	'10019548': order #158371585 buy 0.11 EURGBP at 0.83792 was modified -> sl: 0.83892 tp: 0.84046
0	22:10:31.473	'10019548': modify order #158371585 buy 0.11 EURGBP at 0.83792 sl: 0.83892 tp: 0.84046 -> sl: 0.83896 tp: 0.84049
1	22:10:31.867	Notifications: not enough space for notification 'order #158371585 buy 0.11 EURGBP at 0.83792 modified: sl: 0.83892 tp: 0.84046 -> sl: 0.83896 tp: 0.84049'
0	22:10:31.868	'10019548': order #158371585 buy 0.11 EURGBP at 0.83792 was modified -> sl: 0.83896 tp: 0.84049
0	22:10:49.125	'10019548': modify order #158371585 buy 0.11 EURGBP at 0.83792 sl: 0.83896 tp: 0.84049 -> sl: 0.83897 tp: 0.84050
1	22:10:49.475	Notifications: not enough space for notification 'order #158371585 buy 0.11 EURGBP at 0.83792 modified: sl: 0.83896 tp: 0.84049 -> sl: 0.83897 tp: 0.84050'
0	22:10:49.537	'10019548': order #158371585 buy 0.11 EURGBP at 0.83792 was modified -> sl: 0.83897 tp: 0.84050
0	22:10:58.592	'10019548': modify order #158371585 buy 0.11 EURGBP at 0.83792 sl: 0.83897 tp: 0.84050 -> sl: 0.83907 tp: 0.84060
1	22:10:58.930	Notifications: not enough space for notification 'order #158371585 buy 0.11 EURGBP at 0.83792 modified: sl: 0.83897 tp: 0.84050 -> sl: 0.83907 tp: 0.84060'
0	22:10:58.930	'10019548': order #158371585 buy 0.11 EURGBP at 0.83792 was modified -> sl: 0.83907 tp: 0.84060
0	22:11:01.074	'10019548': modify order #158371585 buy 0.11 EURGBP at 0.83792 sl: 0.83907 tp: 0.84060 -> sl: 0.83911 tp: 0.84064
1	22:11:02.261	Notifications: not enough space for notification 'order #158371585 buy 0.11 EURGBP at 0.83792 modified: sl: 0.83907 tp: 0.84060 -> sl: 0.83911 tp: 0.84064'
0	22:11:02.278	'10019548': order #158371585 buy 0.11 EURGBP at 0.83792 was modified -> sl: 0.83911 tp: 0.84064
0	22:11:02.293	'10019548': modify order #158371585 buy 0.11 EURGBP at 0.83792 sl: 0.83911 tp: 0.84064 -> sl: 0.83912 tp: 0.84066
1	22:11:02.629	Notifications: not enough space for notification 'order #158371585 buy 0.11 EURGBP at 0.83792 modified: sl: 0.83911 tp: 0.84064 -> sl: 0.83912 tp: 0.84066'
0	22:11:02.630	'10019548': order #158371585 buy 0.11 EURGBP at 0.83792 was modified -> sl: 0.83912 tp: 0.84066
0	22:11:02.630	'10019548': modify order #158371585 buy 0.11 EURGBP at 0.83792 sl: 0.83912 tp: 0.84066 -> sl: 0.83913 tp: 0.84067
1	22:11:02.960	Notifications: not enough space for notification 'order #158371585 buy 0.11 EURGBP at 0.83792 modified: sl: 0.83912 tp: 0.84066 -> sl: 0.83913 tp: 0.84067'
0	22:11:02.960	'10019548': order #158371585 buy 0.11 EURGBP at 0.83792 was modified -> sl: 0.83913 tp: 0.84067
0	22:11:04.368	'10019548': modify order #158371586 sell 0.11 GBPAUD at 1.71165 sl: 0.00000 tp: 1.70865 -> sl: 1.70953 tp: 1.70787
1	22:11:04.725	Notifications: not enough space for notification 'order #158371586 sell 0.11 GBPAUD at 1.71165 modified: sl: 0.00000 tp: 1.70865 -> sl: 1.70953 tp: 1.70787'
0	22:11:04.726	'10019548': order #158371586 sell 0.11 GBPAUD at 1.71165 was modified -> sl: 1.70953 tp: 1.70787
0	22:11:56.862	'10019548': modify order #158371585 buy 0.11 EURGBP at 0.83792 sl: 0.83913 tp: 0.84067 -> sl: 0.83913 tp: 0.84066
1	22:11:57.230	Notifications: not enough space for notification 'order #158371585 buy 0.11 EURGBP at 0.83792 modified: sl: 0.83913 tp: 0.84067 -> sl: 0.83913 tp: 0.84066'
0	22:11:57.230	'10019548': order #158371585 buy 0.11 EURGBP at 0.83792 was modified -> sl: 0.83913 tp: 0.84066
0	22:12:05.238	'10019548': modify order #158371585 buy 0.11 EURGBP at 0.83792 sl: 0.83913 tp: 0.84066 -> sl: 0.83915 tp: 0.84068
1	22:12:05.622	Notifications: not enough space for notification 'order #158371585 buy 0.11 EURGBP at 0.83792 modified: sl: 0.83913 tp: 0.84066 -> sl: 0.83915 tp: 0.84068'
0	22:12:05.623	'10019548': order #158371585 buy 0.11 EURGBP at 0.83792 was modified -> sl: 0.83915 tp: 0.84068
0	22:12:15.332	'10019548': modify order #158371585 buy 0.11 EURGBP at 0.83792 sl: 0.83915 tp: 0.84068 -> sl: 0.83920 tp: 0.84074
1	22:12:19.216	Notifications: not enough space for notification 'order #158371585 buy 0.11 EURGBP at 0.83792 modified: sl: 0.83915 tp: 0.84068 -> sl: 0.83920 tp: 0.84074'
0	22:12:19.233	'10019548': order #158371585 buy 0.11 EURGBP at 0.83792 was modified -> sl: 0.83920 tp: 0.84074
0	22:12:19.381	'10019548': modify order #158371585 buy 0.11 EURGBP at 0.83792 sl: 0.83920 tp: 0.84074 -> sl: 0.83924 tp: 0.84079
1	22:12:19.717	Notifications: not enough space for notification 'order #158371585 buy 0.11 EURGBP at 0.83792 modified: sl: 0.83920 tp: 0.84074 -> sl: 0.83924 tp: 0.84079'
0	22:12:19.717	'10019548': order #158371585 buy 0.11 EURGBP at 0.83792 was modified -> sl: 0.83924 tp: 0.84079
0	22:12:24.255	'10019548': modify order #158371585 buy 0.11 EURGBP at 0.83792 sl: 0.83924 tp: 0.84079 -> sl: 0.83936 tp: 0.84091
1	22:12:24.622	Notifications: not enough space for notification 'order #158371585 buy 0.11 EURGBP at 0.83792 modified: sl: 0.83924 tp: 0.84079 -> sl: 0.83936 tp: 0.84091'
0	22:12:24.623	'10019548': order #158371585 buy 0.11 EURGBP at 0.83792 was modified -> sl: 0.83936 tp: 0.84091
0	22:12:24.623	'10019548': modify order #158371586 sell 0.11 GBPAUD at 1.71165 sl: 1.70953 tp: 1.70787 -> sl: 1.70934 tp: 1.70758
1	22:12:24.967	Notifications: not enough space for notification 'order #158371586 sell 0.11 GBPAUD at 1.71165 modified: sl: 1.70953 tp: 1.70787 -> sl: 1.70934 tp: 1.70758'
0	22:12:24.968	'10019548': order #158371586 sell 0.11 GBPAUD at 1.71165 was modified -> sl: 1.70934 tp: 1.70758
0	22:12:30.463	'10019548': modify order #158371585 buy 0.11 EURGBP at 0.83792 sl: 0.83936 tp: 0.84091 -> sl: 0.83942 tp: 0.84097
1	22:12:30.828	Notifications: not enough space for notification 'order #158371585 buy 0.11 EURGBP at 0.83792 modified: sl: 0.83936 tp: 0.84091 -> sl: 0.83942 tp: 0.84097'
0	22:12:30.828	'10019548': order #158371585 buy 0.11 EURGBP at 0.83792 was modified -> sl: 0.83942 tp: 0.84097
0	22:12:30.828	'10019548': modify order #158371586 sell 0.11 GBPAUD at 1.71165 sl: 1.70934 tp: 1.70758 -> sl: 1.70926 tp: 1.70750
1	22:12:31.170	Notifications: not enough space for notification 'order #158371586 sell 0.11 GBPAUD at 1.71165 modified: sl: 1.70934 tp: 1.70758 -> sl: 1.70926 tp: 1.70750'
0	22:12:31.171	'10019548': order #158371586 sell 0.11 GBPAUD at 1.71165 was modified -> sl: 1.70926 tp: 1.70750
0	22:12:31.171	'10019548': modify order #158372383 sell 0.11 GBPAUD at 1.71140 sl: 0.00000 tp: 1.70842 -> sl: 1.70926 tp: 1.70751
1	22:12:31.514	Notifications: not enough space for notification 'order #158372383 sell 0.11 GBPAUD at 1.71140 modified: sl: 0.00000 tp: 1.70842 -> sl: 1.70926 tp: 1.70751'
0	22:12:31.514	'10019548': order #158372383 sell 0.11 GBPAUD at 1.71140 was modified -> sl: 1.70926 tp: 1.70751
0	22:12:32.619	'10019548': modify order #158371586 sell 0.11 GBPAUD at 1.71165 sl: 1.70926 tp: 1.70750 -> sl: 1.70923 tp: 1.70748
1	22:12:32.983	Notifications: not enough space for notification 'order #158371586 sell 0.11 GBPAUD at 1.71165 modified: sl: 1.70926 tp: 1.70750 -> sl: 1.70923 tp: 1.70748'
0	22:12:32.984	'10019548': order #158371586 sell 0.11 GBPAUD at 1.71165 was modified -> sl: 1.70923 tp: 1.70748
0	22:12:32.984	'10019548': modify order #158372383 sell 0.11 GBPAUD at 1.71140 sl: 1.70926 tp: 1.70751 -> sl: 1.70922 tp: 1.70748
1	22:12:33.410	Notifications: not enough space for notification 'order #158372383 sell 0.11 GBPAUD at 1.71140 modified: sl: 1.70926 tp: 1.70751 -> sl: 1.70922 tp: 1.70748'
0	22:12:33.410	'10019548': order #158372383 sell 0.11 GBPAUD at 1.71140 was modified -> sl: 1.70922 tp: 1.70748
0	22:12:33.411	'10019548': modify order #158371586 sell 0.11 GBPAUD at 1.71165 sl: 1.70923 tp: 1.70748 -> sl: 1.70921 tp: 1.70748
1	22:12:33.719	Notifications: not enough space for notification 'order #158371586 sell 0.11 GBPAUD at 1.71165 modified: sl: 1.70923 tp: 1.70748 -> sl: 1.70921 tp: 1.70748'
0	22:12:33.719	'10019548': order #158371586 sell 0.11 GBPAUD at 1.71165 was modified -> sl: 1.70921 tp: 1.70748
0	22:12:34.091	'10019548': modify order #158372383 sell 0.11 GBPAUD at 1.71140 sl: 1.70922 tp: 1.70748 -> sl: 1.70921 tp: 1.70748
1	22:12:34.436	Notifications: not enough space for notification 'order #158372383 sell 0.11 GBPAUD at 1.71140 modified: sl: 1.70922 tp: 1.70748 -> sl: 1.70921 tp: 1.70748'
0	22:12:34.452	'10019548': order #158372383 sell 0.11 GBPAUD at 1.71140 was modified -> sl: 1.70921 tp: 1.70748
0	22:12:34.452	'10019548': modify order #158371586 sell 0.11 GBPAUD at 1.71165 sl: 1.70921 tp: 1.70748 -> sl: 1.70920 tp: 1.70747
1	22:12:34.796	Notifications: not enough space for notification 'order #158371586 sell 0.11 GBPAUD at 1.71165 modified: sl: 1.70921 tp: 1.70748 -> sl: 1.70920 tp: 1.70747'
0	22:12:34.806	'10019548': order #158371586 sell 0.11 GBPAUD at 1.71165 was modified -> sl: 1.70920 tp: 1.70747
0	22:12:34.806	'10019548': modify order #158372383 sell 0.11 GBPAUD at 1.71140 sl: 1.70921 tp: 1.70748 -> sl: 1.70919 tp: 1.70747
1	22:12:35.139	Notifications: not enough space for notification 'order #158372383 sell 0.11 GBPAUD at 1.71140 modified: sl: 1.70921 tp: 1.70748 -> sl: 1.70919 tp: 1.70747'
0	22:12:35.139	'10019548': order #158372383 sell 0.11 GBPAUD at 1.71140 was modified -> sl: 1.70919 tp: 1.70747
0	22:12:35.140	'10019548': modify order #158371586 sell 0.11 GBPAUD at 1.71165 sl: 1.70920 tp: 1.70747 -> sl: 1.70919 tp: 1.70747
1	22:12:35.482	Notifications: not enough space for notification 'order #158371586 sell 0.11 GBPAUD at 1.71165 modified: sl: 1.70920 tp: 1.70747 -> sl: 1.70919 tp: 1.70747'
0	22:12:35.483	'10019548': order #158371586 sell 0.11 GBPAUD at 1.71165 was modified -> sl: 1.70919 tp: 1.70747
0	22:12:59.384	'10019548': modify order #158371585 buy 0.11 EURGBP at 0.83792 sl: 0.83942 tp: 0.84097 -> sl: 0.83943 tp: 0.84098
1	22:12:59.765	Notifications: not enough space for notification 'order #158371585 buy 0.11 EURGBP at 0.83792 modified: sl: 0.83942 tp: 0.84097 -> sl: 0.83943 tp: 0.84098'
0	22:12:59.765	'10019548': order #158371585 buy 0.11 EURGBP at 0.83792 was modified -> sl: 0.83943 tp: 0.84098
0	22:12:59.765	'10019548': modify order #158371586 sell 0.11 GBPAUD at 1.71165 sl: 1.70919 tp: 1.70747 -> sl: 1.70908 tp: 1.70734
1	22:13:00.142	Notifications: not enough space for notification 'order #158371586 sell 0.11 GBPAUD at 1.71165 modified: sl: 1.70919 tp: 1.70747 -> sl: 1.70908 tp: 1.70734'
0	22:13:00.142	'10019548': order #158371586 sell 0.11 GBPAUD at 1.71165 was modified -> sl: 1.70908 tp: 1.70734
0	22:13:00.142	'10019548': modify order #158372383 sell 0.11 GBPAUD at 1.71140 sl: 1.70919 tp: 1.70747 -> sl: 1.70909 tp: 1.70734
1	22:13:00.532	Notifications: not enough space for notification 'order #158372383 sell 0.11 GBPAUD at 1.71140 modified: sl: 1.70919 tp: 1.70747 -> sl: 1.70909 tp: 1.70734'
0	22:13:00.533	'10019548': order #158372383 sell 0.11 GBPAUD at 1.71140 was modified -> sl: 1.70909 tp: 1.70734
0	22:13:00.534	'10019548': modify order #158371585 buy 0.11 EURGBP at 0.83792 sl: 0.83943 tp: 0.84098 -> sl: 0.83943 tp: 0.84097
1	22:13:00.924	Notifications: not enough space for notification 'order #158371585 buy 0.11 EURGBP at 0.83792 modified: sl: 0.83943 tp: 0.84098 -> sl: 0.83943 tp: 0.84097'
0	22:13:00.924	'10019548': order #158371585 buy 0.11 EURGBP at 0.83792 was modified -> sl: 0.83943 tp: 0.84097
0	22:13:01.347	'10019548': modify order #158371585 buy 0.11 EURGBP at 0.83792 sl: 0.83943 tp: 0.84097 -> sl: 0.83945 tp: 0.84099
1	22:13:01.689	Notifications: not enough space for notification 'order #158371585 buy 0.11 EURGBP at 0.83792 modified: sl: 0.83943 tp: 0.84097 -> sl: 0.83945 tp: 0.84099'
0	22:13:01.690	'10019548': order #158371585 buy 0.11 EURGBP at 0.83792 was modified -> sl: 0.83945 tp: 0.84099
0	22:13:01.691	'10019548': modify order #158371585 buy 0.11 EURGBP at 0.83792 sl: 0.83945 tp: 0.84099 -> sl: 0.83947 tp: 0.84100
1	22:13:02.050	Notifications: not enough space for notification 'order #158371585 buy 0.11 EURGBP at 0.83792 modified: sl: 0.83945 tp: 0.84099 -> sl: 0.83947 tp: 0.84100'
0	22:13:02.082	'10019548': order #158371585 buy 0.11 EURGBP at 0.83792 was modified -> sl: 0.83947 tp: 0.84100
0	22:13:17.177	'10019548': modify order #158371585 buy 0.11 EURGBP at 0.83792 sl: 0.83947 tp: 0.84100 -> sl: 0.83976 tp: 0.84129
1	22:13:17.597	Notifications: not enough space for notification 'order #158371585 buy 0.11 EURGBP at 0.83792 modified: sl: 0.83947 tp: 0.84100 -> sl: 0.83976 tp: 0.84129'
0	22:13:17.597	'10019548': order #158371585 buy 0.11 EURGBP at 0.83792 was modified -> sl: 0.83976 tp: 0.84129
0	22:13:17.598	'10019548': modify order #158371586 sell 0.11 GBPAUD at 1.71165 sl: 1.70908 tp: 1.70734 -> sl: 1.70869 tp: 1.70695
1	22:13:17.944	Notifications: not enough space for notification 'order #158371586 sell 0.11 GBPAUD at 1.71165 modified: sl: 1.70908 tp: 1.70734 -> sl: 1.70869 tp: 1.70695'
0	22:13:17.945	'10019548': order #158371586 sell 0.11 GBPAUD at 1.71165 was modified -> sl: 1.70869 tp: 1.70695
0	22:13:17.945	'10019548': modify order #158372383 sell 0.11 GBPAUD at 1.71140 sl: 1.70909 tp: 1.70734 -> sl: 1.70870 tp: 1.70693
1	22:13:18.379	Notifications: not enough space for notification 'order #158372383 sell 0.11 GBPAUD at 1.71140 modified: sl: 1.70909 tp: 1.70734 -> sl: 1.70870 tp: 1.70693'
0	22:13:18.379	'10019548': order #158372383 sell 0.11 GBPAUD at 1.71140 was modified -> sl: 1.70870 tp: 1.70693
0	22:13:31.457	'10019548': order #158371586 sell 0.11 GBPAUD at 1.71165 closed due stop-loss at price 1.70869
1	22:13:31.457	Notifications: not enough space for notification 'order #158371586 sell 0.11 GBPAUD at 1.71165 closed due stop-loss at price 1.70869, profit: 32.56 AUD'
0	22:13:31.457	'10019548': order #158372383 sell 0.11 GBPAUD at 1.71140 closed due stop-loss at price 1.70870
1	22:13:31.457	Notifications: not enough space for notification 'order #158372383 sell 0.11 GBPAUD at 1.71140 closed due stop-loss at price 1.70870, profit: 29.70 AUD'
0	22:14:02.663	'10019548': order #158371585 buy 0.11 EURGBP at 0.83792 closed due stop-loss at price 0.83976
1	22:14:02.663	Notifications: not enough space for notification 'order #158371585 buy 0.11 EURGBP at 0.83792 closed due stop-loss at price 0.83976, profit: 34.59 AUD'
0	22:31:47.425	'10019548': modify order #158372013 buy 0.11 EURGBP at 0.83858 sl: 0.00000 tp: 0.84159 -> sl: 0.83972 tp: 0.84126
1	22:31:47.791	Notifications: not enough space for notification 'order #158372013 buy 0.11 EURGBP at 0.83858 modified: sl: 0.00000 tp: 0.84159 -> sl: 0.83972 tp: 0.84126'
0	22:31:47.791	'10019548': order #158372013 buy 0.11 EURGBP at 0.83858 was modified -> sl: 0.83972 tp: 0.84126
0	22:31:49.039	'10019548': modify order #158372013 buy 0.11 EURGBP at 0.83858 sl: 0.83972 tp: 0.84126 -> sl: 0.83975 tp: 0.84129
1	22:31:49.386	Notifications: not enough space for notification 'order #158372013 buy 0.11 EURGBP at 0.83858 modified: sl: 0.83972 tp: 0.84126 -> sl: 0.83975 tp: 0.84129'
0	22:31:49.386	'10019548': order #158372013 buy 0.11 EURGBP at 0.83858 was modified -> sl: 0.83975 tp: 0.84129
0	22:31:57.518	'10019548': modify order #158372013 buy 0.11 EURGBP at 0.83858 sl: 0.83975 tp: 0.84129 -> sl: 0.83980 tp: 0.84133
1	22:31:57.886	Notifications: not enough space for notification 'order #158372013 buy 0.11 EURGBP at 0.83858 modified: sl: 0.83975 tp: 0.84129 -> sl: 0.83980 tp: 0.84133'
0	22:31:57.886	'10019548': order #158372013 buy 0.11 EURGBP at 0.83858 was modified -> sl: 0.83980 tp: 0.84133
0	22:31:57.887	'10019548': modify order #158372013 buy 0.11 EURGBP at 0.83858 sl: 0.83980 tp: 0.84133 -> sl: 0.83982 tp: 0.84136
1	22:31:58.240	Notifications: not enough space for notification 'order #158372013 buy 0.11 EURGBP at 0.83858 modified: sl: 0.83980 tp: 0.84133 -> sl: 0.83982 tp: 0.84136'
0	22:31:58.240	'10019548': order #158372013 buy 0.11 EURGBP at 0.83858 was modified -> sl: 0.83982 tp: 0.84136
0	22:31:58.241	'10019548': modify order #158372013 buy 0.11 EURGBP at 0.83858 sl: 0.83982 tp: 0.84136 -> sl: 0.83984 tp: 0.84138
1	22:31:58.574	Notifications: not enough space for notification 'order #158372013 buy 0.11 EURGBP at 0.83858 modified: sl: 0.83982 tp: 0.84136 -> sl: 0.83984 tp: 0.84138'
0	22:31:58.574	'10019548': order #158372013 buy 0.11 EURGBP at 0.83858 was modified -> sl: 0.83984 tp: 0.84138
0	22:36:55.945	'10019548': order #158372013 buy 0.11 EURGBP at 0.83858 closed due stop-loss at price 0.83984
1	22:36:55.945	Notifications: not enough space for notification 'order #158372013 buy 0.11 EURGBP at 0.83858 closed due stop-loss at price 0.83984, profit: 23.68 AUD'
