0	03:15:46.332	'10010844': modify order #155715896 sell 0.02 GBPUSD at 1.23768 sl: 0.00000 tp: 1.23466 -> sl: 1.24606 tp: 1.24447
0	03:15:46.522	'10010844': order #155715896 sell 0.02 GBPUSD at 1.23768 was modified -> sl: 1.24606 tp: 1.24447
0	03:15:46.523	'10010844': modify order #155715900 sell 0.02 USDCHF at 1.01044 sl: 0.00000 tp: 1.00744 -> sl: 1.01365 tp: 1.01208
0	03:15:46.739	'10010844': order #155715900 sell 0.02 USDCHF at 1.01044 was modified -> sl: 1.01365 tp: 1.01208
0	03:15:46.740	'10010844': modify order #155715900 sell 0.02 USDCHF at 1.01044 sl: 1.01365 tp: 1.01208 -> sl: 1.01364 tp: 1.01209
0	03:15:46.992	'10010844': order #155715900 sell 0.02 USDCHF at 1.01044 was modified -> sl: 1.01364 tp: 1.01209
0	03:15:47.221	Notifications: '#156054943 deposit 200.00 AUD' sent to 'D07ADD05'
0	03:15:48.233	Notifications: 'Close up reached @ 639.68' sent to 'D07ADD05'
0	03:15:49.248	Notifications: 'order #155715896 sell 0.02 GBPUSD at 1.23768 modified: sl: 0.00000 tp: 1.23466 -> sl: 1.24606 tp: 1.24447' sent to 'D07ADD05'
0	03:15:50.215	Notifications: 'order #155715900 sell 0.02 USDCHF at 1.01044 modified: sl: 0.00000 tp: 1.00744 -> sl: 1.01365 tp: 1.01208' sent to 'D07ADD05'
0	03:15:51.247	Notifications: 'order #155715900 sell 0.02 USDCHF at 1.01044 modified: sl: 1.01365 tp: 1.01208 -> sl: 1.01364 tp: 1.01209' sent to 'D07ADD05'
0	03:15:52.958	'10010844': modify order #155715900 sell 0.02 USDCHF at 1.01044 sl: 1.01364 tp: 1.01209 -> sl: 1.01362 tp: 1.01208
0	03:15:53.209	'10010844': order #155715900 sell 0.02 USDCHF at 1.01044 was modified -> sl: 1.01362 tp: 1.01208
0	03:15:54.243	Notifications: 'order #155715900 sell 0.02 USDCHF at 1.01044 modified: sl: 1.01364 tp: 1.01209 -> sl: 1.01362 tp: 1.01208' sent to 'D07ADD05'
0	03:15:58.902	'10010844': modify order #155715900 sell 0.02 USDCHF at 1.01044 sl: 1.01362 tp: 1.01208 -> sl: 1.01361 tp: 1.01207
0	03:15:59.162	'10010844': order #155715900 sell 0.02 USDCHF at 1.01044 was modified -> sl: 1.01361 tp: 1.01207
0	03:15:59.163	'10010844': modify order #155715900 sell 0.02 USDCHF at 1.01044 sl: 1.01361 tp: 1.01207 -> sl: 1.01359 tp: 1.01204
0	03:15:59.414	'10010844': order #155715900 sell 0.02 USDCHF at 1.01044 was modified -> sl: 1.01359 tp: 1.01204
0	03:15:59.517	'10010844': modify order #155715900 sell 0.02 USDCHF at 1.01044 sl: 1.01359 tp: 1.01204 -> sl: 1.01358 tp: 1.01199
0	03:15:59.756	'10010844': order #155715900 sell 0.02 USDCHF at 1.01044 was modified -> sl: 1.01358 tp: 1.01199
0	03:15:59.757	'10010844': modify order #155715900 sell 0.02 USDCHF at 1.01044 sl: 1.01358 tp: 1.01199 -> sl: 1.01355 tp: 1.01198
0	03:16:00.038	'10010844': order #155715900 sell 0.02 USDCHF at 1.01044 was modified -> sl: 1.01355 tp: 1.01198
0	03:16:00.207	'10010844': modify order #155715900 sell 0.02 USDCHF at 1.01044 sl: 1.01355 tp: 1.01198 -> sl: 1.01352 tp: 1.01198
0	03:16:00.437	Notifications: 'order #155715900 sell 0.02 USDCHF at 1.01044 modified: sl: 1.01362 tp: 1.01208 -> sl: 1.01361 tp: 1.01207' sent to 'D07ADD05'
0	03:16:00.491	'10010844': order #155715900 sell 0.02 USDCHF at 1.01044 was modified -> sl: 1.01352 tp: 1.01198
0	03:16:01.533	Notifications: 'order #155715900 sell 0.02 USDCHF at 1.01044 modified: sl: 1.01361 tp: 1.01207 -> sl: 1.01359 tp: 1.01204' sent to 'D07ADD05'
0	03:16:02.590	Notifications: 'order #155715900 sell 0.02 USDCHF at 1.01044 modified: sl: 1.01359 tp: 1.01204 -> sl: 1.01358 tp: 1.01199' sent to 'D07ADD05'
0	03:16:03.519	'10010844': modify order #155715896 sell 0.02 GBPUSD at 1.23768 sl: 1.24606 tp: 1.24447 -> sl: 1.24606 tp: 1.24451
0	03:16:03.711	'10010844': order #155715896 sell 0.02 GBPUSD at 1.23768 was modified -> sl: 1.24606 tp: 1.24451
0	03:16:03.718	Notifications: 'order #155715900 sell 0.02 USDCHF at 1.01044 modified: sl: 1.01358 tp: 1.01199 -> sl: 1.01355 tp: 1.01198' sent to 'D07ADD05'
0	03:16:04.470	'10010844': modify order #155715896 sell 0.02 GBPUSD at 1.23768 sl: 1.24606 tp: 1.24451 -> sl: 1.24605 tp: 1.24447
0	03:16:04.665	'10010844': order #155715896 sell 0.02 GBPUSD at 1.23768 was modified -> sl: 1.24605 tp: 1.24447
0	03:16:04.665	'10010844': modify order #155715896 sell 0.02 GBPUSD at 1.23768 sl: 1.24605 tp: 1.24447 -> sl: 1.24603 tp: 1.24446
0	03:16:04.703	Notifications: 'order #155715900 sell 0.02 USDCHF at 1.01044 modified: sl: 1.01355 tp: 1.01198 -> sl: 1.01352 tp: 1.01198' sent to 'D07ADD05'
0	03:16:04.965	'10010844': order #155715896 sell 0.02 GBPUSD at 1.23768 was modified -> sl: 1.24603 tp: 1.24446
0	03:16:05.910	Notifications: 'order #155715896 sell 0.02 GBPUSD at 1.23768 modified: sl: 1.24606 tp: 1.24447 -> sl: 1.24606 tp: 1.24451' sent to 'D07ADD05'
0	03:16:07.098	Notifications: 'order #155715896 sell 0.02 GBPUSD at 1.23768 modified: sl: 1.24606 tp: 1.24451 -> sl: 1.24605 tp: 1.24447' sent to 'D07ADD05'
0	03:16:08.129	Notifications: 'order #155715896 sell 0.02 GBPUSD at 1.23768 modified: sl: 1.24605 tp: 1.24447 -> sl: 1.24603 tp: 1.24446' sent to 'D07ADD05'
0	03:16:16.028	'10010844': modify order #155715896 sell 0.02 GBPUSD at 1.23768 sl: 1.24603 tp: 1.24446 -> sl: 1.24599 tp: 1.24440
0	03:16:16.262	'10010844': order #155715896 sell 0.02 GBPUSD at 1.23768 was modified -> sl: 1.24599 tp: 1.24440
0	03:16:16.262	'10010844': modify order #155715896 sell 0.02 GBPUSD at 1.23768 sl: 1.24599 tp: 1.24440 -> sl: 1.24595 tp: 1.24436
0	03:16:16.508	'10010844': order #155715896 sell 0.02 GBPUSD at 1.23768 was modified -> sl: 1.24595 tp: 1.24436
0	03:16:17.477	Notifications: 'order #155715896 sell 0.02 GBPUSD at 1.23768 modified: sl: 1.24603 tp: 1.24446 -> sl: 1.24599 tp: 1.24440' sent to 'D07ADD05'
0	03:16:18.671	Notifications: 'order #155715896 sell 0.02 GBPUSD at 1.23768 modified: sl: 1.24599 tp: 1.24440 -> sl: 1.24595 tp: 1.24436' sent to 'D07ADD05'
0	03:16:32.500	'10010844': modify order #155715896 sell 0.02 GBPUSD at 1.23768 sl: 1.24595 tp: 1.24436 -> sl: 1.24591 tp: 1.24437
0	03:16:32.696	'10010844': order #155715896 sell 0.02 GBPUSD at 1.23768 was modified -> sl: 1.24591 tp: 1.24437
0	03:16:33.319	'10010844': modify order #155715896 sell 0.02 GBPUSD at 1.23768 sl: 1.24591 tp: 1.24437 -> sl: 1.24589 tp: 1.24438
0	03:16:33.557	'10010844': order #155715896 sell 0.02 GBPUSD at 1.23768 was modified -> sl: 1.24589 tp: 1.24438
0	03:16:33.911	Notifications: 'order #155715896 sell 0.02 GBPUSD at 1.23768 modified: sl: 1.24595 tp: 1.24436 -> sl: 1.24591 tp: 1.24437' sent to 'D07ADD05'
0	03:16:35.005	Notifications: 'order #155715896 sell 0.02 GBPUSD at 1.23768 modified: sl: 1.24591 tp: 1.24437 -> sl: 1.24589 tp: 1.24438' sent to 'D07ADD05'
0	03:17:12.210	'10010844': modify order #155715896 sell 0.02 GBPUSD at 1.23768 sl: 1.24589 tp: 1.24438 -> sl: 1.24588 tp: 1.24432
0	03:17:12.419	'10010844': order #155715896 sell 0.02 GBPUSD at 1.23768 was modified -> sl: 1.24588 tp: 1.24432
0	03:17:13.455	Notifications: 'order #155715896 sell 0.02 GBPUSD at 1.23768 modified: sl: 1.24589 tp: 1.24438 -> sl: 1.24588 tp: 1.24432' sent to 'D07ADD05'
0	03:17:16.577	'10010844': modify order #155715896 sell 0.02 GBPUSD at 1.23768 sl: 1.24588 tp: 1.24432 -> sl: 1.24586 tp: 1.24428
0	03:17:18.512	'10010844': order #155715896 sell 0.02 GBPUSD at 1.23768 was modified -> sl: 1.24586 tp: 1.24428
0	03:17:18.563	'10010844': modify order #155715896 sell 0.02 GBPUSD at 1.23768 sl: 1.24586 tp: 1.24428 -> sl: 1.24584 tp: 1.24427
0	03:17:18.827	'10010844': order #155715896 sell 0.02 GBPUSD at 1.23768 was modified -> sl: 1.24584 tp: 1.24427
0	03:17:18.905	'10010844': modify order #155715896 sell 0.02 GBPUSD at 1.23768 sl: 1.24584 tp: 1.24427 -> sl: 1.24579 tp: 1.24420
0	03:17:19.458	'10010844': order #155715896 sell 0.02 GBPUSD at 1.23768 was modified -> sl: 1.24579 tp: 1.24420
0	03:17:19.459	'10010844': modify order #155715896 sell 0.02 GBPUSD at 1.23768 sl: 1.24579 tp: 1.24420 -> sl: 1.24576 tp: 1.24420
0	03:17:19.579	Notifications: 'order #155715896 sell 0.02 GBPUSD at 1.23768 modified: sl: 1.24588 tp: 1.24432 -> sl: 1.24586 tp: 1.24428' sent to 'D07ADD05'
0	03:17:19.654	'10010844': order #155715896 sell 0.02 GBPUSD at 1.23768 was modified -> sl: 1.24576 tp: 1.24420
0	03:17:21.094	Notifications: 'order #155715896 sell 0.02 GBPUSD at 1.23768 modified: sl: 1.24586 tp: 1.24428 -> sl: 1.24584 tp: 1.24427' sent to 'D07ADD05'
0	03:17:22.236	Notifications: 'order #155715896 sell 0.02 GBPUSD at 1.23768 modified: sl: 1.24584 tp: 1.24427 -> sl: 1.24579 tp: 1.24420' sent to 'D07ADD05'
0	03:17:23.238	Notifications: 'order #155715896 sell 0.02 GBPUSD at 1.23768 modified: sl: 1.24579 tp: 1.24420 -> sl: 1.24576 tp: 1.24420' sent to 'D07ADD05'
0	03:17:40.906	'10010844': order #155715896 sell 0.02 GBPUSD at 1.23768 closed due stop-loss at price 1.24576
0	03:17:41.969	Notifications: 'order #155715896 sell 0.02 GBPUSD at 1.23768 closed due stop-loss at price 1.24576, profit: -21.75 AUD' sent to 'D07ADD05'
0	03:21:54.014	'10010844': modify order #155715900 sell 0.02 USDCHF at 1.01044 sl: 1.01352 tp: 1.01198 -> sl: 1.01348 tp: 1.01190
0	03:21:54.555	'10010844': order #155715900 sell 0.02 USDCHF at 1.01044 was modified -> sl: 1.01348 tp: 1.01190
0	03:21:54.803	'10010844': modify order #155715900 sell 0.02 USDCHF at 1.01044 sl: 1.01348 tp: 1.01190 -> sl: 1.01347 tp: 1.01189
0	03:21:55.180	'10010844': order #155715900 sell 0.02 USDCHF at 1.01044 was modified -> sl: 1.01347 tp: 1.01189
0	03:21:55.729	Notifications: 'order #155715900 sell 0.02 USDCHF at 1.01044 modified: sl: 1.01352 tp: 1.01198 -> sl: 1.01348 tp: 1.01190' sent to 'D07ADD05'
0	03:21:56.844	Notifications: 'order #155715900 sell 0.02 USDCHF at 1.01044 modified: sl: 1.01348 tp: 1.01190 -> sl: 1.01347 tp: 1.01189' sent to 'D07ADD05'
0	03:24:23.429	'10010844': order #155715900 sell 0.02 USDCHF at 1.01044 closed due stop-loss at price 1.01347
0	03:24:25.469	Notifications: 'order #155715900 sell 0.02 USDCHF at 1.01044 closed due stop-loss at price 1.01347, profit: -8.05 AUD' sent to 'D07ADD05'
0	03:24:27.908	Notifications: 'Close up completed @ 638.26' sent to 'D07ADD05'
0	03:27:00.282	'10010844': order sell market 0.03 USDCAD sl: 0.00000 tp: 1.34779
0	03:27:00.665	'10010844': order was opened : #156056382 sell 0.03 USDCAD at 1.35079 sl: 0.00000 tp: 1.34779
0	03:27:02.207	Notifications: 'order opened #156056382 sell 0.03 USDCAD at 1.35079 tp: 1.34779' sent to 'D07ADD05'
0	03:35:00.913	'10010844': order buy market 0.03 AUDJPY sl: 0.000 tp: 84.285
0	03:35:02.142	'10010844': order was opened : #156057777 buy 0.03 AUDJPY at 83.989 sl: 0.000 tp: 84.285
0	03:35:02.160	'10010844': order buy market 0.03 USDJPY sl: 0.000 tp: 113.372
0	03:35:02.799	'10010844': order was opened : #156057785 buy 0.03 USDJPY at 113.073 sl: 0.000 tp: 113.372
0	03:35:03.254	Notifications: 'order opened #156057777 buy 0.03 AUDJPY at 83.989 tp: 84.285' sent to 'D07ADD05'
0	03:35:04.286	Notifications: 'order opened #156057785 buy 0.03 USDJPY at 113.073 tp: 113.372' sent to 'D07ADD05'
0	04:01:50.090	'10010844': modify order #156057785 buy 0.03 USDJPY at 113.073 sl: 0.000 tp: 113.372 -> sl: 113.235 tp: 113.391
0	04:01:50.478	'10010844': order #156057785 buy 0.03 USDJPY at 113.073 was modified -> sl: 113.235 tp: 113.391
0	04:01:50.479	'10010844': modify order #156057785 buy 0.03 USDJPY at 113.073 sl: 113.235 tp: 113.391 -> sl: 113.242 tp: 113.399
0	04:01:50.978	'10010844': order #156057785 buy 0.03 USDJPY at 113.073 was modified -> sl: 113.242 tp: 113.399
0	04:01:51.589	Notifications: 'order #156057785 buy 0.03 USDJPY at 113.073 modified: sl: 0.000 tp: 113.372 -> sl: 113.235 tp: 113.391' sent to 'D07ADD05'
0	04:01:52.658	Notifications: 'order #156057785 buy 0.03 USDJPY at 113.073 modified: sl: 113.235 tp: 113.391 -> sl: 113.242 tp: 113.399' sent to 'D07ADD05'
0	04:01:53.125	'10010844': modify order #156057785 buy 0.03 USDJPY at 113.073 sl: 113.242 tp: 113.399 -> sl: 113.255 tp: 113.410
0	04:01:53.486	'10010844': order #156057785 buy 0.03 USDJPY at 113.073 was modified -> sl: 113.255 tp: 113.410
0	04:01:54.437	Notifications: 'order #156057785 buy 0.03 USDJPY at 113.073 modified: sl: 113.242 tp: 113.399 -> sl: 113.255 tp: 113.410' sent to 'D07ADD05'
0	04:02:14.105	'10010844': order #156057785 buy 0.03 USDJPY at 113.073 closed due stop-loss at price 113.255
0	04:02:15.289	Notifications: 'order #156057785 buy 0.03 USDJPY at 113.073 closed due stop-loss at price 113.255, profit: 6.49 AUD' sent to 'D07ADD05'
0	04:36:15.991	'10010844': order sell market 0.03 XAUUSD sl: 0.00 tp: 1177.13
0	04:36:16.186	'10010844': order was opened : #156065934 sell 0.03 XAUUSD at 1180.13 sl: 0.00 tp: 1177.13
0	04:36:17.214	Notifications: 'order opened #156065934 sell 0.03 XAUUSD at 1180.13 tp: 1177.13' sent to 'D07ADD05'
2	12:30:26.943	Expert DumpTicks EURUSD,M15: removed
2	12:30:26.976	Expert Elpheba-20161030 AUDUSD,M1: removed
0	12:30:28.171	IC Markets MT4 build 1010 stopped
0	12:31:06.163	IC Markets MT4 build 1010 started (International Capital Markets Pty Ltd.)
0	12:31:06.169	Microsoft Windows 7 (x64 based PC), IE 09.00, 1 x Intel Pentium 4  2.40GHz, RAM: 246 / 488 Mb, HDD: 6014 / 20029 Mb, GMT+10:00
0	12:31:06.169	Data Folder: Z:\home\keith\MT4-1
2	12:31:09.200	Expert DumpTicks EURUSD,M15: loaded successfully
2	12:31:09.348	Expert Elpheba-20161030 AUDUSD,M1: loaded successfully
0	12:31:10.471	'10010844': login on ICMarkets-Demo01 through Demo DC #3 (ping: 77.99 ms)
0	12:31:11.556	'10010844': login datacenter on ICMarkets-Demo01 through Demo DC #3 (ping: 77.99 ms)
0	12:31:11.868	'10010844': previous successful authorization performed from 203.221.243.6
0	12:31:25.220	'10010844': ping to current access point Demo DC #3 is 78.19 ms
