0	07:10:16.412	IC Markets MT4 build 1010 started (International Capital Markets Pty Ltd.)
0	07:10:16.412	Microsoft Windows XP (x64 based PC), IE 09.00, 2 x Intel Pentium 4  2.40GHz, RAM: 1100 / 1376 Mb, HDD: 108996 / 119815 Mb, GMT+10:00
0	07:10:16.412	Data Folder: Z:\home\keith\MT4-1
2	07:10:20.535	Expert DumpTicks EURUSD,M1: loaded successfully
2	07:10:20.725	Expert Elpheba-20161030 AUDUSD,M5: loaded successfully
1	07:10:21.654	'10019548': connect failed [No connection]
1	07:11:33.896	MQL5.community: failed to start thread
1	07:11:43.920	MQL5.community: failed to start thread
1	07:11:53.944	MQL5.community: failed to start thread
1	07:12:03.968	MQL5.community: failed to start thread
1	07:12:13.992	MQL5.community: failed to start thread
1	07:12:24.020	MQL5.community: failed to start thread
1	07:12:34.048	MQL5.community: failed to start thread
1	07:12:41.072	MQL5.community: failed to start thread
1	07:12:49.100	MQL5.community: failed to start thread
1	07:12:56.120	MQL5.community: failed to start thread
1	07:13:04.148	MQL5.community: failed to start thread
1	07:13:11.172	MQL5.community: failed to start thread
1	07:13:19.196	MQL5.community: failed to start thread
1	07:13:26.215	MQL5.community: failed to start thread
1	07:13:34.244	MQL5.community: failed to start thread
1	07:13:45.273	MQL5.community: failed to start thread
1	07:13:55.305	MQL5.community: failed to start thread
1	07:14:00.328	MQL5.community: failed to start thread
0	07:14:06.032	'10019548': login on ICMarkets-Demo01 through Demo DC #2 (ping: 234.74 ms)
0	07:14:12.793	'10019548': login datacenter on ICMarkets-Demo01 through Demo DC #2 (ping: 234.74 ms)
0	07:14:13.390	'10019548': previous successful authorization performed from 220.240.85.188
0	07:14:30.076	'10019548': auto connecting to a better access point Demo DC #3 (ping is 248.82 ms)
0	07:14:30.880	'10019548': login on ICMarkets-Demo01 through Demo DC #3 (ping: 248.82 ms)
0	07:14:33.842	'10019548': login datacenter on ICMarkets-Demo01 through Demo DC #3 (ping: 248.82 ms)
0	07:14:34.419	'10019548': previous successful authorization performed from 14.202.217.73
0	10:28:40.988	'10019548': login on ICMarkets-Demo01 through Demo DC #2 (ping: 255.24 ms)
0	10:29:27.931	'10019548': login datacenter on ICMarkets-Demo01 through Demo DC #2 (ping: 255.24 ms)
0	10:29:28.577	'10019548': previous successful authorization performed from 14.202.217.73
0	10:29:55.274	'10019548': ping to current access point Demo DC #2 is 260.56 ms
1	12:09:29.115	'10019548': ping failed
1	12:09:29.153	'10019548': connect failed [No connection]
0	14:08:06.733	'10019548': login on ICMarkets-Demo01 through Demo DC (ping: n/a)
0	14:08:09.678	'10019548': login datacenter on ICMarkets-Demo01 through Demo DC (ping: n/a)
0	14:08:10.240	'10019548': previous successful authorization performed from 14.202.217.73
0	14:08:27.481	'10019548': auto connecting to a better access point Demo DC #3 (ping is 248.47 ms)
0	14:08:28.255	'10019548': login on ICMarkets-Demo01 through Demo DC #3 (ping: 248.47 ms)
0	14:08:36.389	'10019548': login datacenter on ICMarkets-Demo01 through Demo DC #3 (ping: 248.47 ms)
0	14:08:36.951	'10019548': previous successful authorization performed from 203.221.189.63
0	15:44:32.498	'10019548': login on ICMarkets-Demo01 through Demo DC #3 (ping: 248.47 ms)
0	15:44:35.426	'10019548': login datacenter on ICMarkets-Demo01 through Demo DC #3 (ping: 248.47 ms)
0	15:44:35.956	'10019548': previous successful authorization performed from 203.221.189.63
0	15:44:52.950	'10019548': ping to current access point Demo DC #3 is 227.81 ms
1	22:36:57.867	'10019548': ping failed
1	22:36:57.868	'10019548': datacenter connecting failed [6]
0	22:36:58.592	'10019548': login on ICMarkets-Demo01 through Demo DC #2 (ping: 229.22 ms)
0	22:37:01.739	'10019548': login datacenter on ICMarkets-Demo01 through Demo DC #2 (ping: 229.22 ms)
0	22:37:02.339	'10019548': previous successful authorization performed from 203.221.95.26
0	22:37:27.282	'10019548': ping to current access point Demo DC #2 is 233.93 ms
1	22:40:37.972	MQL5.community: authorization failed
1	22:44:18.021	MQL5.community: authorization failed
1	22:49:01.524	MQL5.community: authorization failed
1	22:54:01.553	MQL5.community: authorization failed
1	22:59:01.530	MQL5.community: authorization failed
1	23:04:01.532	MQL5.community: authorization failed
1	23:09:01.544	MQL5.community: authorization failed
1	23:14:01.535	MQL5.community: authorization failed
1	23:19:01.513	MQL5.community: authorization failed
1	23:24:01.532	MQL5.community: authorization failed
1	23:29:01.526	MQL5.community: authorization failed
1	23:34:01.540	MQL5.community: authorization failed
1	23:39:01.526	MQL5.community: authorization failed
1	23:44:01.546	MQL5.community: authorization failed
1	23:49:01.532	MQL5.community: authorization failed
1	23:54:01.532	MQL5.community: authorization failed
1	23:59:01.528	MQL5.community: authorization failed
