0	03:46:31.351	'10010844': modify order #152454839 buy 0.01 AUDUSD at 0.76316 sl: 0.00000 tp: 0.76916 -> sl: 0.76462 tp: 0.77115
0	03:46:40.069	'10010844': order #152454839 buy 0.01 AUDUSD at 0.76316 was modified -> sl: 0.76462 tp: 0.77115
0	03:46:40.071	'10010844': modify order #152454839 buy 0.01 AUDUSD at 0.76316 sl: 0.76462 tp: 0.77115 -> sl: 0.76473 tp: 0.77126
0	03:46:40.792	'10010844': order #152454839 buy 0.01 AUDUSD at 0.76316 was modified -> sl: 0.76473 tp: 0.77126
0	03:46:42.252	Notifications: 'order #152454839 buy 0.01 AUDUSD at 0.76316 modified: sl: 0.00000 tp: 0.76916 -> sl: 0.76462 tp: 0.77115' sent to 'D07ADD05'
0	03:46:43.409	Notifications: 'order #152454839 buy 0.01 AUDUSD at 0.76316 modified: sl: 0.76462 tp: 0.77115 -> sl: 0.76473 tp: 0.77126' sent to 'D07ADD05'
0	03:48:15.651	'10010844': close order #152454839 buy 0.01 AUDUSD at 0.76316 sl: 0.76473 tp: 0.77126 at price 0.00000
0	03:48:15.905	'10010844': order #152454839 buy 0.01 AUDUSD at 0.76316 sl: 0.76473 tp: 0.77126 closed at price 0.76479
0	03:48:17.189	Notifications: 'order #152454839 buy 0.01 AUDUSD at 0.76316 closed at price 0.76479, profit: 2.13 AUD' sent to 'D07ADD05'
0	07:06:02.287	'10010844': modify order #152439327 buy 0.01 AUDUSD at 0.76441 sl: 0.00000 tp: 0.77040 -> sl: 0.76591 tp: 0.77243
0	07:06:08.362	'10010844': order #152439327 buy 0.01 AUDUSD at 0.76441 was modified -> sl: 0.76591 tp: 0.77243
0	07:06:08.366	'10010844': modify order #152439327 buy 0.01 AUDUSD at 0.76441 sl: 0.76591 tp: 0.77243 -> sl: 0.76592 tp: 0.77245
0	07:06:10.150	Notifications: 'order #152439327 buy 0.01 AUDUSD at 0.76441 modified: sl: 0.00000 tp: 0.77040 -> sl: 0.76591 tp: 0.77243' sent to 'D07ADD05'
0	07:06:10.923	'10010844': order #152439327 buy 0.01 AUDUSD at 0.76441 was modified -> sl: 0.76592 tp: 0.77245
0	07:06:12.304	Notifications: 'order #152439327 buy 0.01 AUDUSD at 0.76441 modified: sl: 0.76591 tp: 0.77243 -> sl: 0.76592 tp: 0.77245' sent to 'D07ADD05'
0	07:09:05.434	'10010844': modify order #152439327 buy 0.01 AUDUSD at 0.76441 sl: 0.76592 tp: 0.77245 -> sl: 0.76593 tp: 0.77246
0	07:09:05.689	'10010844': order #152439327 buy 0.01 AUDUSD at 0.76441 was modified -> sl: 0.76593 tp: 0.77246
0	07:09:06.778	Notifications: 'order #152439327 buy 0.01 AUDUSD at 0.76441 modified: sl: 0.76592 tp: 0.77245 -> sl: 0.76593 tp: 0.77246' sent to 'D07ADD05'
0	07:10:31.667	'10010844': modify order #152439327 buy 0.01 AUDUSD at 0.76441 sl: 0.76593 tp: 0.77246 -> sl: 0.76594 tp: 0.77247
0	07:10:31.961	'10010844': order #152439327 buy 0.01 AUDUSD at 0.76441 was modified -> sl: 0.76594 tp: 0.77247
0	07:10:33.004	Notifications: 'order #152439327 buy 0.01 AUDUSD at 0.76441 modified: sl: 0.76593 tp: 0.77246 -> sl: 0.76594 tp: 0.77247' sent to 'D07ADD05'
0	07:10:37.596	'10010844': modify order #152439327 buy 0.01 AUDUSD at 0.76441 sl: 0.76594 tp: 0.77247 -> sl: 0.76600 tp: 0.77253
0	07:10:46.057	'10010844': order #152439327 buy 0.01 AUDUSD at 0.76441 was modified -> sl: 0.76600 tp: 0.77253
0	07:10:46.058	'10010844': modify order #152439327 buy 0.01 AUDUSD at 0.76441 sl: 0.76600 tp: 0.77253 -> sl: 0.76601 tp: 0.77254
0	07:10:46.296	'10010844': order #152439327 buy 0.01 AUDUSD at 0.76441 was modified -> sl: 0.76601 tp: 0.77254
0	07:10:47.109	Notifications: 'order #152439327 buy 0.01 AUDUSD at 0.76441 modified: sl: 0.76594 tp: 0.77247 -> sl: 0.76600 tp: 0.77253' sent to 'D07ADD05'
0	07:10:48.229	Notifications: 'order #152439327 buy 0.01 AUDUSD at 0.76441 modified: sl: 0.76600 tp: 0.77253 -> sl: 0.76601 tp: 0.77254' sent to 'D07ADD05'
0	07:11:54.602	'10010844': modify order #152439327 buy 0.01 AUDUSD at 0.76441 sl: 0.76601 tp: 0.77254 -> sl: 0.76610 tp: 0.77262
0	07:12:00.307	'10010844': order #152439327 buy 0.01 AUDUSD at 0.76441 was modified -> sl: 0.76610 tp: 0.77262
0	07:12:01.407	Notifications: 'order #152439327 buy 0.01 AUDUSD at 0.76441 modified: sl: 0.76601 tp: 0.77254 -> sl: 0.76610 tp: 0.77262' sent to 'D07ADD05'
0	07:12:07.963	'10010844': modify order #152439327 buy 0.01 AUDUSD at 0.76441 sl: 0.76610 tp: 0.77262 -> sl: 0.76611 tp: 0.77263
0	07:12:10.800	'10010844': order #152439327 buy 0.01 AUDUSD at 0.76441 was modified -> sl: 0.76611 tp: 0.77263
0	07:12:12.189	Notifications: 'order #152439327 buy 0.01 AUDUSD at 0.76441 modified: sl: 0.76610 tp: 0.77262 -> sl: 0.76611 tp: 0.77263' sent to 'D07ADD05'
0	07:12:18.841	'10010844': modify order #152439327 buy 0.01 AUDUSD at 0.76441 sl: 0.76611 tp: 0.77263 -> sl: 0.76612 tp: 0.77265
0	07:12:21.146	'10010844': order #152439327 buy 0.01 AUDUSD at 0.76441 was modified -> sl: 0.76612 tp: 0.77265
0	07:12:22.421	Notifications: 'order #152439327 buy 0.01 AUDUSD at 0.76441 modified: sl: 0.76611 tp: 0.77263 -> sl: 0.76612 tp: 0.77265' sent to 'D07ADD05'
0	07:15:54.481	'10010844': modify order #152439327 buy 0.01 AUDUSD at 0.76441 sl: 0.76612 tp: 0.77265 -> sl: 0.76613 tp: 0.77266
0	07:15:56.122	'10010844': order #152439327 buy 0.01 AUDUSD at 0.76441 was modified -> sl: 0.76613 tp: 0.77266
0	07:15:57.495	Notifications: 'order #152439327 buy 0.01 AUDUSD at 0.76441 modified: sl: 0.76612 tp: 0.77265 -> sl: 0.76613 tp: 0.77266' sent to 'D07ADD05'
0	07:16:01.445	'10010844': modify order #152439327 buy 0.01 AUDUSD at 0.76441 sl: 0.76613 tp: 0.77266 -> sl: 0.76614 tp: 0.77266
0	07:16:06.637	'10010844': order #152439327 buy 0.01 AUDUSD at 0.76441 was modified -> sl: 0.76614 tp: 0.77266
0	07:16:07.723	Notifications: 'order #152439327 buy 0.01 AUDUSD at 0.76441 modified: sl: 0.76613 tp: 0.77266 -> sl: 0.76614 tp: 0.77266' sent to 'D07ADD05'
0	07:16:44.654	'10010844': modify order #152439327 buy 0.01 AUDUSD at 0.76441 sl: 0.76614 tp: 0.77266 -> sl: 0.76617 tp: 0.77269
0	07:16:45.010	'10010844': order #152439327 buy 0.01 AUDUSD at 0.76441 was modified -> sl: 0.76617 tp: 0.77269
0	07:16:46.256	Notifications: 'order #152439327 buy 0.01 AUDUSD at 0.76441 modified: sl: 0.76614 tp: 0.77266 -> sl: 0.76617 tp: 0.77269' sent to 'D07ADD05'
0	07:16:47.585	'10010844': modify order #152439327 buy 0.01 AUDUSD at 0.76441 sl: 0.76617 tp: 0.77269 -> sl: 0.76618 tp: 0.77270
0	07:16:47.886	'10010844': order #152439327 buy 0.01 AUDUSD at 0.76441 was modified -> sl: 0.76618 tp: 0.77270
0	07:16:48.898	Notifications: 'order #152439327 buy 0.01 AUDUSD at 0.76441 modified: sl: 0.76617 tp: 0.77269 -> sl: 0.76618 tp: 0.77270' sent to 'D07ADD05'
0	07:25:41.248	'10010844': modify order #152439327 buy 0.01 AUDUSD at 0.76441 sl: 0.76618 tp: 0.77270 -> sl: 0.76619 tp: 0.77271
0	07:25:41.529	'10010844': order #152439327 buy 0.01 AUDUSD at 0.76441 was modified -> sl: 0.76619 tp: 0.77271
0	07:25:43.054	Notifications: 'order #152439327 buy 0.01 AUDUSD at 0.76441 modified: sl: 0.76618 tp: 0.77270 -> sl: 0.76619 tp: 0.77271' sent to 'D07ADD05'
0	07:28:32.294	'10010844': modify order #152439327 buy 0.01 AUDUSD at 0.76441 sl: 0.76619 tp: 0.77271 -> sl: 0.76620 tp: 0.77272
0	07:28:32.620	'10010844': order #152439327 buy 0.01 AUDUSD at 0.76441 was modified -> sl: 0.76620 tp: 0.77272
0	07:28:33.780	Notifications: 'order #152439327 buy 0.01 AUDUSD at 0.76441 modified: sl: 0.76619 tp: 0.77271 -> sl: 0.76620 tp: 0.77272' sent to 'D07ADD05'
0	07:30:54.140	'10010844': modify order #152439327 buy 0.01 AUDUSD at 0.76441 sl: 0.76620 tp: 0.77272 -> sl: 0.76621 tp: 0.77273
0	07:30:54.464	'10010844': order #152439327 buy 0.01 AUDUSD at 0.76441 was modified -> sl: 0.76621 tp: 0.77273
0	07:30:55.562	Notifications: 'order #152439327 buy 0.01 AUDUSD at 0.76441 modified: sl: 0.76620 tp: 0.77272 -> sl: 0.76621 tp: 0.77273' sent to 'D07ADD05'
0	07:31:01.047	'10010844': modify order #152439327 buy 0.01 AUDUSD at 0.76441 sl: 0.76621 tp: 0.77273 -> sl: 0.76623 tp: 0.77275
0	07:31:01.572	'10010844': order #152439327 buy 0.01 AUDUSD at 0.76441 was modified -> sl: 0.76623 tp: 0.77275
0	07:31:03.014	Notifications: 'order #152439327 buy 0.01 AUDUSD at 0.76441 modified: sl: 0.76621 tp: 0.77273 -> sl: 0.76623 tp: 0.77275' sent to 'D07ADD05'
0	07:32:01.544	'10010844': modify order #152439327 buy 0.01 AUDUSD at 0.76441 sl: 0.76623 tp: 0.77275 -> sl: 0.76626 tp: 0.77278
0	07:32:02.890	'10010844': order #152439327 buy 0.01 AUDUSD at 0.76441 was modified -> sl: 0.76626 tp: 0.77278
0	07:32:03.923	Notifications: 'order #152439327 buy 0.01 AUDUSD at 0.76441 modified: sl: 0.76623 tp: 0.77275 -> sl: 0.76626 tp: 0.77278' sent to 'D07ADD05'
0	07:32:05.574	'10010844': modify order #152439327 buy 0.01 AUDUSD at 0.76441 sl: 0.76626 tp: 0.77278 -> sl: 0.76627 tp: 0.77280
0	07:32:06.219	'10010844': order #152439327 buy 0.01 AUDUSD at 0.76441 was modified -> sl: 0.76627 tp: 0.77280
0	07:32:07.382	Notifications: 'order #152439327 buy 0.01 AUDUSD at 0.76441 modified: sl: 0.76626 tp: 0.77278 -> sl: 0.76627 tp: 0.77280' sent to 'D07ADD05'
0	07:34:47.300	'10010844': modify order #152439327 buy 0.01 AUDUSD at 0.76441 sl: 0.76627 tp: 0.77280 -> sl: 0.76632 tp: 0.77284
0	07:34:47.829	'10010844': order #152439327 buy 0.01 AUDUSD at 0.76441 was modified -> sl: 0.76632 tp: 0.77284
0	07:34:48.871	Notifications: 'order #152439327 buy 0.01 AUDUSD at 0.76441 modified: sl: 0.76627 tp: 0.77280 -> sl: 0.76632 tp: 0.77284' sent to 'D07ADD05'
0	07:34:49.891	'10010844': modify order #152439327 buy 0.01 AUDUSD at 0.76441 sl: 0.76632 tp: 0.77284 -> sl: 0.76636 tp: 0.77288
0	07:34:50.453	'10010844': order #152439327 buy 0.01 AUDUSD at 0.76441 was modified -> sl: 0.76636 tp: 0.77288
0	07:34:51.322	Notifications: 'order #152439327 buy 0.01 AUDUSD at 0.76441 modified: sl: 0.76632 tp: 0.77284 -> sl: 0.76636 tp: 0.77288' sent to 'D07ADD05'
0	07:34:52.019	'10010844': modify order #152439327 buy 0.01 AUDUSD at 0.76441 sl: 0.76636 tp: 0.77288 -> sl: 0.76639 tp: 0.77292
0	07:34:58.080	'10010844': order #152439327 buy 0.01 AUDUSD at 0.76441 was modified -> sl: 0.76639 tp: 0.77292
0	07:34:59.114	Notifications: 'order #152439327 buy 0.01 AUDUSD at 0.76441 modified: sl: 0.76636 tp: 0.77288 -> sl: 0.76639 tp: 0.77292' sent to 'D07ADD05'
0	07:35:46.106	'10010844': modify order #152439327 buy 0.01 AUDUSD at 0.76441 sl: 0.76639 tp: 0.77292 -> sl: 0.76643 tp: 0.77295
0	07:35:47.692	'10010844': order #152439327 buy 0.01 AUDUSD at 0.76441 was modified -> sl: 0.76643 tp: 0.77295
0	07:35:47.692	'10010844': modify order #152439327 buy 0.01 AUDUSD at 0.76441 sl: 0.76643 tp: 0.77295 -> sl: 0.76647 tp: 0.77300
0	07:35:48.717	Notifications: 'order #152439327 buy 0.01 AUDUSD at 0.76441 modified: sl: 0.76639 tp: 0.77292 -> sl: 0.76643 tp: 0.77295' sent to 'D07ADD05'
0	07:35:51.397	'10010844': order #152439327 buy 0.01 AUDUSD at 0.76441 was modified -> sl: 0.76647 tp: 0.77300
0	07:35:52.427	Notifications: 'order #152439327 buy 0.01 AUDUSD at 0.76441 modified: sl: 0.76643 tp: 0.77295 -> sl: 0.76647 tp: 0.77300' sent to 'D07ADD05'
0	07:35:59.522	'10010844': modify order #152439327 buy 0.01 AUDUSD at 0.76441 sl: 0.76647 tp: 0.77300 -> sl: 0.76653 tp: 0.77307
0	07:36:17.258	'10010844': order #152439327 buy 0.01 AUDUSD at 0.76441 was modified -> sl: 0.76653 tp: 0.77307
0	07:36:18.225	Notifications: 'order #152439327 buy 0.01 AUDUSD at 0.76441 modified: sl: 0.76647 tp: 0.77300 -> sl: 0.76653 tp: 0.77307' sent to 'D07ADD05'
0	07:42:25.988	'10010844': close order #152439327 buy 0.01 AUDUSD at 0.76441 sl: 0.76653 tp: 0.77307 at price 0.00000
0	07:42:26.230	'10010844': order #152439327 buy 0.01 AUDUSD at 0.76441 sl: 0.76653 tp: 0.77307 closed at price 0.76665
0	07:42:27.273	Notifications: 'order #152439327 buy 0.01 AUDUSD at 0.76441 closed at price 0.76665, profit: 2.92 AUD' sent to 'D07ADD05'
