0	00:15:00.374	'10019548': order buy market 0.08 AUDJPY sl: 0.000 tp: 84.636
0	00:25:08.816	Notifications: 'order opened #156510658 buy 0.08 AUDJPY at 84.394 tp: 84.636' sent to 'D07ADD05'
0	01:45:00.611	'10019548': order buy market 0.08 EURJPY sl: 0.000 tp: 120.689
0	01:46:33.125	'10019548': order was opened : #156526803 buy 0.08 EURJPY at 120.357 sl: 0.000 tp: 120.689
0	01:46:35.030	Notifications: 'order opened #156526803 buy 0.08 EURJPY at 120.357 tp: 120.689' sent to 'D07ADD05'
0	02:58:25.371	'10019548': modify order #156526803 buy 0.08 EURJPY at 120.357 sl: 0.000 tp: 120.689 -> sl: 120.523 tp: 120.677
0	02:58:27.066	'10019548': order #156526803 buy 0.08 EURJPY at 120.357 was modified -> sl: 120.523 tp: 120.677
0	02:58:28.946	Notifications: 'order #156526803 buy 0.08 EURJPY at 120.357 modified: sl: 0.000 tp: 120.689 -> sl: 120.523 tp: 120.677' sent to 'D07ADD05'
0	02:58:29.811	'10019548': modify order #156526803 buy 0.08 EURJPY at 120.357 sl: 120.523 tp: 120.677 -> sl: 120.524 tp: 120.679
0	02:58:30.551	'10019548': order #156526803 buy 0.08 EURJPY at 120.357 was modified -> sl: 120.524 tp: 120.679
0	02:58:31.231	'10019548': modify order #156526803 buy 0.08 EURJPY at 120.357 sl: 120.524 tp: 120.679 -> sl: 120.526 tp: 120.681
0	02:58:32.333	'10019548': order #156526803 buy 0.08 EURJPY at 120.357 was modified -> sl: 120.526 tp: 120.681
0	02:58:32.518	'10019548': modify order #156526803 buy 0.08 EURJPY at 120.357 sl: 120.526 tp: 120.681 -> sl: 120.529 tp: 120.684
0	02:58:33.489	Notifications: 'order #156526803 buy 0.08 EURJPY at 120.357 modified: sl: 120.523 tp: 120.677 -> sl: 120.524 tp: 120.679' sent to 'D07ADD05'
0	02:58:36.482	'10019548': order #156526803 buy 0.08 EURJPY at 120.357 was modified -> sl: 120.529 tp: 120.684
0	02:58:36.483	'10019548': modify order #156526803 buy 0.08 EURJPY at 120.357 sl: 120.529 tp: 120.684 -> sl: 120.544 tp: 120.701
0	02:58:36.856	Notifications: 'order #156526803 buy 0.08 EURJPY at 120.357 modified: sl: 120.524 tp: 120.679 -> sl: 120.526 tp: 120.681' sent to 'D07ADD05'
0	02:58:37.380	'10019548': order #156526803 buy 0.08 EURJPY at 120.357 was modified -> sl: 120.544 tp: 120.701
0	02:58:39.032	'10019548': modify order #156526803 buy 0.08 EURJPY at 120.357 sl: 120.544 tp: 120.701 -> sl: 120.549 tp: 120.707
0	02:58:39.042	Notifications: 'order #156526803 buy 0.08 EURJPY at 120.357 modified: sl: 120.526 tp: 120.681 -> sl: 120.529 tp: 120.684' sent to 'D07ADD05'
0	02:58:40.319	'10019548': order #156526803 buy 0.08 EURJPY at 120.357 was modified -> sl: 120.549 tp: 120.707
0	02:58:40.319	'10019548': modify order #156526803 buy 0.08 EURJPY at 120.357 sl: 120.549 tp: 120.707 -> sl: 120.552 tp: 120.705
0	02:58:41.164	'10019548': order #156526803 buy 0.08 EURJPY at 120.357 was modified -> sl: 120.552 tp: 120.705
0	02:58:42.099	Notifications: 'order #156526803 buy 0.08 EURJPY at 120.357 modified: sl: 120.529 tp: 120.684 -> sl: 120.544 tp: 120.701' sent to 'D07ADD05'
0	02:58:44.514	'10019548': modify order #156526803 buy 0.08 EURJPY at 120.357 sl: 120.552 tp: 120.705 -> sl: 120.562 tp: 120.719
0	02:58:45.133	Notifications: 'order #156526803 buy 0.08 EURJPY at 120.357 modified: sl: 120.544 tp: 120.701 -> sl: 120.549 tp: 120.707' sent to 'D07ADD05'
0	02:58:47.399	Notifications: 'order #156526803 buy 0.08 EURJPY at 120.357 modified: sl: 120.549 tp: 120.707 -> sl: 120.552 tp: 120.705' sent to 'D07ADD05'
0	02:59:25.323	'10019548': order #156526803 buy 0.08 EURJPY at 120.357 closed due take-profit at price 120.705
0	02:59:29.466	Notifications: 'order #156526803 buy 0.08 EURJPY at 120.357 closed due take-profit at price 120.705, profit: 33.10 AUD' sent to 'D07ADD05'
0	03:15:00.541	'10019548': order sell market 0.08 GBPUSD sl: 0.00000 tp: 1.24478
0	03:31:55.528	'10019548': modify order #156510658 buy 0.08 AUDJPY at 84.394 sl: 0.000 tp: 84.636 -> sl: 84.340 tp: 84.493
0	03:31:57.739	Notifications: 'Close up reached @ 1580.15' sent to 'D07ADD05'
0	03:32:32.442	'10019548': order #156510658 buy 0.08 AUDJPY at 84.394 was modified -> sl: 84.340 tp: 84.493
0	03:32:32.443	'10019548': modify order #156510658 buy 0.08 AUDJPY at 84.394 sl: 84.340 tp: 84.493 -> sl: 84.373 tp: 84.526
0	03:32:33.788	'10019548': order #156510658 buy 0.08 AUDJPY at 84.394 was modified -> sl: 84.373 tp: 84.526
0	03:32:33.838	'10019548': modify order #156510658 buy 0.08 AUDJPY at 84.394 sl: 84.373 tp: 84.526 -> sl: 84.373 tp: 84.531
0	03:32:34.959	Notifications: 'order #156510658 buy 0.08 AUDJPY at 84.394 modified: sl: 0.000 tp: 84.636 -> sl: 84.340 tp: 84.493' sent to 'D07ADD05'
0	03:32:36.692	'10019548': order #156510658 buy 0.08 AUDJPY at 84.394 was modified -> sl: 84.373 tp: 84.531
0	03:32:38.831	Notifications: 'order #156510658 buy 0.08 AUDJPY at 84.394 modified: sl: 84.340 tp: 84.493 -> sl: 84.373 tp: 84.526' sent to 'D07ADD05'
0	03:32:49.635	Notifications: 'order #156510658 buy 0.08 AUDJPY at 84.394 modified: sl: 84.373 tp: 84.526 -> sl: 84.373 tp: 84.531' sent to 'D07ADD05'
0	03:33:13.491	'10019548': modify order #156510658 buy 0.08 AUDJPY at 84.394 sl: 84.373 tp: 84.531 -> sl: 84.375 tp: 84.529
0	03:33:14.171	'10019548': order #156510658 buy 0.08 AUDJPY at 84.394 was modified -> sl: 84.375 tp: 84.529
0	03:33:14.171	'10019548': modify order #156510658 buy 0.08 AUDJPY at 84.394 sl: 84.375 tp: 84.529 -> sl: 84.379 tp: 84.532
0	03:33:15.470	'10019548': order #156510658 buy 0.08 AUDJPY at 84.394 was modified -> sl: 84.379 tp: 84.532
0	03:33:16.021	Notifications: 'order #156510658 buy 0.08 AUDJPY at 84.394 modified: sl: 84.373 tp: 84.531 -> sl: 84.375 tp: 84.529' sent to 'D07ADD05'
0	03:33:17.893	Notifications: 'order #156510658 buy 0.08 AUDJPY at 84.394 modified: sl: 84.375 tp: 84.529 -> sl: 84.379 tp: 84.532' sent to 'D07ADD05'
0	03:35:08.441	'10019548': modify order #156510658 buy 0.08 AUDJPY at 84.394 sl: 84.379 tp: 84.532 -> sl: 84.378 tp: 84.534
0	03:39:45.274	'10019548': modify order #156510658 buy 0.08 AUDJPY at 84.394 sl: 84.379 tp: 84.532 -> sl: 84.384 tp: 84.540
0	03:39:46.410	'10019548': order #156510658 buy 0.08 AUDJPY at 84.394 was modified -> sl: 84.384 tp: 84.540
0	03:39:48.130	Notifications: 'order #156510658 buy 0.08 AUDJPY at 84.394 modified: sl: 84.379 tp: 84.532 -> sl: 84.384 tp: 84.540' sent to 'D07ADD05'
0	03:39:51.297	'10019548': modify order #156510658 buy 0.08 AUDJPY at 84.394 sl: 84.384 tp: 84.540 -> sl: 84.390 tp: 84.548
0	03:39:52.404	'10019548': order #156510658 buy 0.08 AUDJPY at 84.394 was modified -> sl: 84.390 tp: 84.548
0	03:39:54.785	Notifications: 'order #156510658 buy 0.08 AUDJPY at 84.394 modified: sl: 84.384 tp: 84.540 -> sl: 84.390 tp: 84.548' sent to 'D07ADD05'
0	03:39:59.353	'10019548': modify order #156510658 buy 0.08 AUDJPY at 84.394 sl: 84.390 tp: 84.548 -> sl: 84.391 tp: 84.548
0	03:40:32.002	'10019548': order #156510658 buy 0.08 AUDJPY at 84.394 was modified -> sl: 84.391 tp: 84.548
0	03:40:32.003	'10019548': modify order #156510658 buy 0.08 AUDJPY at 84.394 sl: 84.391 tp: 84.548 -> sl: 84.391 tp: 84.549
0	03:40:32.736	'10019548': order #156510658 buy 0.08 AUDJPY at 84.394 was modified -> sl: 84.391 tp: 84.549
0	03:40:32.804	'10019548': modify order #156510658 buy 0.08 AUDJPY at 84.394 sl: 84.391 tp: 84.549 -> sl: 84.395 tp: 84.551
0	03:40:33.659	'10019548': order #156510658 buy 0.08 AUDJPY at 84.394 was modified -> sl: 84.395 tp: 84.551
0	03:40:34.637	'10019548': modify order #156510658 buy 0.08 AUDJPY at 84.394 sl: 84.395 tp: 84.551 -> sl: 84.397 tp: 84.554
0	03:40:35.518	'10019548': order #156510658 buy 0.08 AUDJPY at 84.394 was modified -> sl: 84.397 tp: 84.554
0	03:40:35.543	'10019548': modify order #156510658 buy 0.08 AUDJPY at 84.394 sl: 84.397 tp: 84.554 -> sl: 84.399 tp: 84.557
0	03:40:35.963	Notifications: 'order #156510658 buy 0.08 AUDJPY at 84.394 modified: sl: 84.390 tp: 84.548 -> sl: 84.391 tp: 84.548' sent to 'D07ADD05'
0	03:40:36.203	'10019548': order #156510658 buy 0.08 AUDJPY at 84.394 was modified -> sl: 84.399 tp: 84.557
0	03:40:36.379	'10019548': modify order #156510658 buy 0.08 AUDJPY at 84.394 sl: 84.399 tp: 84.557 -> sl: 84.402 tp: 84.559
0	03:40:37.158	'10019548': order #156510658 buy 0.08 AUDJPY at 84.394 was modified -> sl: 84.402 tp: 84.559
0	03:40:37.158	'10019548': modify order #156510658 buy 0.08 AUDJPY at 84.394 sl: 84.402 tp: 84.559 -> sl: 84.403 tp: 84.561
0	03:40:37.925	'10019548': order #156510658 buy 0.08 AUDJPY at 84.394 was modified -> sl: 84.403 tp: 84.561
0	03:40:43.122	Notifications: 'order #156510658 buy 0.08 AUDJPY at 84.394 modified: sl: 84.391 tp: 84.548 -> sl: 84.391 tp: 84.549' sent to 'D07ADD05'
0	03:40:48.030	Notifications: 'order #156510658 buy 0.08 AUDJPY at 84.394 modified: sl: 84.391 tp: 84.549 -> sl: 84.395 tp: 84.551' sent to 'D07ADD05'
0	03:40:51.968	Notifications: 'order #156510658 buy 0.08 AUDJPY at 84.394 modified: sl: 84.395 tp: 84.551 -> sl: 84.397 tp: 84.554' sent to 'D07ADD05'
0	03:41:12.943	Notifications: 'order #156510658 buy 0.08 AUDJPY at 84.394 modified: sl: 84.397 tp: 84.554 -> sl: 84.399 tp: 84.557' sent to 'D07ADD05'
0	03:41:15.113	Notifications: 'order #156510658 buy 0.08 AUDJPY at 84.394 modified: sl: 84.399 tp: 84.557 -> sl: 84.402 tp: 84.559' sent to 'D07ADD05'
0	03:41:17.292	Notifications: 'order #156510658 buy 0.08 AUDJPY at 84.394 modified: sl: 84.402 tp: 84.559 -> sl: 84.403 tp: 84.561' sent to 'D07ADD05'
0	03:41:53.148	'10019548': modify order #156510658 buy 0.08 AUDJPY at 84.394 sl: 84.403 tp: 84.561 -> sl: 84.404 tp: 84.560
0	03:41:54.056	'10019548': order #156510658 buy 0.08 AUDJPY at 84.394 was modified -> sl: 84.404 tp: 84.560
0	03:42:00.255	'10019548': modify order #156510658 buy 0.08 AUDJPY at 84.394 sl: 84.404 tp: 84.560 -> sl: 84.405 tp: 84.562
0	03:42:02.607	'10019548': order #156510658 buy 0.08 AUDJPY at 84.394 was modified -> sl: 84.405 tp: 84.562
0	03:42:05.944	'10019548': modify order #156510658 buy 0.08 AUDJPY at 84.394 sl: 84.405 tp: 84.562 -> sl: 84.414 tp: 84.572
0	03:42:10.235	Notifications: 'order #156510658 buy 0.08 AUDJPY at 84.394 modified: sl: 84.403 tp: 84.561 -> sl: 84.404 tp: 84.560' sent to 'D07ADD05'
0	03:42:13.822	Notifications: 'order #156510658 buy 0.08 AUDJPY at 84.394 modified: sl: 84.404 tp: 84.560 -> sl: 84.405 tp: 84.562' sent to 'D07ADD05'
0	03:42:24.683	'10019548': order #156510658 buy 0.08 AUDJPY at 84.394 was modified -> sl: 84.414 tp: 84.572
0	03:42:24.684	'10019548': modify order #156510658 buy 0.08 AUDJPY at 84.394 sl: 84.414 tp: 84.572 -> sl: 84.416 tp: 84.575
0	03:42:25.513	'10019548': order #156510658 buy 0.08 AUDJPY at 84.394 was modified -> sl: 84.416 tp: 84.575
0	03:42:26.918	Notifications: 'order #156510658 buy 0.08 AUDJPY at 84.394 modified: sl: 84.405 tp: 84.562 -> sl: 84.414 tp: 84.572' sent to 'D07ADD05'
0	03:42:27.675	'10019548': modify order #156510658 buy 0.08 AUDJPY at 84.394 sl: 84.416 tp: 84.575 -> sl: 84.420 tp: 84.578
0	03:42:29.448	'10019548': order #156510658 buy 0.08 AUDJPY at 84.394 was modified -> sl: 84.420 tp: 84.578
0	03:42:29.449	'10019548': modify order #156510658 buy 0.08 AUDJPY at 84.394 sl: 84.420 tp: 84.578 -> sl: 84.421 tp: 84.578
0	03:42:30.274	'10019548': order #156510658 buy 0.08 AUDJPY at 84.394 was modified -> sl: 84.421 tp: 84.578
0	03:42:30.275	'10019548': modify order #156510658 buy 0.08 AUDJPY at 84.394 sl: 84.421 tp: 84.578 -> sl: 84.422 tp: 84.581
0	03:42:30.951	'10019548': order #156510658 buy 0.08 AUDJPY at 84.394 was modified -> sl: 84.422 tp: 84.581
0	03:42:33.703	Notifications: 'order #156510658 buy 0.08 AUDJPY at 84.394 modified: sl: 84.414 tp: 84.572 -> sl: 84.416 tp: 84.575' sent to 'D07ADD05'
0	03:42:33.813	'10019548': modify order #156510658 buy 0.08 AUDJPY at 84.394 sl: 84.422 tp: 84.581 -> sl: 84.423 tp: 84.581
0	03:42:41.934	Notifications: 'order #156510658 buy 0.08 AUDJPY at 84.394 modified: sl: 84.416 tp: 84.575 -> sl: 84.420 tp: 84.578' sent to 'D07ADD05'
0	03:42:47.017	'10019548': order #156510658 buy 0.08 AUDJPY at 84.394 was modified -> sl: 84.423 tp: 84.581
0	03:42:48.074	Notifications: 'order #156510658 buy 0.08 AUDJPY at 84.394 modified: sl: 84.420 tp: 84.578 -> sl: 84.421 tp: 84.578' sent to 'D07ADD05'
0	03:42:51.141	Notifications: 'order #156510658 buy 0.08 AUDJPY at 84.394 modified: sl: 84.421 tp: 84.578 -> sl: 84.422 tp: 84.581' sent to 'D07ADD05'
0	03:42:54.166	Notifications: 'order #156510658 buy 0.08 AUDJPY at 84.394 modified: sl: 84.422 tp: 84.581 -> sl: 84.423 tp: 84.581' sent to 'D07ADD05'
1	03:44:14.810	'10019548': unknown command E0
0	03:44:15.643	'10019548': login on ICMarkets-Demo01 through Demo DC #3 (ping: 253.17 ms)
0	03:44:16.706	Notifications: 'order #156510658 buy 0.08 AUDJPY at 84.394 modified: sl: 84.423 tp: 84.581 -> sl: 84.378 tp: 84.534' sent to 'D07ADD05'
0	03:44:18.838	'10019548': login datacenter on ICMarkets-Demo01 through Demo DC #3 (ping: 253.17 ms)
0	03:44:19.555	'10019548': previous successful authorization performed from 14.202.220.210
0	03:44:46.797	'10019548': modify order #156510658 buy 0.08 AUDJPY at 84.394 sl: 84.378 tp: 84.534 -> sl: 84.426 tp: 84.580
0	03:44:48.151	'10019548': order #156510658 buy 0.08 AUDJPY at 84.394 was modified -> sl: 84.426 tp: 84.580
0	03:44:48.277	'10019548': modify order #156510658 buy 0.08 AUDJPY at 84.394 sl: 84.426 tp: 84.580 -> sl: 84.428 tp: 84.584
0	03:44:48.748	'10019548': order #156510658 buy 0.08 AUDJPY at 84.394 was modified -> sl: 84.428 tp: 84.584
0	03:44:48.848	'10019548': modify order #156510658 buy 0.08 AUDJPY at 84.394 sl: 84.428 tp: 84.584 -> sl: 84.430 tp: 84.584
0	03:44:50.173	Notifications: 'order #156510658 buy 0.08 AUDJPY at 84.394 modified: sl: 84.378 tp: 84.534 -> sl: 84.426 tp: 84.580' sent to 'D07ADD05'
0	03:44:50.560	'10019548': order #156510658 buy 0.08 AUDJPY at 84.394 was modified -> sl: 84.430 tp: 84.584
0	03:44:52.314	Notifications: 'order #156510658 buy 0.08 AUDJPY at 84.394 modified: sl: 84.426 tp: 84.580 -> sl: 84.428 tp: 84.584' sent to 'D07ADD05'
0	03:44:54.400	Notifications: 'order #156510658 buy 0.08 AUDJPY at 84.394 modified: sl: 84.428 tp: 84.584 -> sl: 84.430 tp: 84.584' sent to 'D07ADD05'
0	03:45:00.280	'10019548': ping to current access point Demo DC #3 is 253.60 ms
0	03:45:00.990	'10019548': modify order #156510658 buy 0.08 AUDJPY at 84.394 sl: 84.430 tp: 84.584 -> sl: 84.432 tp: 84.585
0	03:45:01.572	'10019548': order #156510658 buy 0.08 AUDJPY at 84.394 was modified -> sl: 84.432 tp: 84.585
0	03:45:05.302	'10019548': modify order #156510658 buy 0.08 AUDJPY at 84.394 sl: 84.432 tp: 84.585 -> sl: 84.434 tp: 84.591
0	03:45:06.049	'10019548': order #156510658 buy 0.08 AUDJPY at 84.394 was modified -> sl: 84.434 tp: 84.591
0	03:45:06.100	'10019548': modify order #156510658 buy 0.08 AUDJPY at 84.394 sl: 84.434 tp: 84.591 -> sl: 84.435 tp: 84.590
0	03:45:06.772	Notifications: 'order #156510658 buy 0.08 AUDJPY at 84.394 modified: sl: 84.430 tp: 84.584 -> sl: 84.432 tp: 84.585' sent to 'D07ADD05'
0	03:45:07.733	'10019548': order #156510658 buy 0.08 AUDJPY at 84.394 was modified -> sl: 84.435 tp: 84.590
0	03:45:09.012	Notifications: 'order #156510658 buy 0.08 AUDJPY at 84.394 modified: sl: 84.432 tp: 84.585 -> sl: 84.434 tp: 84.591' sent to 'D07ADD05'
0	03:45:09.198	'10019548': modify order #156510658 buy 0.08 AUDJPY at 84.394 sl: 84.435 tp: 84.590 -> sl: 84.436 tp: 84.592
0	03:45:09.875	'10019548': order #156510658 buy 0.08 AUDJPY at 84.394 was modified -> sl: 84.436 tp: 84.592
0	03:45:09.875	'10019548': modify order #156510658 buy 0.08 AUDJPY at 84.394 sl: 84.436 tp: 84.592 -> sl: 84.438 tp: 84.593
0	03:45:10.669	'10019548': order #156510658 buy 0.08 AUDJPY at 84.394 was modified -> sl: 84.438 tp: 84.593
0	03:45:11.256	Notifications: 'order #156510658 buy 0.08 AUDJPY at 84.394 modified: sl: 84.434 tp: 84.591 -> sl: 84.435 tp: 84.590' sent to 'D07ADD05'
0	03:45:13.488	Notifications: 'order #156510658 buy 0.08 AUDJPY at 84.394 modified: sl: 84.435 tp: 84.590 -> sl: 84.436 tp: 84.592' sent to 'D07ADD05'
0	03:45:14.595	'10019548': modify order #156510658 buy 0.08 AUDJPY at 84.394 sl: 84.438 tp: 84.593 -> sl: 84.439 tp: 84.597
0	03:45:15.732	Notifications: 'order #156510658 buy 0.08 AUDJPY at 84.394 modified: sl: 84.436 tp: 84.592 -> sl: 84.438 tp: 84.593' sent to 'D07ADD05'
0	03:45:21.453	'10019548': order #156510658 buy 0.08 AUDJPY at 84.394 was modified -> sl: 84.439 tp: 84.597
0	03:45:28.269	Notifications: 'order #156510658 buy 0.08 AUDJPY at 84.394 modified: sl: 84.438 tp: 84.593 -> sl: 84.439 tp: 84.597' sent to 'D07ADD05'
0	03:45:51.403	'10019548': modify order #156510658 buy 0.08 AUDJPY at 84.394 sl: 84.439 tp: 84.597 -> sl: 84.442 tp: 84.600
0	03:45:52.297	'10019548': order #156510658 buy 0.08 AUDJPY at 84.394 was modified -> sl: 84.442 tp: 84.600
0	03:45:53.486	'10019548': modify order #156510658 buy 0.08 AUDJPY at 84.394 sl: 84.442 tp: 84.600 -> sl: 84.446 tp: 84.602
0	03:45:54.363	Notifications: 'order #156510658 buy 0.08 AUDJPY at 84.394 modified: sl: 84.439 tp: 84.597 -> sl: 84.442 tp: 84.600' sent to 'D07ADD05'
0	03:45:55.333	'10019548': order #156510658 buy 0.08 AUDJPY at 84.394 was modified -> sl: 84.446 tp: 84.602
0	03:45:58.447	Notifications: 'order #156510658 buy 0.08 AUDJPY at 84.394 modified: sl: 84.442 tp: 84.600 -> sl: 84.446 tp: 84.602' sent to 'D07ADD05'
0	03:46:27.562	'10019548': order #156510658 buy 0.08 AUDJPY at 84.394 closed due stop-loss at price 84.446
0	03:46:41.737	Notifications: 'order #156510658 buy 0.08 AUDJPY at 84.394 closed due stop-loss at price 84.446, profit: 4.93 AUD' sent to 'D07ADD05'
0	03:46:48.803	Notifications: 'Close up completed @ 1585.46' sent to 'D07ADD05'
0	03:51:30.317	Notifications: 'order opened #156553556 sell 0.08 GBPUSD at 1.24878 tp: 1.24478' sent to 'D07ADD05'
0	04:07:10.665	'10019548': modify order #156553556 sell 0.08 GBPUSD at 1.24878 sl: 0.00000 tp: 1.24478 -> sl: 1.24721 tp: 1.24569
0	04:07:11.463	'10019548': order #156553556 sell 0.08 GBPUSD at 1.24878 was modified -> sl: 1.24721 tp: 1.24569
0	04:07:13.233	Notifications: 'order #156553556 sell 0.08 GBPUSD at 1.24878 modified: sl: 0.00000 tp: 1.24478 -> sl: 1.24721 tp: 1.24569' sent to 'D07ADD05'
0	04:07:17.433	'10019548': modify order #156553556 sell 0.08 GBPUSD at 1.24878 sl: 1.24721 tp: 1.24569 -> sl: 1.24686 tp: 1.24533
0	04:07:28.584	'10019548': order #156553556 sell 0.08 GBPUSD at 1.24878 closed due stop-loss at price 1.24721
0	04:07:34.305	Notifications: 'order #156553556 sell 0.08 GBPUSD at 1.24878 closed due stop-loss at price 1.24721, profit: 17.00 AUD' sent to 'D07ADD05'
1	04:07:41.539	'10019548': modification of invalid order #156553556
0	06:15:02.767	'10019548': order buy market 0.08 USDCHF sl: 0.00000 tp: 1.01980
0	06:15:03.316	'10019548': order was opened : #156566361 buy 0.08 USDCHF at 1.01681 sl: 0.00000 tp: 1.01980
0	06:15:05.174	Notifications: 'order opened #156566361 buy 0.08 USDCHF at 1.01681 tp: 1.01980' sent to 'D07ADD05'
0	08:00:02.126	'10019548': order sell market 0.08 EURUSD sl: 0.00000 tp: 1.05678
0	08:00:50.748	'10019548': order was opened : #156573098 sell 0.08 EURUSD at 1.05977 sl: 0.00000 tp: 1.05678
0	08:00:52.562	Notifications: 'order opened #156573098 sell 0.08 EURUSD at 1.05977 tp: 1.05678' sent to 'D07ADD05'
0	08:54:34.186	'10019548': modify order #156566361 buy 0.08 USDCHF at 1.01681 sl: 0.00000 tp: 1.01980 -> sl: 1.01691 tp: 1.01857
0	08:54:34.588	'10019548': order #156566361 buy 0.08 USDCHF at 1.01681 was modified -> sl: 1.01691 tp: 1.01857
0	08:54:34.588	'10019548': modify order #156573098 sell 0.08 EURUSD at 1.05977 sl: 0.00000 tp: 1.05678 -> sl: 1.05932 tp: 1.05781
0	08:54:34.978	'10019548': order #156573098 sell 0.08 EURUSD at 1.05977 was modified -> sl: 1.05932 tp: 1.05781
0	08:54:36.085	Notifications: 'Close up reached @ 1617.47' sent to 'D07ADD05'
0	08:54:37.932	Notifications: 'order #156566361 buy 0.08 USDCHF at 1.01681 modified: sl: 0.00000 tp: 1.01980 -> sl: 1.01691 tp: 1.01857' sent to 'D07ADD05'
0	08:54:39.775	Notifications: 'order #156573098 sell 0.08 EURUSD at 1.05977 modified: sl: 0.00000 tp: 1.05678 -> sl: 1.05932 tp: 1.05781' sent to 'D07ADD05'
0	08:56:59.574	'10019548': modify order #156566361 buy 0.08 USDCHF at 1.01681 sl: 1.01691 tp: 1.01857 -> sl: 1.01692 tp: 1.01859
0	08:56:59.976	'10019548': order #156566361 buy 0.08 USDCHF at 1.01681 was modified -> sl: 1.01692 tp: 1.01859
0	08:57:01.776	Notifications: 'order #156566361 buy 0.08 USDCHF at 1.01681 modified: sl: 1.01691 tp: 1.01857 -> sl: 1.01692 tp: 1.01859' sent to 'D07ADD05'
0	08:57:41.695	'10019548': modify order #156566361 buy 0.08 USDCHF at 1.01681 sl: 1.01692 tp: 1.01859 -> sl: 1.01693 tp: 1.01860
0	08:57:42.070	'10019548': order #156566361 buy 0.08 USDCHF at 1.01681 was modified -> sl: 1.01693 tp: 1.01860
0	08:57:43.913	Notifications: 'order #156566361 buy 0.08 USDCHF at 1.01681 modified: sl: 1.01692 tp: 1.01859 -> sl: 1.01693 tp: 1.01860' sent to 'D07ADD05'
0	08:57:55.984	'10019548': modify order #156566361 buy 0.08 USDCHF at 1.01681 sl: 1.01693 tp: 1.01860 -> sl: 1.01695 tp: 1.01858
0	08:57:56.590	'10019548': order #156566361 buy 0.08 USDCHF at 1.01681 was modified -> sl: 1.01695 tp: 1.01858
0	08:57:56.591	'10019548': modify order #156573098 sell 0.08 EURUSD at 1.05977 sl: 1.05932 tp: 1.05781 -> sl: 1.05927 tp: 1.05777
0	08:57:57.011	'10019548': order #156573098 sell 0.08 EURUSD at 1.05977 was modified -> sl: 1.05927 tp: 1.05777
0	08:57:58.368	Notifications: 'order #156566361 buy 0.08 USDCHF at 1.01681 modified: sl: 1.01693 tp: 1.01860 -> sl: 1.01695 tp: 1.01858' sent to 'D07ADD05'
0	08:58:00.224	Notifications: 'order #156573098 sell 0.08 EURUSD at 1.05977 modified: sl: 1.05932 tp: 1.05781 -> sl: 1.05927 tp: 1.05777' sent to 'D07ADD05'
0	08:58:43.251	'10019548': modify order #156566361 buy 0.08 USDCHF at 1.01681 sl: 1.01695 tp: 1.01858 -> sl: 1.01696 tp: 1.01856
0	08:58:43.673	'10019548': order #156566361 buy 0.08 USDCHF at 1.01681 was modified -> sl: 1.01696 tp: 1.01856
0	08:58:45.517	Notifications: 'order #156566361 buy 0.08 USDCHF at 1.01681 modified: sl: 1.01695 tp: 1.01858 -> sl: 1.01696 tp: 1.01856' sent to 'D07ADD05'
0	09:17:35.026	'10019548': login on ICMarkets-Demo01 through Demo DC #3 (ping: 253.60 ms)
0	09:17:43.500	'10019548': login datacenter on ICMarkets-Demo01 through Demo DC #3 (ping: 253.60 ms)
0	09:17:44.530	'10019548': previous successful authorization performed from 14.202.220.210
0	09:17:46.530	'10019548': order sell market 0.08 USDCHF sl: 0.00000 tp: 1.01358
0	09:17:47.219	'10019548': order was opened : #156577995 sell 0.08 USDCHF at 1.01658 sl: 0.00000 tp: 1.01358
0	09:17:47.889	Notifications: 'Close up completed @ 1609.45' sent to 'D07ADD05'
0	09:17:50.182	Notifications: 'order opened #156577995 sell 0.08 USDCHF at 1.01658 tp: 1.01358' sent to 'D07ADD05'
0	09:18:16.450	'10019548': auto connecting to a better access point Demo DC (ping is 305.09 ms)
0	09:18:17.802	'10019548': login on ICMarkets-Demo01 through Demo DC (ping: 305.09 ms)
0	09:18:29.437	'10019548': login datacenter on ICMarkets-Demo01 through Demo DC (ping: 305.09 ms)
0	09:18:30.214	'10019548': previous successful authorization performed from 14.202.220.210
0	09:35:06.932	'10019548': login on ICMarkets-Demo01 through Demo DC #3 (ping: 398.42 ms)
0	09:35:09.736	'10019548': login datacenter on ICMarkets-Demo01 through Demo DC #3 (ping: 398.42 ms)
0	09:35:10.392	'10019548': previous successful authorization performed from 14.202.220.210
1	10:05:29.699	'10019548': datacenter connecting failed [6]
0	10:05:30.423	'10019548': login on ICMarkets-Demo01 through Demo DC #3 (ping: 398.42 ms)
0	10:06:31.718	'10019548': login datacenter on ICMarkets-Demo01
0	10:06:37.796	'10019548': login on ICMarkets-Demo01 through Demo DC #2 (ping: 468.02 ms)
0	10:07:31.655	'10019548': login datacenter on ICMarkets-Demo01 through Demo DC #2 (ping: 468.02 ms)
0	10:07:32.266	'10019548': previous successful authorization performed from 14.200.246.35
0	10:30:10.424	'10019548': order sell market 0.08 AUDUSD sl: 0.00000 tp: 0.73662
0	10:30:33.907	'10019548': order was opened : #156583604 sell 0.08 AUDUSD at 0.73936 sl: 0.00000 tp: 0.73662
0	10:30:35.992	Notifications: 'order opened #156583604 sell 0.08 AUDUSD at 0.73936 tp: 0.73662' sent to 'D07ADD05'
0	10:41:32.457	'10019548': login on ICMarkets-Demo01 through Demo DC #2 (ping: 468.02 ms)
1	10:42:38.268	'10019548': connect failed [No connection]
0	10:42:44.000	'10019548': login on ICMarkets-Demo01 through Demo DC (ping: n/a)
0	10:43:01.101	'10019548': login datacenter on ICMarkets-Demo01 through Demo DC (ping: n/a)
0	10:43:01.740	'10019548': previous successful authorization performed from 14.200.246.35
0	10:43:16.724	'10019548': auto connecting to a better access point Demo DC #2 (ping is 257.27 ms)
0	10:43:17.569	'10019548': login on ICMarkets-Demo01 through Demo DC #2 (ping: 257.27 ms)
0	10:43:21.038	'10019548': login datacenter on ICMarkets-Demo01 through Demo DC #2 (ping: 257.27 ms)
0	10:43:21.796	'10019548': previous successful authorization performed from 14.200.246.35
0	11:00:06.379	'10019548': order buy market 0.08 USDCAD sl: 0.00000 tp: 1.34570
0	11:00:18.985	'10019548': order was opened : #156587032 buy 0.08 USDCAD at 1.34277 sl: 0.00000 tp: 1.34570
0	11:00:18.987	'10019548': order sell market 0.08 USDCHF sl: 0.00000 tp: 1.01404
0	11:00:20.699	Notifications: 'order opened #156587032 buy 0.08 USDCAD at 1.34277 tp: 1.34570' sent to 'D07ADD05'
0	11:00:25.755	'10019548': order was opened : #156587071 sell 0.08 USDCHF at 1.01701 sl: 0.00000 tp: 1.01404
0	11:00:27.610	Notifications: 'order opened #156587071 sell 0.08 USDCHF at 1.01701 tp: 1.01404' sent to 'D07ADD05'
0	12:00:01.109	'10019548': order buy market 0.08 AUDJPY sl: 0.000 tp: 84.830
0	12:00:06.144	'10019548': order was opened : #156592504 buy 0.08 AUDJPY at 84.534 sl: 0.000 tp: 84.830
0	12:00:08.183	Notifications: 'order opened #156592504 buy 0.08 AUDJPY at 84.534 tp: 84.830' sent to 'D07ADD05'
0	12:15:10.788	'10019548': order buy market 0.08 AUDJPY sl: 0.000 tp: 84.851
0	12:15:19.126	'10019548': order was opened : #156594392 buy 0.08 AUDJPY at 84.565 sl: 0.000 tp: 84.851
0	12:15:20.554	Notifications: 'order opened #156594392 buy 0.08 AUDJPY at 84.565 tp: 84.851' sent to 'D07ADD05'
0	12:30:05.348	'10019548': order buy market 0.08 USDJPY sl: 0.000 tp: 114.646
0	12:30:14.744	'10019548': order was opened : #156595973 buy 0.08 USDJPY at 114.365 sl: 0.000 tp: 114.646
0	12:30:16.144	Notifications: 'order opened #156595973 buy 0.08 USDJPY at 114.365 tp: 114.646' sent to 'D07ADD05'
0	12:45:11.910	'10019548': order sell market 0.08 AUDUSD sl: 0.00000 tp: 0.73622
0	12:45:19.444	'10019548': order was opened : #156596791 sell 0.08 AUDUSD at 0.73931 sl: 0.00000 tp: 0.73622
0	12:45:19.445	'10019548': order buy market 0.08 EURJPY sl: 0.000 tp: 121.562
0	12:45:20.865	Notifications: 'order opened #156596791 sell 0.08 AUDUSD at 0.73931 tp: 0.73622' sent to 'D07ADD05'
0	12:45:23.014	'10019548': order was opened : #156596818 buy 0.08 EURJPY at 121.259 sl: 0.000 tp: 121.562
0	12:45:23.015	'10019548': order buy market 0.08 AUDJPY sl: 0.000 tp: 84.914
0	12:45:24.759	Notifications: 'order opened #156596818 buy 0.08 EURJPY at 121.259 tp: 121.562' sent to 'D07ADD05'
0	12:45:24.845	'10019548': order was opened : #156596828 buy 0.08 AUDJPY at 84.613 sl: 0.000 tp: 84.914
0	12:45:24.847	'10019548': order buy market 0.08 GBPCAD sl: 0.00000 tp: 1.68225
0	12:45:26.597	Notifications: 'order opened #156596828 buy 0.08 AUDJPY at 84.613 tp: 84.914' sent to 'D07ADD05'
0	12:45:26.948	'10019548': order was opened : #156596830 buy 0.08 GBPCAD at 1.67926 sl: 0.00000 tp: 1.68225
0	12:45:28.690	Notifications: 'order opened #156596830 buy 0.08 GBPCAD at 1.67926 tp: 1.68225' sent to 'D07ADD05'
0	12:54:00.600	'10019548': modify order #156583604 sell 0.08 AUDUSD at 0.73936 sl: 0.00000 tp: 0.73662 -> sl: 0.73953 tp: 0.73799
0	12:54:02.481	Notifications: 'Close up reached @ 1642.81' sent to 'D07ADD05'
0	12:54:13.463	'10019548': order #156583604 sell 0.08 AUDUSD at 0.73936 was modified -> sl: 0.73953 tp: 0.73799
0	12:54:13.463	'10019548': modify order #156577995 sell 0.08 USDCHF at 1.01658 sl: 0.00000 tp: 1.01358 -> sl: 1.01740 tp: 1.01580
0	12:54:15.338	Notifications: 'order #156583604 sell 0.08 AUDUSD at 0.73936 modified: sl: 0.00000 tp: 0.73662 -> sl: 0.73953 tp: 0.73799' sent to 'D07ADD05'
0	12:54:20.761	'10019548': order #156577995 sell 0.08 USDCHF at 1.01658 was modified -> sl: 1.01740 tp: 1.01580
0	12:54:20.761	'10019548': modify order #156587032 buy 0.08 USDCAD at 1.34277 sl: 0.00000 tp: 1.34570 -> sl: 1.34090 tp: 1.34251
0	12:54:22.409	'10019548': order #156587032 buy 0.08 USDCAD at 1.34277 was modified -> sl: 1.34090 tp: 1.34251
0	12:54:22.409	'10019548': modify order #156587071 sell 0.08 USDCHF at 1.01701 sl: 0.00000 tp: 1.01404 -> sl: 1.01738 tp: 1.01578
0	12:54:22.644	Notifications: 'order #156577995 sell 0.08 USDCHF at 1.01658 modified: sl: 0.00000 tp: 1.01358 -> sl: 1.01740 tp: 1.01580' sent to 'D07ADD05'
0	12:54:23.049	'10019548': order #156587071 sell 0.08 USDCHF at 1.01701 was modified -> sl: 1.01738 tp: 1.01578
0	12:54:23.049	'10019548': modify order #156592504 buy 0.08 AUDJPY at 84.534 sl: 0.000 tp: 84.830 -> sl: 84.614 tp: 84.774
0	12:54:23.609	'10019548': order #156592504 buy 0.08 AUDJPY at 84.534 was modified -> sl: 84.614 tp: 84.774
0	12:54:23.610	'10019548': modify order #156594392 buy 0.08 AUDJPY at 84.565 sl: 0.000 tp: 84.851 -> sl: 84.614 tp: 84.774
0	12:54:24.010	'10019548': order #156594392 buy 0.08 AUDJPY at 84.565 was modified -> sl: 84.614 tp: 84.774
0	12:54:24.010	'10019548': modify order #156595973 buy 0.08 USDJPY at 114.365 sl: 0.000 tp: 114.646 -> sl: 114.498 tp: 114.653
0	12:54:24.524	Notifications: 'order #156587032 buy 0.08 USDCAD at 1.34277 modified: sl: 0.00000 tp: 1.34570 -> sl: 1.34090 tp: 1.34251' sent to 'D07ADD05'
0	12:54:24.635	'10019548': order #156595973 buy 0.08 USDJPY at 114.365 was modified -> sl: 114.498 tp: 114.653
0	12:54:24.636	'10019548': modify order #156596791 sell 0.08 AUDUSD at 0.73931 sl: 0.00000 tp: 0.73622 -> sl: 0.73968 tp: 0.73813
0	12:54:25.131	'10019548': order #156596791 sell 0.08 AUDUSD at 0.73931 was modified -> sl: 0.73968 tp: 0.73813
0	12:54:25.131	'10019548': modify order #156596818 buy 0.08 EURJPY at 121.259 sl: 0.000 tp: 121.562 -> sl: 121.316 tp: 121.476
0	12:54:25.563	'10019548': order #156596818 buy 0.08 EURJPY at 121.259 was modified -> sl: 121.316 tp: 121.476
0	12:54:25.563	'10019548': modify order #156596828 buy 0.08 AUDJPY at 84.613 sl: 0.000 tp: 84.914 -> sl: 84.614 tp: 84.774
0	12:54:26.149	'10019548': order #156596828 buy 0.08 AUDJPY at 84.613 was modified -> sl: 84.614 tp: 84.774
0	12:54:26.149	'10019548': modify order #156596830 buy 0.08 GBPCAD at 1.67926 sl: 0.00000 tp: 1.68225 -> sl: 1.67842 tp: 1.68026
0	12:54:26.390	Notifications: 'order #156587071 sell 0.08 USDCHF at 1.01701 modified: sl: 0.00000 tp: 1.01404 -> sl: 1.01738 tp: 1.01578' sent to 'D07ADD05'
0	12:54:26.747	'10019548': order #156596830 buy 0.08 GBPCAD at 1.67926 was modified -> sl: 1.67842 tp: 1.68026
0	12:54:26.748	'10019548': modify order #156577995 sell 0.08 USDCHF at 1.01658 sl: 1.01740 tp: 1.01580 -> sl: 1.01737 tp: 1.01576
0	12:54:27.206	'10019548': order #156577995 sell 0.08 USDCHF at 1.01658 was modified -> sl: 1.01737 tp: 1.01576
0	12:54:27.207	'10019548': modify order #156587032 buy 0.08 USDCAD at 1.34277 sl: 1.34090 tp: 1.34251 -> sl: 1.34095 tp: 1.34256
0	12:54:27.613	'10019548': order #156587032 buy 0.08 USDCAD at 1.34277 was modified -> sl: 1.34095 tp: 1.34256
0	12:54:27.614	'10019548': modify order #156587071 sell 0.08 USDCHF at 1.01701 sl: 1.01738 tp: 1.01578 -> sl: 1.01737 tp: 1.01575
0	12:54:28.266	Notifications: 'order #156592504 buy 0.08 AUDJPY at 84.534 modified: sl: 0.000 tp: 84.830 -> sl: 84.614 tp: 84.774' sent to 'D07ADD05'
0	12:54:28.446	'10019548': order #156587071 sell 0.08 USDCHF at 1.01701 was modified -> sl: 1.01737 tp: 1.01575
0	12:54:28.446	'10019548': modify order #156596791 sell 0.08 AUDUSD at 0.73931 sl: 0.73968 tp: 0.73813 -> sl: 0.73967 tp: 0.73812
0	12:54:28.868	'10019548': order #156596791 sell 0.08 AUDUSD at 0.73931 was modified -> sl: 0.73967 tp: 0.73812
0	12:54:28.929	'10019548': modify order #156587032 buy 0.08 USDCAD at 1.34277 sl: 1.34095 tp: 1.34256 -> sl: 1.34097 tp: 1.34256
0	12:54:29.354	'10019548': order #156587032 buy 0.08 USDCAD at 1.34277 was modified -> sl: 1.34097 tp: 1.34256
0	12:54:30.107	Notifications: 'order #156594392 buy 0.08 AUDJPY at 84.565 modified: sl: 0.000 tp: 84.851 -> sl: 84.614 tp: 84.774' sent to 'D07ADD05'
0	12:54:31.959	Notifications: 'order #156595973 buy 0.08 USDJPY at 114.365 modified: sl: 0.000 tp: 114.646 -> sl: 114.498 tp: 114.653' sent to 'D07ADD05'
0	12:54:33.826	Notifications: 'order #156596791 sell 0.08 AUDUSD at 0.73931 modified: sl: 0.00000 tp: 0.73622 -> sl: 0.73968 tp: 0.73813' sent to 'D07ADD05'
0	12:54:35.702	Notifications: 'order #156596818 buy 0.08 EURJPY at 121.259 modified: sl: 0.000 tp: 121.562 -> sl: 121.316 tp: 121.476' sent to 'D07ADD05'
0	12:54:37.546	Notifications: 'order #156596828 buy 0.08 AUDJPY at 84.613 modified: sl: 0.000 tp: 84.914 -> sl: 84.614 tp: 84.774' sent to 'D07ADD05'
0	12:54:38.904	'10019548': modify order #156577995 sell 0.08 USDCHF at 1.01658 sl: 1.01737 tp: 1.01576 -> sl: 1.01730 tp: 1.01572
0	12:54:39.410	Notifications: 'order #156596830 buy 0.08 GBPCAD at 1.67926 modified: sl: 0.00000 tp: 1.68225 -> sl: 1.67842 tp: 1.68026' sent to 'D07ADD05'
0	12:54:40.825	'10019548': order #156577995 sell 0.08 USDCHF at 1.01658 was modified -> sl: 1.01730 tp: 1.01572
0	12:54:40.825	'10019548': modify order #156587071 sell 0.08 USDCHF at 1.01701 sl: 1.01737 tp: 1.01575 -> sl: 1.01729 tp: 1.01567
0	12:54:41.259	Notifications: 'order #156577995 sell 0.08 USDCHF at 1.01658 modified: sl: 1.01740 tp: 1.01580 -> sl: 1.01737 tp: 1.01576' sent to 'D07ADD05'
0	12:54:41.542	'10019548': order #156587071 sell 0.08 USDCHF at 1.01701 was modified -> sl: 1.01729 tp: 1.01567
0	12:54:41.542	'10019548': modify order #156592504 buy 0.08 AUDJPY at 84.534 sl: 84.614 tp: 84.774 -> sl: 84.623 tp: 84.783
0	12:54:41.959	'10019548': order #156592504 buy 0.08 AUDJPY at 84.534 was modified -> sl: 84.623 tp: 84.783
0	12:54:41.959	'10019548': modify order #156594392 buy 0.08 AUDJPY at 84.565 sl: 84.614 tp: 84.774 -> sl: 84.624 tp: 84.783
0	12:54:43.095	Notifications: 'order #156587032 buy 0.08 USDCAD at 1.34277 modified: sl: 1.34090 tp: 1.34251 -> sl: 1.34095 tp: 1.34256' sent to 'D07ADD05'
0	12:54:44.947	Notifications: 'order #156587071 sell 0.08 USDCHF at 1.01701 modified: sl: 1.01738 tp: 1.01578 -> sl: 1.01737 tp: 1.01575' sent to 'D07ADD05'
0	12:54:46.821	Notifications: 'order #156596791 sell 0.08 AUDUSD at 0.73931 modified: sl: 0.73968 tp: 0.73813 -> sl: 0.73967 tp: 0.73812' sent to 'D07ADD05'
0	12:54:48.689	Notifications: 'order #156587032 buy 0.08 USDCAD at 1.34277 modified: sl: 1.34095 tp: 1.34256 -> sl: 1.34097 tp: 1.34256' sent to 'D07ADD05'
0	12:54:50.569	Notifications: 'order #156577995 sell 0.08 USDCHF at 1.01658 modified: sl: 1.01737 tp: 1.01576 -> sl: 1.01730 tp: 1.01572' sent to 'D07ADD05'
0	12:54:52.439	Notifications: 'order #156587071 sell 0.08 USDCHF at 1.01701 modified: sl: 1.01737 tp: 1.01575 -> sl: 1.01729 tp: 1.01567' sent to 'D07ADD05'
0	12:54:54.284	Notifications: 'order #156592504 buy 0.08 AUDJPY at 84.534 modified: sl: 84.614 tp: 84.774 -> sl: 84.623 tp: 84.783' sent to 'D07ADD05'
0	12:54:57.161	'10019548': order #156594392 buy 0.08 AUDJPY at 84.565 was modified -> sl: 84.624 tp: 84.783
0	12:54:57.161	'10019548': modify order #156596818 buy 0.08 EURJPY at 121.259 sl: 121.316 tp: 121.476 -> sl: 121.320 tp: 121.476
0	12:54:59.013	Notifications: 'order #156594392 buy 0.08 AUDJPY at 84.565 modified: sl: 84.614 tp: 84.774 -> sl: 84.624 tp: 84.783' sent to 'D07ADD05'
0	12:55:00.784	'10019548': order #156596818 buy 0.08 EURJPY at 121.259 was modified -> sl: 121.320 tp: 121.476
0	12:55:00.784	'10019548': modify order #156596828 buy 0.08 AUDJPY at 84.613 sl: 84.614 tp: 84.774 -> sl: 84.624 tp: 84.783
0	12:55:01.988	'10019548': order #156596828 buy 0.08 AUDJPY at 84.613 was modified -> sl: 84.624 tp: 84.783
0	12:55:01.988	'10019548': modify order #156577995 sell 0.08 USDCHF at 1.01658 sl: 1.01730 tp: 1.01572 -> sl: 1.01729 tp: 1.01567
0	12:55:02.536	Notifications: 'order #156596818 buy 0.08 EURJPY at 121.259 modified: sl: 121.316 tp: 121.476 -> sl: 121.320 tp: 121.476' sent to 'D07ADD05'
0	12:55:02.569	'10019548': order #156577995 sell 0.08 USDCHF at 1.01658 was modified -> sl: 1.01729 tp: 1.01567
0	12:55:02.570	'10019548': modify order #156596818 buy 0.08 EURJPY at 121.259 sl: 121.320 tp: 121.476 -> sl: 121.321 tp: 121.478
0	12:55:03.672	'10019548': order #156596818 buy 0.08 EURJPY at 121.259 was modified -> sl: 121.321 tp: 121.478
0	12:55:04.381	Notifications: 'order #156596828 buy 0.08 AUDJPY at 84.613 modified: sl: 84.614 tp: 84.774 -> sl: 84.624 tp: 84.783' sent to 'D07ADD05'
0	12:55:05.766	'10019548': modify order #156592504 buy 0.08 AUDJPY at 84.534 sl: 84.623 tp: 84.783 -> sl: 84.627 tp: 84.784
0	12:55:06.219	Notifications: 'order #156577995 sell 0.08 USDCHF at 1.01658 modified: sl: 1.01730 tp: 1.01572 -> sl: 1.01729 tp: 1.01567' sent to 'D07ADD05'
0	12:55:08.074	Notifications: 'order #156596818 buy 0.08 EURJPY at 121.259 modified: sl: 121.320 tp: 121.476 -> sl: 121.321 tp: 121.478' sent to 'D07ADD05'
0	12:55:14.945	'10019548': order #156592504 buy 0.08 AUDJPY at 84.534 was modified -> sl: 84.627 tp: 84.784
0	12:55:14.945	'10019548': modify order #156577995 sell 0.08 USDCHF at 1.01658 sl: 1.01729 tp: 1.01567 -> sl: 1.01722 tp: 1.01563
0	12:55:16.778	Notifications: 'order #156592504 buy 0.08 AUDJPY at 84.534 modified: sl: 84.623 tp: 84.783 -> sl: 84.627 tp: 84.784' sent to 'D07ADD05'
0	12:55:21.922	'10019548': order #156577995 sell 0.08 USDCHF at 1.01658 was modified -> sl: 1.01722 tp: 1.01563
0	12:55:21.922	'10019548': modify order #156587071 sell 0.08 USDCHF at 1.01701 sl: 1.01729 tp: 1.01567 -> sl: 1.01723 tp: 1.01563
0	12:55:23.481	'10019548': order #156587071 sell 0.08 USDCHF at 1.01701 was modified -> sl: 1.01723 tp: 1.01563
0	12:55:23.765	Notifications: 'order #156577995 sell 0.08 USDCHF at 1.01658 modified: sl: 1.01729 tp: 1.01567 -> sl: 1.01722 tp: 1.01563' sent to 'D07ADD05'
0	12:55:24.902	'10019548': modify order #156587071 sell 0.08 USDCHF at 1.01701 sl: 1.01723 tp: 1.01563 -> sl: 1.01722 tp: 1.01564
0	12:55:25.614	Notifications: 'order #156587071 sell 0.08 USDCHF at 1.01701 modified: sl: 1.01729 tp: 1.01567 -> sl: 1.01723 tp: 1.01563' sent to 'D07ADD05'
0	12:55:25.893	'10019548': order #156587071 sell 0.08 USDCHF at 1.01701 was modified -> sl: 1.01722 tp: 1.01564
0	12:55:27.725	Notifications: 'order #156587071 sell 0.08 USDCHF at 1.01701 modified: sl: 1.01723 tp: 1.01563 -> sl: 1.01722 tp: 1.01564' sent to 'D07ADD05'
0	12:55:35.673	'10019548': modify order #156577995 sell 0.08 USDCHF at 1.01658 sl: 1.01722 tp: 1.01563 -> sl: 1.01720 tp: 1.01563
0	12:55:45.418	'10019548': order #156583604 sell 0.08 AUDUSD at 0.73936 closed due stop-loss at price 0.73953
0	12:55:45.418	'10019548': order #156577995 sell 0.08 USDCHF at 1.01658 was modified -> sl: 1.01720 tp: 1.01563
0	12:55:45.419	'10019548': modify order #156592504 buy 0.08 AUDJPY at 84.534 sl: 84.627 tp: 84.784 -> sl: 84.650 tp: 84.806
0	12:55:47.185	Notifications: 'order #156577995 sell 0.08 USDCHF at 1.01658 modified: sl: 1.01722 tp: 1.01563 -> sl: 1.01720 tp: 1.01563' sent to 'D07ADD05'
0	12:55:49.065	Notifications: 'order #156583604 sell 0.08 AUDUSD at 0.73936 closed due stop-loss at price 0.73953, profit: -1.84 AUD' sent to 'D07ADD05'
0	12:55:59.850	'10019548': order #156592504 buy 0.08 AUDJPY at 84.534 was modified -> sl: 84.650 tp: 84.806
0	12:55:59.850	'10019548': modify order #156594392 buy 0.08 AUDJPY at 84.565 sl: 84.624 tp: 84.783 -> sl: 84.627 tp: 84.782
0	12:56:01.685	Notifications: 'order #156592504 buy 0.08 AUDJPY at 84.534 modified: sl: 84.627 tp: 84.784 -> sl: 84.650 tp: 84.806' sent to 'D07ADD05'
0	12:56:04.303	'10019548': order #156594392 buy 0.08 AUDJPY at 84.565 was modified -> sl: 84.627 tp: 84.782
0	12:56:04.303	'10019548': modify order #156596818 buy 0.08 EURJPY at 121.259 sl: 121.321 tp: 121.478 -> sl: 121.324 tp: 121.483
0	12:56:06.135	Notifications: 'order #156594392 buy 0.08 AUDJPY at 84.565 modified: sl: 84.624 tp: 84.783 -> sl: 84.627 tp: 84.782' sent to 'D07ADD05'
0	12:56:06.735	'10019548': order #156596818 buy 0.08 EURJPY at 121.259 was modified -> sl: 121.324 tp: 121.483
0	12:56:06.735	'10019548': modify order #156596828 buy 0.08 AUDJPY at 84.613 sl: 84.624 tp: 84.783 -> sl: 84.626 tp: 84.783
0	12:56:08.209	'10019548': order #156596828 buy 0.08 AUDJPY at 84.613 was modified -> sl: 84.626 tp: 84.783
0	12:56:08.210	'10019548': modify order #156596818 buy 0.08 EURJPY at 121.259 sl: 121.324 tp: 121.483 -> sl: 121.325 tp: 121.482
0	12:56:08.565	Notifications: 'order #156596818 buy 0.08 EURJPY at 121.259 modified: sl: 121.321 tp: 121.478 -> sl: 121.324 tp: 121.483' sent to 'D07ADD05'
0	12:56:08.578	'10019548': order #156596818 buy 0.08 EURJPY at 121.259 was modified -> sl: 121.325 tp: 121.482
0	12:56:10.559	Notifications: 'order #156596828 buy 0.08 AUDJPY at 84.613 modified: sl: 84.624 tp: 84.783 -> sl: 84.626 tp: 84.783' sent to 'D07ADD05'
0	12:56:12.402	Notifications: 'order #156596818 buy 0.08 EURJPY at 121.259 modified: sl: 121.324 tp: 121.483 -> sl: 121.325 tp: 121.482' sent to 'D07ADD05'
0	12:56:18.116	'10019548': modify order #156596818 buy 0.08 EURJPY at 121.259 sl: 121.325 tp: 121.482 -> sl: 121.327 tp: 121.485
0	12:56:18.600	'10019548': order #156596818 buy 0.08 EURJPY at 121.259 was modified -> sl: 121.327 tp: 121.485
0	12:56:20.455	Notifications: 'order #156596818 buy 0.08 EURJPY at 121.259 modified: sl: 121.325 tp: 121.482 -> sl: 121.327 tp: 121.485' sent to 'D07ADD05'
0	12:56:26.373	'10019548': modify order #156596818 buy 0.08 EURJPY at 121.259 sl: 121.327 tp: 121.485 -> sl: 121.329 tp: 121.482
0	12:56:33.811	'10019548': order #156592504 buy 0.08 AUDJPY at 84.534 closed due stop-loss at price 84.650
0	12:56:34.473	'10019548': order #156596818 buy 0.08 EURJPY at 121.259 was modified -> sl: 121.329 tp: 121.482
0	12:56:35.321	'10019548': modify order #156596791 sell 0.08 AUDUSD at 0.73931 sl: 0.73967 tp: 0.73812 -> sl: 0.73966 tp: 0.73813
0	12:56:35.661	Notifications: 'order #156592504 buy 0.08 AUDJPY at 84.534 closed due stop-loss at price 84.650, profit: 10.96 AUD' sent to 'D07ADD05'
0	12:56:36.786	'10019548': order #156596791 sell 0.08 AUDUSD at 0.73931 was modified -> sl: 0.73966 tp: 0.73813
0	12:56:37.497	Notifications: 'order #156596818 buy 0.08 EURJPY at 121.259 modified: sl: 121.327 tp: 121.485 -> sl: 121.329 tp: 121.482' sent to 'D07ADD05'
0	12:56:39.331	Notifications: 'order #156596791 sell 0.08 AUDUSD at 0.73931 modified: sl: 0.73967 tp: 0.73812 -> sl: 0.73966 tp: 0.73813' sent to 'D07ADD05'
0	12:56:47.149	'10019548': modify order #156595973 buy 0.08 USDJPY at 114.365 sl: 114.498 tp: 114.653 -> sl: 114.498 tp: 114.648
0	12:56:49.500	'10019548': order #156595973 buy 0.08 USDJPY at 114.365 was modified -> sl: 114.498 tp: 114.648
0	12:56:49.500	'10019548': modify order #156596791 sell 0.08 AUDUSD at 0.73931 sl: 0.73966 tp: 0.73813 -> sl: 0.73965 tp: 0.73812
0	12:56:51.348	Notifications: 'order #156595973 buy 0.08 USDJPY at 114.365 modified: sl: 114.498 tp: 114.653 -> sl: 114.498 tp: 114.648' sent to 'D07ADD05'
0	12:56:51.494	'10019548': order #156596791 sell 0.08 AUDUSD at 0.73931 was modified -> sl: 0.73965 tp: 0.73812
0	12:56:51.857	'10019548': modify order #156595973 buy 0.08 USDJPY at 114.365 sl: 114.498 tp: 114.648 -> sl: 114.503 tp: 114.655
0	12:56:52.499	'10019548': order #156595973 buy 0.08 USDJPY at 114.365 was modified -> sl: 114.503 tp: 114.655
0	12:56:52.499	'10019548': modify order #156595973 buy 0.08 USDJPY at 114.365 sl: 114.503 tp: 114.655 -> sl: 114.504 tp: 114.656
0	12:56:52.841	'10019548': order #156595973 buy 0.08 USDJPY at 114.365 was modified -> sl: 114.504 tp: 114.656
0	12:56:53.134	'10019548': modify order #156595973 buy 0.08 USDJPY at 114.365 sl: 114.504 tp: 114.656 -> sl: 114.508 tp: 114.660
0	12:56:53.334	Notifications: 'order #156596791 sell 0.08 AUDUSD at 0.73931 modified: sl: 0.73966 tp: 0.73813 -> sl: 0.73965 tp: 0.73812' sent to 'D07ADD05'
0	12:56:53.703	'10019548': order #156595973 buy 0.08 USDJPY at 114.365 was modified -> sl: 114.508 tp: 114.660
0	12:56:53.704	'10019548': modify order #156596791 sell 0.08 AUDUSD at 0.73931 sl: 0.73965 tp: 0.73812 -> sl: 0.73964 tp: 0.73811
0	12:56:54.323	'10019548': order #156596791 sell 0.08 AUDUSD at 0.73931 was modified -> sl: 0.73964 tp: 0.73811
0	12:56:54.324	'10019548': modify order #156596818 buy 0.08 EURJPY at 121.259 sl: 121.329 tp: 121.482 -> sl: 121.335 tp: 121.493
0	12:56:54.820	'10019548': order #156596818 buy 0.08 EURJPY at 121.259 was modified -> sl: 121.335 tp: 121.493
0	12:56:55.167	Notifications: 'order #156595973 buy 0.08 USDJPY at 114.365 modified: sl: 114.498 tp: 114.648 -> sl: 114.503 tp: 114.655' sent to 'D07ADD05'
0	12:56:56.758	'10019548': modify order #156595973 buy 0.08 USDJPY at 114.365 sl: 114.508 tp: 114.660 -> sl: 114.509 tp: 114.665
0	12:56:57.006	Notifications: 'order #156595973 buy 0.08 USDJPY at 114.365 modified: sl: 114.503 tp: 114.655 -> sl: 114.504 tp: 114.656' sent to 'D07ADD05'
0	12:56:57.513	'10019548': order #156595973 buy 0.08 USDJPY at 114.365 was modified -> sl: 114.509 tp: 114.665
0	12:56:57.514	'10019548': modify order #156596818 buy 0.08 EURJPY at 121.259 sl: 121.335 tp: 121.493 -> sl: 121.338 tp: 121.493
0	12:56:58.290	'10019548': order #156596818 buy 0.08 EURJPY at 121.259 was modified -> sl: 121.338 tp: 121.493
0	12:56:58.832	Notifications: 'order #156595973 buy 0.08 USDJPY at 114.365 modified: sl: 114.504 tp: 114.656 -> sl: 114.508 tp: 114.660' sent to 'D07ADD05'
0	12:56:58.953	'10019548': modify order #156595973 buy 0.08 USDJPY at 114.365 sl: 114.509 tp: 114.665 -> sl: 114.515 tp: 114.669
0	12:57:00.625	'10019548': order #156595973 buy 0.08 USDJPY at 114.365 was modified -> sl: 114.515 tp: 114.669
0	12:57:00.665	Notifications: 'order #156596791 sell 0.08 AUDUSD at 0.73931 modified: sl: 0.73965 tp: 0.73812 -> sl: 0.73964 tp: 0.73811' sent to 'D07ADD05'
0	12:57:02.514	Notifications: 'order #156596818 buy 0.08 EURJPY at 121.259 modified: sl: 121.329 tp: 121.482 -> sl: 121.335 tp: 121.493' sent to 'D07ADD05'
0	12:57:02.876	'10019548': modify order #156596791 sell 0.08 AUDUSD at 0.73931 sl: 0.73964 tp: 0.73811 -> sl: 0.73963 tp: 0.73810
0	12:57:04.357	Notifications: 'order #156595973 buy 0.08 USDJPY at 114.365 modified: sl: 114.508 tp: 114.660 -> sl: 114.509 tp: 114.665' sent to 'D07ADD05'
0	12:57:06.191	Notifications: 'order #156596818 buy 0.08 EURJPY at 121.259 modified: sl: 121.335 tp: 121.493 -> sl: 121.338 tp: 121.493' sent to 'D07ADD05'
0	12:57:08.082	Notifications: 'order #156595973 buy 0.08 USDJPY at 114.365 modified: sl: 114.509 tp: 114.665 -> sl: 114.515 tp: 114.669' sent to 'D07ADD05'
0	12:57:08.430	'10019548': order #156596791 sell 0.08 AUDUSD at 0.73931 was modified -> sl: 0.73963 tp: 0.73810
0	12:57:10.334	Notifications: 'order #156596791 sell 0.08 AUDUSD at 0.73931 modified: sl: 0.73964 tp: 0.73811 -> sl: 0.73963 tp: 0.73810' sent to 'D07ADD05'
0	12:57:13.545	'10019548': modify order #156587071 sell 0.08 USDCHF at 1.01701 sl: 1.01722 tp: 1.01564 -> sl: 1.01720 tp: 1.01563
0	12:57:17.594	'10019548': order #156587071 sell 0.08 USDCHF at 1.01701 was modified -> sl: 1.01720 tp: 1.01563
0	12:57:17.595	'10019548': modify order #156596818 buy 0.08 EURJPY at 121.259 sl: 121.338 tp: 121.493 -> sl: 121.339 tp: 121.496
0	12:57:18.088	'10019548': order #156596818 buy 0.08 EURJPY at 121.259 was modified -> sl: 121.339 tp: 121.496
0	12:57:19.440	Notifications: 'order #156587071 sell 0.08 USDCHF at 1.01701 modified: sl: 1.01722 tp: 1.01564 -> sl: 1.01720 tp: 1.01563' sent to 'D07ADD05'
0	12:57:21.295	Notifications: 'order #156596818 buy 0.08 EURJPY at 121.259 modified: sl: 121.338 tp: 121.493 -> sl: 121.339 tp: 121.496' sent to 'D07ADD05'
0	12:57:23.018	'10019548': modify order #156577995 sell 0.08 USDCHF at 1.01658 sl: 1.01720 tp: 1.01563 -> sl: 1.01720 tp: 1.01560
0	12:57:27.933	'10019548': order #156577995 sell 0.08 USDCHF at 1.01658 was modified -> sl: 1.01720 tp: 1.01560
0	12:57:27.933	'10019548': modify order #156587071 sell 0.08 USDCHF at 1.01701 sl: 1.01720 tp: 1.01563 -> sl: 1.01719 tp: 1.01557
0	12:57:29.734	Notifications: 'order #156577995 sell 0.08 USDCHF at 1.01658 modified: sl: 1.01720 tp: 1.01563 -> sl: 1.01720 tp: 1.01560' sent to 'D07ADD05'
0	12:57:34.904	'10019548': order #156587071 sell 0.08 USDCHF at 1.01701 was modified -> sl: 1.01719 tp: 1.01557
0	12:57:34.905	'10019548': modify order #156577995 sell 0.08 USDCHF at 1.01658 sl: 1.01720 tp: 1.01560 -> sl: 1.01719 tp: 1.01556
0	12:57:36.748	Notifications: 'order #156587071 sell 0.08 USDCHF at 1.01701 modified: sl: 1.01720 tp: 1.01563 -> sl: 1.01719 tp: 1.01557' sent to 'D07ADD05'
0	12:57:44.447	'10019548': order #156577995 sell 0.08 USDCHF at 1.01658 was modified -> sl: 1.01719 tp: 1.01556
0	12:57:44.447	'10019548': modify order #156587071 sell 0.08 USDCHF at 1.01701 sl: 1.01719 tp: 1.01557 -> sl: 1.01718 tp: 1.01555
0	12:57:46.232	Notifications: 'order #156577995 sell 0.08 USDCHF at 1.01658 modified: sl: 1.01720 tp: 1.01560 -> sl: 1.01719 tp: 1.01556' sent to 'D07ADD05'
0	12:57:53.922	'10019548': order #156587071 sell 0.08 USDCHF at 1.01701 was modified -> sl: 1.01718 tp: 1.01555
0	12:57:53.923	'10019548': modify order #156577995 sell 0.08 USDCHF at 1.01658 sl: 1.01719 tp: 1.01556 -> sl: 1.01718 tp: 1.01555
0	12:57:55.670	Notifications: 'order #156587071 sell 0.08 USDCHF at 1.01701 modified: sl: 1.01719 tp: 1.01557 -> sl: 1.01718 tp: 1.01555' sent to 'D07ADD05'
0	12:58:00.838	'10019548': order #156577995 sell 0.08 USDCHF at 1.01658 was modified -> sl: 1.01718 tp: 1.01555
0	12:58:00.838	'10019548': modify order #156587071 sell 0.08 USDCHF at 1.01701 sl: 1.01718 tp: 1.01555 -> sl: 1.01709 tp: 1.01549
0	12:58:02.242	Notifications: 'order #156577995 sell 0.08 USDCHF at 1.01658 modified: sl: 1.01719 tp: 1.01556 -> sl: 1.01718 tp: 1.01555' sent to 'D07ADD05'
0	12:58:08.501	'10019548': order #156587071 sell 0.08 USDCHF at 1.01701 was modified -> sl: 1.01709 tp: 1.01549
0	12:58:10.341	Notifications: 'order #156587071 sell 0.08 USDCHF at 1.01701 modified: sl: 1.01718 tp: 1.01555 -> sl: 1.01709 tp: 1.01549' sent to 'D07ADD05'
0	12:58:32.157	'10019548': modify order #156594392 buy 0.08 AUDJPY at 84.565 sl: 84.627 tp: 84.782 -> sl: 84.633 tp: 84.792
0	12:58:39.697	'10019548': order #156594392 buy 0.08 AUDJPY at 84.565 was modified -> sl: 84.633 tp: 84.792
0	12:58:39.697	'10019548': modify order #156596828 buy 0.08 AUDJPY at 84.613 sl: 84.626 tp: 84.783 -> sl: 84.629 tp: 84.787
0	12:58:40.950	Notifications: 'order #156594392 buy 0.08 AUDJPY at 84.565 modified: sl: 84.627 tp: 84.782 -> sl: 84.633 tp: 84.792' sent to 'D07ADD05'
0	12:58:41.352	'10019548': order #156596830 buy 0.08 GBPCAD at 1.67926 closed due stop-loss at price 1.67842
0	12:58:43.195	Notifications: 'order #156596830 buy 0.08 GBPCAD at 1.67926 closed due stop-loss at price 1.67842, profit: -6.78 AUD' sent to 'D07ADD05'
0	12:58:56.074	'10019548': order #156596828 buy 0.08 AUDJPY at 84.613 was modified -> sl: 84.629 tp: 84.787
0	12:58:57.763	Notifications: 'order #156596828 buy 0.08 AUDJPY at 84.613 modified: sl: 84.626 tp: 84.783 -> sl: 84.629 tp: 84.787' sent to 'D07ADD05'
0	12:58:59.416	'10019548': order #156595973 buy 0.08 USDJPY at 114.365 closed due stop-loss at price 114.515
0	12:59:01.265	Notifications: 'order #156595973 buy 0.08 USDJPY at 114.365 closed due stop-loss at price 114.515, profit: 14.18 AUD' sent to 'D07ADD05'
0	12:59:13.158	'10019548': order #156596818 buy 0.08 EURJPY at 121.259 closed due stop-loss at price 121.339
0	12:59:14.999	Notifications: 'order #156596818 buy 0.08 EURJPY at 121.259 closed due stop-loss at price 121.339, profit: 7.56 AUD' sent to 'D07ADD05'
0	13:02:08.675	'10019548': order #156594392 buy 0.08 AUDJPY at 84.565 closed due stop-loss at price 84.633
0	13:02:10.521	Notifications: 'order #156594392 buy 0.08 AUDJPY at 84.565 closed due stop-loss at price 84.633, profit: 6.43 AUD' sent to 'D07ADD05'
0	13:02:11.742	'10019548': order #156596828 buy 0.08 AUDJPY at 84.613 closed due stop-loss at price 84.629
0	13:02:13.582	Notifications: 'order #156596828 buy 0.08 AUDJPY at 84.613 closed due stop-loss at price 84.629, profit: 1.51 AUD' sent to 'D07ADD05'
0	13:02:50.948	'10019548': modify order #156587032 buy 0.08 USDCAD at 1.34277 sl: 1.34097 tp: 1.34256 -> sl: 1.34098 tp: 1.34258
0	13:02:58.138	'10019548': order #156587071 sell 0.08 USDCHF at 1.01701 closed due stop-loss at price 1.01709
0	13:02:59.562	'10019548': order #156587032 buy 0.08 USDCAD at 1.34277 was modified -> sl: 1.34098 tp: 1.34258
0	13:02:59.982	Notifications: 'order #156587071 sell 0.08 USDCHF at 1.01701 closed due stop-loss at price 1.01709, profit: -0.85 AUD' sent to 'D07ADD05'
0	13:03:01.818	Notifications: 'order #156587032 buy 0.08 USDCAD at 1.34277 modified: sl: 1.34097 tp: 1.34256 -> sl: 1.34098 tp: 1.34258' sent to 'D07ADD05'
0	13:03:04.612	'10019548': modify order #156596791 sell 0.08 AUDUSD at 0.73931 sl: 0.73963 tp: 0.73810 -> sl: 0.73962 tp: 0.73807
0	13:03:22.936	'10019548': order #156596791 sell 0.08 AUDUSD at 0.73931 was modified -> sl: 0.73962 tp: 0.73807
0	13:03:22.937	'10019548': modify order #156596791 sell 0.08 AUDUSD at 0.73931 sl: 0.73962 tp: 0.73807 -> sl: 0.73955 tp: 0.73798
0	13:03:24.779	Notifications: 'order #156596791 sell 0.08 AUDUSD at 0.73931 modified: sl: 0.73963 tp: 0.73810 -> sl: 0.73962 tp: 0.73807' sent to 'D07ADD05'
0	13:08:45.918	Notifications: 'order #156596791 sell 0.08 AUDUSD at 0.73931 modified: sl: 0.73962 tp: 0.73807 -> sl: 0.73955 tp: 0.73798' sent to 'D07ADD05'
0	13:10:07.828	'10019548': order #156577995 sell 0.08 USDCHF at 1.01658 closed due stop-loss at price 1.01718
0	13:10:09.675	Notifications: 'order #156577995 sell 0.08 USDCHF at 1.01658 closed due stop-loss at price 1.01718, profit: -6.39 AUD' sent to 'D07ADD05'
0	13:14:10.701	'10019548': modify order #156596791 sell 0.08 AUDUSD at 0.73931 sl: 0.73955 tp: 0.73798 -> sl: 0.73946 tp: 0.73791
0	13:14:17.375	'10019548': order #156596791 sell 0.08 AUDUSD at 0.73931 was modified -> sl: 0.73946 tp: 0.73791
0	13:14:17.376	'10019548': modify order #156596791 sell 0.08 AUDUSD at 0.73931 sl: 0.73946 tp: 0.73791 -> sl: 0.73939 tp: 0.73785
0	13:14:18.912	'10019548': order #156596791 sell 0.08 AUDUSD at 0.73931 was modified -> sl: 0.73939 tp: 0.73785
0	13:14:19.210	Notifications: 'order #156596791 sell 0.08 AUDUSD at 0.73931 modified: sl: 0.73955 tp: 0.73798 -> sl: 0.73946 tp: 0.73791' sent to 'D07ADD05'
0	13:14:21.046	Notifications: 'order #156596791 sell 0.08 AUDUSD at 0.73931 modified: sl: 0.73946 tp: 0.73791 -> sl: 0.73939 tp: 0.73785' sent to 'D07ADD05'
0	13:14:21.598	'10019548': modify order #156596791 sell 0.08 AUDUSD at 0.73931 sl: 0.73939 tp: 0.73785 -> sl: 0.73937 tp: 0.73784
0	13:14:22.931	'10019548': order #156596791 sell 0.08 AUDUSD at 0.73931 was modified -> sl: 0.73937 tp: 0.73784
0	13:14:24.782	Notifications: 'order #156596791 sell 0.08 AUDUSD at 0.73931 modified: sl: 0.73939 tp: 0.73785 -> sl: 0.73937 tp: 0.73784' sent to 'D07ADD05'
0	13:14:27.201	'10019548': modify order #156596791 sell 0.08 AUDUSD at 0.73931 sl: 0.73937 tp: 0.73784 -> sl: 0.73936 tp: 0.73783
0	13:14:33.012	'10019548': order #156596791 sell 0.08 AUDUSD at 0.73931 was modified -> sl: 0.73936 tp: 0.73783
0	13:14:34.878	Notifications: 'order #156596791 sell 0.08 AUDUSD at 0.73931 modified: sl: 0.73937 tp: 0.73784 -> sl: 0.73936 tp: 0.73783' sent to 'D07ADD05'
0	13:15:59.982	'10019548': modify order #156587032 buy 0.08 USDCAD at 1.34277 sl: 1.34098 tp: 1.34258 -> sl: 1.34099 tp: 1.34261
0	13:16:08.151	'10019548': order #156587032 buy 0.08 USDCAD at 1.34277 was modified -> sl: 1.34099 tp: 1.34261
0	13:16:10.139	Notifications: 'order #156587032 buy 0.08 USDCAD at 1.34277 modified: sl: 1.34098 tp: 1.34258 -> sl: 1.34099 tp: 1.34261' sent to 'D07ADD05'
0	13:16:17.658	'10019548': modify order #156587032 buy 0.08 USDCAD at 1.34277 sl: 1.34099 tp: 1.34261 -> sl: 1.34100 tp: 1.34260
0	13:16:25.677	'10019548': order #156587032 buy 0.08 USDCAD at 1.34277 was modified -> sl: 1.34100 tp: 1.34260
0	13:16:25.678	'10019548': modify order #156587032 buy 0.08 USDCAD at 1.34277 sl: 1.34100 tp: 1.34260 -> sl: 1.34106 tp: 1.34268
0	13:16:27.540	Notifications: 'order #156587032 buy 0.08 USDCAD at 1.34277 modified: sl: 1.34099 tp: 1.34261 -> sl: 1.34100 tp: 1.34260' sent to 'D07ADD05'
0	13:16:28.420	'10019548': order #156587032 buy 0.08 USDCAD at 1.34277 was modified -> sl: 1.34106 tp: 1.34268
0	13:16:28.420	'10019548': modify order #156587032 buy 0.08 USDCAD at 1.34277 sl: 1.34106 tp: 1.34268 -> sl: 1.34108 tp: 1.34268
0	13:16:28.976	'10019548': order #156587032 buy 0.08 USDCAD at 1.34277 was modified -> sl: 1.34108 tp: 1.34268
0	13:16:30.293	Notifications: 'order #156587032 buy 0.08 USDCAD at 1.34277 modified: sl: 1.34100 tp: 1.34260 -> sl: 1.34106 tp: 1.34268' sent to 'D07ADD05'
0	13:16:32.126	Notifications: 'order #156587032 buy 0.08 USDCAD at 1.34277 modified: sl: 1.34106 tp: 1.34268 -> sl: 1.34108 tp: 1.34268' sent to 'D07ADD05'
0	13:28:04.796	'10019548': order #156596791 sell 0.08 AUDUSD at 0.73931 closed due stop-loss at price 0.73936
0	13:28:06.658	Notifications: 'order #156596791 sell 0.08 AUDUSD at 0.73931 closed due stop-loss at price 0.73936, profit: -0.54 AUD' sent to 'D07ADD05'
0	13:28:38.862	'10019548': order #156587032 buy 0.08 USDCAD at 1.34277 closed due stop-loss at price 1.34108
0	13:28:40.943	Notifications: 'order #156587032 buy 0.08 USDCAD at 1.34277 closed due stop-loss at price 1.34108, profit: -13.63 AUD' sent to 'D07ADD05'
0	13:28:42.782	Notifications: 'Close up completed @ 1613.90' sent to 'D07ADD05'
0	14:00:01.189	'10019548': order sell market 0.08 USDCHF sl: 0.00000 tp: 1.01327
0	14:00:04.561	'10019548': order was opened : #156600418 sell 0.08 USDCHF at 1.01627 sl: 0.00000 tp: 1.01327
0	14:00:06.413	Notifications: 'order opened #156600418 sell 0.08 USDCHF at 1.01627 tp: 1.01327' sent to 'D07ADD05'
0	14:30:04.626	'10019548': order buy market 0.08 EURJPY sl: 0.000 tp: 121.354
0	14:30:12.779	'10019548': order was opened : #156602067 buy 0.08 EURJPY at 121.078 sl: 0.000 tp: 121.354
0	14:30:12.781	'10019548': order buy market 0.08 AUDJPY sl: 0.000 tp: 84.823
0	14:30:14.614	Notifications: 'order opened #156602067 buy 0.08 EURJPY at 121.078 tp: 121.354' sent to 'D07ADD05'
0	14:30:28.255	'10019548': order was opened : #156602133 buy 0.08 AUDJPY at 84.536 sl: 0.000 tp: 84.823
0	14:30:28.257	'10019548': order sell market 0.08 GBPCAD sl: 0.00000 tp: 1.67614
0	14:30:29.436	Notifications: 'order opened #156602133 buy 0.08 AUDJPY at 84.536 tp: 84.823' sent to 'D07ADD05'
0	14:30:44.181	'10019548': order was opened : #156602231 sell 0.08 GBPCAD at 1.67933 sl: 0.00000 tp: 1.67614
0	14:30:46.013	Notifications: 'order opened #156602231 sell 0.08 GBPCAD at 1.67933 tp: 1.67614' sent to 'D07ADD05'
0	14:45:02.378	'10019548': order buy market 0.08 AUDJPY sl: 0.000 tp: 84.850
0	14:45:06.793	'10019548': order was opened : #156602852 buy 0.08 AUDJPY at 84.552 sl: 0.000 tp: 84.850
0	14:45:08.657	Notifications: 'order opened #156602852 buy 0.08 AUDJPY at 84.552 tp: 84.850' sent to 'D07ADD05'
1	15:07:22.717	'10019548': ping failed
1	15:07:22.718	'10019548': datacenter connecting failed [6]
1	15:07:28.717	'10019548': connect failed [No connection]
1	16:46:28.937	MQL5.community: failed to start thread
1	16:46:48.944	MQL5.community: failed to start thread
1	16:47:07.944	MQL5.community: failed to start thread
1	16:47:15.960	MQL5.community: authorization failed
1	16:47:16.024	MQL5.community: authorization failed
1	16:47:16.059	MQL5.community: authorization failed
1	16:47:16.092	MQL5.community: authorization failed
1	16:47:16.118	MQL5.community: authorization failed
1	16:47:16.149	MQL5.community: authorization failed
1	16:47:16.173	MQL5.community: authorization failed
1	16:47:16.210	MQL5.community: authorization failed
1	16:47:16.241	MQL5.community: authorization failed
1	16:51:33.311	MQL5.community: authorization failed
1	16:56:33.309	MQL5.community: authorization failed
1	17:01:33.312	MQL5.community: authorization failed
1	17:06:33.297	MQL5.community: authorization failed
0	17:11:40.798	'10019548': login on ICMarkets-Demo01 through Demo DC (ping: n/a)
0	17:11:43.869	'10019548': login datacenter on ICMarkets-Demo01 through Demo DC (ping: n/a)
0	17:11:44.506	'10019548': previous successful authorization performed from 14.200.246.35
0	17:11:44.851	'10019548': modify order #156602133 buy 0.08 AUDJPY at 84.536 sl: 0.000 tp: 84.823 -> sl: 84.576 tp: 84.733
0	17:11:45.349	'10019548': order #156602133 buy 0.08 AUDJPY at 84.536 was modified -> sl: 84.576 tp: 84.733
0	17:11:45.350	'10019548': modify order #156602852 buy 0.08 AUDJPY at 84.552 sl: 0.000 tp: 84.850 -> sl: 84.576 tp: 84.733
0	17:11:45.804	'10019548': order #156602852 buy 0.08 AUDJPY at 84.552 was modified -> sl: 84.576 tp: 84.733
0	17:11:45.804	'10019548': modify order #156602067 buy 0.08 EURJPY at 121.078 sl: 0.000 tp: 121.354 -> sl: 121.131 tp: 121.284
0	17:11:46.209	'10019548': order #156602067 buy 0.08 EURJPY at 121.078 was modified -> sl: 121.131 tp: 121.284
0	17:11:46.210	'10019548': modify order #156602231 sell 0.08 GBPCAD at 1.67933 sl: 0.00000 tp: 1.67614 -> sl: 1.67843 tp: 1.67668
0	17:11:46.615	'10019548': order #156602231 sell 0.08 GBPCAD at 1.67933 was modified -> sl: 1.67843 tp: 1.67668
0	17:11:46.616	'10019548': modify order #156600418 sell 0.08 USDCHF at 1.01627 sl: 0.00000 tp: 1.01327 -> sl: 1.01518 tp: 1.01359
0	17:11:47.161	'10019548': order #156600418 sell 0.08 USDCHF at 1.01627 was modified -> sl: 1.01518 tp: 1.01359
0	17:11:47.771	'10019548': modify order #156600418 sell 0.08 USDCHF at 1.01627 sl: 1.01518 tp: 1.01359 -> sl: 1.01515 tp: 1.01356
0	17:11:48.162	'10019548': order #156600418 sell 0.08 USDCHF at 1.01627 was modified -> sl: 1.01515 tp: 1.01356
0	17:12:14.767	'10019548': auto connecting to a better access point Demo DC #3 (ping is 228.06 ms)
0	17:12:15.481	'10019548': login on ICMarkets-Demo01 through Demo DC #3 (ping: 228.06 ms)
0	17:12:18.049	'10019548': login datacenter on ICMarkets-Demo01 through Demo DC #3 (ping: 228.06 ms)
0	17:12:18.580	'10019548': previous successful authorization performed from 203.221.78.228
0	17:12:35.661	'10019548': modify order #156600418 sell 0.08 USDCHF at 1.01627 sl: 1.01515 tp: 1.01356 -> sl: 1.01515 tp: 1.01358
0	17:12:37.020	'10019548': order #156600418 sell 0.08 USDCHF at 1.01627 was modified -> sl: 1.01515 tp: 1.01358
0	17:12:40.720	'10019548': modify order #156600418 sell 0.08 USDCHF at 1.01627 sl: 1.01515 tp: 1.01358 -> sl: 1.01514 tp: 1.01358
0	17:12:41.114	'10019548': order #156600418 sell 0.08 USDCHF at 1.01627 was modified -> sl: 1.01514 tp: 1.01358
0	17:12:43.068	'10019548': order #156602067 buy 0.08 EURJPY at 121.078 closed due stop-loss at price 121.131
0	17:13:02.336	'10019548': order #156602133 buy 0.08 AUDJPY at 84.536 closed due stop-loss at price 84.576
0	17:13:02.398	'10019548': order #156602852 buy 0.08 AUDJPY at 84.552 closed due stop-loss at price 84.576
0	17:13:02.845	'10019548': modify order #156600418 sell 0.08 USDCHF at 1.01627 sl: 1.01514 tp: 1.01358 -> sl: 1.01512 tp: 1.01358
0	17:13:03.771	'10019548': order #156600418 sell 0.08 USDCHF at 1.01627 was modified -> sl: 1.01512 tp: 1.01358
0	17:13:10.859	'10019548': modify order #156600418 sell 0.08 USDCHF at 1.01627 sl: 1.01512 tp: 1.01358 -> sl: 1.01511 tp: 1.01353
0	17:13:11.217	'10019548': order #156600418 sell 0.08 USDCHF at 1.01627 was modified -> sl: 1.01511 tp: 1.01353
0	17:13:14.114	'10019548': modify order #156600418 sell 0.08 USDCHF at 1.01627 sl: 1.01511 tp: 1.01353 -> sl: 1.01507 tp: 1.01353
0	17:13:14.524	'10019548': order #156600418 sell 0.08 USDCHF at 1.01627 was modified -> sl: 1.01507 tp: 1.01353
0	17:13:16.487	'10019548': modify order #156600418 sell 0.08 USDCHF at 1.01627 sl: 1.01507 tp: 1.01353 -> sl: 1.01506 tp: 1.01352
0	17:13:16.882	'10019548': order #156600418 sell 0.08 USDCHF at 1.01627 was modified -> sl: 1.01506 tp: 1.01352
0	17:13:44.768	'10019548': modify order #156600418 sell 0.08 USDCHF at 1.01627 sl: 1.01506 tp: 1.01352 -> sl: 1.01506 tp: 1.01351
0	17:13:45.170	'10019548': order #156600418 sell 0.08 USDCHF at 1.01627 was modified -> sl: 1.01506 tp: 1.01351
0	17:29:56.045	'10019548': login on ICMarkets-Demo01 through Demo DC #3 (ping: 228.06 ms)
0	17:29:58.646	'10019548': login datacenter on ICMarkets-Demo01 through Demo DC #3 (ping: 228.06 ms)
0	17:29:59.160	'10019548': previous successful authorization performed from 203.221.78.228
0	17:29:59.550	'10019548': modify order #156600418 sell 0.08 USDCHF at 1.01627 sl: 1.01506 tp: 1.01351 -> sl: 1.01431 tp: 1.01275
0	17:30:00.005	'10019548': order #156600418 sell 0.08 USDCHF at 1.01627 was modified -> sl: 1.01431 tp: 1.01275
0	17:30:02.277	'10019548': modify order #156600418 sell 0.08 USDCHF at 1.01627 sl: 1.01431 tp: 1.01275 -> sl: 1.01430 tp: 1.01269
0	17:30:02.896	'10019548': order #156600418 sell 0.08 USDCHF at 1.01627 was modified -> sl: 1.01430 tp: 1.01269
0	17:35:07.332	'10019548': order #156600418 sell 0.08 USDCHF at 1.01627 closed due stop-loss at price 1.01430
1	17:41:33.276	MQL5.community: failed to start thread
0	17:45:05.162	'10019548': order buy market 0.08 AUDJPY sl: 0.000 tp: 84.825
0	17:45:07.970	'10019548': order was opened : #156615895 buy 0.08 AUDJPY at 84.533 sl: 0.000 tp: 84.825
1	17:46:33.273	MQL5.community: failed to start thread
1	17:51:33.279	MQL5.community: failed to start thread
1	17:56:33.283	MQL5.community: failed to start thread
1	18:01:33.278	MQL5.community: failed to start thread
1	18:06:33.277	MQL5.community: failed to start thread
1	18:11:33.279	MQL5.community: failed to start thread
1	18:16:33.308	MQL5.community: failed to start thread
1	18:21:33.292	MQL5.community: failed to start thread
1	18:26:33.273	MQL5.community: failed to start thread
1	18:31:33.289	MQL5.community: failed to start thread
1	18:32:59.203	'10019548': ping failed
1	18:32:59.215	'10019548': datacenter connecting failed [6]
0	18:33:00.106	'10019548': login on ICMarkets-Demo01 through Demo DC (ping: 255.73 ms)
0	18:33:03.044	'10019548': login datacenter on ICMarkets-Demo01 through Demo DC (ping: 255.73 ms)
0	18:33:03.630	'10019548': previous successful authorization performed from 203.221.78.228
1	18:33:03.721	MQL5.community: failed to start thread
0	18:33:32.857	'10019548': ping to current access point Demo DC is 238.62 ms
1	18:36:33.278	MQL5.community: failed to start thread
1	18:41:33.276	MQL5.community: failed to start thread
1	18:46:33.273	MQL5.community: failed to start thread
1	18:51:33.282	MQL5.community: failed to start thread
1	18:56:33.563	MQL5.community: failed to start thread
0	19:00:01.989	'10019548': order buy market 0.08 EURGBP sl: 0.00000 tp: 0.84972
0	19:00:09.538	'10019548': order was opened : #156624130 buy 0.08 EURGBP at 0.84664 sl: 0.00000 tp: 0.84972
0	19:00:09.539	'10019548': order buy market 0.08 AUDUSD sl: 0.00000 tp: 0.74330
0	19:00:10.162	'10019548': order was opened : #156624136 buy 0.08 AUDUSD at 0.74030 sl: 0.00000 tp: 0.74330
1	19:01:33.282	MQL5.community: failed to start thread
1	19:06:33.284	MQL5.community: failed to start thread
1	19:11:33.276	MQL5.community: failed to start thread
0	19:15:01.593	'10019548': order sell market 0.08 USDJPY sl: 0.000 tp: 113.820
0	19:15:03.665	'10019548': order was opened : #156626072 sell 0.08 USDJPY at 114.120 sl: 0.000 tp: 113.820
0	19:15:03.670	'10019548': order buy market 0.08 XAUUSD sl: 0.00 tp: 1175.93
0	19:15:04.430	'10019548': order was opened : #156626078 buy 0.08 XAUUSD at 1172.93 sl: 0.00 tp: 1175.93
1	19:16:33.276	MQL5.community: failed to start thread
1	19:21:33.283	MQL5.community: failed to start thread
1	19:26:33.295	MQL5.community: failed to start thread
1	19:31:33.275	MQL5.community: failed to start thread
1	19:36:33.274	MQL5.community: failed to start thread
1	19:41:33.281	MQL5.community: failed to start thread
1	19:46:33.280	MQL5.community: failed to start thread
1	19:51:33.281	MQL5.community: failed to start thread
1	19:56:33.781	MQL5.community: failed to start thread
1	20:01:33.341	MQL5.community: failed to start thread
1	20:06:33.279	MQL5.community: failed to start thread
1	20:11:33.297	MQL5.community: failed to start thread
1	20:16:33.285	MQL5.community: failed to start thread
1	20:21:33.284	MQL5.community: failed to start thread
1	20:26:33.274	MQL5.community: failed to start thread
1	20:31:33.278	MQL5.community: failed to start thread
1	20:36:33.274	MQL5.community: failed to start thread
1	20:41:33.274	MQL5.community: failed to start thread
0	20:43:35.989	'10019548': login on ICMarkets-Demo01 through Demo DC (ping: 238.62 ms)
0	20:43:39.344	'10019548': login datacenter on ICMarkets-Demo01 through Demo DC (ping: 238.62 ms)
0	20:43:40.142	'10019548': previous successful authorization performed from 61.68.171.100
1	20:43:40.232	MQL5.community: failed to start thread
0	20:44:07.039	'10019548': auto connecting to a better access point Demo DC #3 (ping is 232.59 ms)
0	20:44:07.769	'10019548': login on ICMarkets-Demo01 through Demo DC #3 (ping: 232.59 ms)
0	20:44:10.632	'10019548': login datacenter on ICMarkets-Demo01 through Demo DC #3 (ping: 232.59 ms)
0	20:44:11.166	'10019548': previous successful authorization performed from 14.203.206.187
1	20:44:11.222	MQL5.community: failed to start thread
1	20:46:33.278	MQL5.community: failed to start thread
0	20:48:24.744	'10019548': modify order #156624130 buy 0.08 EURGBP at 0.84664 sl: 0.00000 tp: 0.84972 -> sl: 0.84766 tp: 0.84919
0	20:48:25.374	'10019548': order #156624130 buy 0.08 EURGBP at 0.84664 was modified -> sl: 0.84766 tp: 0.84919
0	20:48:25.375	'10019548': modify order #156624130 buy 0.08 EURGBP at 0.84664 sl: 0.84766 tp: 0.84919 -> sl: 0.84767 tp: 0.84921
0	20:48:26.156	'10019548': order #156624130 buy 0.08 EURGBP at 0.84664 was modified -> sl: 0.84767 tp: 0.84921
0	20:48:28.845	'10019548': modify order #156624130 buy 0.08 EURGBP at 0.84664 sl: 0.84767 tp: 0.84921 -> sl: 0.84768 tp: 0.84922
0	20:48:30.565	'10019548': order #156624130 buy 0.08 EURGBP at 0.84664 was modified -> sl: 0.84768 tp: 0.84922
0	20:48:30.942	'10019548': modify order #156624130 buy 0.08 EURGBP at 0.84664 sl: 0.84768 tp: 0.84922 -> sl: 0.84769 tp: 0.84926
0	20:48:31.610	'10019548': order #156624130 buy 0.08 EURGBP at 0.84664 was modified -> sl: 0.84769 tp: 0.84926
0	20:48:31.726	'10019548': modify order #156624130 buy 0.08 EURGBP at 0.84664 sl: 0.84769 tp: 0.84926 -> sl: 0.84770 tp: 0.84924
0	20:48:33.374	'10019548': order #156624130 buy 0.08 EURGBP at 0.84664 was modified -> sl: 0.84770 tp: 0.84924
0	20:48:33.374	'10019548': modify order #156624130 buy 0.08 EURGBP at 0.84664 sl: 0.84770 tp: 0.84924 -> sl: 0.84787 tp: 0.84940
0	20:48:34.715	'10019548': order #156624130 buy 0.08 EURGBP at 0.84664 was modified -> sl: 0.84787 tp: 0.84940
0	20:48:34.731	'10019548': modify order #156624130 buy 0.08 EURGBP at 0.84664 sl: 0.84787 tp: 0.84940 -> sl: 0.84785 tp: 0.84941
0	20:48:35.357	'10019548': order #156624130 buy 0.08 EURGBP at 0.84664 was modified -> sl: 0.84785 tp: 0.84941
0	20:48:38.168	'10019548': modify order #156624130 buy 0.08 EURGBP at 0.84664 sl: 0.84785 tp: 0.84941 -> sl: 0.84786 tp: 0.84941
0	20:48:39.627	'10019548': order #156624130 buy 0.08 EURGBP at 0.84664 was modified -> sl: 0.84786 tp: 0.84941
1	20:51:33.274	MQL5.community: failed to start thread
0	20:51:35.627	'10019548': order #156624130 buy 0.08 EURGBP at 0.84664 closed due stop-loss at price 0.84786
1	20:56:33.283	MQL5.community: failed to start thread
1	21:01:33.460	MQL5.community: failed to start thread
1	21:06:33.280	MQL5.community: failed to start thread
1	21:11:33.277	MQL5.community: failed to start thread
0	21:15:00.900	'10019548': order buy market 0.08 USDJPY sl: 0.000 tp: 114.531
0	21:15:22.369	'10019548': order was opened : #156642493 buy 0.08 USDJPY at 114.231 sl: 0.000 tp: 114.531
1	21:16:33.279	MQL5.community: failed to start thread
1	21:21:33.281	MQL5.community: failed to start thread
1	21:26:33.274	MQL5.community: failed to start thread
1	21:31:33.273	MQL5.community: failed to start thread
1	21:36:33.286	MQL5.community: failed to start thread
1	21:41:33.277	MQL5.community: failed to start thread
1	21:46:33.278	MQL5.community: failed to start thread
1	21:47:11.282	'10019548': ping failed
1	21:47:11.283	'10019548': datacenter connecting failed [6]
0	21:47:12.094	'10019548': login on ICMarkets-Demo01 through Demo DC (ping: 261.78 ms)
0	21:47:15.130	'10019548': login datacenter on ICMarkets-Demo01 through Demo DC (ping: 261.78 ms)
0	21:47:15.740	'10019548': previous successful authorization performed from 14.203.206.187
1	21:47:15.786	MQL5.community: failed to start thread
0	21:47:41.053	'10019548': auto connecting to a better access point Demo DC #3 (ping is 231.94 ms)
0	21:47:41.811	'10019548': login on ICMarkets-Demo01 through Demo DC #3 (ping: 231.94 ms)
0	21:47:45.823	'10019548': login datacenter on ICMarkets-Demo01 through Demo DC #3 (ping: 231.94 ms)
0	21:47:46.413	'10019548': previous successful authorization performed from 14.203.206.187
1	21:47:46.509	MQL5.community: failed to start thread
1	21:51:33.284	MQL5.community: failed to start thread
1	21:56:33.281	MQL5.community: failed to start thread
1	22:01:33.278	MQL5.community: failed to start thread
1	22:06:33.156	MQL5.community: failed to start thread
1	22:11:33.319	MQL5.community: failed to start thread
1	22:16:33.293	MQL5.community: failed to start thread
1	22:21:33.283	MQL5.community: failed to start thread
1	22:26:33.276	MQL5.community: failed to start thread
1	22:31:33.283	MQL5.community: failed to start thread
1	22:36:33.289	MQL5.community: failed to start thread
1	22:41:33.303	MQL5.community: failed to start thread
1	22:46:33.277	MQL5.community: failed to start thread
1	22:51:33.299	MQL5.community: failed to start thread
1	22:56:33.275	MQL5.community: failed to start thread
1	23:01:33.283	MQL5.community: failed to start thread
1	23:06:33.278	MQL5.community: failed to start thread
1	23:11:33.274	MQL5.community: failed to start thread
1	23:16:33.294	MQL5.community: failed to start thread
1	23:21:33.283	MQL5.community: failed to start thread
1	23:26:33.279	MQL5.community: failed to start thread
1	23:31:33.289	MQL5.community: failed to start thread
1	23:36:33.279	MQL5.community: failed to start thread
1	23:41:33.279	MQL5.community: failed to start thread
1	23:46:33.281	MQL5.community: failed to start thread
1	23:51:33.280	MQL5.community: failed to start thread
1	23:56:33.275	MQL5.community: failed to start thread
0	23:57:49.236	'10019548': modify order #156642493 buy 0.08 USDJPY at 114.231 sl: 0.000 tp: 114.531 -> sl: 114.394 tp: 114.548
0	23:57:49.994	'10019548': order #156642493 buy 0.08 USDJPY at 114.231 was modified -> sl: 114.394 tp: 114.548
0	23:57:49.994	'10019548': modify order #156642493 buy 0.08 USDJPY at 114.231 sl: 114.394 tp: 114.548 -> sl: 114.396 tp: 114.550
0	23:57:50.833	'10019548': order #156642493 buy 0.08 USDJPY at 114.231 was modified -> sl: 114.396 tp: 114.550
0	23:58:21.739	'10019548': modify order #156642493 buy 0.08 USDJPY at 114.231 sl: 114.396 tp: 114.550 -> sl: 114.399 tp: 114.551
0	23:58:22.449	'10019548': order #156642493 buy 0.08 USDJPY at 114.231 was modified -> sl: 114.399 tp: 114.551
0	23:58:22.838	'10019548': modify order #156642493 buy 0.08 USDJPY at 114.231 sl: 114.399 tp: 114.551 -> sl: 114.400 tp: 114.551
0	23:58:24.386	'10019548': order #156642493 buy 0.08 USDJPY at 114.231 was modified -> sl: 114.400 tp: 114.551
