0	19:53:51.317	IC Markets MT4 build 1010 started (International Capital Markets Pty Ltd.)
0	19:53:51.318	Microsoft Windows XP (x64 based PC), IE 09.00, 2 x Intel Pentium 4  2.40GHz, RAM: 999 / 1276 Mb, HDD: 108983 / 119815 Mb, GMT+10:00
0	19:53:51.318	Data Folder: Z:\home\keith\MT4-1
2	19:53:55.749	Expert DumpTicks EURUSD,M1: loaded successfully
2	19:53:55.852	Expert Elpheba-20161030 AUDUSD,M5: loaded successfully
0	19:53:57.463	'10019548': login on ICMarkets-Demo01 through Demo DC #3 (ping: 254.14 ms)
0	19:54:00.960	'10019548': login datacenter on ICMarkets-Demo01 through Demo DC #3 (ping: 254.14 ms)
0	19:54:01.568	'10019548': previous successful authorization performed from 139.5.78.154
0	20:10:03.337	'10019548': order buy market 0.08 AUDUSD sl: 0.00000 tp: 0.75255
0	20:10:04.315	'10019548': order was opened : #157416536 buy 0.08 AUDUSD at 0.74955 sl: 0.00000 tp: 0.75255
0	20:10:04.319	'10019548': order buy market 0.08 AUDCAD sl: 0.00000 tp: 0.99376
0	20:10:05.093	'10019548': order was opened : #157416546 buy 0.08 AUDCAD at 0.99075 sl: 0.00000 tp: 0.99376
0	20:10:07.651	Notifications: 'order opened #157416536 buy 0.08 AUDUSD at 0.74955 tp: 0.75255' sent to 'D07ADD05'
0	20:10:09.572	Notifications: 'order opened #157416546 buy 0.08 AUDCAD at 0.99075 tp: 0.99376' sent to 'D07ADD05'
1	20:31:21.305	'10019548': ping failed
0	20:31:21.794	'10019548': login datacenter on ICMarkets-Demo01
0	20:31:22.979	'10019548': login on ICMarkets-Demo01 through Demo DC (ping: 282.79 ms)
0	20:31:26.304	'10019548': login datacenter on ICMarkets-Demo01 through Demo DC (ping: 282.79 ms)
0	20:31:27.060	'10019548': previous successful authorization performed from 139.5.78.154
0	20:32:11.487	'10019548': auto connecting to a better access point Demo DC #3 (ping is 257.00 ms)
0	20:32:12.305	'10019548': login on ICMarkets-Demo01 through Demo DC #3 (ping: 257.00 ms)
0	20:32:18.349	'10019548': login datacenter on ICMarkets-Demo01 through Demo DC #3 (ping: 257.00 ms)
0	20:32:18.955	'10019548': previous successful authorization performed from 139.5.78.154
0	21:15:04.548	'10019548': order buy market 0.08 EURJPY sl: 0.000 tp: 122.695
0	21:15:05.131	'10019548': order was opened : #157427881 buy 0.08 EURJPY at 122.396 sl: 0.000 tp: 122.695
0	21:15:07.205	Notifications: 'order opened #157427881 buy 0.08 EURJPY at 122.396 tp: 122.695' sent to 'D07ADD05'
0	21:35:04.851	'10019548': order buy market 0.08 XAUUSD sl: 0.00 tp: 1178.29
0	21:35:05.226	'10019548': order was opened : #157429385 buy 0.08 XAUUSD at 1175.29 sl: 0.00 tp: 1178.29
0	21:35:07.172	Notifications: 'order opened #157429385 buy 0.08 XAUUSD at 1175.29 tp: 1178.29' sent to 'D07ADD05'
0	21:40:00.271	'10019548': order sell market 0.08 USDJPY sl: 0.000 tp: 113.184
0	21:40:00.876	'10019548': order was opened : #157429682 sell 0.08 USDJPY at 113.484 sl: 0.000 tp: 113.184
0	21:40:02.816	Notifications: 'order opened #157429682 sell 0.08 USDJPY at 113.484 tp: 113.184' sent to 'D07ADD05'
0	21:45:01.200	'10019548': order sell market 0.08 EURJPY sl: 0.000 tp: 122.086
0	21:45:02.976	'10019548': order was opened : #157430092 sell 0.08 EURJPY at 122.384 sl: 0.000 tp: 122.086
0	21:45:02.978	'10019548': order sell market 0.08 USDJPY sl: 0.000 tp: 113.143
0	21:45:03.616	'10019548': order was opened : #157430098 sell 0.08 USDJPY at 113.441 sl: 0.000 tp: 113.143
0	21:45:04.791	Notifications: 'order opened #157430092 sell 0.08 EURJPY at 122.384 tp: 122.086' sent to 'D07ADD05'
0	21:45:06.741	Notifications: 'order opened #157430098 sell 0.08 USDJPY at 113.441 tp: 113.143' sent to 'D07ADD05'
0	22:47:56.029	'10019548': login on ICMarkets-Demo01 through Demo DC #3 (ping: 257.00 ms)
0	22:47:58.826	'10019548': login datacenter on ICMarkets-Demo01 through Demo DC #3 (ping: 257.00 ms)
0	22:47:59.465	'10019548': previous successful authorization performed from 139.5.78.154
0	22:48:37.313	'10019548': ping to current access point Demo DC #3 is 254.84 ms
0	23:16:37.089	'10019548': modify order #157429385 buy 0.08 XAUUSD at 1175.29 sl: 0.00 tp: 1178.29 -> sl: 1176.72 tp: 1178.36
0	23:16:37.426	'10019548': order #157429385 buy 0.08 XAUUSD at 1175.29 was modified -> sl: 1176.72 tp: 1178.36
0	23:16:38.205	'10019548': modify order #157429385 buy 0.08 XAUUSD at 1175.29 sl: 1176.72 tp: 1178.36 -> sl: 1176.73 tp: 1178.40
0	23:16:38.667	'10019548': order #157429385 buy 0.08 XAUUSD at 1175.29 was modified -> sl: 1176.73 tp: 1178.40
0	23:16:39.481	Notifications: 'order #157429385 buy 0.08 XAUUSD at 1175.29 modified: sl: 0.00 tp: 1178.29 -> sl: 1176.72 tp: 1178.36' sent to 'D07ADD05'
0	23:16:40.103	'10019548': modify order #157429385 buy 0.08 XAUUSD at 1175.29 sl: 1176.73 tp: 1178.40 -> sl: 1176.82 tp: 1178.46
0	23:16:40.470	'10019548': order #157429385 buy 0.08 XAUUSD at 1175.29 was modified -> sl: 1176.82 tp: 1178.46
0	23:16:41.515	Notifications: 'order #157429385 buy 0.08 XAUUSD at 1175.29 modified: sl: 1176.72 tp: 1178.36 -> sl: 1176.73 tp: 1178.40' sent to 'D07ADD05'
0	23:16:43.444	Notifications: 'order #157429385 buy 0.08 XAUUSD at 1175.29 modified: sl: 1176.73 tp: 1178.40 -> sl: 1176.82 tp: 1178.46' sent to 'D07ADD05'
0	23:19:15.509	'10019548': modify order #157429385 buy 0.08 XAUUSD at 1175.29 sl: 1176.82 tp: 1178.46 -> sl: 1176.83 tp: 1178.48
0	23:19:15.871	'10019548': order #157429385 buy 0.08 XAUUSD at 1175.29 was modified -> sl: 1176.83 tp: 1178.48
0	23:19:17.897	Notifications: 'order #157429385 buy 0.08 XAUUSD at 1175.29 modified: sl: 1176.82 tp: 1178.46 -> sl: 1176.83 tp: 1178.48' sent to 'D07ADD05'
0	23:19:36.787	'10019548': modify order #157429385 buy 0.08 XAUUSD at 1175.29 sl: 1176.83 tp: 1178.48 -> sl: 1176.90 tp: 1178.56
0	23:19:37.193	'10019548': order #157429385 buy 0.08 XAUUSD at 1175.29 was modified -> sl: 1176.90 tp: 1178.56
0	23:19:38.396	'10019548': modify order #157429385 buy 0.08 XAUUSD at 1175.29 sl: 1176.90 tp: 1178.56 -> sl: 1176.92 tp: 1178.58
0	23:19:38.783	'10019548': order #157429385 buy 0.08 XAUUSD at 1175.29 was modified -> sl: 1176.92 tp: 1178.58
0	23:19:39.174	Notifications: 'order #157429385 buy 0.08 XAUUSD at 1175.29 modified: sl: 1176.83 tp: 1178.48 -> sl: 1176.90 tp: 1178.56' sent to 'D07ADD05'
0	23:19:40.646	'10019548': modify order #157429385 buy 0.08 XAUUSD at 1175.29 sl: 1176.92 tp: 1178.58 -> sl: 1176.93 tp: 1178.58
0	23:19:41.045	'10019548': order #157429385 buy 0.08 XAUUSD at 1175.29 was modified -> sl: 1176.93 tp: 1178.58
0	23:19:41.142	Notifications: 'order #157429385 buy 0.08 XAUUSD at 1175.29 modified: sl: 1176.90 tp: 1178.56 -> sl: 1176.92 tp: 1178.58' sent to 'D07ADD05'
0	23:19:43.105	Notifications: 'order #157429385 buy 0.08 XAUUSD at 1175.29 modified: sl: 1176.92 tp: 1178.58 -> sl: 1176.93 tp: 1178.58' sent to 'D07ADD05'
0	23:19:45.766	'10019548': modify order #157429385 buy 0.08 XAUUSD at 1175.29 sl: 1176.93 tp: 1178.58 -> sl: 1176.94 tp: 1178.57
0	23:19:46.174	'10019548': order #157429385 buy 0.08 XAUUSD at 1175.29 was modified -> sl: 1176.94 tp: 1178.57
0	23:19:48.198	Notifications: 'order #157429385 buy 0.08 XAUUSD at 1175.29 modified: sl: 1176.93 tp: 1178.58 -> sl: 1176.94 tp: 1178.57' sent to 'D07ADD05'
0	23:19:59.371	'10019548': modify order #157429385 buy 0.08 XAUUSD at 1175.29 sl: 1176.94 tp: 1178.57 -> sl: 1176.96 tp: 1178.58
0	23:20:00.223	'10019548': order #157429385 buy 0.08 XAUUSD at 1175.29 was modified -> sl: 1176.96 tp: 1178.58
0	23:20:01.528	'10019548': modify order #157429385 buy 0.08 XAUUSD at 1175.29 sl: 1176.96 tp: 1178.58 -> sl: 1177.04 tp: 1178.68
0	23:20:02.242	'10019548': order #157429385 buy 0.08 XAUUSD at 1175.29 was modified -> sl: 1177.04 tp: 1178.68
0	23:20:02.258	Notifications: 'order #157429385 buy 0.08 XAUUSD at 1175.29 modified: sl: 1176.94 tp: 1178.57 -> sl: 1176.96 tp: 1178.58' sent to 'D07ADD05'
0	23:20:04.184	Notifications: 'order #157429385 buy 0.08 XAUUSD at 1175.29 modified: sl: 1176.96 tp: 1178.58 -> sl: 1177.04 tp: 1178.68' sent to 'D07ADD05'
0	23:23:30.409	'10019548': modify order #157429385 buy 0.08 XAUUSD at 1175.29 sl: 1177.04 tp: 1178.68 -> sl: 1177.05 tp: 1178.70
0	23:23:30.760	'10019548': order #157429385 buy 0.08 XAUUSD at 1175.29 was modified -> sl: 1177.05 tp: 1178.70
0	23:23:32.685	Notifications: 'order #157429385 buy 0.08 XAUUSD at 1175.29 modified: sl: 1177.04 tp: 1178.68 -> sl: 1177.05 tp: 1178.70' sent to 'D07ADD05'
0	23:27:47.426	'10019548': modify order #157429385 buy 0.08 XAUUSD at 1175.29 sl: 1177.05 tp: 1178.70 -> sl: 1177.08 tp: 1178.75
0	23:27:47.798	'10019548': order #157429385 buy 0.08 XAUUSD at 1175.29 was modified -> sl: 1177.08 tp: 1178.75
0	23:27:49.861	Notifications: 'order #157429385 buy 0.08 XAUUSD at 1175.29 modified: sl: 1177.05 tp: 1178.70 -> sl: 1177.08 tp: 1178.75' sent to 'D07ADD05'
0	23:27:50.760	'10019548': modify order #157429385 buy 0.08 XAUUSD at 1175.29 sl: 1177.08 tp: 1178.75 -> sl: 1177.09 tp: 1178.76
0	23:27:51.171	'10019548': order #157429385 buy 0.08 XAUUSD at 1175.29 was modified -> sl: 1177.09 tp: 1178.76
0	23:27:53.132	Notifications: 'order #157429385 buy 0.08 XAUUSD at 1175.29 modified: sl: 1177.08 tp: 1178.75 -> sl: 1177.09 tp: 1178.76' sent to 'D07ADD05'
0	23:27:55.718	'10019548': modify order #157429385 buy 0.08 XAUUSD at 1175.29 sl: 1177.09 tp: 1178.76 -> sl: 1177.10 tp: 1178.77
0	23:27:56.109	'10019548': order #157429385 buy 0.08 XAUUSD at 1175.29 was modified -> sl: 1177.10 tp: 1178.77
0	23:27:58.035	Notifications: 'order #157429385 buy 0.08 XAUUSD at 1175.29 modified: sl: 1177.09 tp: 1178.76 -> sl: 1177.10 tp: 1178.77' sent to 'D07ADD05'
0	23:28:09.615	'10019548': modify order #157429385 buy 0.08 XAUUSD at 1175.29 sl: 1177.10 tp: 1178.77 -> sl: 1177.10 tp: 1178.75
0	23:28:10.095	'10019548': order #157429385 buy 0.08 XAUUSD at 1175.29 was modified -> sl: 1177.10 tp: 1178.75
0	23:28:11.989	Notifications: 'order #157429385 buy 0.08 XAUUSD at 1175.29 modified: sl: 1177.10 tp: 1178.77 -> sl: 1177.10 tp: 1178.75' sent to 'D07ADD05'
0	23:28:14.239	'10019548': modify order #157429385 buy 0.08 XAUUSD at 1175.29 sl: 1177.10 tp: 1178.75 -> sl: 1177.11 tp: 1178.77
0	23:28:14.597	'10019548': order #157429385 buy 0.08 XAUUSD at 1175.29 was modified -> sl: 1177.11 tp: 1178.77
0	23:28:14.598	'10019548': modify order #157429385 buy 0.08 XAUUSD at 1175.29 sl: 1177.11 tp: 1178.77 -> sl: 1177.22 tp: 1178.85
0	23:28:15.336	'10019548': order #157429385 buy 0.08 XAUUSD at 1175.29 was modified -> sl: 1177.22 tp: 1178.85
0	23:28:16.530	Notifications: 'order #157429385 buy 0.08 XAUUSD at 1175.29 modified: sl: 1177.10 tp: 1178.75 -> sl: 1177.11 tp: 1178.77' sent to 'D07ADD05'
0	23:28:18.459	Notifications: 'order #157429385 buy 0.08 XAUUSD at 1175.29 modified: sl: 1177.11 tp: 1178.77 -> sl: 1177.22 tp: 1178.85' sent to 'D07ADD05'
0	23:28:20.686	'10019548': modify order #157429385 buy 0.08 XAUUSD at 1175.29 sl: 1177.22 tp: 1178.85 -> sl: 1177.48 tp: 1179.11
0	23:28:21.146	'10019548': order #157429385 buy 0.08 XAUUSD at 1175.29 was modified -> sl: 1177.48 tp: 1179.11
0	23:28:21.147	'10019548': modify order #157429385 buy 0.08 XAUUSD at 1175.29 sl: 1177.48 tp: 1179.11 -> sl: 1177.51 tp: 1179.15
0	23:28:21.596	'10019548': order #157429385 buy 0.08 XAUUSD at 1175.29 was modified -> sl: 1177.51 tp: 1179.15
0	23:28:23.067	Notifications: 'order #157429385 buy 0.08 XAUUSD at 1175.29 modified: sl: 1177.22 tp: 1178.85 -> sl: 1177.48 tp: 1179.11' sent to 'D07ADD05'
0	23:28:25.052	Notifications: 'order #157429385 buy 0.08 XAUUSD at 1175.29 modified: sl: 1177.48 tp: 1179.11 -> sl: 1177.51 tp: 1179.15' sent to 'D07ADD05'
0	23:28:33.070	'10019548': modify order #157429385 buy 0.08 XAUUSD at 1175.29 sl: 1177.51 tp: 1179.15 -> sl: 1177.51 tp: 1179.12
0	23:28:33.413	'10019548': order #157429385 buy 0.08 XAUUSD at 1175.29 was modified -> sl: 1177.51 tp: 1179.12
0	23:28:35.358	Notifications: 'order #157429385 buy 0.08 XAUUSD at 1175.29 modified: sl: 1177.51 tp: 1179.15 -> sl: 1177.51 tp: 1179.12' sent to 'D07ADD05'
0	23:30:59.548	'10019548': modify order #157429385 buy 0.08 XAUUSD at 1175.29 sl: 1177.51 tp: 1179.12 -> sl: 1177.57 tp: 1179.19
0	23:30:59.909	'10019548': order #157429385 buy 0.08 XAUUSD at 1175.29 was modified -> sl: 1177.57 tp: 1179.19
0	23:31:01.891	Notifications: 'order #157429385 buy 0.08 XAUUSD at 1175.29 modified: sl: 1177.51 tp: 1179.12 -> sl: 1177.57 tp: 1179.19' sent to 'D07ADD05'
0	23:31:03.471	'10019548': modify order #157429385 buy 0.08 XAUUSD at 1175.29 sl: 1177.57 tp: 1179.19 -> sl: 1177.60 tp: 1179.24
0	23:31:03.830	'10019548': order #157429385 buy 0.08 XAUUSD at 1175.29 was modified -> sl: 1177.60 tp: 1179.24
0	23:31:04.696	'10019548': modify order #157429385 buy 0.08 XAUUSD at 1175.29 sl: 1177.60 tp: 1179.24 -> sl: 1177.63 tp: 1179.24
0	23:31:05.054	'10019548': order #157429385 buy 0.08 XAUUSD at 1175.29 was modified -> sl: 1177.63 tp: 1179.24
0	23:31:05.827	Notifications: 'order #157429385 buy 0.08 XAUUSD at 1175.29 modified: sl: 1177.57 tp: 1179.19 -> sl: 1177.60 tp: 1179.24' sent to 'D07ADD05'
0	23:31:07.757	Notifications: 'order #157429385 buy 0.08 XAUUSD at 1175.29 modified: sl: 1177.60 tp: 1179.24 -> sl: 1177.63 tp: 1179.24' sent to 'D07ADD05'
0	23:31:54.106	'10019548': modify order #157429385 buy 0.08 XAUUSD at 1175.29 sl: 1177.63 tp: 1179.24 -> sl: 1177.64 tp: 1179.28
0	23:31:54.663	'10019548': order #157429385 buy 0.08 XAUUSD at 1175.29 was modified -> sl: 1177.64 tp: 1179.28
0	23:31:56.576	Notifications: 'order #157429385 buy 0.08 XAUUSD at 1175.29 modified: sl: 1177.63 tp: 1179.24 -> sl: 1177.64 tp: 1179.28' sent to 'D07ADD05'
0	23:32:32.919	'10019548': modify order #157429385 buy 0.08 XAUUSD at 1175.29 sl: 1177.64 tp: 1179.28 -> sl: 1177.72 tp: 1179.38
0	23:32:33.338	'10019548': order #157429385 buy 0.08 XAUUSD at 1175.29 was modified -> sl: 1177.72 tp: 1179.38
0	23:32:34.048	'10019548': modify order #157429385 buy 0.08 XAUUSD at 1175.29 sl: 1177.72 tp: 1179.38 -> sl: 1177.75 tp: 1179.36
0	23:32:34.478	'10019548': order #157429385 buy 0.08 XAUUSD at 1175.29 was modified -> sl: 1177.75 tp: 1179.36
0	23:32:34.478	'10019548': modify order #157429385 buy 0.08 XAUUSD at 1175.29 sl: 1177.75 tp: 1179.36 -> sl: 1177.75 tp: 1179.37
0	23:32:34.844	'10019548': order #157429385 buy 0.08 XAUUSD at 1175.29 was modified -> sl: 1177.75 tp: 1179.37
0	23:32:35.276	Notifications: 'order #157429385 buy 0.08 XAUUSD at 1175.29 modified: sl: 1177.64 tp: 1179.28 -> sl: 1177.72 tp: 1179.38' sent to 'D07ADD05'
0	23:32:37.222	Notifications: 'order #157429385 buy 0.08 XAUUSD at 1175.29 modified: sl: 1177.72 tp: 1179.38 -> sl: 1177.75 tp: 1179.36' sent to 'D07ADD05'
0	23:32:39.216	Notifications: 'order #157429385 buy 0.08 XAUUSD at 1175.29 modified: sl: 1177.75 tp: 1179.36 -> sl: 1177.75 tp: 1179.37' sent to 'D07ADD05'
0	23:32:45.107	'10019548': modify order #157429385 buy 0.08 XAUUSD at 1175.29 sl: 1177.75 tp: 1179.37 -> sl: 1177.84 tp: 1179.46
0	23:32:45.450	'10019548': order #157429385 buy 0.08 XAUUSD at 1175.29 was modified -> sl: 1177.84 tp: 1179.46
0	23:32:47.385	Notifications: 'order #157429385 buy 0.08 XAUUSD at 1175.29 modified: sl: 1177.75 tp: 1179.37 -> sl: 1177.84 tp: 1179.46' sent to 'D07ADD05'
0	23:33:18.781	'10019548': order #157429385 buy 0.08 XAUUSD at 1175.29 closed due stop-loss at price 1177.84
0	23:33:21.302	Notifications: 'order #157429385 buy 0.08 XAUUSD at 1175.29 closed due stop-loss at price 1177.84, profit: 27.23 AUD' sent to 'D07ADD05'
0	23:47:00.392	'10019548': order #157427881 buy 0.08 EURJPY at 122.396 closed due take-profit at price 122.695
0	23:47:02.839	Notifications: 'order #157427881 buy 0.08 EURJPY at 122.396 closed due take-profit at price 122.695, profit: 28.16 AUD' sent to 'D07ADD05'
