0	18:07:01.450	'10010844': login on ICMarkets-Demo01 through Demo DC (ping: 75.98 ms)
0	18:08:06.966	'10010844': login on ICMarkets-Demo01 through Demo DC US (ping: 78.48 ms)
1	18:09:12.628	'10010844': connect failed [No connection]
0	18:10:18.840	'10010844': login on ICMarkets-Demo01 through Demo DC (ping: n/a)
0	18:11:19.764	'10010844': login datacenter on ICMarkets-Demo01
0	18:11:43.352	'10010844': auto connecting to a better access point Demo DC US (ping is 78.73 ms)
1	18:13:32.249	'10010844': connect failed [No connection]
0	18:14:53.915	'10010844': login on ICMarkets-Demo01 through Demo DC (ping: n/a)
0	18:15:59.326	'10010844': login on ICMarkets-Demo01 through Demo DC (ping: n/a)
1	18:18:06.773	'10010844': connect failed [No connection]
0	18:19:13.963	'10010844': login on ICMarkets-Demo01 through Demo DC US (ping: n/a)
0	18:19:14.785	'10010844': login datacenter on ICMarkets-Demo01 through Demo DC US (ping: n/a)
0	18:19:15.097	'10010844': previous successful authorization performed from 138.68.53.131
0	18:19:38.421	'10010844': ping to current access point Demo DC US is 78.56 ms
0	19:08:56.533	'10010844': login on ICMarkets-Demo01 through Demo DC US (ping: 78.56 ms)
0	19:09:17.074	'10010844': login datacenter on ICMarkets-Demo01 through Demo DC US (ping: 78.56 ms)
0	19:09:17.340	'10010844': previous successful authorization performed from 138.68.53.131
0	20:09:14.459	'10010844': login on ICMarkets-Demo01 through Demo DC US (ping: 78.56 ms)
0	20:10:19.091	'10010844': login on ICMarkets-Demo01 through Demo DC US (ping: 78.56 ms)
0	20:11:25.048	'10010844': login on ICMarkets-Demo01 through Demo DC (ping: 75.90 ms)
0	20:11:36.740	'10010844': login datacenter on ICMarkets-Demo01 through Demo DC (ping: 75.90 ms)
0	20:11:36.979	'10010844': previous successful authorization performed from 138.68.53.131
0	20:12:00.330	'10010844': auto connecting to a better access point Demo DC US (ping is 78.95 ms)
0	20:12:00.666	'10010844': login on ICMarkets-Demo01 through Demo DC US (ping: 78.95 ms)
0	20:12:30.538	'10010844': login datacenter on ICMarkets-Demo01 through Demo DC US (ping: 78.95 ms)
0	20:12:30.851	'10010844': previous successful authorization performed from 138.68.53.131
0	22:07:10.053	'10010844': login on ICMarkets-Demo01 through Demo DC US (ping: 78.95 ms)
0	22:07:31.299	'10010844': login datacenter on ICMarkets-Demo01 through Demo DC US (ping: 78.95 ms)
0	22:07:36.581	'10010844': previous successful authorization performed from 203.221.94.46
0	22:07:54.861	'10010844': ping to current access point Demo DC US is 79.11 ms
