0	13:21:26.953	'10010844': order #153683023 buy 0.01 GBPAUD at 1.61615 closed due take-profit at price 1.61907
0	13:21:28.116	Notifications: 'order #153683023 buy 0.01 GBPAUD at 1.61615 closed due take-profit at price 1.61907, profit: 2.92 AUD' sent to 'D07ADD05'
2	14:58:54.582	Expert Elpheba-20161030 GBPAUD,M1: loaded successfully
2	14:58:57.626	Expert Elpheba-20161030 GBPAUD,M1: removed
2	15:01:34.243	Expert Elpheba-20161030 EURUSD,H4: removed
2	15:01:34.295	Expert Elpheba-20161030 EURUSD,H4: loaded successfully
0	15:18:03.173	'10010844': login on ICMarkets-Demo01 through Demo DC US (ping: 78.34 ms)
1	15:20:08.445	'10010844': connect failed [No connection]
0	15:31:23.880	'10010844': login on ICMarkets-Demo01 through Demo DC (ping: n/a)
1	15:33:31.641	'10010844': connect failed [No connection]
0	15:34:38.770	'10010844': login on ICMarkets-Demo01 through Demo DC US (ping: n/a)
0	15:35:02.149	'10010844': login datacenter on ICMarkets-Demo01 through Demo DC US (ping: n/a)
0	15:35:02.522	'10010844': previous successful authorization performed from 138.68.53.131
0	15:35:26.256	'10010844': ping to current access point Demo DC US is 77.88 ms
1	15:41:05.324	'10010844': connect failed [No connection]
0	15:46:49.879	'10010844': login on ICMarkets-Demo01 through Demo DC (ping: n/a)
0	15:46:50.934	'10010844': login datacenter on ICMarkets-Demo01 through Demo DC (ping: n/a)
0	15:46:51.611	'10010844': previous successful authorization performed from 14.203.207.42
0	15:47:14.229	'10010844': ping to current access point Demo DC is 75.81 ms
0	19:06:48.033	'10010844': login on ICMarkets-Demo01 through Demo DC (ping: 75.81 ms)
0	19:07:53.283	'10010844': login on ICMarkets-Demo01 through Demo DC (ping: 75.81 ms)
0	19:08:57.097	'10010844': login on ICMarkets-Demo01 through Demo DC (ping: 75.81 ms)
0	19:09:00.301	'10010844': login datacenter on ICMarkets-Demo01 through Demo DC (ping: 75.81 ms)
0	19:09:00.619	'10010844': previous successful authorization performed from 138.68.53.131
0	19:09:23.655	'10010844': auto connecting to a better access point Demo DC US (ping is 78.43 ms)
0	19:09:24.074	'10010844': login on ICMarkets-Demo01 through Demo DC US (ping: 78.43 ms)
0	19:09:30.582	'10010844': login datacenter on ICMarkets-Demo01 through Demo DC US (ping: 78.43 ms)
0	19:09:30.893	'10010844': previous successful authorization performed from 138.68.53.131
