0	00:15:18.340	'10019548': modify order #157571985 sell 0.09 GBPCAD at 1.66012 sl: 0.00000 tp: 1.65708 -> sl: 1.65812 tp: 1.65644
0	00:15:27.818	'10019548': order #157571985 sell 0.09 GBPCAD at 1.66012 was modified -> sl: 1.65812 tp: 1.65644
0	00:15:27.818	'10019548': modify order #157571985 sell 0.09 GBPCAD at 1.66012 sl: 1.65812 tp: 1.65644 -> sl: 1.65803 tp: 1.65632
0	00:15:29.197	'10019548': order #157571985 sell 0.09 GBPCAD at 1.66012 was modified -> sl: 1.65803 tp: 1.65632
0	00:15:29.197	'10019548': modify order #157571985 sell 0.09 GBPCAD at 1.66012 sl: 1.65803 tp: 1.65632 -> sl: 1.65794 tp: 1.65623
0	00:15:29.735	Notifications: 'order #157571985 sell 0.09 GBPCAD at 1.66012 modified: sl: 0.00000 tp: 1.65708 -> sl: 1.65812 tp: 1.65644' sent to 'D07ADD05'
0	00:15:31.684	Notifications: 'order #157571985 sell 0.09 GBPCAD at 1.66012 modified: sl: 1.65812 tp: 1.65644 -> sl: 1.65803 tp: 1.65632' sent to 'D07ADD05'
0	00:15:31.969	'10019548': order #157571985 sell 0.09 GBPCAD at 1.66012 was modified -> sl: 1.65794 tp: 1.65623
0	00:15:33.665	'10019548': modify order #157571985 sell 0.09 GBPCAD at 1.66012 sl: 1.65794 tp: 1.65623 -> sl: 1.65776 tp: 1.65613
0	00:15:33.925	Notifications: 'order #157571985 sell 0.09 GBPCAD at 1.66012 modified: sl: 1.65803 tp: 1.65632 -> sl: 1.65794 tp: 1.65623' sent to 'D07ADD05'
0	00:15:35.049	'10019548': order #157571985 sell 0.09 GBPCAD at 1.66012 was modified -> sl: 1.65776 tp: 1.65613
0	00:15:35.049	'10019548': modify order #157594872 sell 0.09 GBPCAD at 1.65996 sl: 0.00000 tp: 1.65699 -> sl: 1.65776 tp: 1.65607
0	00:15:36.548	'10019548': order #157594872 sell 0.09 GBPCAD at 1.65996 was modified -> sl: 1.65776 tp: 1.65607
0	00:15:36.880	Notifications: 'order #157571985 sell 0.09 GBPCAD at 1.66012 modified: sl: 1.65794 tp: 1.65623 -> sl: 1.65776 tp: 1.65613' sent to 'D07ADD05'
0	00:15:38.831	Notifications: 'order #157594872 sell 0.09 GBPCAD at 1.65996 modified: sl: 0.00000 tp: 1.65699 -> sl: 1.65776 tp: 1.65607' sent to 'D07ADD05'
0	00:15:41.940	'10019548': modify order #157571985 sell 0.09 GBPCAD at 1.66012 sl: 1.65776 tp: 1.65613 -> sl: 1.65752 tp: 1.65584
0	00:15:47.906	'10019548': order #157571985 sell 0.09 GBPCAD at 1.66012 was modified -> sl: 1.65752 tp: 1.65584
0	00:15:47.906	'10019548': modify order #157594872 sell 0.09 GBPCAD at 1.65996 sl: 1.65776 tp: 1.65607 -> sl: 1.65753 tp: 1.65585
0	00:15:49.835	Notifications: 'order #157571985 sell 0.09 GBPCAD at 1.66012 modified: sl: 1.65776 tp: 1.65613 -> sl: 1.65752 tp: 1.65584' sent to 'D07ADD05'
0	00:15:57.731	'10019548': order #157594872 sell 0.09 GBPCAD at 1.65996 was modified -> sl: 1.65753 tp: 1.65585
0	00:15:57.731	'10019548': modify order #157571985 sell 0.09 GBPCAD at 1.66012 sl: 1.65752 tp: 1.65584 -> sl: 1.65749 tp: 1.65583
0	00:15:59.276	Notifications: 'order #157594872 sell 0.09 GBPCAD at 1.65996 modified: sl: 1.65776 tp: 1.65607 -> sl: 1.65753 tp: 1.65585' sent to 'D07ADD05'
0	00:16:22.321	'10019548': order #157571985 sell 0.09 GBPCAD at 1.66012 was modified -> sl: 1.65749 tp: 1.65583
0	00:16:22.321	'10019548': modify order #157594872 sell 0.09 GBPCAD at 1.65996 sl: 1.65753 tp: 1.65585 -> sl: 1.65738 tp: 1.65569
0	00:16:24.310	Notifications: 'order #157571985 sell 0.09 GBPCAD at 1.66012 modified: sl: 1.65752 tp: 1.65584 -> sl: 1.65749 tp: 1.65583' sent to 'D07ADD05'
0	00:16:29.906	'10019548': order #157594872 sell 0.09 GBPCAD at 1.65996 was modified -> sl: 1.65738 tp: 1.65569
0	00:16:29.906	'10019548': modify order #157571985 sell 0.09 GBPCAD at 1.66012 sl: 1.65749 tp: 1.65583 -> sl: 1.65740 tp: 1.65570
0	00:16:31.487	Notifications: 'order #157594872 sell 0.09 GBPCAD at 1.65996 modified: sl: 1.65753 tp: 1.65585 -> sl: 1.65738 tp: 1.65569' sent to 'D07ADD05'
0	00:16:39.018	'10019548': order #157571985 sell 0.09 GBPCAD at 1.66012 was modified -> sl: 1.65740 tp: 1.65570
0	00:16:40.951	Notifications: 'order #157571985 sell 0.09 GBPCAD at 1.66012 modified: sl: 1.65749 tp: 1.65583 -> sl: 1.65740 tp: 1.65570' sent to 'D07ADD05'
0	00:16:56.197	'10019548': modify order #157571985 sell 0.09 GBPCAD at 1.66012 sl: 1.65740 tp: 1.65570 -> sl: 1.65738 tp: 1.65571
0	00:17:02.245	'10019548': order #157571985 sell 0.09 GBPCAD at 1.66012 was modified -> sl: 1.65738 tp: 1.65571
0	00:17:02.245	'10019548': modify order #157594872 sell 0.09 GBPCAD at 1.65996 sl: 1.65738 tp: 1.65569 -> sl: 1.65731 tp: 1.65564
0	00:17:04.114	Notifications: 'order #157571985 sell 0.09 GBPCAD at 1.66012 modified: sl: 1.65740 tp: 1.65570 -> sl: 1.65738 tp: 1.65571' sent to 'D07ADD05'
0	00:17:08.530	'10019548': order #157594872 sell 0.09 GBPCAD at 1.65996 was modified -> sl: 1.65731 tp: 1.65564
0	00:17:08.531	'10019548': modify order #157571985 sell 0.09 GBPCAD at 1.66012 sl: 1.65738 tp: 1.65571 -> sl: 1.65694 tp: 1.65532
0	00:17:10.510	Notifications: 'order #157594872 sell 0.09 GBPCAD at 1.65996 modified: sl: 1.65738 tp: 1.65569 -> sl: 1.65731 tp: 1.65564' sent to 'D07ADD05'
0	00:17:12.106	'10019548': order #157571985 sell 0.09 GBPCAD at 1.66012 was modified -> sl: 1.65694 tp: 1.65532
0	00:17:12.106	'10019548': modify order #157594872 sell 0.09 GBPCAD at 1.65996 sl: 1.65731 tp: 1.65564 -> sl: 1.65690 tp: 1.65517
0	00:17:14.083	Notifications: 'order #157571985 sell 0.09 GBPCAD at 1.66012 modified: sl: 1.65738 tp: 1.65571 -> sl: 1.65694 tp: 1.65532' sent to 'D07ADD05'
0	00:17:16.934	'10019548': order #157594872 sell 0.09 GBPCAD at 1.65996 was modified -> sl: 1.65690 tp: 1.65517
0	00:17:17.010	'10019548': modify order #157594872 sell 0.09 GBPCAD at 1.65996 sl: 1.65690 tp: 1.65517 -> sl: 1.65694 tp: 1.65523
0	00:17:18.537	Notifications: 'order #157594872 sell 0.09 GBPCAD at 1.65996 modified: sl: 1.65731 tp: 1.65564 -> sl: 1.65690 tp: 1.65517' sent to 'D07ADD05'
0	00:17:36.542	'10019548': order #157594872 sell 0.09 GBPCAD at 1.65996 was modified -> sl: 1.65694 tp: 1.65523
0	00:17:36.542	'10019548': modify order #157571985 sell 0.09 GBPCAD at 1.66012 sl: 1.65694 tp: 1.65532 -> sl: 1.65655 tp: 1.65485
0	00:17:38.504	Notifications: 'order #157594872 sell 0.09 GBPCAD at 1.65996 modified: sl: 1.65690 tp: 1.65517 -> sl: 1.65694 tp: 1.65523' sent to 'D07ADD05'
0	00:17:42.210	'10019548': order #157571985 sell 0.09 GBPCAD at 1.66012 was modified -> sl: 1.65655 tp: 1.65485
0	00:17:42.210	'10019548': modify order #157594872 sell 0.09 GBPCAD at 1.65996 sl: 1.65694 tp: 1.65523 -> sl: 1.65657 tp: 1.65487
0	00:17:44.183	Notifications: 'order #157571985 sell 0.09 GBPCAD at 1.66012 modified: sl: 1.65694 tp: 1.65532 -> sl: 1.65655 tp: 1.65485' sent to 'D07ADD05'
0	00:17:47.839	'10019548': order #157594872 sell 0.09 GBPCAD at 1.65996 was modified -> sl: 1.65657 tp: 1.65487
0	00:17:47.995	'10019548': order #157571985 sell 0.09 GBPCAD at 1.66012 closed due stop-loss at price 1.65655
0	00:17:49.179	'10019548': order #157594872 sell 0.09 GBPCAD at 1.65996 closed due stop-loss at price 1.65657
0	00:17:49.726	Notifications: 'order #157594872 sell 0.09 GBPCAD at 1.65996 modified: sl: 1.65694 tp: 1.65523 -> sl: 1.65657 tp: 1.65487' sent to 'D07ADD05'
0	00:17:51.687	Notifications: 'order #157571985 sell 0.09 GBPCAD at 1.66012 closed due stop-loss at price 1.65655, profit: 32.66 AUD' sent to 'D07ADD05'
0	00:17:54.714	Notifications: 'order #157594872 sell 0.09 GBPCAD at 1.65996 closed due stop-loss at price 1.65657, profit: 31.01 AUD' sent to 'D07ADD05'
0	00:32:33.438	'10019548': modify order #157570756 buy 0.09 EURGBP at 0.84377 sl: 0.00000 tp: 0.84681 -> sl: 0.83947 tp: 0.84100
0	00:32:35.393	Notifications: 'Close up reached @ 1749.76' sent to 'D07ADD05'
0	00:32:38.010	'10019548': order #157570756 buy 0.09 EURGBP at 0.84377 was modified -> sl: 0.83947 tp: 0.84100
0	00:32:38.011	'10019548': modify order #157570774 sell 0.09 GBPAUD at 1.68434 sl: 0.00000 tp: 1.68164 -> sl: 1.68402 tp: 1.68230
0	00:32:39.873	Notifications: 'order #157570756 buy 0.09 EURGBP at 0.84377 modified: sl: 0.00000 tp: 0.84681 -> sl: 0.83947 tp: 0.84100' sent to 'D07ADD05'
0	00:32:41.259	'10019548': order #157570774 sell 0.09 GBPAUD at 1.68434 was modified -> sl: 1.68402 tp: 1.68230
0	00:32:41.259	'10019548': modify order #157585406 buy 0.09 GBPCAD at 1.66131 sl: 0.00000 tp: 1.66431 -> sl: 1.65714 tp: 1.65882
0	00:32:43.184	Notifications: 'order #157570774 sell 0.09 GBPAUD at 1.68434 modified: sl: 0.00000 tp: 1.68164 -> sl: 1.68402 tp: 1.68230' sent to 'D07ADD05'
0	00:32:43.562	'10019548': order #157585406 buy 0.09 GBPCAD at 1.66131 was modified -> sl: 1.65714 tp: 1.65882
0	00:32:43.563	'10019548': modify order #157585861 buy 0.09 EURUSD at 1.06176 sl: 0.00000 tp: 1.06475 -> sl: 1.05746 tp: 1.05897
0	00:32:45.457	Notifications: 'order #157585406 buy 0.09 GBPCAD at 1.66131 modified: sl: 0.00000 tp: 1.66431 -> sl: 1.65714 tp: 1.65882' sent to 'D07ADD05'
0	00:32:46.200	'10019548': order #157585861 buy 0.09 EURUSD at 1.06176 was modified -> sl: 1.05746 tp: 1.05897
0	00:32:46.200	'10019548': modify order #157585869 buy 0.09 XAUUSD at 1169.49 sl: 0.00 tp: 1172.49 -> sl: 1169.62 tp: 1171.27
0	00:32:47.275	'10019548': order #157585869 buy 0.09 XAUUSD at 1169.49 was modified -> sl: 1169.62 tp: 1171.27
0	00:32:47.275	'10019548': modify order #157586263 buy 0.09 EURUSD at 1.06169 sl: 0.00000 tp: 1.06471 -> sl: 1.05748 tp: 1.05898
0	00:32:48.187	Notifications: 'order #157585861 buy 0.09 EURUSD at 1.06176 modified: sl: 0.00000 tp: 1.06475 -> sl: 1.05746 tp: 1.05897' sent to 'D07ADD05'
0	00:32:50.259	Notifications: 'order #157585869 buy 0.09 XAUUSD at 1169.49 modified: sl: 0.00 tp: 1172.49 -> sl: 1169.62 tp: 1171.27' sent to 'D07ADD05'
0	00:32:52.974	'10019548': order #157586263 buy 0.09 EURUSD at 1.06169 was modified -> sl: 1.05748 tp: 1.05898
0	00:32:52.975	'10019548': modify order #157587944 buy 0.09 GBPUSD at 1.26089 sl: 0.00000 tp: 1.26396 -> sl: 1.25893 tp: 1.26049
0	00:32:53.872	Notifications: 'order #157586263 buy 0.09 EURUSD at 1.06169 modified: sl: 0.00000 tp: 1.06471 -> sl: 1.05748 tp: 1.05898' sent to 'D07ADD05'
0	00:33:00.710	'10019548': order #157587944 buy 0.09 GBPUSD at 1.26089 was modified -> sl: 1.25893 tp: 1.26049
0	00:33:00.711	'10019548': modify order #157585406 buy 0.09 GBPCAD at 1.66131 sl: 1.65714 tp: 1.65882 -> sl: 1.65727 tp: 1.65896
0	00:33:02.694	Notifications: 'order #157587944 buy 0.09 GBPUSD at 1.26089 modified: sl: 0.00000 tp: 1.26396 -> sl: 1.25893 tp: 1.26049' sent to 'D07ADD05'
0	00:33:03.105	'10019548': order #157585406 buy 0.09 GBPCAD at 1.66131 was modified -> sl: 1.65727 tp: 1.65896
0	00:33:03.106	'10019548': modify order #157587944 buy 0.09 GBPUSD at 1.26089 sl: 1.25893 tp: 1.26049 -> sl: 1.25897 tp: 1.26054
0	00:33:04.831	'10019548': order #157587944 buy 0.09 GBPUSD at 1.26089 was modified -> sl: 1.25897 tp: 1.26054
0	00:33:04.831	'10019548': modify order #157570774 sell 0.09 GBPAUD at 1.68434 sl: 1.68402 tp: 1.68230 -> sl: 1.68398 tp: 1.68225
0	00:33:05.067	Notifications: 'order #157585406 buy 0.09 GBPCAD at 1.66131 modified: sl: 1.65714 tp: 1.65882 -> sl: 1.65727 tp: 1.65896' sent to 'D07ADD05'
0	00:33:07.028	Notifications: 'order #157587944 buy 0.09 GBPUSD at 1.26089 modified: sl: 1.25893 tp: 1.26049 -> sl: 1.25897 tp: 1.26054' sent to 'D07ADD05'
0	00:33:11.957	'10019548': order #157585869 buy 0.09 XAUUSD at 1169.49 closed due stop-loss at price 1169.62
0	00:33:12.513	'10019548': order #157570774 sell 0.09 GBPAUD at 1.68434 was modified -> sl: 1.68398 tp: 1.68225
0	00:33:12.584	'10019548': modify order #157570756 buy 0.09 EURGBP at 0.84377 sl: 0.83947 tp: 0.84100 -> sl: 0.83952 tp: 0.84105
0	00:33:14.064	Notifications: 'order #157585869 buy 0.09 XAUUSD at 1169.49 closed due stop-loss at price 1169.62, profit: 1.57 AUD' sent to 'D07ADD05'
0	00:33:16.003	Notifications: 'order #157570774 sell 0.09 GBPAUD at 1.68434 modified: sl: 1.68402 tp: 1.68230 -> sl: 1.68398 tp: 1.68225' sent to 'D07ADD05'
0	00:33:24.206	'10019548': order #157570774 sell 0.09 GBPAUD at 1.68434 closed due stop-loss at price 1.68398
0	00:33:26.223	Notifications: 'order #157570774 sell 0.09 GBPAUD at 1.68434 closed due stop-loss at price 1.68398, profit: 3.24 AUD' sent to 'D07ADD05'
0	00:33:45.628	'10019548': order #157585861 buy 0.09 EURUSD at 1.06176 closed due stop-loss at price 1.05746
0	00:33:45.884	'10019548': order #157586263 buy 0.09 EURUSD at 1.06169 closed due stop-loss at price 1.05748
0	00:33:47.565	Notifications: 'order #157585861 buy 0.09 EURUSD at 1.06176 closed due stop-loss at price 1.05746, profit: -51.77 AUD' sent to 'D07ADD05'
0	00:33:49.510	Notifications: 'order #157586263 buy 0.09 EURUSD at 1.06169 closed due stop-loss at price 1.05748, profit: -50.68 AUD' sent to 'D07ADD05'
0	00:33:51.690	'10019548': order #157570756 buy 0.09 EURGBP at 0.84377 closed due stop-loss at price 0.83947
0	00:33:53.696	Notifications: 'order #157570756 buy 0.09 EURGBP at 0.84377 closed due stop-loss at price 0.83947, profit: -65.18 AUD' sent to 'D07ADD05'
0	00:35:48.592	'10019548': order #157587944 buy 0.09 GBPUSD at 1.26089 closed due stop-loss at price 1.25897
0	00:35:50.545	Notifications: 'order #157587944 buy 0.09 GBPUSD at 1.26089 closed due stop-loss at price 1.25897, profit: -23.11 AUD' sent to 'D07ADD05'
0	00:36:33.489	'10019548': modify order #157585406 buy 0.09 GBPCAD at 1.66131 sl: 1.65727 tp: 1.65896 -> sl: 1.65736 tp: 1.65903
0	00:36:46.770	'10019548': order #157585406 buy 0.09 GBPCAD at 1.66131 was modified -> sl: 1.65736 tp: 1.65903
0	00:36:46.875	'10019548': modify order #157585406 buy 0.09 GBPCAD at 1.66131 sl: 1.65736 tp: 1.65903 -> sl: 1.65765 tp: 1.65934
0	00:36:48.222	Notifications: 'order #157585406 buy 0.09 GBPCAD at 1.66131 modified: sl: 1.65727 tp: 1.65896 -> sl: 1.65736 tp: 1.65903' sent to 'D07ADD05'
0	00:36:57.923	'10019548': order #157585406 buy 0.09 GBPCAD at 1.66131 was modified -> sl: 1.65765 tp: 1.65934
0	00:36:57.923	'10019548': modify order #157585406 buy 0.09 GBPCAD at 1.66131 sl: 1.65765 tp: 1.65934 -> sl: 1.65781 tp: 1.65948
0	00:36:59.774	Notifications: 'order #157585406 buy 0.09 GBPCAD at 1.66131 modified: sl: 1.65736 tp: 1.65903 -> sl: 1.65765 tp: 1.65934' sent to 'D07ADD05'
0	00:37:08.595	'10019548': order #157585406 buy 0.09 GBPCAD at 1.66131 was modified -> sl: 1.65781 tp: 1.65948
0	00:37:10.469	Notifications: 'order #157585406 buy 0.09 GBPCAD at 1.66131 modified: sl: 1.65765 tp: 1.65934 -> sl: 1.65781 tp: 1.65948' sent to 'D07ADD05'
0	00:37:11.059	'10019548': modify order #157585406 buy 0.09 GBPCAD at 1.66131 sl: 1.65781 tp: 1.65948 -> sl: 1.65782 tp: 1.65954
0	00:37:23.814	'10019548': order #157585406 buy 0.09 GBPCAD at 1.66131 was modified -> sl: 1.65782 tp: 1.65954
0	00:37:23.815	'10019548': modify order #157585406 buy 0.09 GBPCAD at 1.66131 sl: 1.65782 tp: 1.65954 -> sl: 1.65783 tp: 1.65955
0	00:37:25.757	'10019548': order #157585406 buy 0.09 GBPCAD at 1.66131 was modified -> sl: 1.65783 tp: 1.65955
0	00:37:25.758	'10019548': modify order #157585406 buy 0.09 GBPCAD at 1.66131 sl: 1.65783 tp: 1.65955 -> sl: 1.65787 tp: 1.65960
0	00:37:25.767	Notifications: 'order #157585406 buy 0.09 GBPCAD at 1.66131 modified: sl: 1.65781 tp: 1.65948 -> sl: 1.65782 tp: 1.65954' sent to 'D07ADD05'
0	00:37:27.709	Notifications: 'order #157585406 buy 0.09 GBPCAD at 1.66131 modified: sl: 1.65782 tp: 1.65954 -> sl: 1.65783 tp: 1.65955' sent to 'D07ADD05'
0	00:37:33.830	'10019548': order #157585406 buy 0.09 GBPCAD at 1.66131 was modified -> sl: 1.65787 tp: 1.65960
0	00:37:33.830	'10019548': modify order #157585406 buy 0.09 GBPCAD at 1.66131 sl: 1.65787 tp: 1.65960 -> sl: 1.65789 tp: 1.65963
0	00:37:35.655	Notifications: 'order #157585406 buy 0.09 GBPCAD at 1.66131 modified: sl: 1.65783 tp: 1.65955 -> sl: 1.65787 tp: 1.65960' sent to 'D07ADD05'
0	00:37:49.127	'10019548': order #157585406 buy 0.09 GBPCAD at 1.66131 was modified -> sl: 1.65789 tp: 1.65963
0	00:37:49.296	Notifications: 'order #157585406 buy 0.09 GBPCAD at 1.66131 modified: sl: 1.65787 tp: 1.65960 -> sl: 1.65789 tp: 1.65963' sent to 'D07ADD05'
0	00:38:06.237	'10019548': order #157585406 buy 0.09 GBPCAD at 1.66131 closed due stop-loss at price 1.65789
0	00:38:08.216	Notifications: 'order #157585406 buy 0.09 GBPCAD at 1.66131 closed due stop-loss at price 1.65789, profit: -31.26 AUD' sent to 'D07ADD05'
0	00:38:10.150	Notifications: 'Close up completed @ 1726.95' sent to 'D07ADD05'
0	00:45:08.452	'10019548': order sell market 0.09 EURUSD sl: 0.00000 tp: 1.05362
0	00:45:18.377	'10019548': order was opened : #157617450 sell 0.09 EURUSD at 1.05670 sl: 0.00000 tp: 1.05362
0	00:45:18.378	'10019548': order sell market 0.09 EURGBP sl: 0.00000 tp: 0.83685
0	00:45:20.128	Notifications: 'order opened #157617450 sell 0.09 EURUSD at 1.05670 tp: 1.05362' sent to 'D07ADD05'
0	00:45:34.459	'10019548': order was opened : #157617510 sell 0.09 EURGBP at 0.83978 sl: 0.00000 tp: 0.83685
0	00:45:34.464	'10019548': order sell market 0.09 AUDCAD sl: 0.00000 tp: 0.98146
0	00:45:36.106	Notifications: 'order opened #157617510 sell 0.09 EURGBP at 0.83978 tp: 0.83685' sent to 'D07ADD05'
0	00:45:43.858	'10019548': order was opened : #157617555 sell 0.09 AUDCAD at 0.98454 sl: 0.00000 tp: 0.98146
0	00:45:45.243	Notifications: 'order opened #157617555 sell 0.09 AUDCAD at 0.98454 tp: 0.98146' sent to 'D07ADD05'
0	00:50:05.943	'10019548': order sell market 0.09 EURGBP sl: 0.00000 tp: 0.83767
0	00:50:09.823	'10019548': order was opened : #157618342 sell 0.09 EURGBP at 0.84076 sl: 0.00000 tp: 0.83767
0	00:50:11.790	Notifications: 'order opened #157618342 sell 0.09 EURGBP at 0.84076 tp: 0.83767' sent to 'D07ADD05'
0	00:55:06.398	'10019548': order sell market 0.09 EURJPY sl: 0.000 tp: 121.240
0	00:55:12.131	'10019548': order was opened : #157619258 sell 0.09 EURJPY at 121.522 sl: 0.000 tp: 121.240
0	00:55:12.133	'10019548': order sell market 0.09 USDJPY sl: 0.000 tp: 114.601
0	00:55:14.103	Notifications: 'order opened #157619258 sell 0.09 EURJPY at 121.522 tp: 121.240' sent to 'D07ADD05'
0	00:55:16.242	'10019548': order was opened : #157619270 sell 0.09 USDJPY at 114.899 sl: 0.000 tp: 114.601
0	00:55:17.976	Notifications: 'order opened #157619270 sell 0.09 USDJPY at 114.899 tp: 114.601' sent to 'D07ADD05'
0	01:09:20.200	'10019548': order sell market 0.09 USDCHF sl: 0.00000 tp: 1.01533
0	01:09:29.612	'10019548': order was opened : #157620793 sell 0.09 USDCHF at 1.01885 sl: 0.00000 tp: 1.01533
0	01:09:31.473	Notifications: 'order opened #157620793 sell 0.09 USDCHF at 1.01885 tp: 1.01533' sent to 'D07ADD05'
0	01:10:04.296	'10019548': order sell market 0.09 EURUSD sl: 0.00000 tp: 1.05370
0	01:10:17.403	'10019548': order was opened : #157620966 sell 0.09 EURUSD at 1.05685 sl: 0.00000 tp: 1.05370
0	01:10:19.253	Notifications: 'order opened #157620966 sell 0.09 EURUSD at 1.05685 tp: 1.05370' sent to 'D07ADD05'
1	01:20:07.490	'10019548': connect failed [No connection]
1	01:29:27.506	MQL5.community: failed to start thread
1	01:30:36.506	MQL5.community: failed to start thread
1	01:30:54.229	MQL5.community: failed to start thread
1	01:31:44.248	MQL5.community: failed to start thread
1	01:32:04.266	MQL5.community: failed to start thread
1	01:32:24.278	MQL5.community: failed to start thread
1	01:32:43.281	MQL5.community: failed to start thread
1	01:33:03.301	MQL5.community: failed to start thread
1	01:33:23.321	MQL5.community: failed to start thread
1	01:33:42.313	MQL5.community: failed to start thread
1	01:34:02.322	MQL5.community: failed to start thread
1	01:34:21.333	MQL5.community: failed to start thread
1	01:34:41.353	MQL5.community: failed to start thread
1	01:35:01.378	MQL5.community: failed to start thread
1	01:35:20.370	MQL5.community: failed to start thread
1	01:35:40.381	MQL5.community: failed to start thread
1	01:35:59.390	MQL5.community: failed to start thread
1	01:36:19.406	MQL5.community: failed to start thread
1	01:36:39.088	MQL5.community: failed to start thread
1	01:36:58.401	MQL5.community: failed to start thread
1	01:37:18.410	MQL5.community: failed to start thread
1	01:37:37.413	MQL5.community: failed to start thread
1	01:37:57.433	MQL5.community: failed to start thread
1	01:38:17.453	MQL5.community: failed to start thread
1	01:38:36.449	MQL5.community: failed to start thread
1	01:38:56.465	MQL5.community: failed to start thread
1	01:39:15.469	MQL5.community: failed to start thread
1	01:39:35.493	MQL5.community: failed to start thread
1	01:39:55.522	MQL5.community: failed to start thread
1	01:40:14.498	MQL5.community: failed to start thread
1	01:40:34.506	MQL5.community: failed to start thread
1	01:40:53.517	MQL5.community: failed to start thread
1	01:41:13.542	MQL5.community: failed to start thread
1	01:41:29.522	MQL5.community: authorization failed
1	01:49:00.893	MQL5.community: failed to start thread
1	01:54:00.894	MQL5.community: failed to start thread
1	01:59:00.893	MQL5.community: failed to start thread
1	02:03:40.214	MQL5.community: authorization failed
0	02:06:42.218	'10019548': login on ICMarkets-Demo01 through Demo DC #2 (ping: n/a)
0	02:07:33.807	'10019548': login datacenter on ICMarkets-Demo01 through Demo DC #2 (ping: n/a)
0	02:07:34.510	'10019548': modify order #157617450 sell 0.09 EURUSD at 1.05670 sl: 0.00000 tp: 1.05362 -> sl: 1.05584 tp: 1.05432
0	02:07:34.575	'10019548': previous successful authorization performed from 139.5.78.154
0	02:07:34.575	'10019548': modify order #157617510 sell 0.09 EURGBP at 0.83978 sl: 0.00000 tp: 0.83685 -> sl: 0.83906 tp: 0.83752
0	02:07:36.607	Notifications: 'Close up reached @ 1788.81' sent to 'D07ADD05'
0	02:07:52.068	'10019548': ping to current access point Demo DC #2 is 266.55 ms
1	02:10:55.576	'10019548': modification of order #157617510 sell 0.09 EURGBP at 0.83978 sl: 0.00000 tp: 0.83685 -> sl: 0.83906 tp: 0.83752 failed [Trade timeout]
0	02:10:55.576	'10019548': modify order #157618342 sell 0.09 EURGBP at 0.84076 sl: 0.00000 tp: 0.83767 -> sl: 0.83870 tp: 0.83716
0	02:11:10.454	'10019548': order #157618342 sell 0.09 EURGBP at 0.84076 was modified -> sl: 0.83870 tp: 0.83716
0	02:11:10.454	'10019548': modify order #157619258 sell 0.09 EURJPY at 121.522 sl: 0.000 tp: 121.240 -> sl: 121.440 tp: 121.287
0	02:11:12.371	Notifications: 'order #157618342 sell 0.09 EURGBP at 0.84076 modified: sl: 0.00000 tp: 0.83767 -> sl: 0.83870 tp: 0.83716' sent to 'D07ADD05'
0	02:11:20.715	'10019548': order #157619258 sell 0.09 EURJPY at 121.522 was modified -> sl: 121.440 tp: 121.287
0	02:11:20.715	'10019548': modify order #157617450 sell 0.09 EURUSD at 1.05670 sl: 0.00000 tp: 1.05362 -> sl: 1.05519 tp: 1.05367
0	02:11:22.688	Notifications: 'order #157619258 sell 0.09 EURJPY at 121.522 modified: sl: 0.000 tp: 121.240 -> sl: 121.440 tp: 121.287' sent to 'D07ADD05'
0	02:11:28.916	'10019548': order #157617450 sell 0.09 EURUSD at 1.05670 was modified -> sl: 1.05519 tp: 1.05367
0	02:11:28.916	'10019548': modify order #157620966 sell 0.09 EURUSD at 1.05685 sl: 0.00000 tp: 1.05370 -> sl: 1.05517 tp: 1.05366
0	02:11:30.138	Notifications: 'order #157617450 sell 0.09 EURUSD at 1.05670 modified: sl: 0.00000 tp: 1.05362 -> sl: 1.05519 tp: 1.05367' sent to 'D07ADD05'
0	02:11:43.294	'10019548': order #157620966 sell 0.09 EURUSD at 1.05685 was modified -> sl: 1.05517 tp: 1.05366
0	02:11:43.294	'10019548': modify order #157620793 sell 0.09 USDCHF at 1.01885 sl: 0.00000 tp: 1.01533 -> sl: 1.02083 tp: 1.01926
0	02:11:44.584	Notifications: 'order #157620966 sell 0.09 EURUSD at 1.05685 modified: sl: 0.00000 tp: 1.05370 -> sl: 1.05517 tp: 1.05366' sent to 'D07ADD05'
0	02:11:51.341	'10019548': order #157620793 sell 0.09 USDCHF at 1.01885 was modified -> sl: 1.02083 tp: 1.01926
0	02:11:51.341	'10019548': modify order #157619270 sell 0.09 USDJPY at 114.899 sl: 0.000 tp: 114.601 -> sl: 115.116 tp: 114.963
0	02:11:53.274	Notifications: 'order #157620793 sell 0.09 USDCHF at 1.01885 modified: sl: 0.00000 tp: 1.01533 -> sl: 1.02083 tp: 1.01926' sent to 'D07ADD05'
0	02:11:57.733	'10019548': order #157619270 sell 0.09 USDJPY at 114.899 was modified -> sl: 115.116 tp: 114.963
0	02:11:57.733	'10019548': modify order #157617555 sell 0.09 AUDCAD at 0.98454 sl: 0.00000 tp: 0.98146 -> sl: 0.98427 tp: 0.98265
0	02:12:00.798	Notifications: 'order #157619270 sell 0.09 USDJPY at 114.899 modified: sl: 0.000 tp: 114.601 -> sl: 115.116 tp: 114.963' sent to 'D07ADD05'
0	02:12:13.041	'10019548': order #157617555 sell 0.09 AUDCAD at 0.98454 was modified -> sl: 0.98427 tp: 0.98265
0	02:12:13.041	'10019548': modify order #157617510 sell 0.09 EURGBP at 0.83978 sl: 0.00000 tp: 0.83685 -> sl: 0.83878 tp: 0.83724
0	02:12:14.982	Notifications: 'order #157617555 sell 0.09 AUDCAD at 0.98454 modified: sl: 0.00000 tp: 0.98146 -> sl: 0.98427 tp: 0.98265' sent to 'D07ADD05'
0	02:12:15.480	'10019548': order #157619270 sell 0.09 USDJPY at 114.899 closed due stop-loss at price 115.116
0	02:12:17.425	Notifications: 'order #157619270 sell 0.09 USDJPY at 114.899 closed due stop-loss at price 115.116, profit: -22.73 AUD' sent to 'D07ADD05'
0	02:12:20.467	'10019548': order #157617510 sell 0.09 EURGBP at 0.83978 was modified -> sl: 0.83878 tp: 0.83724
0	02:12:22.338	Notifications: 'order #157617510 sell 0.09 EURGBP at 0.83978 modified: sl: 0.00000 tp: 0.83685 -> sl: 0.83878 tp: 0.83724' sent to 'D07ADD05'
0	02:12:52.273	'10019548': order #157619258 sell 0.09 EURJPY at 121.522 closed due stop-loss at price 121.440
0	02:12:54.207	Notifications: 'order #157619258 sell 0.09 EURJPY at 121.522 closed due stop-loss at price 121.440, profit: 8.58 AUD' sent to 'D07ADD05'
0	02:12:55.068	'10019548': modify order #157617555 sell 0.09 AUDCAD at 0.98454 sl: 0.98427 tp: 0.98265 -> sl: 0.98426 tp: 0.98265
0	02:13:08.213	'10019548': order #157617555 sell 0.09 AUDCAD at 0.98454 was modified -> sl: 0.98426 tp: 0.98265
0	02:13:08.214	'10019548': modify order #157617555 sell 0.09 AUDCAD at 0.98454 sl: 0.98426 tp: 0.98265 -> sl: 0.98419 tp: 0.98258
0	02:13:09.697	Notifications: 'order #157617555 sell 0.09 AUDCAD at 0.98454 modified: sl: 0.98427 tp: 0.98265 -> sl: 0.98426 tp: 0.98265' sent to 'D07ADD05'
0	02:13:21.185	'10019548': order #157617555 sell 0.09 AUDCAD at 0.98454 was modified -> sl: 0.98419 tp: 0.98258
0	02:13:21.185	'10019548': modify order #157617510 sell 0.09 EURGBP at 0.83978 sl: 0.83878 tp: 0.83724 -> sl: 0.83872 tp: 0.83718
0	02:13:22.117	Notifications: 'order #157617555 sell 0.09 AUDCAD at 0.98454 modified: sl: 0.98426 tp: 0.98265 -> sl: 0.98419 tp: 0.98258' sent to 'D07ADD05'
0	02:13:34.170	'10019548': order #157617510 sell 0.09 EURGBP at 0.83978 was modified -> sl: 0.83872 tp: 0.83718
0	02:13:36.143	Notifications: 'order #157617510 sell 0.09 EURGBP at 0.83978 modified: sl: 0.83878 tp: 0.83724 -> sl: 0.83872 tp: 0.83718' sent to 'D07ADD05'
0	02:13:51.217	'10019548': modify order #157620793 sell 0.09 USDCHF at 1.01885 sl: 1.02083 tp: 1.01926 -> sl: 1.02079 tp: 1.01922
0	02:14:15.496	'10019548': order #157620793 sell 0.09 USDCHF at 1.01885 was modified -> sl: 1.02079 tp: 1.01922
0	02:14:17.415	Notifications: 'order #157620793 sell 0.09 USDCHF at 1.01885 modified: sl: 1.02083 tp: 1.01926 -> sl: 1.02079 tp: 1.01922' sent to 'D07ADD05'
0	02:15:09.736	'10019548': modify order #157617555 sell 0.09 AUDCAD at 0.98454 sl: 0.98419 tp: 0.98258 -> sl: 0.98418 tp: 0.98259
0	02:15:27.527	'10019548': order #157617555 sell 0.09 AUDCAD at 0.98454 was modified -> sl: 0.98418 tp: 0.98259
0	02:15:27.528	'10019548': modify order #157617555 sell 0.09 AUDCAD at 0.98454 sl: 0.98418 tp: 0.98259 -> sl: 0.98407 tp: 0.98246
0	02:15:29.469	Notifications: 'order #157617555 sell 0.09 AUDCAD at 0.98454 modified: sl: 0.98419 tp: 0.98258 -> sl: 0.98418 tp: 0.98259' sent to 'D07ADD05'
0	02:15:36.687	'10019548': order #157617555 sell 0.09 AUDCAD at 0.98454 was modified -> sl: 0.98407 tp: 0.98246
0	02:15:36.687	'10019548': modify order #157617450 sell 0.09 EURUSD at 1.05670 sl: 1.05519 tp: 1.05367 -> sl: 1.05517 tp: 1.05365
0	02:15:38.680	Notifications: 'order #157617555 sell 0.09 AUDCAD at 0.98454 modified: sl: 0.98418 tp: 0.98259 -> sl: 0.98407 tp: 0.98246' sent to 'D07ADD05'
0	02:15:44.613	'10019548': order #157620793 sell 0.09 USDCHF at 1.01885 closed due stop-loss at price 1.02079
0	02:15:45.508	'10019548': order #157617450 sell 0.09 EURUSD at 1.05670 was modified -> sl: 1.05517 tp: 1.05365
0	02:15:45.508	'10019548': modify order #157620966 sell 0.09 EURUSD at 1.05685 sl: 1.05517 tp: 1.05366 -> sl: 1.05501 tp: 1.05351
0	02:15:46.553	Notifications: 'order #157620793 sell 0.09 USDCHF at 1.01885 closed due stop-loss at price 1.02079, profit: -22.93 AUD' sent to 'D07ADD05'
0	02:15:48.504	Notifications: 'order #157617450 sell 0.09 EURUSD at 1.05670 modified: sl: 1.05519 tp: 1.05367 -> sl: 1.05517 tp: 1.05365' sent to 'D07ADD05'
0	02:15:54.536	'10019548': order #157620966 sell 0.09 EURUSD at 1.05685 was modified -> sl: 1.05501 tp: 1.05351
0	02:15:54.538	'10019548': modify order #157617555 sell 0.09 AUDCAD at 0.98454 sl: 0.98407 tp: 0.98246 -> sl: 0.98384 tp: 0.98223
0	02:15:56.072	Notifications: 'order #157620966 sell 0.09 EURUSD at 1.05685 modified: sl: 1.05517 tp: 1.05366 -> sl: 1.05501 tp: 1.05351' sent to 'D07ADD05'
0	02:16:02.245	'10019548': order #157617555 sell 0.09 AUDCAD at 0.98454 was modified -> sl: 0.98384 tp: 0.98223
0	02:16:02.245	'10019548': modify order #157617510 sell 0.09 EURGBP at 0.83978 sl: 0.83872 tp: 0.83718 -> sl: 0.83864 tp: 0.83707
0	02:16:04.121	Notifications: 'order #157617555 sell 0.09 AUDCAD at 0.98454 modified: sl: 0.98407 tp: 0.98246 -> sl: 0.98384 tp: 0.98223' sent to 'D07ADD05'
0	02:18:02.739	'10019548': order #157617510 sell 0.09 EURGBP at 0.83978 was modified -> sl: 0.83864 tp: 0.83707
0	02:18:02.739	'10019548': modify order #157618342 sell 0.09 EURGBP at 0.84076 sl: 0.83870 tp: 0.83716 -> sl: 0.83841 tp: 0.83687
0	02:18:04.707	Notifications: 'order #157617510 sell 0.09 EURGBP at 0.83978 modified: sl: 0.83872 tp: 0.83718 -> sl: 0.83864 tp: 0.83707' sent to 'D07ADD05'
0	02:18:14.595	'10019548': order #157618342 sell 0.09 EURGBP at 0.84076 was modified -> sl: 0.83841 tp: 0.83687
0	02:18:14.595	'10019548': modify order #157617450 sell 0.09 EURUSD at 1.05670 sl: 1.05517 tp: 1.05365 -> sl: 1.05462 tp: 1.05312
0	02:18:16.519	Notifications: 'order #157618342 sell 0.09 EURGBP at 0.84076 modified: sl: 0.83870 tp: 0.83716 -> sl: 0.83841 tp: 0.83687' sent to 'D07ADD05'
0	02:20:39.230	'10019548': order #157618342 sell 0.09 EURGBP at 0.84076 closed due stop-loss at price 0.83841
0	02:20:41.254	Notifications: 'order #157618342 sell 0.09 EURGBP at 0.84076 closed due stop-loss at price 0.83841, profit: 35.66 AUD' sent to 'D07ADD05'
0	02:20:53.083	'10019548': order #157617450 sell 0.09 EURUSD at 1.05670 was modified -> sl: 1.05462 tp: 1.05312
0	02:20:54.442	Notifications: 'order #157617450 sell 0.09 EURUSD at 1.05670 modified: sl: 1.05517 tp: 1.05365 -> sl: 1.05462 tp: 1.05312' sent to 'D07ADD05'
0	02:21:00.730	'10019548': modify order #157620966 sell 0.09 EURUSD at 1.05685 sl: 1.05501 tp: 1.05351 -> sl: 1.05494 tp: 1.05344
0	02:21:15.143	'10019548': order #157617450 sell 0.09 EURUSD at 1.05670 closed due stop-loss at price 1.05462
0	02:21:17.102	Notifications: 'order #157617450 sell 0.09 EURUSD at 1.05670 closed due stop-loss at price 1.05462, profit: 25.09 AUD' sent to 'D07ADD05'
0	02:21:22.192	'10019548': order #157620966 sell 0.09 EURUSD at 1.05685 was modified -> sl: 1.05494 tp: 1.05344
0	02:21:24.208	Notifications: 'order #157620966 sell 0.09 EURUSD at 1.05685 modified: sl: 1.05501 tp: 1.05351 -> sl: 1.05494 tp: 1.05344' sent to 'D07ADD05'
0	02:23:08.849	'10019548': modify order #157620966 sell 0.09 EURUSD at 1.05685 sl: 1.05494 tp: 1.05344 -> sl: 1.05493 tp: 1.05343
0	02:23:22.542	'10019548': order #157620966 sell 0.09 EURUSD at 1.05685 was modified -> sl: 1.05493 tp: 1.05343
0	02:23:24.458	Notifications: 'order #157620966 sell 0.09 EURUSD at 1.05685 modified: sl: 1.05494 tp: 1.05344 -> sl: 1.05493 tp: 1.05343' sent to 'D07ADD05'
0	02:23:26.973	'10019548': modify order #157617510 sell 0.09 EURGBP at 0.83978 sl: 0.83864 tp: 0.83707 -> sl: 0.83863 tp: 0.83707
0	02:24:26.383	'10019548': order #157617510 sell 0.09 EURGBP at 0.83978 was modified -> sl: 0.83863 tp: 0.83707
0	02:24:27.658	Notifications: 'order #157617510 sell 0.09 EURGBP at 0.83978 modified: sl: 0.83864 tp: 0.83707 -> sl: 0.83863 tp: 0.83707' sent to 'D07ADD05'
0	02:24:32.442	'10019548': modify order #157617510 sell 0.09 EURGBP at 0.83978 sl: 0.83863 tp: 0.83707 -> sl: 0.83862 tp: 0.83709
0	02:24:41.519	'10019548': order #157617510 sell 0.09 EURGBP at 0.83978 was modified -> sl: 0.83862 tp: 0.83709
0	02:24:43.421	Notifications: 'order #157617510 sell 0.09 EURGBP at 0.83978 modified: sl: 0.83863 tp: 0.83707 -> sl: 0.83862 tp: 0.83709' sent to 'D07ADD05'
0	02:24:59.095	'10019548': modify order #157617510 sell 0.09 EURGBP at 0.83978 sl: 0.83862 tp: 0.83709 -> sl: 0.83861 tp: 0.83705
0	02:25:09.776	'10019548': order #157617510 sell 0.09 EURGBP at 0.83978 was modified -> sl: 0.83861 tp: 0.83705
0	02:25:09.776	'10019548': modify order #157617510 sell 0.09 EURGBP at 0.83978 sl: 0.83861 tp: 0.83705 -> sl: 0.83858 tp: 0.83703
0	02:25:11.701	Notifications: 'order #157617510 sell 0.09 EURGBP at 0.83978 modified: sl: 0.83862 tp: 0.83709 -> sl: 0.83861 tp: 0.83705' sent to 'D07ADD05'
0	02:25:16.463	'10019548': order #157617510 sell 0.09 EURGBP at 0.83978 was modified -> sl: 0.83858 tp: 0.83703
0	02:25:16.987	'10019548': modify order #157620966 sell 0.09 EURUSD at 1.05685 sl: 1.05493 tp: 1.05343 -> sl: 1.05492 tp: 1.05342
0	02:25:18.488	Notifications: 'order #157617510 sell 0.09 EURGBP at 0.83978 modified: sl: 0.83861 tp: 0.83705 -> sl: 0.83858 tp: 0.83703' sent to 'D07ADD05'
0	02:25:25.851	'10019548': order #157620966 sell 0.09 EURUSD at 1.05685 was modified -> sl: 1.05492 tp: 1.05342
0	02:25:25.852	'10019548': modify order #157620966 sell 0.09 EURUSD at 1.05685 sl: 1.05492 tp: 1.05342 -> sl: 1.05482 tp: 1.05331
0	02:25:27.786	Notifications: 'order #157620966 sell 0.09 EURUSD at 1.05685 modified: sl: 1.05493 tp: 1.05343 -> sl: 1.05492 tp: 1.05342' sent to 'D07ADD05'
0	02:25:37.820	'10019548': order #157620966 sell 0.09 EURUSD at 1.05685 was modified -> sl: 1.05482 tp: 1.05331
0	02:25:39.753	Notifications: 'order #157620966 sell 0.09 EURUSD at 1.05685 modified: sl: 1.05492 tp: 1.05342 -> sl: 1.05482 tp: 1.05331' sent to 'D07ADD05'
0	02:26:15.574	'10019548': modify order #157620966 sell 0.09 EURUSD at 1.05685 sl: 1.05482 tp: 1.05331 -> sl: 1.05479 tp: 1.05329
0	02:26:24.787	'10019548': order #157620966 sell 0.09 EURUSD at 1.05685 was modified -> sl: 1.05479 tp: 1.05329
0	02:26:26.640	Notifications: 'order #157620966 sell 0.09 EURUSD at 1.05685 modified: sl: 1.05482 tp: 1.05331 -> sl: 1.05479 tp: 1.05329' sent to 'D07ADD05'
0	02:28:07.936	'10019548': order #157617510 sell 0.09 EURGBP at 0.83978 closed due stop-loss at price 0.83858
0	02:28:09.979	Notifications: 'order #157617510 sell 0.09 EURGBP at 0.83978 closed due stop-loss at price 0.83858, profit: 18.21 AUD' sent to 'D07ADD05'
0	02:29:20.071	'10019548': order #157620966 sell 0.09 EURUSD at 1.05685 closed due stop-loss at price 1.05479
0	02:29:22.002	Notifications: 'order #157620966 sell 0.09 EURUSD at 1.05685 closed due stop-loss at price 1.05479, profit: 24.85 AUD' sent to 'D07ADD05'
0	02:30:09.458	'10019548': modify order #157617555 sell 0.09 AUDCAD at 0.98454 sl: 0.98384 tp: 0.98223 -> sl: 0.98383 tp: 0.98221
0	02:30:17.881	'10019548': order #157617555 sell 0.09 AUDCAD at 0.98454 was modified -> sl: 0.98383 tp: 0.98221
0	02:30:17.881	'10019548': modify order #157617555 sell 0.09 AUDCAD at 0.98454 sl: 0.98383 tp: 0.98221 -> sl: 0.98378 tp: 0.98217
0	02:30:19.958	Notifications: 'order #157617555 sell 0.09 AUDCAD at 0.98454 modified: sl: 0.98384 tp: 0.98223 -> sl: 0.98383 tp: 0.98221' sent to 'D07ADD05'
0	02:30:34.927	'10019548': order #157617555 sell 0.09 AUDCAD at 0.98454 was modified -> sl: 0.98378 tp: 0.98217
0	02:30:36.820	Notifications: 'order #157617555 sell 0.09 AUDCAD at 0.98454 modified: sl: 0.98383 tp: 0.98221 -> sl: 0.98378 tp: 0.98217' sent to 'D07ADD05'
0	02:33:34.782	'10019548': modify order #157617555 sell 0.09 AUDCAD at 0.98454 sl: 0.98378 tp: 0.98217 -> sl: 0.98377 tp: 0.98216
0	02:33:46.536	'10019548': order #157617555 sell 0.09 AUDCAD at 0.98454 was modified -> sl: 0.98377 tp: 0.98216
0	02:33:46.537	'10019548': modify order #157617555 sell 0.09 AUDCAD at 0.98454 sl: 0.98377 tp: 0.98216 -> sl: 0.98376 tp: 0.98216
0	02:33:48.496	Notifications: 'order #157617555 sell 0.09 AUDCAD at 0.98454 modified: sl: 0.98378 tp: 0.98217 -> sl: 0.98377 tp: 0.98216' sent to 'D07ADD05'
0	02:33:52.858	'10019548': order #157617555 sell 0.09 AUDCAD at 0.98454 was modified -> sl: 0.98376 tp: 0.98216
0	02:33:54.814	Notifications: 'order #157617555 sell 0.09 AUDCAD at 0.98454 modified: sl: 0.98377 tp: 0.98216 -> sl: 0.98376 tp: 0.98216' sent to 'D07ADD05'
0	02:33:59.589	'10019548': modify order #157617555 sell 0.09 AUDCAD at 0.98454 sl: 0.98376 tp: 0.98216 -> sl: 0.98375 tp: 0.98215
0	02:34:08.618	'10019548': order #157617555 sell 0.09 AUDCAD at 0.98454 was modified -> sl: 0.98375 tp: 0.98215
0	02:34:08.618	'10019548': modify order #157617555 sell 0.09 AUDCAD at 0.98454 sl: 0.98375 tp: 0.98215 -> sl: 0.98373 tp: 0.98214
0	02:34:10.536	Notifications: 'order #157617555 sell 0.09 AUDCAD at 0.98454 modified: sl: 0.98376 tp: 0.98216 -> sl: 0.98375 tp: 0.98215' sent to 'D07ADD05'
0	02:34:14.048	'10019548': order #157617555 sell 0.09 AUDCAD at 0.98454 was modified -> sl: 0.98373 tp: 0.98214
0	02:34:15.882	Notifications: 'order #157617555 sell 0.09 AUDCAD at 0.98454 modified: sl: 0.98375 tp: 0.98215 -> sl: 0.98373 tp: 0.98214' sent to 'D07ADD05'
0	02:34:17.514	'10019548': modify order #157617555 sell 0.09 AUDCAD at 0.98454 sl: 0.98373 tp: 0.98214 -> sl: 0.98371 tp: 0.98212
0	02:34:32.662	'10019548': order #157617555 sell 0.09 AUDCAD at 0.98454 was modified -> sl: 0.98371 tp: 0.98212
0	02:34:34.440	Notifications: 'order #157617555 sell 0.09 AUDCAD at 0.98454 modified: sl: 0.98373 tp: 0.98214 -> sl: 0.98371 tp: 0.98212' sent to 'D07ADD05'
0	02:37:16.191	'10019548': modify order #157617555 sell 0.09 AUDCAD at 0.98454 sl: 0.98371 tp: 0.98212 -> sl: 0.98370 tp: 0.98209
0	02:37:17.705	'10019548': order #157617555 sell 0.09 AUDCAD at 0.98454 was modified -> sl: 0.98370 tp: 0.98209
0	02:37:17.706	'10019548': modify order #157617555 sell 0.09 AUDCAD at 0.98454 sl: 0.98370 tp: 0.98209 -> sl: 0.98368 tp: 0.98209
0	02:37:19.168	'10019548': order #157617555 sell 0.09 AUDCAD at 0.98454 was modified -> sl: 0.98368 tp: 0.98209
0	02:37:19.486	Notifications: 'order #157617555 sell 0.09 AUDCAD at 0.98454 modified: sl: 0.98371 tp: 0.98212 -> sl: 0.98370 tp: 0.98209' sent to 'D07ADD05'
0	02:37:21.444	Notifications: 'order #157617555 sell 0.09 AUDCAD at 0.98454 modified: sl: 0.98370 tp: 0.98209 -> sl: 0.98368 tp: 0.98209' sent to 'D07ADD05'
0	02:37:58.453	'10019548': modify order #157617555 sell 0.09 AUDCAD at 0.98454 sl: 0.98368 tp: 0.98209 -> sl: 0.98363 tp: 0.98206
0	02:38:07.802	'10019548': order #157617555 sell 0.09 AUDCAD at 0.98454 was modified -> sl: 0.98363 tp: 0.98206
0	02:38:07.803	'10019548': modify order #157617555 sell 0.09 AUDCAD at 0.98454 sl: 0.98363 tp: 0.98206 -> sl: 0.98358 tp: 0.98200
0	02:38:09.724	Notifications: 'order #157617555 sell 0.09 AUDCAD at 0.98454 modified: sl: 0.98368 tp: 0.98209 -> sl: 0.98363 tp: 0.98206' sent to 'D07ADD05'
0	02:38:09.919	'10019548': order #157617555 sell 0.09 AUDCAD at 0.98454 was modified -> sl: 0.98358 tp: 0.98200
0	02:38:11.709	Notifications: 'order #157617555 sell 0.09 AUDCAD at 0.98454 modified: sl: 0.98363 tp: 0.98206 -> sl: 0.98358 tp: 0.98200' sent to 'D07ADD05'
0	02:38:36.265	'10019548': modify order #157617555 sell 0.09 AUDCAD at 0.98454 sl: 0.98358 tp: 0.98200 -> sl: 0.98357 tp: 0.98197
0	02:38:40.263	'10019548': order #157617555 sell 0.09 AUDCAD at 0.98454 was modified -> sl: 0.98357 tp: 0.98197
0	02:38:42.322	Notifications: 'order #157617555 sell 0.09 AUDCAD at 0.98454 modified: sl: 0.98358 tp: 0.98200 -> sl: 0.98357 tp: 0.98197' sent to 'D07ADD05'
0	02:38:45.243	'10019548': modify order #157617555 sell 0.09 AUDCAD at 0.98454 sl: 0.98357 tp: 0.98197 -> sl: 0.98356 tp: 0.98197
0	02:40:29.827	'10019548': order #157617555 sell 0.09 AUDCAD at 0.98454 was modified -> sl: 0.98356 tp: 0.98197
0	02:40:31.771	Notifications: 'order #157617555 sell 0.09 AUDCAD at 0.98454 modified: sl: 0.98357 tp: 0.98197 -> sl: 0.98356 tp: 0.98197' sent to 'D07ADD05'
0	02:40:52.630	'10019548': order #157617555 sell 0.09 AUDCAD at 0.98454 closed due stop-loss at price 0.98356
0	02:40:54.604	Notifications: 'order #157617555 sell 0.09 AUDCAD at 0.98454 closed due stop-loss at price 0.98356, profit: 8.97 AUD' sent to 'D07ADD05'
0	02:40:56.555	Notifications: 'Close up completed @ 1797.61' sent to 'D07ADD05'
0	03:00:04.349	'10019548': order sell market 0.09 USDCAD sl: 0.00000 tp: 1.31372
1	03:03:25.350	'10019548': order sell 0.09 USDCAD opening at market sl: 0.00000 tp: 1.31372 failed [Trade timeout]
0	03:13:42.817	Notifications: 'order opened #157636074 sell 0.09 USDCAD at 1.31581 tp: 1.31372' sent to 'D07ADD05'
0	03:30:14.186	'10019548': order sell market 0.09 EURJPY sl: 0.000 tp: 121.142
0	03:30:18.503	'10019548': order was opened : #157639373 sell 0.09 EURJPY at 121.436 sl: 0.000 tp: 121.142
0	03:30:18.507	'10019548': order buy market 0.09 USDCHF sl: 0.00000 tp: 1.02269
0	03:30:20.520	Notifications: 'order opened #157639373 sell 0.09 EURJPY at 121.436 tp: 121.142' sent to 'D07ADD05'
0	03:30:30.147	'10019548': order was opened : #157639395 buy 0.09 USDCHF at 1.01955 sl: 0.00000 tp: 1.02269
0	03:30:32.135	Notifications: 'order opened #157639395 buy 0.09 USDCHF at 1.01955 tp: 1.02269' sent to 'D07ADD05'
0	03:35:06.576	'10019548': order sell market 0.09 GBPUSD sl: 0.00000 tp: 1.25549
0	03:35:12.613	'10019548': order was opened : #157639866 sell 0.09 GBPUSD at 1.25845 sl: 0.00000 tp: 1.25549
0	03:35:14.395	Notifications: 'order opened #157639866 sell 0.09 GBPUSD at 1.25845 tp: 1.25549' sent to 'D07ADD05'
0	03:40:03.052	'10019548': order sell market 0.09 EURJPY sl: 0.000 tp: 121.165
0	03:40:08.068	'10019548': order was opened : #157640210 sell 0.09 EURJPY at 121.466 sl: 0.000 tp: 121.165
0	03:40:08.071	'10019548': order sell market 0.09 GBPCAD sl: 0.00000 tp: 1.65400
0	03:40:10.037	Notifications: 'order opened #157640210 sell 0.09 EURJPY at 121.466 tp: 121.165' sent to 'D07ADD05'
0	03:40:14.391	'10019548': order was opened : #157640231 sell 0.09 GBPCAD at 1.65696 sl: 0.00000 tp: 1.65400
0	03:40:16.406	Notifications: 'order opened #157640231 sell 0.09 GBPCAD at 1.65696 tp: 1.65400' sent to 'D07ADD05'
0	03:45:03.120	'10019548': order sell market 0.09 GBPCAD sl: 0.00000 tp: 1.65373
0	03:45:12.840	'10019548': order was opened : #157640687 sell 0.09 GBPCAD at 1.65675 sl: 0.00000 tp: 1.65373
0	03:45:14.784	Notifications: 'order opened #157640687 sell 0.09 GBPCAD at 1.65675 tp: 1.65373' sent to 'D07ADD05'
0	05:21:07.511	'10019548': modify order #157639866 sell 0.09 GBPUSD at 1.25845 sl: 0.00000 tp: 1.25549 -> sl: 1.25688 tp: 1.25531
0	05:21:14.556	'10019548': order #157639866 sell 0.09 GBPUSD at 1.25845 was modified -> sl: 1.25688 tp: 1.25531
0	05:21:14.556	'10019548': modify order #157639866 sell 0.09 GBPUSD at 1.25845 sl: 1.25688 tp: 1.25531 -> sl: 1.25682 tp: 1.25526
0	05:21:16.485	Notifications: 'order #157639866 sell 0.09 GBPUSD at 1.25845 modified: sl: 0.00000 tp: 1.25549 -> sl: 1.25688 tp: 1.25531' sent to 'D07ADD05'
0	05:21:20.207	'10019548': order #157639866 sell 0.09 GBPUSD at 1.25845 was modified -> sl: 1.25682 tp: 1.25526
0	05:21:22.109	Notifications: 'order #157639866 sell 0.09 GBPUSD at 1.25845 modified: sl: 1.25688 tp: 1.25531 -> sl: 1.25682 tp: 1.25526' sent to 'D07ADD05'
0	05:35:14.530	'10019548': modify order #157639866 sell 0.09 GBPUSD at 1.25845 sl: 1.25682 tp: 1.25526 -> sl: 1.25679 tp: 1.25529
0	05:35:19.218	'10019548': order #157639866 sell 0.09 GBPUSD at 1.25845 was modified -> sl: 1.25679 tp: 1.25529
0	05:35:19.592	'10019548': modify order #157639866 sell 0.09 GBPUSD at 1.25845 sl: 1.25679 tp: 1.25529 -> sl: 1.25664 tp: 1.25509
0	05:35:20.829	Notifications: 'order #157639866 sell 0.09 GBPUSD at 1.25845 modified: sl: 1.25682 tp: 1.25526 -> sl: 1.25679 tp: 1.25529' sent to 'D07ADD05'
0	05:35:21.370	'10019548': order #157639866 sell 0.09 GBPUSD at 1.25845 was modified -> sl: 1.25664 tp: 1.25509
0	05:35:21.370	'10019548': modify order #157639866 sell 0.09 GBPUSD at 1.25845 sl: 1.25664 tp: 1.25509 -> sl: 1.25661 tp: 1.25508
0	05:35:22.302	'10019548': order #157639866 sell 0.09 GBPUSD at 1.25845 was modified -> sl: 1.25661 tp: 1.25508
0	05:35:23.327	Notifications: 'order #157639866 sell 0.09 GBPUSD at 1.25845 modified: sl: 1.25679 tp: 1.25529 -> sl: 1.25664 tp: 1.25509' sent to 'D07ADD05'
0	05:35:25.269	Notifications: 'order #157639866 sell 0.09 GBPUSD at 1.25845 modified: sl: 1.25664 tp: 1.25509 -> sl: 1.25661 tp: 1.25508' sent to 'D07ADD05'
0	05:39:54.074	'10019548': modify order #157639866 sell 0.09 GBPUSD at 1.25845 sl: 1.25661 tp: 1.25508 -> sl: 1.25660 tp: 1.25508
0	05:39:56.334	'10019548': order #157639866 sell 0.09 GBPUSD at 1.25845 was modified -> sl: 1.25660 tp: 1.25508
0	05:39:58.247	Notifications: 'order #157639866 sell 0.09 GBPUSD at 1.25845 modified: sl: 1.25661 tp: 1.25508 -> sl: 1.25660 tp: 1.25508' sent to 'D07ADD05'
0	05:40:29.401	'10019548': order buy market 0.09 USDCAD sl: 0.00000 tp: 1.32049
0	05:40:30.657	'10019548': order was opened : #157648382 buy 0.09 USDCAD at 1.31748 sl: 0.00000 tp: 1.32049
0	05:40:30.658	'10019548': order buy market 0.09 USDJPY sl: 0.000 tp: 115.540
0	05:40:31.370	'10019548': order was opened : #157648384 buy 0.09 USDJPY at 115.240 sl: 0.000 tp: 115.540
0	05:40:32.600	Notifications: 'order opened #157648382 buy 0.09 USDCAD at 1.31748 tp: 1.32049' sent to 'D07ADD05'
0	05:40:34.535	Notifications: 'order opened #157648384 buy 0.09 USDJPY at 115.240 tp: 115.540' sent to 'D07ADD05'
0	05:45:47.456	'10019548': modify order #157639866 sell 0.09 GBPUSD at 1.25845 sl: 1.25660 tp: 1.25508 -> sl: 1.25652 tp: 1.25496
0	05:45:48.107	'10019548': order #157639866 sell 0.09 GBPUSD at 1.25845 was modified -> sl: 1.25652 tp: 1.25496
0	05:45:49.950	Notifications: 'order #157639866 sell 0.09 GBPUSD at 1.25845 modified: sl: 1.25660 tp: 1.25508 -> sl: 1.25652 tp: 1.25496' sent to 'D07ADD05'
0	05:46:09.331	'10019548': modify order #157639866 sell 0.09 GBPUSD at 1.25845 sl: 1.25652 tp: 1.25496 -> sl: 1.25639 tp: 1.25486
0	05:46:12.954	'10019548': order #157639866 sell 0.09 GBPUSD at 1.25845 was modified -> sl: 1.25639 tp: 1.25486
0	05:46:14.963	Notifications: 'order #157639866 sell 0.09 GBPUSD at 1.25845 modified: sl: 1.25652 tp: 1.25496 -> sl: 1.25639 tp: 1.25486' sent to 'D07ADD05'
0	05:47:02.862	'10019548': modify order #157639866 sell 0.09 GBPUSD at 1.25845 sl: 1.25639 tp: 1.25486 -> sl: 1.25632 tp: 1.25478
0	05:47:06.166	'10019548': order #157639866 sell 0.09 GBPUSD at 1.25845 was modified -> sl: 1.25632 tp: 1.25478
0	05:47:08.011	Notifications: 'order #157639866 sell 0.09 GBPUSD at 1.25845 modified: sl: 1.25639 tp: 1.25486 -> sl: 1.25632 tp: 1.25478' sent to 'D07ADD05'
0	05:47:25.743	'10019548': modify order #157639866 sell 0.09 GBPUSD at 1.25845 sl: 1.25632 tp: 1.25478 -> sl: 1.25630 tp: 1.25474
0	05:47:32.546	'10019548': order #157639866 sell 0.09 GBPUSD at 1.25845 was modified -> sl: 1.25630 tp: 1.25474
0	05:47:32.546	'10019548': modify order #157639866 sell 0.09 GBPUSD at 1.25845 sl: 1.25630 tp: 1.25474 -> sl: 1.25628 tp: 1.25473
0	05:47:34.527	Notifications: 'order #157639866 sell 0.09 GBPUSD at 1.25845 modified: sl: 1.25632 tp: 1.25478 -> sl: 1.25630 tp: 1.25474' sent to 'D07ADD05'
0	05:47:37.697	'10019548': order #157639866 sell 0.09 GBPUSD at 1.25845 was modified -> sl: 1.25628 tp: 1.25473
0	05:47:37.697	'10019548': modify order #157640231 sell 0.09 GBPCAD at 1.65696 sl: 0.00000 tp: 1.65400 -> sl: 1.65490 tp: 1.65330
0	05:47:39.640	Notifications: 'order #157639866 sell 0.09 GBPUSD at 1.25845 modified: sl: 1.25630 tp: 1.25474 -> sl: 1.25628 tp: 1.25473' sent to 'D07ADD05'
0	05:47:45.418	'10019548': order #157640231 sell 0.09 GBPCAD at 1.65696 was modified -> sl: 1.65490 tp: 1.65330
0	05:47:45.419	'10019548': modify order #157639866 sell 0.09 GBPUSD at 1.25845 sl: 1.25628 tp: 1.25473 -> sl: 1.25616 tp: 1.25461
0	05:47:47.260	Notifications: 'order #157640231 sell 0.09 GBPCAD at 1.65696 modified: sl: 0.00000 tp: 1.65400 -> sl: 1.65490 tp: 1.65330' sent to 'D07ADD05'
0	05:47:53.264	'10019548': order #157639866 sell 0.09 GBPUSD at 1.25845 was modified -> sl: 1.25616 tp: 1.25461
0	05:47:53.290	'10019548': modify order #157640231 sell 0.09 GBPCAD at 1.65696 sl: 1.65490 tp: 1.65330 -> sl: 1.65483 tp: 1.65313
0	05:47:55.196	Notifications: 'order #157639866 sell 0.09 GBPUSD at 1.25845 modified: sl: 1.25628 tp: 1.25473 -> sl: 1.25616 tp: 1.25461' sent to 'D07ADD05'
0	05:48:01.122	'10019548': order #157640231 sell 0.09 GBPCAD at 1.65696 was modified -> sl: 1.65483 tp: 1.65313
0	05:48:01.123	'10019548': modify order #157639866 sell 0.09 GBPUSD at 1.25845 sl: 1.25616 tp: 1.25461 -> sl: 1.25609 tp: 1.25454
0	05:48:03.129	Notifications: 'order #157640231 sell 0.09 GBPCAD at 1.65696 modified: sl: 1.65490 tp: 1.65330 -> sl: 1.65483 tp: 1.65313' sent to 'D07ADD05'
0	05:48:06.297	'10019548': order #157639866 sell 0.09 GBPUSD at 1.25845 was modified -> sl: 1.25609 tp: 1.25454
0	05:48:06.297	'10019548': modify order #157640231 sell 0.09 GBPCAD at 1.65696 sl: 1.65483 tp: 1.65313 -> sl: 1.65483 tp: 1.65316
0	05:48:08.226	Notifications: 'order #157639866 sell 0.09 GBPUSD at 1.25845 modified: sl: 1.25616 tp: 1.25461 -> sl: 1.25609 tp: 1.25454' sent to 'D07ADD05'
0	05:48:10.721	'10019548': order #157640231 sell 0.09 GBPCAD at 1.65696 was modified -> sl: 1.65483 tp: 1.65316
0	05:48:10.721	'10019548': modify order #157639866 sell 0.09 GBPUSD at 1.25845 sl: 1.25609 tp: 1.25454 -> sl: 1.25608 tp: 1.25451
0	05:48:11.819	'10019548': order #157639866 sell 0.09 GBPUSD at 1.25845 was modified -> sl: 1.25608 tp: 1.25451
0	05:48:11.820	'10019548': modify order #157640231 sell 0.09 GBPCAD at 1.65696 sl: 1.65483 tp: 1.65316 -> sl: 1.65480 tp: 1.65316
0	05:48:12.195	Notifications: 'order #157640231 sell 0.09 GBPCAD at 1.65696 modified: sl: 1.65483 tp: 1.65313 -> sl: 1.65483 tp: 1.65316' sent to 'D07ADD05'
0	05:48:13.005	'10019548': order #157640231 sell 0.09 GBPCAD at 1.65696 was modified -> sl: 1.65480 tp: 1.65316
0	05:48:14.148	Notifications: 'order #157639866 sell 0.09 GBPUSD at 1.25845 modified: sl: 1.25609 tp: 1.25454 -> sl: 1.25608 tp: 1.25451' sent to 'D07ADD05'
0	05:48:16.088	Notifications: 'order #157640231 sell 0.09 GBPCAD at 1.65696 modified: sl: 1.65483 tp: 1.65316 -> sl: 1.65480 tp: 1.65316' sent to 'D07ADD05'
0	05:48:26.829	'10019548': modify order #157639866 sell 0.09 GBPUSD at 1.25845 sl: 1.25608 tp: 1.25451 -> sl: 1.25607 tp: 1.25450
0	05:48:28.413	'10019548': order #157639866 sell 0.09 GBPUSD at 1.25845 was modified -> sl: 1.25607 tp: 1.25450
0	05:48:30.327	Notifications: 'order #157639866 sell 0.09 GBPUSD at 1.25845 modified: sl: 1.25608 tp: 1.25451 -> sl: 1.25607 tp: 1.25450' sent to 'D07ADD05'
0	05:49:02.458	'10019548': modify order #157639866 sell 0.09 GBPUSD at 1.25845 sl: 1.25607 tp: 1.25450 -> sl: 1.25606 tp: 1.25452
0	05:49:04.371	'10019548': order #157639866 sell 0.09 GBPUSD at 1.25845 was modified -> sl: 1.25606 tp: 1.25452
0	05:49:06.383	Notifications: 'order #157639866 sell 0.09 GBPUSD at 1.25845 modified: sl: 1.25607 tp: 1.25450 -> sl: 1.25606 tp: 1.25452' sent to 'D07ADD05'
0	05:49:51.920	'10019548': modify order #157639866 sell 0.09 GBPUSD at 1.25845 sl: 1.25606 tp: 1.25452 -> sl: 1.25604 tp: 1.25449
0	05:49:52.366	'10019548': order #157639866 sell 0.09 GBPUSD at 1.25845 was modified -> sl: 1.25604 tp: 1.25449
0	05:49:52.367	'10019548': modify order #157640231 sell 0.09 GBPCAD at 1.65696 sl: 1.65480 tp: 1.65316 -> sl: 1.65477 tp: 1.65313
0	05:49:52.820	'10019548': order #157640231 sell 0.09 GBPCAD at 1.65696 was modified -> sl: 1.65477 tp: 1.65313
0	05:49:54.321	Notifications: 'order #157639866 sell 0.09 GBPUSD at 1.25845 modified: sl: 1.25606 tp: 1.25452 -> sl: 1.25604 tp: 1.25449' sent to 'D07ADD05'
0	05:49:56.262	Notifications: 'order #157640231 sell 0.09 GBPCAD at 1.65696 modified: sl: 1.65480 tp: 1.65316 -> sl: 1.65477 tp: 1.65313' sent to 'D07ADD05'
0	05:50:03.004	'10019548': modify order #157636074 sell 0.09 USDCAD at 1.31581 sl: 0.00000 tp: 1.31372 -> sl: 1.31812 tp: 1.31655
0	05:50:05.006	Notifications: 'Close up reached @ 1834.64' sent to 'D07ADD05'
0	05:50:10.641	'10019548': order #157636074 sell 0.09 USDCAD at 1.31581 was modified -> sl: 1.31812 tp: 1.31655
0	05:50:10.641	'10019548': modify order #157639373 sell 0.09 EURJPY at 121.436 sl: 0.000 tp: 121.142 -> sl: 121.602 tp: 121.446
0	05:50:11.752	'10019548': order #157639373 sell 0.09 EURJPY at 121.436 was modified -> sl: 121.602 tp: 121.446
0	05:50:11.752	'10019548': modify order #157639395 buy 0.09 USDCHF at 1.01955 sl: 0.00000 tp: 1.02269 -> sl: 1.01836 tp: 1.01990
0	05:50:12.517	Notifications: 'order #157636074 sell 0.09 USDCAD at 1.31581 modified: sl: 0.00000 tp: 1.31372 -> sl: 1.31812 tp: 1.31655' sent to 'D07ADD05'
0	05:50:14.457	Notifications: 'order #157639373 sell 0.09 EURJPY at 121.436 modified: sl: 0.000 tp: 121.142 -> sl: 121.602 tp: 121.446' sent to 'D07ADD05'
0	05:50:15.632	'10019548': order #157639395 buy 0.09 USDCHF at 1.01955 was modified -> sl: 1.01836 tp: 1.01990
0	05:50:15.632	'10019548': modify order #157639866 sell 0.09 GBPUSD at 1.25845 sl: 1.25604 tp: 1.25449 -> sl: 1.25593 tp: 1.25437
0	05:50:17.307	Notifications: 'order #157639395 buy 0.09 USDCHF at 1.01955 modified: sl: 0.00000 tp: 1.02269 -> sl: 1.01836 tp: 1.01990' sent to 'D07ADD05'
0	05:50:17.406	'10019548': order #157639866 sell 0.09 GBPUSD at 1.25845 was modified -> sl: 1.25593 tp: 1.25437
0	05:50:17.406	'10019548': modify order #157640210 sell 0.09 EURJPY at 121.466 sl: 0.000 tp: 121.165 -> sl: 121.604 tp: 121.448
0	05:50:18.147	'10019548': order #157640210 sell 0.09 EURJPY at 121.466 was modified -> sl: 121.604 tp: 121.448
0	05:50:18.147	'10019548': modify order #157640231 sell 0.09 GBPCAD at 1.65696 sl: 1.65477 tp: 1.65313 -> sl: 1.65464 tp: 1.65298
0	05:50:18.900	'10019548': order #157640231 sell 0.09 GBPCAD at 1.65696 was modified -> sl: 1.65464 tp: 1.65298
0	05:50:18.901	'10019548': modify order #157640687 sell 0.09 GBPCAD at 1.65675 sl: 0.00000 tp: 1.65373 -> sl: 1.65464 tp: 1.65298
0	05:50:19.254	Notifications: 'order #157639866 sell 0.09 GBPUSD at 1.25845 modified: sl: 1.25604 tp: 1.25449 -> sl: 1.25593 tp: 1.25437' sent to 'D07ADD05'
0	05:50:19.736	'10019548': order #157640687 sell 0.09 GBPCAD at 1.65675 was modified -> sl: 1.65464 tp: 1.65298
0	05:50:19.737	'10019548': modify order #157648382 buy 0.09 USDCAD at 1.31748 sl: 0.00000 tp: 1.32049 -> sl: 1.31704 tp: 1.31860
0	05:50:21.188	Notifications: 'order #157640210 sell 0.09 EURJPY at 121.466 modified: sl: 0.000 tp: 121.165 -> sl: 121.604 tp: 121.448' sent to 'D07ADD05'
0	05:50:22.032	'10019548': order #157648382 buy 0.09 USDCAD at 1.31748 was modified -> sl: 1.31704 tp: 1.31860
0	05:50:22.032	'10019548': modify order #157648384 buy 0.09 USDJPY at 115.240 sl: 0.000 tp: 115.540 -> sl: 115.207 tp: 115.362
0	05:50:23.118	Notifications: 'order #157640231 sell 0.09 GBPCAD at 1.65696 modified: sl: 1.65477 tp: 1.65313 -> sl: 1.65464 tp: 1.65298' sent to 'D07ADD05'
0	05:50:25.038	Notifications: 'order #157640687 sell 0.09 GBPCAD at 1.65675 modified: sl: 0.00000 tp: 1.65373 -> sl: 1.65464 tp: 1.65298' sent to 'D07ADD05'
0	05:50:26.962	Notifications: 'order #157648382 buy 0.09 USDCAD at 1.31748 modified: sl: 0.00000 tp: 1.32049 -> sl: 1.31704 tp: 1.31860' sent to 'D07ADD05'
0	05:50:29.849	'10019548': order #157648384 buy 0.09 USDJPY at 115.240 was modified -> sl: 115.207 tp: 115.362
0	05:50:29.972	'10019548': modify order #157636074 sell 0.09 USDCAD at 1.31581 sl: 1.31812 tp: 1.31655 -> sl: 1.31811 tp: 1.31653
0	05:50:30.661	'10019548': order #157636074 sell 0.09 USDCAD at 1.31581 was modified -> sl: 1.31811 tp: 1.31653
0	05:50:30.662	'10019548': modify order #157648384 buy 0.09 USDJPY at 115.240 sl: 115.207 tp: 115.362 -> sl: 115.210 tp: 115.363
0	05:50:31.176	'10019548': order #157648384 buy 0.09 USDJPY at 115.240 was modified -> sl: 115.210 tp: 115.363
0	05:50:31.774	Notifications: 'order #157648384 buy 0.09 USDJPY at 115.240 modified: sl: 0.000 tp: 115.540 -> sl: 115.207 tp: 115.362' sent to 'D07ADD05'
0	05:50:33.713	Notifications: 'order #157636074 sell 0.09 USDCAD at 1.31581 modified: sl: 1.31812 tp: 1.31655 -> sl: 1.31811 tp: 1.31653' sent to 'D07ADD05'
0	05:50:35.640	Notifications: 'order #157648384 buy 0.09 USDJPY at 115.240 modified: sl: 115.207 tp: 115.362 -> sl: 115.210 tp: 115.363' sent to 'D07ADD05'
0	05:50:56.976	'10019548': modify order #157639866 sell 0.09 GBPUSD at 1.25845 sl: 1.25593 tp: 1.25437 -> sl: 1.25590 tp: 1.25434
0	05:51:02.013	'10019548': order #157639866 sell 0.09 GBPUSD at 1.25845 was modified -> sl: 1.25590 tp: 1.25434
0	05:51:04.015	Notifications: 'order #157639866 sell 0.09 GBPUSD at 1.25845 modified: sl: 1.25593 tp: 1.25437 -> sl: 1.25590 tp: 1.25434' sent to 'D07ADD05'
0	05:51:14.412	'10019548': modify order #157636074 sell 0.09 USDCAD at 1.31581 sl: 1.31811 tp: 1.31653 -> sl: 1.31810 tp: 1.31652
0	05:51:16.140	'10019548': order #157636074 sell 0.09 USDCAD at 1.31581 was modified -> sl: 1.31810 tp: 1.31652
0	05:51:18.036	Notifications: 'order #157636074 sell 0.09 USDCAD at 1.31581 modified: sl: 1.31811 tp: 1.31653 -> sl: 1.31810 tp: 1.31652' sent to 'D07ADD05'
0	05:51:22.865	'10019548': modify order #157636074 sell 0.09 USDCAD at 1.31581 sl: 1.31810 tp: 1.31652 -> sl: 1.31807 tp: 1.31653
0	05:51:27.036	'10019548': order #157636074 sell 0.09 USDCAD at 1.31581 was modified -> sl: 1.31807 tp: 1.31653
0	05:51:27.036	'10019548': modify order #157640210 sell 0.09 EURJPY at 121.466 sl: 121.604 tp: 121.448 -> sl: 121.602 tp: 121.446
0	05:51:28.959	Notifications: 'order #157636074 sell 0.09 USDCAD at 1.31581 modified: sl: 1.31810 tp: 1.31652 -> sl: 1.31807 tp: 1.31653' sent to 'D07ADD05'
0	05:51:33.269	'10019548': order #157640210 sell 0.09 EURJPY at 121.466 was modified -> sl: 121.602 tp: 121.446
0	05:51:33.270	'10019548': modify order #157636074 sell 0.09 USDCAD at 1.31581 sl: 1.31807 tp: 1.31653 -> sl: 1.31801 tp: 1.31643
0	05:51:35.129	Notifications: 'order #157640210 sell 0.09 EURJPY at 121.466 modified: sl: 121.604 tp: 121.448 -> sl: 121.602 tp: 121.446' sent to 'D07ADD05'
0	05:51:35.452	'10019548': order #157636074 sell 0.09 USDCAD at 1.31581 was modified -> sl: 1.31801 tp: 1.31643
0	05:51:35.452	'10019548': modify order #157640231 sell 0.09 GBPCAD at 1.65696 sl: 1.65464 tp: 1.65298 -> sl: 1.65456 tp: 1.65292
0	05:51:36.093	'10019548': order #157640231 sell 0.09 GBPCAD at 1.65696 was modified -> sl: 1.65456 tp: 1.65292
0	05:51:36.093	'10019548': modify order #157640687 sell 0.09 GBPCAD at 1.65675 sl: 1.65464 tp: 1.65298 -> sl: 1.65456 tp: 1.65289
0	05:51:36.668	'10019548': order #157640687 sell 0.09 GBPCAD at 1.65675 was modified -> sl: 1.65456 tp: 1.65289
0	05:51:37.212	Notifications: 'order #157636074 sell 0.09 USDCAD at 1.31581 modified: sl: 1.31807 tp: 1.31653 -> sl: 1.31801 tp: 1.31643' sent to 'D07ADD05'
0	05:51:39.149	Notifications: 'order #157640231 sell 0.09 GBPCAD at 1.65696 modified: sl: 1.65464 tp: 1.65298 -> sl: 1.65456 tp: 1.65292' sent to 'D07ADD05'
0	05:51:41.069	Notifications: 'order #157640687 sell 0.09 GBPCAD at 1.65675 modified: sl: 1.65464 tp: 1.65298 -> sl: 1.65456 tp: 1.65289' sent to 'D07ADD05'
0	05:51:50.574	'10019548': modify order #157639373 sell 0.09 EURJPY at 121.436 sl: 121.602 tp: 121.446 -> sl: 121.599 tp: 121.446
0	05:51:52.785	'10019548': order #157639373 sell 0.09 EURJPY at 121.436 was modified -> sl: 121.599 tp: 121.446
0	05:51:52.786	'10019548': modify order #157640210 sell 0.09 EURJPY at 121.466 sl: 121.602 tp: 121.446 -> sl: 121.601 tp: 121.445
0	05:51:54.079	'10019548': order #157640210 sell 0.09 EURJPY at 121.466 was modified -> sl: 121.601 tp: 121.445
0	05:51:54.740	Notifications: 'order #157639373 sell 0.09 EURJPY at 121.436 modified: sl: 121.602 tp: 121.446 -> sl: 121.599 tp: 121.446' sent to 'D07ADD05'
0	05:51:56.710	Notifications: 'order #157640210 sell 0.09 EURJPY at 121.466 modified: sl: 121.602 tp: 121.446 -> sl: 121.601 tp: 121.445' sent to 'D07ADD05'
0	05:53:39.286	'10019548': modify order #157636074 sell 0.09 USDCAD at 1.31581 sl: 1.31801 tp: 1.31643 -> sl: 1.31800 tp: 1.31647
0	05:53:43.487	'10019548': order #157636074 sell 0.09 USDCAD at 1.31581 was modified -> sl: 1.31800 tp: 1.31647
0	05:53:43.487	'10019548': modify order #157648382 buy 0.09 USDCAD at 1.31748 sl: 1.31704 tp: 1.31860 -> sl: 1.31710 tp: 1.31865
0	05:53:45.365	Notifications: 'order #157636074 sell 0.09 USDCAD at 1.31581 modified: sl: 1.31801 tp: 1.31643 -> sl: 1.31800 tp: 1.31647' sent to 'D07ADD05'
0	05:53:46.511	'10019548': order #157648382 buy 0.09 USDCAD at 1.31748 was modified -> sl: 1.31710 tp: 1.31865
0	05:53:46.512	'10019548': modify order #157648382 buy 0.09 USDCAD at 1.31748 sl: 1.31710 tp: 1.31865 -> sl: 1.31715 tp: 1.31869
0	05:53:47.065	'10019548': order #157648382 buy 0.09 USDCAD at 1.31748 was modified -> sl: 1.31715 tp: 1.31869
0	05:53:48.418	Notifications: 'order #157648382 buy 0.09 USDCAD at 1.31748 modified: sl: 1.31704 tp: 1.31860 -> sl: 1.31710 tp: 1.31865' sent to 'D07ADD05'
0	05:53:50.355	Notifications: 'order #157648382 buy 0.09 USDCAD at 1.31748 modified: sl: 1.31710 tp: 1.31865 -> sl: 1.31715 tp: 1.31869' sent to 'D07ADD05'
0	05:54:39.489	'10019548': modify order #157648382 buy 0.09 USDCAD at 1.31748 sl: 1.31715 tp: 1.31869 -> sl: 1.31718 tp: 1.31875
0	05:54:40.159	'10019548': order #157648382 buy 0.09 USDCAD at 1.31748 was modified -> sl: 1.31718 tp: 1.31875
0	05:54:42.102	Notifications: 'order #157648382 buy 0.09 USDCAD at 1.31748 modified: sl: 1.31715 tp: 1.31869 -> sl: 1.31718 tp: 1.31875' sent to 'D07ADD05'
0	05:54:47.808	'10019548': modify order #157648382 buy 0.09 USDCAD at 1.31748 sl: 1.31718 tp: 1.31875 -> sl: 1.31720 tp: 1.31877
0	05:54:49.415	'10019548': order #157648382 buy 0.09 USDCAD at 1.31748 was modified -> sl: 1.31720 tp: 1.31877
0	05:54:49.416	'10019548': modify order #157648382 buy 0.09 USDCAD at 1.31748 sl: 1.31720 tp: 1.31877 -> sl: 1.31728 tp: 1.31884
0	05:54:49.925	'10019548': order #157648382 buy 0.09 USDCAD at 1.31748 was modified -> sl: 1.31728 tp: 1.31884
0	05:54:51.266	Notifications: 'order #157648382 buy 0.09 USDCAD at 1.31748 modified: sl: 1.31718 tp: 1.31875 -> sl: 1.31720 tp: 1.31877' sent to 'D07ADD05'
0	05:54:53.193	Notifications: 'order #157648382 buy 0.09 USDCAD at 1.31748 modified: sl: 1.31720 tp: 1.31877 -> sl: 1.31728 tp: 1.31884' sent to 'D07ADD05'
0	05:55:00.761	'10019548': order #157640231 sell 0.09 GBPCAD at 1.65696 closed due stop-loss at price 1.65456
0	05:55:00.908	'10019548': order #157640687 sell 0.09 GBPCAD at 1.65675 closed due stop-loss at price 1.65456
0	05:55:02.788	Notifications: 'order #157640231 sell 0.09 GBPCAD at 1.65696 closed due stop-loss at price 1.65456, profit: 22.02 AUD' sent to 'D07ADD05'
0	05:55:04.706	Notifications: 'order #157640687 sell 0.09 GBPCAD at 1.65675 closed due stop-loss at price 1.65456, profit: 20.09 AUD' sent to 'D07ADD05'
0	05:55:18.577	'10019548': modify order #157648384 buy 0.09 USDJPY at 115.240 sl: 115.210 tp: 115.363 -> sl: 115.213 tp: 115.367
0	05:55:20.199	'10019548': order #157648384 buy 0.09 USDJPY at 115.240 was modified -> sl: 115.213 tp: 115.367
0	05:55:21.682	Notifications: 'order #157648384 buy 0.09 USDJPY at 115.240 modified: sl: 115.210 tp: 115.363 -> sl: 115.213 tp: 115.367' sent to 'D07ADD05'
0	05:55:21.754	'10019548': modify order #157648384 buy 0.09 USDJPY at 115.240 sl: 115.213 tp: 115.367 -> sl: 115.217 tp: 115.369
0	05:55:24.807	'10019548': order #157648384 buy 0.09 USDJPY at 115.240 was modified -> sl: 115.217 tp: 115.369
0	05:55:24.807	'10019548': modify order #157648382 buy 0.09 USDCAD at 1.31748 sl: 1.31728 tp: 1.31884 -> sl: 1.31733 tp: 1.31887
0	05:55:26.781	Notifications: 'order #157648384 buy 0.09 USDJPY at 115.240 modified: sl: 115.213 tp: 115.367 -> sl: 115.217 tp: 115.369' sent to 'D07ADD05'
0	05:55:27.888	'10019548': order #157648382 buy 0.09 USDCAD at 1.31748 was modified -> sl: 1.31733 tp: 1.31887
0	05:55:29.392	Notifications: 'order #157648382 buy 0.09 USDCAD at 1.31748 modified: sl: 1.31728 tp: 1.31884 -> sl: 1.31733 tp: 1.31887' sent to 'D07ADD05'
0	05:55:29.512	'10019548': modify order #157648382 buy 0.09 USDCAD at 1.31748 sl: 1.31733 tp: 1.31887 -> sl: 1.31736 tp: 1.31892
0	05:55:30.367	'10019548': order #157648382 buy 0.09 USDCAD at 1.31748 was modified -> sl: 1.31736 tp: 1.31892
0	05:55:32.206	Notifications: 'order #157648382 buy 0.09 USDCAD at 1.31748 modified: sl: 1.31733 tp: 1.31887 -> sl: 1.31736 tp: 1.31892' sent to 'D07ADD05'
0	05:55:32.935	'10019548': modify order #157648382 buy 0.09 USDCAD at 1.31748 sl: 1.31736 tp: 1.31892 -> sl: 1.31737 tp: 1.31892
0	05:55:33.511	'10019548': order #157648382 buy 0.09 USDCAD at 1.31748 was modified -> sl: 1.31737 tp: 1.31892
0	05:55:35.322	Notifications: 'order #157648382 buy 0.09 USDCAD at 1.31748 modified: sl: 1.31736 tp: 1.31892 -> sl: 1.31737 tp: 1.31892' sent to 'D07ADD05'
0	05:55:52.412	'10019548': modify order #157648384 buy 0.09 USDJPY at 115.240 sl: 115.217 tp: 115.369 -> sl: 115.218 tp: 115.371
0	05:55:53.854	'10019548': order #157648384 buy 0.09 USDJPY at 115.240 was modified -> sl: 115.218 tp: 115.371
0	05:55:55.779	Notifications: 'order #157648384 buy 0.09 USDJPY at 115.240 modified: sl: 115.217 tp: 115.369 -> sl: 115.218 tp: 115.371' sent to 'D07ADD05'
0	05:55:57.627	'10019548': modify order #157648384 buy 0.09 USDJPY at 115.240 sl: 115.218 tp: 115.371 -> sl: 115.222 tp: 115.376
0	05:56:00.129	'10019548': order #157648384 buy 0.09 USDJPY at 115.240 was modified -> sl: 115.222 tp: 115.376
0	05:56:01.971	'10019548': modify order #157648382 buy 0.09 USDCAD at 1.31748 sl: 1.31737 tp: 1.31892 -> sl: 1.31741 tp: 1.31897
0	05:56:02.121	Notifications: 'order #157648384 buy 0.09 USDJPY at 115.240 modified: sl: 115.218 tp: 115.371 -> sl: 115.222 tp: 115.376' sent to 'D07ADD05'
0	05:56:02.654	'10019548': order #157648382 buy 0.09 USDCAD at 1.31748 was modified -> sl: 1.31741 tp: 1.31897
0	05:56:02.655	'10019548': modify order #157648384 buy 0.09 USDJPY at 115.240 sl: 115.222 tp: 115.376 -> sl: 115.223 tp: 115.377
0	05:56:04.576	Notifications: 'order #157648382 buy 0.09 USDCAD at 1.31748 modified: sl: 1.31737 tp: 1.31892 -> sl: 1.31741 tp: 1.31897' sent to 'D07ADD05'
0	05:56:05.302	'10019548': order #157648384 buy 0.09 USDJPY at 115.240 was modified -> sl: 115.223 tp: 115.377
0	05:56:06.528	Notifications: 'order #157648384 buy 0.09 USDJPY at 115.240 modified: sl: 115.222 tp: 115.376 -> sl: 115.223 tp: 115.377' sent to 'D07ADD05'
0	05:56:08.400	'10019548': modify order #157648384 buy 0.09 USDJPY at 115.240 sl: 115.223 tp: 115.377 -> sl: 115.224 tp: 115.378
0	05:56:14.776	'10019548': order #157648384 buy 0.09 USDJPY at 115.240 was modified -> sl: 115.224 tp: 115.378
0	05:56:15.125	'10019548': order #157636074 sell 0.09 USDCAD at 1.31581 closed due stop-loss at price 1.31800
0	05:56:16.662	Notifications: 'order #157648384 buy 0.09 USDJPY at 115.240 modified: sl: 115.223 tp: 115.377 -> sl: 115.224 tp: 115.378' sent to 'D07ADD05'
0	05:56:18.547	'10019548': modify order #157648382 buy 0.09 USDCAD at 1.31748 sl: 1.31741 tp: 1.31897 -> sl: 1.31742 tp: 1.31901
0	05:56:18.591	Notifications: 'order #157636074 sell 0.09 USDCAD at 1.31581 closed due stop-loss at price 1.31800, profit: -20.09 AUD' sent to 'D07ADD05'
0	05:56:20.987	'10019548': order #157648382 buy 0.09 USDCAD at 1.31748 was modified -> sl: 1.31742 tp: 1.31901
0	05:56:22.907	Notifications: 'order #157648382 buy 0.09 USDCAD at 1.31748 modified: sl: 1.31741 tp: 1.31897 -> sl: 1.31742 tp: 1.31901' sent to 'D07ADD05'
0	05:56:57.047	'10019548': modify order #157648382 buy 0.09 USDCAD at 1.31748 sl: 1.31742 tp: 1.31901 -> sl: 1.31743 tp: 1.31901
0	05:56:57.666	'10019548': order #157648382 buy 0.09 USDCAD at 1.31748 was modified -> sl: 1.31743 tp: 1.31901
0	05:56:59.559	Notifications: 'order #157648382 buy 0.09 USDCAD at 1.31748 modified: sl: 1.31742 tp: 1.31901 -> sl: 1.31743 tp: 1.31901' sent to 'D07ADD05'
0	05:57:25.939	'10019548': modify order #157648382 buy 0.09 USDCAD at 1.31748 sl: 1.31743 tp: 1.31901 -> sl: 1.31748 tp: 1.31903
0	05:57:30.964	'10019548': order #157648382 buy 0.09 USDCAD at 1.31748 was modified -> sl: 1.31748 tp: 1.31903
0	05:57:32.947	Notifications: 'order #157648382 buy 0.09 USDCAD at 1.31748 modified: sl: 1.31743 tp: 1.31901 -> sl: 1.31748 tp: 1.31903' sent to 'D07ADD05'
0	05:57:44.146	'10019548': modify order #157648382 buy 0.09 USDCAD at 1.31748 sl: 1.31748 tp: 1.31903 -> sl: 1.31749 tp: 1.31905
0	05:57:45.019	'10019548': order #157648382 buy 0.09 USDCAD at 1.31748 was modified -> sl: 1.31749 tp: 1.31905
0	05:57:46.939	Notifications: 'order #157648382 buy 0.09 USDCAD at 1.31748 modified: sl: 1.31748 tp: 1.31903 -> sl: 1.31749 tp: 1.31905' sent to 'D07ADD05'
0	05:57:48.470	'10019548': modify order #157648382 buy 0.09 USDCAD at 1.31748 sl: 1.31749 tp: 1.31905 -> sl: 1.31750 tp: 1.31905
0	05:57:49.447	'10019548': order #157648382 buy 0.09 USDCAD at 1.31748 was modified -> sl: 1.31750 tp: 1.31905
0	05:57:51.211	Notifications: 'order #157648382 buy 0.09 USDCAD at 1.31748 modified: sl: 1.31749 tp: 1.31905 -> sl: 1.31750 tp: 1.31905' sent to 'D07ADD05'
0	05:57:56.099	'10019548': modify order #157648382 buy 0.09 USDCAD at 1.31748 sl: 1.31750 tp: 1.31905 -> sl: 1.31756 tp: 1.31911
0	05:57:57.354	'10019548': order #157648382 buy 0.09 USDCAD at 1.31748 was modified -> sl: 1.31756 tp: 1.31911
0	05:57:59.307	Notifications: 'order #157648382 buy 0.09 USDCAD at 1.31748 modified: sl: 1.31750 tp: 1.31905 -> sl: 1.31756 tp: 1.31911' sent to 'D07ADD05'
0	05:58:12.448	'10019548': modify order #157648382 buy 0.09 USDCAD at 1.31748 sl: 1.31756 tp: 1.31911 -> sl: 1.31757 tp: 1.31914
0	05:58:16.126	'10019548': order #157648382 buy 0.09 USDCAD at 1.31748 was modified -> sl: 1.31757 tp: 1.31914
0	05:58:18.057	Notifications: 'order #157648382 buy 0.09 USDCAD at 1.31748 modified: sl: 1.31756 tp: 1.31911 -> sl: 1.31757 tp: 1.31914' sent to 'D07ADD05'
0	05:58:23.626	'10019548': modify order #157648382 buy 0.09 USDCAD at 1.31748 sl: 1.31757 tp: 1.31914 -> sl: 1.31758 tp: 1.31914
0	05:58:24.098	'10019548': order #157648382 buy 0.09 USDCAD at 1.31748 was modified -> sl: 1.31758 tp: 1.31914
0	05:58:27.056	Notifications: 'order #157648382 buy 0.09 USDCAD at 1.31748 modified: sl: 1.31757 tp: 1.31914 -> sl: 1.31758 tp: 1.31914' sent to 'D07ADD05'
0	05:58:47.873	'10019548': modify order #157648382 buy 0.09 USDCAD at 1.31748 sl: 1.31758 tp: 1.31914 -> sl: 1.31761 tp: 1.31915
0	05:58:49.827	'10019548': order #157648382 buy 0.09 USDCAD at 1.31748 was modified -> sl: 1.31761 tp: 1.31915
0	05:58:51.761	Notifications: 'order #157648382 buy 0.09 USDCAD at 1.31748 modified: sl: 1.31758 tp: 1.31914 -> sl: 1.31761 tp: 1.31915' sent to 'D07ADD05'
0	05:58:58.681	'10019548': modify order #157648382 buy 0.09 USDCAD at 1.31748 sl: 1.31761 tp: 1.31915 -> sl: 1.31767 tp: 1.31923
0	05:59:01.522	'10019548': order #157648382 buy 0.09 USDCAD at 1.31748 was modified -> sl: 1.31767 tp: 1.31923
0	05:59:01.523	'10019548': modify order #157648382 buy 0.09 USDCAD at 1.31748 sl: 1.31767 tp: 1.31923 -> sl: 1.31774 tp: 1.31929
0	05:59:03.468	Notifications: 'order #157648382 buy 0.09 USDCAD at 1.31748 modified: sl: 1.31761 tp: 1.31915 -> sl: 1.31767 tp: 1.31923' sent to 'D07ADD05'
0	05:59:04.931	'10019548': order #157648382 buy 0.09 USDCAD at 1.31748 was modified -> sl: 1.31774 tp: 1.31929
0	05:59:06.863	Notifications: 'order #157648382 buy 0.09 USDCAD at 1.31748 modified: sl: 1.31767 tp: 1.31923 -> sl: 1.31774 tp: 1.31929' sent to 'D07ADD05'
0	05:59:33.265	'10019548': modify order #157648382 buy 0.09 USDCAD at 1.31748 sl: 1.31774 tp: 1.31929 -> sl: 1.31777 tp: 1.31933
0	05:59:39.460	'10019548': order #157648382 buy 0.09 USDCAD at 1.31748 was modified -> sl: 1.31777 tp: 1.31933
0	05:59:41.323	Notifications: 'order #157648382 buy 0.09 USDCAD at 1.31748 modified: sl: 1.31774 tp: 1.31929 -> sl: 1.31777 tp: 1.31933' sent to 'D07ADD05'
0	05:59:42.145	'10019548': modify order #157648382 buy 0.09 USDCAD at 1.31748 sl: 1.31777 tp: 1.31933 -> sl: 1.31778 tp: 1.31933
0	05:59:47.454	'10019548': order #157648382 buy 0.09 USDCAD at 1.31748 was modified -> sl: 1.31778 tp: 1.31933
0	05:59:49.445	Notifications: 'order #157648382 buy 0.09 USDCAD at 1.31748 modified: sl: 1.31777 tp: 1.31933 -> sl: 1.31778 tp: 1.31933' sent to 'D07ADD05'
0	06:00:47.255	'10019548': order #157639866 sell 0.09 GBPUSD at 1.25845 closed due stop-loss at price 1.25590
0	06:00:49.195	Notifications: 'order #157639866 sell 0.09 GBPUSD at 1.25845 closed due stop-loss at price 1.25590, profit: 30.84 AUD' sent to 'D07ADD05'
0	06:10:25.189	'10019548': modify order #157648384 buy 0.09 USDJPY at 115.240 sl: 115.224 tp: 115.378 -> sl: 115.227 tp: 115.381
0	06:10:35.788	'10019548': order #157648384 buy 0.09 USDJPY at 115.240 was modified -> sl: 115.227 tp: 115.381
0	06:10:37.749	Notifications: 'order #157648384 buy 0.09 USDJPY at 115.240 modified: sl: 115.224 tp: 115.378 -> sl: 115.227 tp: 115.381' sent to 'D07ADD05'
0	06:10:55.101	'10019548': order #157639373 sell 0.09 EURJPY at 121.436 closed due stop-loss at price 121.599
0	06:10:55.126	'10019548': order #157640210 sell 0.09 EURJPY at 121.466 closed due stop-loss at price 121.601
0	06:10:57.035	Notifications: 'order #157639373 sell 0.09 EURJPY at 121.436 closed due stop-loss at price 121.599, profit: -17.10 AUD' sent to 'D07ADD05'
0	06:10:58.973	Notifications: 'order #157640210 sell 0.09 EURJPY at 121.466 closed due stop-loss at price 121.601, profit: -14.16 AUD' sent to 'D07ADD05'
0	06:12:38.039	'10019548': order #157648384 buy 0.09 USDJPY at 115.240 closed due stop-loss at price 115.227
0	06:12:40.100	Notifications: 'order #157648384 buy 0.09 USDJPY at 115.240 closed due stop-loss at price 115.227, profit: -1.37 AUD' sent to 'D07ADD05'
0	06:12:45.381	'10019548': order #157639395 buy 0.09 USDCHF at 1.01955 closed due stop-loss at price 1.01836
0	06:12:45.547	'10019548': order #157648382 buy 0.09 USDCAD at 1.31748 closed due stop-loss at price 1.31778
0	06:12:47.355	Notifications: 'order #157639395 buy 0.09 USDCHF at 1.01955 closed due stop-loss at price 1.01836, profit: -14.13 AUD' sent to 'D07ADD05'
0	06:12:49.325	Notifications: 'order #157648382 buy 0.09 USDCAD at 1.31748 closed due stop-loss at price 1.31778, profit: 2.76 AUD' sent to 'D07ADD05'
0	06:12:51.277	Notifications: 'Close up completed @ 1800.80' sent to 'D07ADD05'
0	06:30:17.168	'10019548': order buy market 0.09 USDJPY sl: 0.000 tp: 115.548
0	06:30:19.609	'10019548': order was opened : #157650643 buy 0.09 USDJPY at 115.254 sl: 0.000 tp: 115.548
0	06:30:21.574	Notifications: 'order opened #157650643 buy 0.09 USDJPY at 115.254 tp: 115.548' sent to 'D07ADD05'
0	06:35:01.434	'10019548': order buy market 0.09 USDCAD sl: 0.00000 tp: 1.32074
0	06:35:03.329	'10019548': order was opened : #157650720 buy 0.09 USDCAD at 1.31775 sl: 0.00000 tp: 1.32074
0	06:35:05.656	Notifications: 'order opened #157650720 buy 0.09 USDCAD at 1.31775 tp: 1.32074' sent to 'D07ADD05'
0	06:40:01.387	'10019548': order buy market 0.09 EURUSD sl: 0.00000 tp: 1.05743
0	06:40:02.387	'10019548': order was opened : #157650912 buy 0.09 EURUSD at 1.05443 sl: 0.00000 tp: 1.05743
0	06:40:02.389	'10019548': order buy market 0.09 EURAUD sl: 0.00000 tp: 1.41915
0	06:40:03.151	'10019548': order was opened : #157650915 buy 0.09 EURAUD at 1.41615 sl: 0.00000 tp: 1.41915
0	06:40:03.154	'10019548': order sell market 0.09 USDCHF sl: 0.00000 tp: 1.01585
0	06:40:03.924	'10019548': order was opened : #157650919 sell 0.09 USDCHF at 1.01885 sl: 0.00000 tp: 1.01585
0	06:40:04.267	Notifications: 'order opened #157650912 buy 0.09 EURUSD at 1.05443 tp: 1.05743' sent to 'D07ADD05'
0	06:40:06.208	Notifications: 'order opened #157650915 buy 0.09 EURAUD at 1.41615 tp: 1.41915' sent to 'D07ADD05'
0	06:40:08.194	Notifications: 'order opened #157650919 sell 0.09 USDCHF at 1.01885 tp: 1.01585' sent to 'D07ADD05'
0	06:45:03.006	'10019548': order sell market 0.09 AUDUSD sl: 0.00000 tp: 0.74156
0	06:45:06.253	'10019548': order was opened : #157651442 sell 0.09 AUDUSD at 0.74454 sl: 0.00000 tp: 0.74156
0	06:45:07.997	Notifications: 'order opened #157651442 sell 0.09 AUDUSD at 0.74454 tp: 0.74156' sent to 'D07ADD05'
0	06:50:00.783	'10019548': order buy market 0.09 EURUSD sl: 0.00000 tp: 1.05791
0	06:50:03.459	'10019548': order was opened : #157651790 buy 0.09 EURUSD at 1.05491 sl: 0.00000 tp: 1.05791
0	06:50:05.382	Notifications: 'order opened #157651790 buy 0.09 EURUSD at 1.05491 tp: 1.05791' sent to 'D07ADD05'
0	07:00:02.413	'10019548': order sell market 0.09 GBPCAD sl: 0.00000 tp: 1.65158
0	07:00:25.914	'10019548': order was opened : #157652718 sell 0.09 GBPCAD at 1.65463 sl: 0.00000 tp: 1.65158
0	07:00:27.899	Notifications: 'order opened #157652718 sell 0.09 GBPCAD at 1.65463 tp: 1.65158' sent to 'D07ADD05'
0	21:21:44.982	'10019548': login on ICMarkets-Demo01 through Demo DC #2 (ping: 266.55 ms)
0	21:21:52.184	'10019548': login datacenter on ICMarkets-Demo01 through Demo DC #2 (ping: 266.55 ms)
0	21:21:52.958	'10019548': previous successful authorization performed from 139.5.78.154
0	21:22:12.512	'10019548': ping to current access point Demo DC #2 is 342.14 ms
