0	13:39:03.154	IC Markets MT4 build 1010 started (International Capital Markets Pty Ltd.)
0	13:39:03.158	Microsoft Windows 7 (x64 based PC), IE 09.00, 1 x Intel Pentium 4  2.40GHz, RAM: 255 / 488 Mb, HDD: 6551 / 20029 Mb, GMT+10:00
0	13:39:03.158	Data Folder: Z:\home\keith\MT4-1
2	13:39:06.054	Expert DumpTicks EURUSD,M1: loaded successfully
2	13:39:06.126	Expert Elpheba-20161030 EURUSD,H4: loaded successfully
0	13:39:07.337	'10010844': login on ICMarkets-Demo01 through Demo DC #3 (ping: 78.94 ms)
0	13:39:08.392	'10010844': login datacenter on ICMarkets-Demo01 through Demo DC #3 (ping: 78.94 ms)
0	13:39:08.705	'10010844': previous successful authorization performed from 203.221.189.232
0	13:39:27.053	'10010844': ping to current access point Demo DC #3 is 78.75 ms
2	13:41:48.217	Expert DumpTicks EURUSD,M1: removed
2	13:41:48.236	Expert Elpheba-20161030 EURUSD,H4: removed
0	13:41:48.849	IC Markets MT4 build 1010 stopped
0	13:53:10.258	IC Markets MT4 build 1010 started (International Capital Markets Pty Ltd.)
0	13:53:10.259	Microsoft Windows 7 (x64 based PC), IE 09.00, 1 x Intel Pentium 4  2.40GHz, RAM: 271 / 488 Mb, HDD: 6570 / 20029 Mb, GMT+10:00
0	13:53:10.259	Data Folder: Z:\home\keith\MT4-1
0	13:53:11.104	Sources recompilation started
0	13:53:13.892	Sources recompilation finished (1 compiled in 2792 msec)
2	13:53:15.590	Expert DumpTicks EURUSD,M1: loaded successfully
2	13:53:15.656	Expert Elpheba-20161030 EURUSD,H4: loaded successfully
0	13:53:16.680	'10010844': login on ICMarkets-Demo01 through Demo DC #3 (ping: 78.75 ms)
0	13:53:17.705	'10010844': login datacenter on ICMarkets-Demo01 through Demo DC #3 (ping: 78.75 ms)
0	13:53:18.016	'10010844': previous successful authorization performed from 138.68.53.131
2	13:55:35.843	Expert latency GBPUSD,H1: loaded successfully
0	13:55:44.004	'10010844': pending order buy limit 0.01 GBPUSD at 0.00001 sl: 0.00000 tp: 0.00000
0	13:55:44.205	'10010844': order was opened : #155140671 buy limit 0.01 GBPUSD at 0.00001 sl: 0.00000 tp: 0.00000
0	13:55:44.309	'10010844': delete pending order #155140671 buy limit 0.01 GBPUSD at 0.00001 sl: 0.00000 tp: 0.00000
0	13:55:44.561	'10010844': pending order #155140671 was deleted
0	13:55:46.102	Notifications: 'pending order opened #155140671 buy limit 0.01 GBPUSD at 0.00001, Latency EA' sent to 'D07ADD05'
0	13:55:47.225	Notifications: 'pending order #155140671 buy limit 0.01 GBPUSD at 0.00001 deleted' sent to 'D07ADD05'
0	14:00:44.691	'10010844': pending order buy limit 0.01 GBPUSD at 0.00001 sl: 0.00000 tp: 0.00000
0	14:00:45.183	'10010844': order was opened : #155141098 buy limit 0.01 GBPUSD at 0.00001 sl: 0.00000 tp: 0.00000
0	14:00:45.784	'10010844': delete pending order #155141098 buy limit 0.01 GBPUSD at 0.00001 sl: 0.00000 tp: 0.00000
0	14:00:46.366	Notifications: 'pending order opened #155141098 buy limit 0.01 GBPUSD at 0.00001, Latency EA' sent to 'D07ADD05'
0	14:00:46.715	'10010844': pending order #155141098 was deleted
0	14:00:47.453	Notifications: 'pending order #155141098 buy limit 0.01 GBPUSD at 0.00001 deleted' sent to 'D07ADD05'
0	14:06:42.765	'10010844': pending order buy limit 0.01 GBPUSD at 0.00001 sl: 0.00000 tp: 0.00000
0	14:09:05.200	'10010844': order was opened : #155141527 buy limit 0.01 GBPUSD at 0.00001 sl: 0.00000 tp: 0.00000
0	14:09:05.202	'10010844': delete pending order #155141527 buy limit 0.01 GBPUSD at 0.00001 sl: 0.00000 tp: 0.00000
0	14:09:05.964	'10010844': pending order #155141527 was deleted
0	14:09:06.124	Notifications: 'pending order opened #155141527 buy limit 0.01 GBPUSD at 0.00001, Latency EA' sent to 'D07ADD05'
0	14:09:07.209	Notifications: 'pending order #155141527 buy limit 0.01 GBPUSD at 0.00001 deleted' sent to 'D07ADD05'
0	14:14:05.723	'10010844': pending order buy limit 0.01 GBPUSD at 0.00001 sl: 0.00000 tp: 0.00000
0	14:14:06.039	'10010844': order was opened : #155141921 buy limit 0.01 GBPUSD at 0.00001 sl: 0.00000 tp: 0.00000
0	14:14:07.091	Notifications: 'pending order opened #155141921 buy limit 0.01 GBPUSD at 0.00001, Latency EA' sent to 'D07ADD05'
0	14:14:08.253	'10010844': delete pending order #155141921 buy limit 0.01 GBPUSD at 0.00001 sl: 0.00000 tp: 0.00000
0	14:14:08.585	'10010844': pending order #155141921 was deleted
0	14:14:09.588	Notifications: 'pending order #155141921 buy limit 0.01 GBPUSD at 0.00001 deleted' sent to 'D07ADD05'
0	14:19:08.713	'10010844': pending order buy limit 0.01 GBPUSD at 0.00001 sl: 0.00000 tp: 0.00000
0	14:19:09.004	'10010844': order was opened : #155142162 buy limit 0.01 GBPUSD at 0.00001 sl: 0.00000 tp: 0.00000
0	14:19:09.004	'10010844': delete pending order #155142162 buy limit 0.01 GBPUSD at 0.00001 sl: 0.00000 tp: 0.00000
0	14:19:09.332	'10010844': pending order #155142162 was deleted
0	14:19:10.036	Notifications: 'pending order opened #155142162 buy limit 0.01 GBPUSD at 0.00001, Latency EA' sent to 'D07ADD05'
0	14:19:11.188	Notifications: 'pending order #155142162 buy limit 0.01 GBPUSD at 0.00001 deleted' sent to 'D07ADD05'
0	14:24:09.162	'10010844': pending order buy limit 0.01 GBPUSD at 0.00001 sl: 0.00000 tp: 0.00000
0	14:24:09.423	'10010844': order was opened : #155142281 buy limit 0.01 GBPUSD at 0.00001 sl: 0.00000 tp: 0.00000
0	14:24:10.573	Notifications: 'pending order opened #155142281 buy limit 0.01 GBPUSD at 0.00001, Latency EA' sent to 'D07ADD05'
0	14:24:11.389	'10010844': delete pending order #155142281 buy limit 0.01 GBPUSD at 0.00001 sl: 0.00000 tp: 0.00000
0	14:24:11.625	'10010844': pending order #155142281 was deleted
0	14:24:12.642	Notifications: 'pending order #155142281 buy limit 0.01 GBPUSD at 0.00001 deleted' sent to 'D07ADD05'
0	14:29:11.158	'10010844': pending order buy limit 0.01 GBPUSD at 0.00001 sl: 0.00000 tp: 0.00000
0	14:29:11.576	'10010844': order was opened : #155142458 buy limit 0.01 GBPUSD at 0.00001 sl: 0.00000 tp: 0.00000
0	14:29:11.576	'10010844': delete pending order #155142458 buy limit 0.01 GBPUSD at 0.00001 sl: 0.00000 tp: 0.00000
0	14:29:11.810	'10010844': pending order #155142458 was deleted
0	14:29:12.606	Notifications: 'pending order opened #155142458 buy limit 0.01 GBPUSD at 0.00001, Latency EA' sent to 'D07ADD05'
0	14:29:13.776	Notifications: 'pending order #155142458 buy limit 0.01 GBPUSD at 0.00001 deleted' sent to 'D07ADD05'
2	14:29:31.127	Expert latency GBPUSD,H1: removed
0	17:00:01.197	'10010844': order buy market 0.01 AUDJPY sl: 0.000 tp: 81.942
0	17:00:24.413	'10010844': order was opened : #155150821 buy 0.01 AUDJPY at 81.648 sl: 0.000 tp: 81.942
0	17:00:25.582	Notifications: 'order opened #155150821 buy 0.01 AUDJPY at 81.648 tp: 81.942' sent to 'D07ADD05'
