0	08:00:03.387	'10010844': order sell market 0.01 EURJPY sl: 0.000 tp: 112.886
1	08:00:03.585	'10010844': order sell 0.01 EURJPY opening at market sl: 0.000 tp: 112.886 failed [Market is closed]
0	08:00:03.596	'10010844': order buy market 0.01 GBPCAD sl: 0.00000 tp: 1.63348
1	08:00:03.789	'10010844': order buy 0.01 GBPCAD opening at market sl: 0.00000 tp: 1.63348 failed [Market is closed]
0	08:07:06.119	'10010844': login on ICMarkets-Demo01 through Demo DC US (ping: 80.86 ms)
0	08:07:07.858	'10010844': login datacenter on ICMarkets-Demo01 through Demo DC US (ping: 80.86 ms)
0	08:07:09.233	'10010844': previous successful authorization performed from 59.102.100.137
0	08:07:30.847	'10010844': ping to current access point Demo DC US is 80.84 ms
0	10:09:26.256	'10010844': modify order #152165190 sell 0.01 EURJPY at 113.562 sl: 0.000 tp: 112.967 -> sl: 113.412 tp: 112.753
0	10:09:26.464	'10010844': order #152165190 sell 0.01 EURJPY at 113.562 was modified -> sl: 113.412 tp: 112.753
0	10:09:27.523	Notifications: 'order #152165190 sell 0.01 EURJPY at 113.562 modified: sl: 0.000 tp: 112.967 -> sl: 113.412 tp: 112.753' sent to 'D07ADD05'
0	10:13:31.914	'10010844': modify order #152165190 sell 0.01 EURJPY at 113.562 sl: 113.412 tp: 112.753 -> sl: 113.411 tp: 112.752
0	10:13:32.201	'10010844': order #152165190 sell 0.01 EURJPY at 113.562 was modified -> sl: 113.411 tp: 112.752
0	10:13:33.162	Notifications: 'order #152165190 sell 0.01 EURJPY at 113.562 modified: sl: 113.412 tp: 112.753 -> sl: 113.411 tp: 112.752' sent to 'D07ADD05'
0	10:13:39.806	'10010844': modify order #152165190 sell 0.01 EURJPY at 113.562 sl: 113.411 tp: 112.752 -> sl: 113.410 tp: 112.751
0	10:13:40.066	'10010844': order #152165190 sell 0.01 EURJPY at 113.562 was modified -> sl: 113.410 tp: 112.751
0	10:13:41.095	Notifications: 'order #152165190 sell 0.01 EURJPY at 113.562 modified: sl: 113.411 tp: 112.752 -> sl: 113.410 tp: 112.751' sent to 'D07ADD05'
0	10:13:43.944	'10010844': modify order #152165190 sell 0.01 EURJPY at 113.562 sl: 113.410 tp: 112.751 -> sl: 113.408 tp: 112.749
0	10:13:44.187	'10010844': order #152165190 sell 0.01 EURJPY at 113.562 was modified -> sl: 113.408 tp: 112.749
0	10:13:45.130	Notifications: 'order #152165190 sell 0.01 EURJPY at 113.562 modified: sl: 113.410 tp: 112.751 -> sl: 113.408 tp: 112.749' sent to 'D07ADD05'
0	10:13:47.317	'10010844': modify order #152165190 sell 0.01 EURJPY at 113.562 sl: 113.408 tp: 112.749 -> sl: 113.403 tp: 112.747
0	10:13:48.281	'10010844': order #152165190 sell 0.01 EURJPY at 113.562 was modified -> sl: 113.403 tp: 112.747
0	10:13:49.336	Notifications: 'order #152165190 sell 0.01 EURJPY at 113.562 modified: sl: 113.408 tp: 112.749 -> sl: 113.403 tp: 112.747' sent to 'D07ADD05'
0	10:17:33.735	'10010844': close order #152165190 sell 0.01 EURJPY at 113.562 sl: 113.403 tp: 112.747 at price 0.000
0	10:17:34.147	'10010844': order #152165190 sell 0.01 EURJPY at 113.562 sl: 113.403 tp: 112.747 closed at price 113.390
0	10:17:35.363	Notifications: 'order #152165190 sell 0.01 EURJPY at 113.562 closed at price 113.390, profit: 2.16 AUD' sent to 'D07ADD05'
2	11:59:51.026	Expert Elpheba-20161020 EURUSD,H4: removed
2	11:59:51.072	Expert Elpheba-20161020 EURUSD,H4: loaded successfully
0	20:00:01.797	'10010844': order sell market 0.01 EURUSD sl: 0.00000 tp: 1.08654
0	20:03:17.388	'10010844': order was opened : #152349737 sell 0.01 EURUSD at 1.09237 sl: 0.00000 tp: 1.08654
0	20:03:18.444	Notifications: 'order opened #152349737 sell 0.01 EURUSD at 1.09237 tp: 1.08654' sent to 'D07ADD05'
