0	02:11:14.289	IC Markets MT4 build 1010 started (International Capital Markets Pty Ltd.)
0	02:11:14.293	Microsoft Windows 7 (x64 based PC), IE 09.00, 1 x Intel Pentium 4  2.40GHz, RAM: 137 / 488 Mb, HDD: 6453 / 20029 Mb, GMT+00:00
0	02:11:14.293	Data Folder: Z:\home\keith\MT4-1
0	02:11:15.019	Sources recompilation started
0	02:11:19.901	Sources recompilation finished (1 compiled in 4886 msec)
2	02:11:23.826	Expert DumpTicks EURUSD,M1: loaded successfully
2	02:11:24.248	Expert Elpheba-20161020 EURUSD,H4: loaded successfully
1	02:12:26.112	'10010844': connect failed [No connection]
0	02:20:21.478	'10010844': login on ICMarkets-Demo01 through Demo DC US (ping: n/a)
0	02:20:33.142	'10010844': login datacenter on ICMarkets-Demo01 through Demo DC US (ping: n/a)
0	02:20:55.866	'10010844': ping to current access point Demo DC US is 77.86 ms
0	02:21:31.273	'10010844': previous successful authorization performed from 120.17.86.89
1	06:04:16.919	'10010844': connect failed [No connection]
0	06:04:22.210	'10010844': login on ICMarkets-Demo01 through Demo DC (ping: 76.41 ms)
1	06:05:28.136	'10010844': connect failed [No connection]
0	06:06:34.333	'10010844': login on ICMarkets-Demo01 through Demo DC (ping: n/a)
1	06:08:42.289	'10010844': connect failed [No connection]
0	06:09:49.411	'10010844': login on ICMarkets-Demo01 through Demo DC US (ping: n/a)
0	06:10:02.187	'10010844': login datacenter on ICMarkets-Demo01 through Demo DC US (ping: n/a)
0	06:10:02.484	'10010844': previous successful authorization performed from 138.68.53.131
0	06:10:24.874	'10010844': ping to current access point Demo DC US is 78.44 ms
1	06:14:22.551	'10010844': ping failed
0	06:14:22.788	'10010844': login on ICMarkets-Demo01 through Demo DC US (ping: 78.44 ms)
0	06:15:28.361	'10010844': login on ICMarkets-Demo01 through Demo DC (ping: 75.54 ms)
0	06:15:33.200	'10010844': login datacenter on ICMarkets-Demo01 through Demo DC (ping: 75.54 ms)
0	06:15:33.440	'10010844': previous successful authorization performed from 138.68.53.131
1	06:19:16.913	'10010844': connect failed [No connection]
0	06:22:41.432	'10010844': login on ICMarkets-Demo01 through Demo DC US (ping: n/a)
1	06:24:49.102	'10010844': connect failed [No connection]
0	06:25:55.515	'10010844': login on ICMarkets-Demo01 through Demo DC (ping: n/a)
0	06:25:56.235	'10010844': login datacenter on ICMarkets-Demo01 through Demo DC (ping: n/a)
0	06:25:56.547	'10010844': previous successful authorization performed from 138.68.53.131
0	06:26:18.876	'10010844': ping to current access point Demo DC is 75.49 ms
0	06:34:31.499	'10010844': login on ICMarkets-Demo01 through Demo DC (ping: 75.49 ms)
0	06:35:37.397	'10010844': login on ICMarkets-Demo01 through Demo DC US (ping: 78.67 ms)
0	06:35:56.706	'10010844': login datacenter on ICMarkets-Demo01 through Demo DC US (ping: 78.67 ms)
0	06:35:57.017	'10010844': previous successful authorization performed from 138.68.53.131
1	06:39:37.073	'10010844': ping failed
0	06:39:37.317	'10010844': login on ICMarkets-Demo01 through Demo DC US (ping: 78.67 ms)
0	06:39:54.128	'10010844': login datacenter on ICMarkets-Demo01 through Demo DC US (ping: 78.67 ms)
0	06:39:54.399	'10010844': previous successful authorization performed from 138.68.53.131
0	06:44:36.127	'10010844': login on ICMarkets-Demo01 through Demo DC US (ping: 78.67 ms)
0	06:44:58.031	'10010844': login datacenter on ICMarkets-Demo01 through Demo DC US (ping: 78.67 ms)
0	06:44:58.302	'10010844': previous successful authorization performed from 138.68.53.131
1	07:00:01.213	'10010844': connect failed [No connection]
0	07:01:12.495	'10010844': login on ICMarkets-Demo01 through Demo DC (ping: n/a)
0	07:01:17.770	'10010844': login datacenter on ICMarkets-Demo01 through Demo DC (ping: n/a)
0	07:01:18.070	'10010844': previous successful authorization performed from 138.68.53.131
0	07:01:39.842	'10010844': ping to current access point Demo DC is 75.42 ms
2	09:09:21.381	Expert DumpTicks EURUSD,M1: removed
2	09:09:21.407	Expert Elpheba-20161020 EURUSD,H4: removed
0	09:09:22.288	IC Markets MT4 build 1010 stopped
0	20:11:13.408	IC Markets MT4 build 1010 started (International Capital Markets Pty Ltd.)
0	20:11:13.409	Microsoft Windows 7 (x64 based PC), IE 09.00, 1 x Intel Pentium 4  2.40GHz, RAM: 165 / 488 Mb, HDD: 6417 / 20029 Mb, GMT+10:00
0	20:11:13.409	Data Folder: Z:\home\keith\MT4-1
0	20:11:14.089	Sources recompilation started
0	20:11:16.704	Sources recompilation finished (1 compiled in 2620 msec)
2	20:11:18.371	Expert DumpTicks EURUSD,M1: loaded successfully
2	20:11:18.482	Expert Elpheba-20161020 EURUSD,H4: loaded successfully
0	20:11:19.395	'10010844': login on ICMarkets-Demo01 through Demo DC (ping: 75.42 ms)
0	20:11:20.467	'10010844': login datacenter on ICMarkets-Demo01 through Demo DC (ping: 75.42 ms)
0	20:11:20.794	'10010844': previous successful authorization performed from 138.68.53.131
0	20:11:43.371	'10010844': auto connecting to a better access point Demo DC US (ping is 78.35 ms)
0	20:11:43.867	'10010844': login on ICMarkets-Demo01 through Demo DC US (ping: 78.35 ms)
0	20:11:44.751	'10010844': login datacenter on ICMarkets-Demo01 through Demo DC US (ping: 78.35 ms)
0	20:11:45.017	'10010844': previous successful authorization performed from 138.68.53.131
2	21:06:40.777	Expert Elpheba-20161020 EURUSD,H4: removed
2	21:06:40.819	Expert Elpheba-20161030 EURUSD,H4: loaded successfully
2	21:07:13.881	Expert DumpTicks EURUSD,M1: removed
2	21:07:13.899	Expert Elpheba-20161030 EURUSD,H4: removed
0	21:07:14.549	IC Markets MT4 build 1010 stopped
0	21:15:01.384	IC Markets MT4 build 1010 started (International Capital Markets Pty Ltd.)
0	21:15:01.384	Microsoft Windows 7 (x64 based PC), IE 09.00, 1 x Intel Pentium 4  2.40GHz, RAM: 172 / 488 Mb, HDD: 6411 / 20029 Mb, GMT+10:00
0	21:15:01.384	Data Folder: Z:\home\keith\MT4-1
2	21:15:03.846	Expert DumpTicks EURUSD,M1: loaded successfully
2	21:15:03.910	Expert Elpheba-20161030 EURUSD,H4: loaded successfully
0	21:15:04.953	'10010844': login on ICMarkets-Demo01 through Demo DC US (ping: 78.35 ms)
0	21:15:05.994	'10010844': login datacenter on ICMarkets-Demo01 through Demo DC US (ping: 78.35 ms)
0	21:15:06.306	'10010844': previous successful authorization performed from 138.68.53.131
0	21:15:29.873	'10010844': ping to current access point Demo DC US is 78.38 ms
