0	01:30:01.398	'10019548': order buy market 0.08 USDCHF sl: 0.00000 tp: 1.01829
0	01:30:31.754	'10019548': order was opened : #156364000 buy 0.08 USDCHF at 1.01529 sl: 0.00000 tp: 1.01829
0	01:30:33.593	Notifications: 'order opened #156364000 buy 0.08 USDCHF at 1.01529 tp: 1.01829' sent to 'D07ADD05'
0	01:45:00.294	'10019548': order buy market 0.08 USDCHF sl: 0.00000 tp: 1.01819
0	01:45:11.433	'10019548': order was opened : #156366250 buy 0.08 USDCHF at 1.01518 sl: 0.00000 tp: 1.01819
0	01:45:13.340	Notifications: 'order opened #156366250 buy 0.08 USDCHF at 1.01518 tp: 1.01819' sent to 'D07ADD05'
0	02:00:00.412	'10019548': order sell market 0.08 AUDCAD sl: 0.00000 tp: 0.99869
0	02:01:10.866	'10019548': order was opened : #156369045 sell 0.08 AUDCAD at 1.00231 sl: 0.00000 tp: 0.99869
0	02:01:10.866	'10019548': order buy market 0.08 USDCHF sl: 0.00000 tp: 1.01801
0	02:01:11.505	'10019548': order was opened : #156369046 buy 0.08 USDCHF at 1.01506 sl: 0.00000 tp: 1.01801
0	02:01:11.507	'10019548': order sell market 0.08 XAUUSD sl: 0.00 tp: 1183.55
0	02:01:12.334	'10019548': order was opened : #156369052 sell 0.08 XAUUSD at 1186.54 sl: 0.00 tp: 1183.55
0	02:01:12.779	Notifications: 'order opened #156369045 sell 0.08 AUDCAD at 1.00231 tp: 0.99869' sent to 'D07ADD05'
0	02:01:14.594	Notifications: 'order opened #156369046 buy 0.08 USDCHF at 1.01506 tp: 1.01801' sent to 'D07ADD05'
0	02:01:16.400	Notifications: 'order opened #156369052 sell 0.08 XAUUSD at 1186.54 tp: 1183.55' sent to 'D07ADD05'
0	08:40:27.534	'10019548': login on ICMarkets-Demo01 through Demo DC #3 (ping: 233.38 ms)
0	08:40:30.135	'10019548': login datacenter on ICMarkets-Demo01 through Demo DC #3 (ping: 233.38 ms)
0	08:40:30.650	'10019548': previous successful authorization performed from 27.33.171.229
0	08:40:48.021	'10019548': ping to current access point Demo DC #3 is 231.03 ms
0	16:47:22.651	'10019548': login on ICMarkets-Demo01 through Demo DC #3 (ping: 231.03 ms)
0	16:47:25.381	'10019548': login datacenter on ICMarkets-Demo01 through Demo DC #3 (ping: 231.03 ms)
0	16:47:25.986	'10019548': previous successful authorization performed from 27.33.227.76
0	16:47:45.081	'10019548': ping to current access point Demo DC #3 is 253.17 ms
0	22:06:19.444	'10019548': modify order #156369045 sell 0.08 AUDCAD at 1.00231 sl: 0.00000 tp: 0.99869 -> sl: 1.00027 tp: 0.99868
0	22:06:20.299	'10019548': order #156369045 sell 0.08 AUDCAD at 1.00231 was modified -> sl: 1.00027 tp: 0.99868
0	22:06:21.601	'10019548': modify order #156369045 sell 0.08 AUDCAD at 1.00231 sl: 1.00027 tp: 0.99868 -> sl: 1.00026 tp: 0.99863
0	22:06:22.276	'10019548': order #156369045 sell 0.08 AUDCAD at 1.00231 was modified -> sl: 1.00026 tp: 0.99863
0	22:06:22.609	'10019548': modify order #156369045 sell 0.08 AUDCAD at 1.00231 sl: 1.00026 tp: 0.99863 -> sl: 1.00024 tp: 0.99861
0	22:06:23.244	Notifications: 'order #156369045 sell 0.08 AUDCAD at 1.00231 modified: sl: 0.00000 tp: 0.99869 -> sl: 1.00027 tp: 0.99868' sent to 'D07ADD05'
0	22:06:23.618	'10019548': order #156369045 sell 0.08 AUDCAD at 1.00231 was modified -> sl: 1.00024 tp: 0.99861
0	22:06:23.619	'10019548': modify order #156369045 sell 0.08 AUDCAD at 1.00231 sl: 1.00024 tp: 0.99861 -> sl: 1.00023 tp: 0.99861
0	22:06:24.385	'10019548': order #156369045 sell 0.08 AUDCAD at 1.00231 was modified -> sl: 1.00023 tp: 0.99861
0	22:06:24.539	'10019548': modify order #156369045 sell 0.08 AUDCAD at 1.00231 sl: 1.00023 tp: 0.99861 -> sl: 1.00022 tp: 0.99859
0	22:06:25.436	'10019548': order #156369045 sell 0.08 AUDCAD at 1.00231 was modified -> sl: 1.00022 tp: 0.99859
0	22:06:26.365	Notifications: 'order #156369045 sell 0.08 AUDCAD at 1.00231 modified: sl: 1.00027 tp: 0.99868 -> sl: 1.00026 tp: 0.99863' sent to 'D07ADD05'
0	22:06:26.551	'10019548': modify order #156369045 sell 0.08 AUDCAD at 1.00231 sl: 1.00022 tp: 0.99859 -> sl: 1.00016 tp: 0.99854
0	22:06:27.983	'10019548': order #156369045 sell 0.08 AUDCAD at 1.00231 was modified -> sl: 1.00016 tp: 0.99854
0	22:06:27.986	'10019548': modify order #156369045 sell 0.08 AUDCAD at 1.00231 sl: 1.00016 tp: 0.99854 -> sl: 1.00017 tp: 0.99854
0	22:06:28.690	'10019548': order #156369045 sell 0.08 AUDCAD at 1.00231 was modified -> sl: 1.00017 tp: 0.99854
0	22:06:28.836	'10019548': modify order #156369045 sell 0.08 AUDCAD at 1.00231 sl: 1.00017 tp: 0.99854 -> sl: 1.00009 tp: 0.99847
0	22:06:30.243	Notifications: 'order #156369045 sell 0.08 AUDCAD at 1.00231 modified: sl: 1.00026 tp: 0.99863 -> sl: 1.00024 tp: 0.99861' sent to 'D07ADD05'
0	22:06:30.824	'10019548': order #156369045 sell 0.08 AUDCAD at 1.00231 was modified -> sl: 1.00009 tp: 0.99847
0	22:06:30.825	'10019548': modify order #156369045 sell 0.08 AUDCAD at 1.00231 sl: 1.00009 tp: 0.99847 -> sl: 1.00005 tp: 0.99844
0	22:06:31.856	'10019548': order #156369045 sell 0.08 AUDCAD at 1.00231 was modified -> sl: 1.00005 tp: 0.99844
0	22:06:31.856	'10019548': modify order #156369045 sell 0.08 AUDCAD at 1.00231 sl: 1.00005 tp: 0.99844 -> sl: 0.99999 tp: 0.99836
0	22:06:32.517	'10019548': order #156369045 sell 0.08 AUDCAD at 1.00231 was modified -> sl: 0.99999 tp: 0.99836
0	22:06:37.258	Notifications: 'order #156369045 sell 0.08 AUDCAD at 1.00231 modified: sl: 1.00024 tp: 0.99861 -> sl: 1.00023 tp: 0.99861' sent to 'D07ADD05'
0	22:06:39.174	Notifications: 'order #156369045 sell 0.08 AUDCAD at 1.00231 modified: sl: 1.00023 tp: 0.99861 -> sl: 1.00022 tp: 0.99859' sent to 'D07ADD05'
0	22:06:41.197	Notifications: 'order #156369045 sell 0.08 AUDCAD at 1.00231 modified: sl: 1.00022 tp: 0.99859 -> sl: 1.00016 tp: 0.99854' sent to 'D07ADD05'
0	22:06:48.741	Notifications: 'order #156369045 sell 0.08 AUDCAD at 1.00231 modified: sl: 1.00016 tp: 0.99854 -> sl: 1.00017 tp: 0.99854' sent to 'D07ADD05'
0	22:06:50.110	'10019548': modify order #156369045 sell 0.08 AUDCAD at 1.00231 sl: 0.99999 tp: 0.99836 -> sl: 1.00000 tp: 0.99838
0	22:06:51.444	'10019548': order #156369045 sell 0.08 AUDCAD at 1.00231 was modified -> sl: 1.00000 tp: 0.99838
0	22:06:51.445	'10019548': modify order #156369045 sell 0.08 AUDCAD at 1.00231 sl: 1.00000 tp: 0.99838 -> sl: 0.99995 tp: 0.99832
0	22:06:51.942	Notifications: 'order #156369045 sell 0.08 AUDCAD at 1.00231 modified: sl: 1.00017 tp: 0.99854 -> sl: 1.00009 tp: 0.99847' sent to 'D07ADD05'
0	22:06:55.097	Notifications: 'order #156369045 sell 0.08 AUDCAD at 1.00231 modified: sl: 1.00009 tp: 0.99847 -> sl: 1.00005 tp: 0.99844' sent to 'D07ADD05'
0	22:06:57.495	Notifications: 'order #156369045 sell 0.08 AUDCAD at 1.00231 modified: sl: 1.00005 tp: 0.99844 -> sl: 0.99999 tp: 0.99836' sent to 'D07ADD05'
0	22:06:59.773	Notifications: 'order #156369045 sell 0.08 AUDCAD at 1.00231 modified: sl: 0.99999 tp: 0.99836 -> sl: 1.00000 tp: 0.99838' sent to 'D07ADD05'
0	22:07:31.983	'10019548': order #156369045 sell 0.08 AUDCAD at 1.00231 was modified -> sl: 0.99995 tp: 0.99832
0	22:07:31.983	'10019548': modify order #156369045 sell 0.08 AUDCAD at 1.00231 sl: 0.99995 tp: 0.99832 -> sl: 0.99913 tp: 0.99758
0	22:07:35.835	Notifications: 'order #156369045 sell 0.08 AUDCAD at 1.00231 modified: sl: 1.00000 tp: 0.99838 -> sl: 0.99995 tp: 0.99832' sent to 'D07ADD05'
0	22:07:53.262	'10019548': order #156369045 sell 0.08 AUDCAD at 1.00231 closed due take-profit at price 0.99832
0	22:07:55.176	Notifications: 'order #156369045 sell 0.08 AUDCAD at 1.00231 closed due take-profit at price 0.99832, profit: 31.97 AUD' sent to 'D07ADD05'
1	22:09:42.553	'10019548': modification of invalid order #156369045
0	22:30:01.423	'10019548': order sell market 0.08 USDCHF sl: 0.00000 tp: 1.01075
0	22:30:14.121	'10019548': order was opened : #156493436 sell 0.08 USDCHF at 1.01366 sl: 0.00000 tp: 1.01075
0	22:30:17.110	Notifications: 'order opened #156493436 sell 0.08 USDCHF at 1.01366 tp: 1.01075' sent to 'D07ADD05'
0	22:45:02.474	'10019548': order sell market 0.08 USDCHF sl: 0.00000 tp: 1.01120
0	22:45:52.054	'10019548': order was opened : #156495464 sell 0.08 USDCHF at 1.01423 sl: 0.00000 tp: 1.01120
0	22:45:57.451	Notifications: 'order opened #156495464 sell 0.08 USDCHF at 1.01423 tp: 1.01120' sent to 'D07ADD05'
0	23:14:22.655	'10019548': modify order #156369052 sell 0.08 XAUUSD at 1186.54 sl: 0.00 tp: 1183.55 -> sl: 1185.13 tp: 1183.54
0	23:14:29.083	'10019548': order #156369052 sell 0.08 XAUUSD at 1186.54 was modified -> sl: 1185.13 tp: 1183.54
0	23:14:33.033	Notifications: 'order #156369052 sell 0.08 XAUUSD at 1186.54 modified: sl: 0.00 tp: 1183.55 -> sl: 1185.13 tp: 1183.54' sent to 'D07ADD05'
0	23:14:33.996	'10019548': modify order #156369052 sell 0.08 XAUUSD at 1186.54 sl: 1185.13 tp: 1183.54 -> sl: 1185.13 tp: 1183.47
0	23:14:34.816	'10019548': order #156369052 sell 0.08 XAUUSD at 1186.54 was modified -> sl: 1185.13 tp: 1183.47
0	23:14:39.447	Notifications: 'order #156369052 sell 0.08 XAUUSD at 1186.54 modified: sl: 1185.13 tp: 1183.54 -> sl: 1185.13 tp: 1183.47' sent to 'D07ADD05'
0	23:16:04.053	'10019548': modify order #156369052 sell 0.08 XAUUSD at 1186.54 sl: 1185.13 tp: 1183.47 -> sl: 1185.06 tp: 1183.41
0	23:16:05.877	'10019548': order #156369052 sell 0.08 XAUUSD at 1186.54 was modified -> sl: 1185.06 tp: 1183.41
0	23:16:08.347	'10019548': modify order #156369052 sell 0.08 XAUUSD at 1186.54 sl: 1185.06 tp: 1183.41 -> sl: 1185.05 tp: 1183.46
0	23:16:09.285	'10019548': order #156369052 sell 0.08 XAUUSD at 1186.54 was modified -> sl: 1185.05 tp: 1183.46
0	23:16:09.792	Notifications: 'order #156369052 sell 0.08 XAUUSD at 1186.54 modified: sl: 1185.13 tp: 1183.47 -> sl: 1185.06 tp: 1183.41' sent to 'D07ADD05'
0	23:16:10.108	'10019548': modify order #156369052 sell 0.08 XAUUSD at 1186.54 sl: 1185.05 tp: 1183.46 -> sl: 1185.01 tp: 1183.44
0	23:16:12.646	Notifications: 'order #156369052 sell 0.08 XAUUSD at 1186.54 modified: sl: 1185.06 tp: 1183.41 -> sl: 1185.05 tp: 1183.46' sent to 'D07ADD05'
0	23:16:12.851	'10019548': order #156369052 sell 0.08 XAUUSD at 1186.54 was modified -> sl: 1185.01 tp: 1183.44
0	23:16:12.852	'10019548': modify order #156369052 sell 0.08 XAUUSD at 1186.54 sl: 1185.01 tp: 1183.44 -> sl: 1184.99 tp: 1183.34
0	23:16:14.103	'10019548': order #156369052 sell 0.08 XAUUSD at 1186.54 was modified -> sl: 1184.99 tp: 1183.34
0	23:16:19.482	Notifications: 'order #156369052 sell 0.08 XAUUSD at 1186.54 modified: sl: 1185.05 tp: 1183.46 -> sl: 1185.01 tp: 1183.44' sent to 'D07ADD05'
0	23:16:22.050	Notifications: 'order #156369052 sell 0.08 XAUUSD at 1186.54 modified: sl: 1185.01 tp: 1183.44 -> sl: 1184.99 tp: 1183.34' sent to 'D07ADD05'
0	23:16:22.963	'10019548': modify order #156369052 sell 0.08 XAUUSD at 1186.54 sl: 1184.99 tp: 1183.34 -> sl: 1184.87 tp: 1183.23
0	23:16:23.665	'10019548': order #156369052 sell 0.08 XAUUSD at 1186.54 was modified -> sl: 1184.87 tp: 1183.23
0	23:16:27.288	Notifications: 'order #156369052 sell 0.08 XAUUSD at 1186.54 modified: sl: 1184.99 tp: 1183.34 -> sl: 1184.87 tp: 1183.23' sent to 'D07ADD05'
0	23:16:29.213	'10019548': modify order #156369052 sell 0.08 XAUUSD at 1186.54 sl: 1184.87 tp: 1183.23 -> sl: 1184.86 tp: 1183.21
0	23:16:30.561	'10019548': order #156369052 sell 0.08 XAUUSD at 1186.54 was modified -> sl: 1184.86 tp: 1183.21
0	23:16:33.262	Notifications: 'order #156369052 sell 0.08 XAUUSD at 1186.54 modified: sl: 1184.87 tp: 1183.23 -> sl: 1184.86 tp: 1183.21' sent to 'D07ADD05'
0	23:17:10.296	'10019548': modify order #156369052 sell 0.08 XAUUSD at 1186.54 sl: 1184.86 tp: 1183.21 -> sl: 1184.85 tp: 1183.22
0	23:17:11.006	'10019548': order #156369052 sell 0.08 XAUUSD at 1186.54 was modified -> sl: 1184.85 tp: 1183.22
0	23:17:15.360	Notifications: 'order #156369052 sell 0.08 XAUUSD at 1186.54 modified: sl: 1184.86 tp: 1183.21 -> sl: 1184.85 tp: 1183.22' sent to 'D07ADD05'
0	23:17:23.984	'10019548': modify order #156369052 sell 0.08 XAUUSD at 1186.54 sl: 1184.85 tp: 1183.22 -> sl: 1184.85 tp: 1183.21
0	23:17:24.552	'10019548': order #156369052 sell 0.08 XAUUSD at 1186.54 was modified -> sl: 1184.85 tp: 1183.21
0	23:17:29.200	Notifications: 'order #156369052 sell 0.08 XAUUSD at 1186.54 modified: sl: 1184.85 tp: 1183.22 -> sl: 1184.85 tp: 1183.21' sent to 'D07ADD05'
0	23:17:45.599	'10019548': modify order #156369052 sell 0.08 XAUUSD at 1186.54 sl: 1184.85 tp: 1183.21 -> sl: 1184.84 tp: 1183.21
0	23:17:46.713	'10019548': order #156369052 sell 0.08 XAUUSD at 1186.54 was modified -> sl: 1184.84 tp: 1183.21
0	23:17:46.714	'10019548': modify order #156369052 sell 0.08 XAUUSD at 1186.54 sl: 1184.84 tp: 1183.21 -> sl: 1184.82 tp: 1183.21
0	23:17:49.673	Notifications: 'order #156369052 sell 0.08 XAUUSD at 1186.54 modified: sl: 1184.85 tp: 1183.21 -> sl: 1184.84 tp: 1183.21' sent to 'D07ADD05'
0	23:19:19.955	'10019548': order #156369052 sell 0.08 XAUUSD at 1186.54 was modified -> sl: 1184.82 tp: 1183.21
0	23:19:19.956	'10019548': modify order #156364000 buy 0.08 USDCHF at 1.01529 sl: 0.00000 tp: 1.01829 -> sl: 1.01497 tp: 1.01650
0	23:19:20.728	'10019548': order #156364000 buy 0.08 USDCHF at 1.01529 was modified -> sl: 1.01497 tp: 1.01650
0	23:19:20.728	'10019548': modify order #156366250 buy 0.08 USDCHF at 1.01518 sl: 0.00000 tp: 1.01819 -> sl: 1.01494 tp: 1.01648
0	23:19:21.263	'10019548': order #156366250 buy 0.08 USDCHF at 1.01518 was modified -> sl: 1.01494 tp: 1.01648
0	23:19:21.263	'10019548': modify order #156369046 buy 0.08 USDCHF at 1.01506 sl: 0.00000 tp: 1.01801 -> sl: 1.01494 tp: 1.01648
0	23:19:22.031	'10019548': order #156369046 buy 0.08 USDCHF at 1.01506 was modified -> sl: 1.01494 tp: 1.01648
0	23:19:22.031	'10019548': modify order #156369052 sell 0.08 XAUUSD at 1186.54 sl: 1184.82 tp: 1183.21 -> sl: 1184.70 tp: 1183.03
0	23:19:22.490	'10019548': order #156369052 sell 0.08 XAUUSD at 1186.54 was modified -> sl: 1184.70 tp: 1183.03
0	23:19:22.490	'10019548': modify order #156493436 sell 0.08 USDCHF at 1.01366 sl: 0.00000 tp: 1.01075 -> sl: 1.01598 tp: 1.01444
0	23:19:22.994	'10019548': order #156493436 sell 0.08 USDCHF at 1.01366 was modified -> sl: 1.01598 tp: 1.01444
0	23:19:22.994	'10019548': modify order #156495464 sell 0.08 USDCHF at 1.01423 sl: 0.00000 tp: 1.01120 -> sl: 1.01598 tp: 1.01444
0	23:19:23.311	Notifications: 'order #156369052 sell 0.08 XAUUSD at 1186.54 modified: sl: 1184.84 tp: 1183.21 -> sl: 1184.82 tp: 1183.21' sent to 'D07ADD05'
0	23:19:23.466	'10019548': order #156495464 sell 0.08 USDCHF at 1.01423 was modified -> sl: 1.01598 tp: 1.01444
0	23:19:23.522	'10019548': modify order #156369052 sell 0.08 XAUUSD at 1186.54 sl: 1184.70 tp: 1183.03 -> sl: 1184.66 tp: 1182.99
0	23:19:24.606	'10019548': order #156369052 sell 0.08 XAUUSD at 1186.54 was modified -> sl: 1184.66 tp: 1182.99
0	23:19:25.388	'10019548': modify order #156364000 buy 0.08 USDCHF at 1.01529 sl: 1.01497 tp: 1.01650 -> sl: 1.01503 tp: 1.01658
0	23:19:26.224	'10019548': order #156364000 buy 0.08 USDCHF at 1.01529 was modified -> sl: 1.01503 tp: 1.01658
0	23:19:26.225	'10019548': modify order #156366250 buy 0.08 USDCHF at 1.01518 sl: 1.01494 tp: 1.01648 -> sl: 1.01503 tp: 1.01658
0	23:19:28.022	Notifications: 'Close up reached @ 1531.47' sent to 'D07ADD05'
0	23:19:28.768	'10019548': order #156366250 buy 0.08 USDCHF at 1.01518 was modified -> sl: 1.01503 tp: 1.01658
0	23:19:28.769	'10019548': modify order #156369046 buy 0.08 USDCHF at 1.01506 sl: 1.01494 tp: 1.01648 -> sl: 1.01503 tp: 1.01658
0	23:19:29.507	'10019548': order #156369046 buy 0.08 USDCHF at 1.01506 was modified -> sl: 1.01503 tp: 1.01658
0	23:19:29.507	'10019548': modify order #156369052 sell 0.08 XAUUSD at 1186.54 sl: 1184.66 tp: 1182.99 -> sl: 1184.54 tp: 1182.87
0	23:19:30.667	Notifications: 'order #156364000 buy 0.08 USDCHF at 1.01529 modified: sl: 0.00000 tp: 1.01829 -> sl: 1.01497 tp: 1.01650' sent to 'D07ADD05'
0	23:19:31.271	'10019548': order #156369052 sell 0.08 XAUUSD at 1186.54 was modified -> sl: 1184.54 tp: 1182.87
0	23:19:33.352	Notifications: 'order #156366250 buy 0.08 USDCHF at 1.01518 modified: sl: 0.00000 tp: 1.01819 -> sl: 1.01494 tp: 1.01648' sent to 'D07ADD05'
0	23:19:35.941	Notifications: 'order #156369046 buy 0.08 USDCHF at 1.01506 modified: sl: 0.00000 tp: 1.01801 -> sl: 1.01494 tp: 1.01648' sent to 'D07ADD05'
0	23:19:37.615	'10019548': modify order #156364000 buy 0.08 USDCHF at 1.01529 sl: 1.01503 tp: 1.01658 -> sl: 1.01504 tp: 1.01660
0	23:19:38.216	'10019548': order #156364000 buy 0.08 USDCHF at 1.01529 was modified -> sl: 1.01504 tp: 1.01660
0	23:19:38.216	'10019548': modify order #156366250 buy 0.08 USDCHF at 1.01518 sl: 1.01503 tp: 1.01658 -> sl: 1.01504 tp: 1.01660
0	23:19:38.516	Notifications: 'order #156369052 sell 0.08 XAUUSD at 1186.54 modified: sl: 1184.82 tp: 1183.21 -> sl: 1184.70 tp: 1183.03' sent to 'D07ADD05'
0	23:19:42.107	Notifications: 'order #156493436 sell 0.08 USDCHF at 1.01366 modified: sl: 0.00000 tp: 1.01075 -> sl: 1.01598 tp: 1.01444' sent to 'D07ADD05'
0	23:19:44.092	Notifications: 'order #156495464 sell 0.08 USDCHF at 1.01423 modified: sl: 0.00000 tp: 1.01120 -> sl: 1.01598 tp: 1.01444' sent to 'D07ADD05'
0	23:19:46.048	Notifications: 'order #156369052 sell 0.08 XAUUSD at 1186.54 modified: sl: 1184.70 tp: 1183.03 -> sl: 1184.66 tp: 1182.99' sent to 'D07ADD05'
0	23:19:48.252	Notifications: 'order #156364000 buy 0.08 USDCHF at 1.01529 modified: sl: 1.01497 tp: 1.01650 -> sl: 1.01503 tp: 1.01658' sent to 'D07ADD05'
0	23:19:50.334	Notifications: 'order #156366250 buy 0.08 USDCHF at 1.01518 modified: sl: 1.01494 tp: 1.01648 -> sl: 1.01503 tp: 1.01658' sent to 'D07ADD05'
0	23:19:53.129	Notifications: 'order #156369046 buy 0.08 USDCHF at 1.01506 modified: sl: 1.01494 tp: 1.01648 -> sl: 1.01503 tp: 1.01658' sent to 'D07ADD05'
0	23:19:56.342	Notifications: 'order #156369052 sell 0.08 XAUUSD at 1186.54 modified: sl: 1184.66 tp: 1182.99 -> sl: 1184.54 tp: 1182.87' sent to 'D07ADD05'
0	23:20:04.194	Notifications: 'order #156364000 buy 0.08 USDCHF at 1.01529 modified: sl: 1.01503 tp: 1.01658 -> sl: 1.01504 tp: 1.01660' sent to 'D07ADD05'
0	23:20:09.944	'10019548': order #156369052 sell 0.08 XAUUSD at 1186.54 closed due stop-loss at price 1184.54
0	23:20:12.634	Notifications: 'order #156369052 sell 0.08 XAUUSD at 1186.54 closed due stop-loss at price 1184.54, profit: 21.50 AUD' sent to 'D07ADD05'
0	23:20:36.258	'10019548': order #156366250 buy 0.08 USDCHF at 1.01518 was modified -> sl: 1.01504 tp: 1.01660
0	23:20:36.258	'10019548': modify order #156369046 buy 0.08 USDCHF at 1.01506 sl: 1.01503 tp: 1.01658 -> sl: 1.01509 tp: 1.01664
0	23:20:37.166	'10019548': order #156369046 buy 0.08 USDCHF at 1.01506 was modified -> sl: 1.01509 tp: 1.01664
0	23:20:37.166	'10019548': modify order #156364000 buy 0.08 USDCHF at 1.01529 sl: 1.01504 tp: 1.01660 -> sl: 1.01508 tp: 1.01664
0	23:20:39.505	'10019548': order #156364000 buy 0.08 USDCHF at 1.01529 was modified -> sl: 1.01508 tp: 1.01664
0	23:20:39.505	'10019548': modify order #156366250 buy 0.08 USDCHF at 1.01518 sl: 1.01504 tp: 1.01660 -> sl: 1.01509 tp: 1.01664
0	23:20:40.174	Notifications: 'order #156366250 buy 0.08 USDCHF at 1.01518 modified: sl: 1.01503 tp: 1.01658 -> sl: 1.01504 tp: 1.01660' sent to 'D07ADD05'
0	23:20:40.245	'10019548': order #156366250 buy 0.08 USDCHF at 1.01518 was modified -> sl: 1.01509 tp: 1.01664
0	23:20:43.407	Notifications: 'order #156369046 buy 0.08 USDCHF at 1.01506 modified: sl: 1.01503 tp: 1.01658 -> sl: 1.01509 tp: 1.01664' sent to 'D07ADD05'
0	23:20:45.044	'10019548': modify order #156364000 buy 0.08 USDCHF at 1.01529 sl: 1.01508 tp: 1.01664 -> sl: 1.01509 tp: 1.01666
0	23:20:45.866	'10019548': order #156364000 buy 0.08 USDCHF at 1.01529 was modified -> sl: 1.01509 tp: 1.01666
0	23:20:46.106	Notifications: 'order #156364000 buy 0.08 USDCHF at 1.01529 modified: sl: 1.01504 tp: 1.01660 -> sl: 1.01508 tp: 1.01664' sent to 'D07ADD05'
0	23:20:49.186	Notifications: 'order #156366250 buy 0.08 USDCHF at 1.01518 modified: sl: 1.01504 tp: 1.01660 -> sl: 1.01509 tp: 1.01664' sent to 'D07ADD05'
0	23:20:51.178	Notifications: 'order #156364000 buy 0.08 USDCHF at 1.01529 modified: sl: 1.01508 tp: 1.01664 -> sl: 1.01509 tp: 1.01666' sent to 'D07ADD05'
0	23:20:52.522	'10019548': modify order #156364000 buy 0.08 USDCHF at 1.01529 sl: 1.01509 tp: 1.01666 -> sl: 1.01515 tp: 1.01671
0	23:20:53.037	'10019548': order #156364000 buy 0.08 USDCHF at 1.01529 was modified -> sl: 1.01515 tp: 1.01671
0	23:20:53.037	'10019548': modify order #156366250 buy 0.08 USDCHF at 1.01518 sl: 1.01509 tp: 1.01664 -> sl: 1.01517 tp: 1.01674
0	23:20:53.518	'10019548': order #156366250 buy 0.08 USDCHF at 1.01518 was modified -> sl: 1.01517 tp: 1.01674
0	23:20:53.518	'10019548': modify order #156369046 buy 0.08 USDCHF at 1.01506 sl: 1.01509 tp: 1.01664 -> sl: 1.01517 tp: 1.01675
0	23:20:54.132	'10019548': order #156369046 buy 0.08 USDCHF at 1.01506 was modified -> sl: 1.01517 tp: 1.01675
0	23:20:54.133	'10019548': modify order #156364000 buy 0.08 USDCHF at 1.01529 sl: 1.01515 tp: 1.01671 -> sl: 1.01518 tp: 1.01675
0	23:20:55.239	Notifications: 'order #156364000 buy 0.08 USDCHF at 1.01529 modified: sl: 1.01509 tp: 1.01666 -> sl: 1.01515 tp: 1.01671' sent to 'D07ADD05'
0	23:20:56.784	'10019548': order #156364000 buy 0.08 USDCHF at 1.01529 was modified -> sl: 1.01518 tp: 1.01675
0	23:20:56.784	'10019548': modify order #156366250 buy 0.08 USDCHF at 1.01518 sl: 1.01517 tp: 1.01674 -> sl: 1.01518 tp: 1.01675
0	23:20:57.644	'10019548': order #156366250 buy 0.08 USDCHF at 1.01518 was modified -> sl: 1.01518 tp: 1.01675
0	23:20:59.156	Notifications: 'order #156366250 buy 0.08 USDCHF at 1.01518 modified: sl: 1.01509 tp: 1.01664 -> sl: 1.01517 tp: 1.01674' sent to 'D07ADD05'
0	23:21:03.751	Notifications: 'order #156369046 buy 0.08 USDCHF at 1.01506 modified: sl: 1.01509 tp: 1.01664 -> sl: 1.01517 tp: 1.01675' sent to 'D07ADD05'
0	23:21:04.706	'10019548': modify order #156364000 buy 0.08 USDCHF at 1.01529 sl: 1.01518 tp: 1.01675 -> sl: 1.01524 tp: 1.01680
0	23:21:05.720	Notifications: 'order #156364000 buy 0.08 USDCHF at 1.01529 modified: sl: 1.01515 tp: 1.01671 -> sl: 1.01518 tp: 1.01675' sent to 'D07ADD05'
0	23:21:07.493	'10019548': order #156364000 buy 0.08 USDCHF at 1.01529 was modified -> sl: 1.01524 tp: 1.01680
0	23:21:07.493	'10019548': modify order #156366250 buy 0.08 USDCHF at 1.01518 sl: 1.01518 tp: 1.01675 -> sl: 1.01524 tp: 1.01680
0	23:21:07.717	Notifications: 'order #156366250 buy 0.08 USDCHF at 1.01518 modified: sl: 1.01517 tp: 1.01674 -> sl: 1.01518 tp: 1.01675' sent to 'D07ADD05'
0	23:21:09.295	'10019548': order #156366250 buy 0.08 USDCHF at 1.01518 was modified -> sl: 1.01524 tp: 1.01680
0	23:21:09.296	'10019548': modify order #156369046 buy 0.08 USDCHF at 1.01506 sl: 1.01517 tp: 1.01675 -> sl: 1.01524 tp: 1.01680
0	23:21:09.574	Notifications: 'order #156364000 buy 0.08 USDCHF at 1.01529 modified: sl: 1.01518 tp: 1.01675 -> sl: 1.01524 tp: 1.01680' sent to 'D07ADD05'
0	23:21:09.993	'10019548': order #156369046 buy 0.08 USDCHF at 1.01506 was modified -> sl: 1.01524 tp: 1.01680
0	23:21:10.770	'10019548': modify order #156364000 buy 0.08 USDCHF at 1.01529 sl: 1.01524 tp: 1.01680 -> sl: 1.01529 tp: 1.01687
0	23:21:11.435	Notifications: 'order #156366250 buy 0.08 USDCHF at 1.01518 modified: sl: 1.01518 tp: 1.01675 -> sl: 1.01524 tp: 1.01680' sent to 'D07ADD05'
0	23:21:11.480	'10019548': order #156364000 buy 0.08 USDCHF at 1.01529 was modified -> sl: 1.01529 tp: 1.01687
0	23:21:11.480	'10019548': modify order #156366250 buy 0.08 USDCHF at 1.01518 sl: 1.01524 tp: 1.01680 -> sl: 1.01533 tp: 1.01687
0	23:21:12.076	'10019548': order #156366250 buy 0.08 USDCHF at 1.01518 was modified -> sl: 1.01533 tp: 1.01687
0	23:21:12.076	'10019548': modify order #156369046 buy 0.08 USDCHF at 1.01506 sl: 1.01524 tp: 1.01680 -> sl: 1.01533 tp: 1.01687
0	23:21:12.526	'10019548': order #156369046 buy 0.08 USDCHF at 1.01506 was modified -> sl: 1.01533 tp: 1.01687
0	23:21:12.527	'10019548': modify order #156364000 buy 0.08 USDCHF at 1.01529 sl: 1.01529 tp: 1.01687 -> sl: 1.01533 tp: 1.01687
0	23:21:13.360	Notifications: 'order #156369046 buy 0.08 USDCHF at 1.01506 modified: sl: 1.01517 tp: 1.01675 -> sl: 1.01524 tp: 1.01680' sent to 'D07ADD05'
0	23:21:13.635	'10019548': order #156364000 buy 0.08 USDCHF at 1.01529 was modified -> sl: 1.01533 tp: 1.01687
0	23:21:15.187	'10019548': modify order #156364000 buy 0.08 USDCHF at 1.01529 sl: 1.01533 tp: 1.01687 -> sl: 1.01534 tp: 1.01687
0	23:21:15.286	Notifications: 'order #156364000 buy 0.08 USDCHF at 1.01529 modified: sl: 1.01524 tp: 1.01680 -> sl: 1.01529 tp: 1.01687' sent to 'D07ADD05'
0	23:21:16.719	'10019548': order #156364000 buy 0.08 USDCHF at 1.01529 was modified -> sl: 1.01534 tp: 1.01687
0	23:21:16.720	'10019548': modify order #156366250 buy 0.08 USDCHF at 1.01518 sl: 1.01533 tp: 1.01687 -> sl: 1.01534 tp: 1.01687
0	23:21:17.230	Notifications: 'order #156366250 buy 0.08 USDCHF at 1.01518 modified: sl: 1.01524 tp: 1.01680 -> sl: 1.01533 tp: 1.01687' sent to 'D07ADD05'
0	23:21:17.793	'10019548': order #156366250 buy 0.08 USDCHF at 1.01518 was modified -> sl: 1.01534 tp: 1.01687
0	23:21:17.793	'10019548': modify order #156369046 buy 0.08 USDCHF at 1.01506 sl: 1.01533 tp: 1.01687 -> sl: 1.01534 tp: 1.01687
0	23:21:18.572	'10019548': order #156369046 buy 0.08 USDCHF at 1.01506 was modified -> sl: 1.01534 tp: 1.01687
0	23:21:19.421	Notifications: 'order #156369046 buy 0.08 USDCHF at 1.01506 modified: sl: 1.01524 tp: 1.01680 -> sl: 1.01533 tp: 1.01687' sent to 'D07ADD05'
0	23:21:22.060	Notifications: 'order #156364000 buy 0.08 USDCHF at 1.01529 modified: sl: 1.01529 tp: 1.01687 -> sl: 1.01533 tp: 1.01687' sent to 'D07ADD05'
0	23:21:25.385	Notifications: 'order #156364000 buy 0.08 USDCHF at 1.01529 modified: sl: 1.01533 tp: 1.01687 -> sl: 1.01534 tp: 1.01687' sent to 'D07ADD05'
0	23:21:26.627	'10019548': modify order #156364000 buy 0.08 USDCHF at 1.01529 sl: 1.01534 tp: 1.01687 -> sl: 1.01536 tp: 1.01691
0	23:21:29.142	Notifications: 'order #156366250 buy 0.08 USDCHF at 1.01518 modified: sl: 1.01533 tp: 1.01687 -> sl: 1.01534 tp: 1.01687' sent to 'D07ADD05'
0	23:21:31.581	Notifications: 'order #156369046 buy 0.08 USDCHF at 1.01506 modified: sl: 1.01533 tp: 1.01687 -> sl: 1.01534 tp: 1.01687' sent to 'D07ADD05'
0	23:22:05.097	'10019548': order #156493436 sell 0.08 USDCHF at 1.01366 closed due stop-loss at price 1.01598
0	23:22:05.275	'10019548': order #156495464 sell 0.08 USDCHF at 1.01423 closed due stop-loss at price 1.01598
0	23:22:08.056	Notifications: 'order #156493436 sell 0.08 USDCHF at 1.01366 closed due stop-loss at price 1.01598, profit: -24.55 AUD' sent to 'D07ADD05'
0	23:22:10.397	Notifications: 'order #156495464 sell 0.08 USDCHF at 1.01423 closed due stop-loss at price 1.01598, profit: -18.52 AUD' sent to 'D07ADD05'
0	23:23:22.709	'10019548': order #156364000 buy 0.08 USDCHF at 1.01529 was modified -> sl: 1.01536 tp: 1.01691
0	23:23:24.035	'10019548': modify order #156366250 buy 0.08 USDCHF at 1.01518 sl: 1.01534 tp: 1.01687 -> sl: 1.01535 tp: 1.01689
0	23:23:24.952	'10019548': order #156366250 buy 0.08 USDCHF at 1.01518 was modified -> sl: 1.01535 tp: 1.01689
0	23:23:24.952	'10019548': modify order #156369046 buy 0.08 USDCHF at 1.01506 sl: 1.01534 tp: 1.01687 -> sl: 1.01544 tp: 1.01697
0	23:23:25.501	Notifications: 'order #156364000 buy 0.08 USDCHF at 1.01529 modified: sl: 1.01534 tp: 1.01687 -> sl: 1.01536 tp: 1.01691' sent to 'D07ADD05'
0	23:23:25.643	'10019548': order #156369046 buy 0.08 USDCHF at 1.01506 was modified -> sl: 1.01544 tp: 1.01697
0	23:23:25.643	'10019548': modify order #156364000 buy 0.08 USDCHF at 1.01529 sl: 1.01536 tp: 1.01691 -> sl: 1.01546 tp: 1.01699
0	23:23:26.333	'10019548': order #156364000 buy 0.08 USDCHF at 1.01529 was modified -> sl: 1.01546 tp: 1.01699
0	23:23:26.333	'10019548': modify order #156366250 buy 0.08 USDCHF at 1.01518 sl: 1.01535 tp: 1.01689 -> sl: 1.01546 tp: 1.01700
0	23:23:27.065	'10019548': order #156366250 buy 0.08 USDCHF at 1.01518 was modified -> sl: 1.01546 tp: 1.01700
0	23:23:27.065	'10019548': modify order #156369046 buy 0.08 USDCHF at 1.01506 sl: 1.01544 tp: 1.01697 -> sl: 1.01545 tp: 1.01700
0	23:23:27.960	'10019548': order #156369046 buy 0.08 USDCHF at 1.01506 was modified -> sl: 1.01545 tp: 1.01700
0	23:23:28.452	Notifications: 'order #156366250 buy 0.08 USDCHF at 1.01518 modified: sl: 1.01534 tp: 1.01687 -> sl: 1.01535 tp: 1.01689' sent to 'D07ADD05'
0	23:23:32.454	Notifications: 'order #156369046 buy 0.08 USDCHF at 1.01506 modified: sl: 1.01534 tp: 1.01687 -> sl: 1.01544 tp: 1.01697' sent to 'D07ADD05'
0	23:23:35.908	Notifications: 'order #156364000 buy 0.08 USDCHF at 1.01529 modified: sl: 1.01536 tp: 1.01691 -> sl: 1.01546 tp: 1.01699' sent to 'D07ADD05'
0	23:23:38.660	Notifications: 'order #156366250 buy 0.08 USDCHF at 1.01518 modified: sl: 1.01535 tp: 1.01689 -> sl: 1.01546 tp: 1.01700' sent to 'D07ADD05'
0	23:23:41.623	Notifications: 'order #156369046 buy 0.08 USDCHF at 1.01506 modified: sl: 1.01544 tp: 1.01697 -> sl: 1.01545 tp: 1.01700' sent to 'D07ADD05'
0	23:23:42.817	'10019548': modify order #156369046 buy 0.08 USDCHF at 1.01506 sl: 1.01545 tp: 1.01700 -> sl: 1.01546 tp: 1.01703
0	23:23:43.504	'10019548': order #156369046 buy 0.08 USDCHF at 1.01506 was modified -> sl: 1.01546 tp: 1.01703
0	23:23:44.281	'10019548': modify order #156364000 buy 0.08 USDCHF at 1.01529 sl: 1.01546 tp: 1.01699 -> sl: 1.01551 tp: 1.01708
0	23:23:46.227	'10019548': order #156364000 buy 0.08 USDCHF at 1.01529 was modified -> sl: 1.01551 tp: 1.01708
0	23:23:46.227	'10019548': modify order #156366250 buy 0.08 USDCHF at 1.01518 sl: 1.01546 tp: 1.01700 -> sl: 1.01548 tp: 1.01705
0	23:23:46.369	Notifications: 'order #156369046 buy 0.08 USDCHF at 1.01506 modified: sl: 1.01545 tp: 1.01700 -> sl: 1.01546 tp: 1.01703' sent to 'D07ADD05'
0	23:23:47.005	'10019548': order #156366250 buy 0.08 USDCHF at 1.01518 was modified -> sl: 1.01548 tp: 1.01705
0	23:23:47.005	'10019548': modify order #156369046 buy 0.08 USDCHF at 1.01506 sl: 1.01546 tp: 1.01703 -> sl: 1.01553 tp: 1.01708
0	23:23:48.341	'10019548': order #156369046 buy 0.08 USDCHF at 1.01506 was modified -> sl: 1.01553 tp: 1.01708
0	23:23:48.342	'10019548': modify order #156364000 buy 0.08 USDCHF at 1.01529 sl: 1.01551 tp: 1.01708 -> sl: 1.01553 tp: 1.01708
0	23:23:49.114	Notifications: 'order #156364000 buy 0.08 USDCHF at 1.01529 modified: sl: 1.01546 tp: 1.01699 -> sl: 1.01551 tp: 1.01708' sent to 'D07ADD05'
0	23:23:52.637	Notifications: 'order #156366250 buy 0.08 USDCHF at 1.01518 modified: sl: 1.01546 tp: 1.01700 -> sl: 1.01548 tp: 1.01705' sent to 'D07ADD05'
0	23:23:55.322	Notifications: 'order #156369046 buy 0.08 USDCHF at 1.01506 modified: sl: 1.01546 tp: 1.01703 -> sl: 1.01553 tp: 1.01708' sent to 'D07ADD05'
0	23:24:07.061	'10019548': order #156364000 buy 0.08 USDCHF at 1.01529 was modified -> sl: 1.01553 tp: 1.01708
0	23:24:10.829	Notifications: 'order #156364000 buy 0.08 USDCHF at 1.01529 modified: sl: 1.01551 tp: 1.01708 -> sl: 1.01553 tp: 1.01708' sent to 'D07ADD05'
0	23:24:35.597	'10019548': modify order #156366250 buy 0.08 USDCHF at 1.01518 sl: 1.01548 tp: 1.01705 -> sl: 1.01550 tp: 1.01707
0	23:24:36.143	'10019548': order #156366250 buy 0.08 USDCHF at 1.01518 was modified -> sl: 1.01550 tp: 1.01707
0	23:24:38.687	Notifications: 'order #156366250 buy 0.08 USDCHF at 1.01518 modified: sl: 1.01548 tp: 1.01705 -> sl: 1.01550 tp: 1.01707' sent to 'D07ADD05'
0	23:28:19.264	'10019548': modify order #156364000 buy 0.08 USDCHF at 1.01529 sl: 1.01553 tp: 1.01708 -> sl: 1.01554 tp: 1.01708
0	23:28:19.877	'10019548': order #156364000 buy 0.08 USDCHF at 1.01529 was modified -> sl: 1.01554 tp: 1.01708
0	23:28:19.877	'10019548': modify order #156366250 buy 0.08 USDCHF at 1.01518 sl: 1.01550 tp: 1.01707 -> sl: 1.01554 tp: 1.01707
0	23:28:20.394	'10019548': order #156366250 buy 0.08 USDCHF at 1.01518 was modified -> sl: 1.01554 tp: 1.01707
0	23:28:20.394	'10019548': modify order #156369046 buy 0.08 USDCHF at 1.01506 sl: 1.01553 tp: 1.01708 -> sl: 1.01553 tp: 1.01706
0	23:28:21.827	'10019548': order #156369046 buy 0.08 USDCHF at 1.01506 was modified -> sl: 1.01553 tp: 1.01706
0	23:28:22.401	'10019548': modify order #156369046 buy 0.08 USDCHF at 1.01506 sl: 1.01553 tp: 1.01706 -> sl: 1.01554 tp: 1.01707
0	23:28:23.202	Notifications: 'order #156364000 buy 0.08 USDCHF at 1.01529 modified: sl: 1.01553 tp: 1.01708 -> sl: 1.01554 tp: 1.01708' sent to 'D07ADD05'
0	23:28:24.599	'10019548': order #156369046 buy 0.08 USDCHF at 1.01506 was modified -> sl: 1.01554 tp: 1.01707
0	23:28:24.599	'10019548': modify order #156364000 buy 0.08 USDCHF at 1.01529 sl: 1.01554 tp: 1.01708 -> sl: 1.01555 tp: 1.01709
0	23:28:25.151	'10019548': order #156364000 buy 0.08 USDCHF at 1.01529 was modified -> sl: 1.01555 tp: 1.01709
0	23:28:25.152	'10019548': modify order #156366250 buy 0.08 USDCHF at 1.01518 sl: 1.01554 tp: 1.01707 -> sl: 1.01556 tp: 1.01710
0	23:28:25.762	'10019548': order #156366250 buy 0.08 USDCHF at 1.01518 was modified -> sl: 1.01556 tp: 1.01710
0	23:28:25.762	'10019548': modify order #156369046 buy 0.08 USDCHF at 1.01506 sl: 1.01554 tp: 1.01707 -> sl: 1.01556 tp: 1.01710
0	23:28:26.216	Notifications: 'order #156366250 buy 0.08 USDCHF at 1.01518 modified: sl: 1.01550 tp: 1.01707 -> sl: 1.01554 tp: 1.01707' sent to 'D07ADD05'
0	23:28:26.272	'10019548': order #156369046 buy 0.08 USDCHF at 1.01506 was modified -> sl: 1.01556 tp: 1.01710
0	23:28:28.336	Notifications: 'order #156369046 buy 0.08 USDCHF at 1.01506 modified: sl: 1.01553 tp: 1.01708 -> sl: 1.01553 tp: 1.01706' sent to 'D07ADD05'
0	23:28:32.212	Notifications: 'order #156369046 buy 0.08 USDCHF at 1.01506 modified: sl: 1.01553 tp: 1.01706 -> sl: 1.01554 tp: 1.01707' sent to 'D07ADD05'
0	23:28:32.499	'10019548': modify order #156364000 buy 0.08 USDCHF at 1.01529 sl: 1.01555 tp: 1.01709 -> sl: 1.01563 tp: 1.01720
0	23:28:32.929	'10019548': order #156364000 buy 0.08 USDCHF at 1.01529 was modified -> sl: 1.01563 tp: 1.01720
0	23:28:32.929	'10019548': modify order #156366250 buy 0.08 USDCHF at 1.01518 sl: 1.01556 tp: 1.01710 -> sl: 1.01572 tp: 1.01727
0	23:28:33.667	'10019548': order #156366250 buy 0.08 USDCHF at 1.01518 was modified -> sl: 1.01572 tp: 1.01727
0	23:28:33.667	'10019548': modify order #156369046 buy 0.08 USDCHF at 1.01506 sl: 1.01556 tp: 1.01710 -> sl: 1.01574 tp: 1.01727
0	23:28:34.269	'10019548': order #156369046 buy 0.08 USDCHF at 1.01506 was modified -> sl: 1.01574 tp: 1.01727
0	23:28:34.270	'10019548': modify order #156364000 buy 0.08 USDCHF at 1.01529 sl: 1.01563 tp: 1.01720 -> sl: 1.01575 tp: 1.01731
0	23:28:34.472	Notifications: 'order #156364000 buy 0.08 USDCHF at 1.01529 modified: sl: 1.01554 tp: 1.01708 -> sl: 1.01555 tp: 1.01709' sent to 'D07ADD05'
0	23:28:34.963	'10019548': order #156364000 buy 0.08 USDCHF at 1.01529 was modified -> sl: 1.01575 tp: 1.01731
0	23:28:34.964	'10019548': modify order #156366250 buy 0.08 USDCHF at 1.01518 sl: 1.01572 tp: 1.01727 -> sl: 1.01585 tp: 1.01739
0	23:28:35.892	'10019548': order #156366250 buy 0.08 USDCHF at 1.01518 was modified -> sl: 1.01585 tp: 1.01739
0	23:28:35.893	'10019548': modify order #156369046 buy 0.08 USDCHF at 1.01506 sl: 1.01574 tp: 1.01727 -> sl: 1.01584 tp: 1.01739
0	23:28:36.432	'10019548': order #156369046 buy 0.08 USDCHF at 1.01506 was modified -> sl: 1.01584 tp: 1.01739
0	23:28:36.432	'10019548': modify order #156364000 buy 0.08 USDCHF at 1.01529 sl: 1.01575 tp: 1.01731 -> sl: 1.01583 tp: 1.01739
0	23:28:36.892	Notifications: 'order #156366250 buy 0.08 USDCHF at 1.01518 modified: sl: 1.01554 tp: 1.01707 -> sl: 1.01556 tp: 1.01710' sent to 'D07ADD05'
0	23:28:37.203	'10019548': order #156364000 buy 0.08 USDCHF at 1.01529 was modified -> sl: 1.01583 tp: 1.01739
0	23:28:39.430	'10019548': modify order #156364000 buy 0.08 USDCHF at 1.01529 sl: 1.01583 tp: 1.01739 -> sl: 1.01586 tp: 1.01742
0	23:28:40.027	'10019548': order #156364000 buy 0.08 USDCHF at 1.01529 was modified -> sl: 1.01586 tp: 1.01742
0	23:28:40.035	'10019548': modify order #156366250 buy 0.08 USDCHF at 1.01518 sl: 1.01585 tp: 1.01739 -> sl: 1.01586 tp: 1.01744
0	23:28:40.604	'10019548': order #156366250 buy 0.08 USDCHF at 1.01518 was modified -> sl: 1.01586 tp: 1.01744
0	23:28:40.604	'10019548': modify order #156369046 buy 0.08 USDCHF at 1.01506 sl: 1.01584 tp: 1.01739 -> sl: 1.01585 tp: 1.01741
0	23:28:40.925	Notifications: 'order #156369046 buy 0.08 USDCHF at 1.01506 modified: sl: 1.01554 tp: 1.01707 -> sl: 1.01556 tp: 1.01710' sent to 'D07ADD05'
0	23:28:41.172	'10019548': order #156369046 buy 0.08 USDCHF at 1.01506 was modified -> sl: 1.01585 tp: 1.01741
0	23:28:43.677	'10019548': modify order #156369046 buy 0.08 USDCHF at 1.01506 sl: 1.01585 tp: 1.01741 -> sl: 1.01586 tp: 1.01741
0	23:28:44.434	'10019548': order #156369046 buy 0.08 USDCHF at 1.01506 was modified -> sl: 1.01586 tp: 1.01741
0	23:28:44.575	Notifications: 'order #156364000 buy 0.08 USDCHF at 1.01529 modified: sl: 1.01555 tp: 1.01709 -> sl: 1.01563 tp: 1.01720' sent to 'D07ADD05'
0	23:28:45.504	'10019548': modify order #156364000 buy 0.08 USDCHF at 1.01529 sl: 1.01586 tp: 1.01742 -> sl: 1.01594 tp: 1.01749
0	23:28:46.107	'10019548': order #156364000 buy 0.08 USDCHF at 1.01529 was modified -> sl: 1.01594 tp: 1.01749
0	23:28:46.107	'10019548': modify order #156366250 buy 0.08 USDCHF at 1.01518 sl: 1.01586 tp: 1.01744 -> sl: 1.01596 tp: 1.01750
0	23:28:47.015	'10019548': order #156366250 buy 0.08 USDCHF at 1.01518 was modified -> sl: 1.01596 tp: 1.01750
0	23:28:47.015	'10019548': modify order #156369046 buy 0.08 USDCHF at 1.01506 sl: 1.01586 tp: 1.01741 -> sl: 1.01596 tp: 1.01751
0	23:28:47.632	'10019548': order #156369046 buy 0.08 USDCHF at 1.01506 was modified -> sl: 1.01596 tp: 1.01751
0	23:28:47.633	'10019548': modify order #156364000 buy 0.08 USDCHF at 1.01529 sl: 1.01594 tp: 1.01749 -> sl: 1.01596 tp: 1.01749
0	23:28:48.393	'10019548': order #156364000 buy 0.08 USDCHF at 1.01529 was modified -> sl: 1.01596 tp: 1.01749
0	23:28:48.393	'10019548': modify order #156366250 buy 0.08 USDCHF at 1.01518 sl: 1.01596 tp: 1.01750 -> sl: 1.01596 tp: 1.01749
0	23:28:49.048	Notifications: 'order #156366250 buy 0.08 USDCHF at 1.01518 modified: sl: 1.01556 tp: 1.01710 -> sl: 1.01572 tp: 1.01727' sent to 'D07ADD05'
0	23:28:49.207	'10019548': order #156366250 buy 0.08 USDCHF at 1.01518 was modified -> sl: 1.01596 tp: 1.01749
0	23:28:49.207	'10019548': modify order #156369046 buy 0.08 USDCHF at 1.01506 sl: 1.01596 tp: 1.01751 -> sl: 1.01597 tp: 1.01751
0	23:28:49.821	'10019548': order #156369046 buy 0.08 USDCHF at 1.01506 was modified -> sl: 1.01597 tp: 1.01751
0	23:28:53.567	Notifications: 'order #156369046 buy 0.08 USDCHF at 1.01506 modified: sl: 1.01556 tp: 1.01710 -> sl: 1.01574 tp: 1.01727' sent to 'D07ADD05'
0	23:28:54.315	'10019548': modify order #156364000 buy 0.08 USDCHF at 1.01529 sl: 1.01596 tp: 1.01749 -> sl: 1.01598 tp: 1.01752
0	23:28:54.986	'10019548': order #156364000 buy 0.08 USDCHF at 1.01529 was modified -> sl: 1.01598 tp: 1.01752
0	23:28:54.986	'10019548': modify order #156366250 buy 0.08 USDCHF at 1.01518 sl: 1.01596 tp: 1.01749 -> sl: 1.01600 tp: 1.01757
0	23:28:55.922	'10019548': order #156366250 buy 0.08 USDCHF at 1.01518 was modified -> sl: 1.01600 tp: 1.01757
0	23:28:55.922	'10019548': modify order #156369046 buy 0.08 USDCHF at 1.01506 sl: 1.01597 tp: 1.01751 -> sl: 1.01603 tp: 1.01760
0	23:28:56.716	'10019548': order #156369046 buy 0.08 USDCHF at 1.01506 was modified -> sl: 1.01603 tp: 1.01760
0	23:28:56.717	'10019548': modify order #156364000 buy 0.08 USDCHF at 1.01529 sl: 1.01598 tp: 1.01752 -> sl: 1.01603 tp: 1.01761
0	23:28:57.828	'10019548': order #156364000 buy 0.08 USDCHF at 1.01529 was modified -> sl: 1.01603 tp: 1.01761
0	23:28:57.828	'10019548': modify order #156366250 buy 0.08 USDCHF at 1.01518 sl: 1.01600 tp: 1.01757 -> sl: 1.01606 tp: 1.01761
0	23:28:58.671	'10019548': order #156366250 buy 0.08 USDCHF at 1.01518 was modified -> sl: 1.01606 tp: 1.01761
0	23:28:58.672	'10019548': modify order #156369046 buy 0.08 USDCHF at 1.01506 sl: 1.01603 tp: 1.01760 -> sl: 1.01606 tp: 1.01761
0	23:28:59.515	'10019548': order #156369046 buy 0.08 USDCHF at 1.01506 was modified -> sl: 1.01606 tp: 1.01761
0	23:28:59.515	'10019548': modify order #156364000 buy 0.08 USDCHF at 1.01529 sl: 1.01603 tp: 1.01761 -> sl: 1.01611 tp: 1.01765
1	23:29:00.237	Notifications: allowed 30 messages per minute
0	23:29:00.482	'10019548': order #156364000 buy 0.08 USDCHF at 1.01529 was modified -> sl: 1.01611 tp: 1.01765
0	23:29:00.482	'10019548': modify order #156366250 buy 0.08 USDCHF at 1.01518 sl: 1.01606 tp: 1.01761 -> sl: 1.01613 tp: 1.01767
0	23:29:03.316	Notifications: 'order #156364000 buy 0.08 USDCHF at 1.01529 modified: sl: 1.01563 tp: 1.01720 -> sl: 1.01575 tp: 1.01731' sent to 'D07ADD05'
0	23:29:06.724	Notifications: 'order #156366250 buy 0.08 USDCHF at 1.01518 modified: sl: 1.01572 tp: 1.01727 -> sl: 1.01585 tp: 1.01739' sent to 'D07ADD05'
0	23:29:10.388	Notifications: 'order #156369046 buy 0.08 USDCHF at 1.01506 modified: sl: 1.01574 tp: 1.01727 -> sl: 1.01584 tp: 1.01739' sent to 'D07ADD05'
1	23:29:10.800	Notifications: allowed 30 messages per minute
0	23:29:11.177	'10019548': order #156366250 buy 0.08 USDCHF at 1.01518 was modified -> sl: 1.01613 tp: 1.01767
0	23:29:11.178	'10019548': modify order #156369046 buy 0.08 USDCHF at 1.01506 sl: 1.01606 tp: 1.01761 -> sl: 1.01622 tp: 1.01780
1	23:29:11.783	Notifications: allowed 30 messages per minute
0	23:29:11.888	'10019548': order #156369046 buy 0.08 USDCHF at 1.01506 was modified -> sl: 1.01622 tp: 1.01780
0	23:29:11.889	'10019548': modify order #156364000 buy 0.08 USDCHF at 1.01529 sl: 1.01611 tp: 1.01765 -> sl: 1.01624 tp: 1.01778
1	23:29:14.688	Notifications: allowed 30 messages per minute
0	23:29:14.739	'10019548': order #156364000 buy 0.08 USDCHF at 1.01529 was modified -> sl: 1.01624 tp: 1.01778
0	23:29:15.090	Notifications: 'order #156364000 buy 0.08 USDCHF at 1.01529 modified: sl: 1.01575 tp: 1.01731 -> sl: 1.01583 tp: 1.01739' sent to 'D07ADD05'
0	23:29:18.748	Notifications: 'order #156364000 buy 0.08 USDCHF at 1.01529 modified: sl: 1.01583 tp: 1.01739 -> sl: 1.01586 tp: 1.01742' sent to 'D07ADD05'
0	23:29:23.042	Notifications: 'order #156366250 buy 0.08 USDCHF at 1.01518 modified: sl: 1.01585 tp: 1.01739 -> sl: 1.01586 tp: 1.01744' sent to 'D07ADD05'
0	23:29:25.273	Notifications: 'order #156369046 buy 0.08 USDCHF at 1.01506 modified: sl: 1.01584 tp: 1.01739 -> sl: 1.01585 tp: 1.01741' sent to 'D07ADD05'
0	23:29:26.056	'10019548': modify order #156366250 buy 0.08 USDCHF at 1.01518 sl: 1.01613 tp: 1.01767 -> sl: 1.01616 tp: 1.01772
0	23:29:26.926	'10019548': order #156366250 buy 0.08 USDCHF at 1.01518 was modified -> sl: 1.01616 tp: 1.01772
0	23:29:26.927	'10019548': modify order #156369046 buy 0.08 USDCHF at 1.01506 sl: 1.01622 tp: 1.01780 -> sl: 1.01625 tp: 1.01781
0	23:29:27.238	Notifications: 'order #156369046 buy 0.08 USDCHF at 1.01506 modified: sl: 1.01585 tp: 1.01741 -> sl: 1.01586 tp: 1.01741' sent to 'D07ADD05'
0	23:29:27.765	'10019548': order #156369046 buy 0.08 USDCHF at 1.01506 was modified -> sl: 1.01625 tp: 1.01781
0	23:29:27.766	'10019548': modify order #156364000 buy 0.08 USDCHF at 1.01529 sl: 1.01624 tp: 1.01778 -> sl: 1.01625 tp: 1.01782
0	23:29:28.778	'10019548': order #156364000 buy 0.08 USDCHF at 1.01529 was modified -> sl: 1.01625 tp: 1.01782
0	23:29:28.778	'10019548': modify order #156366250 buy 0.08 USDCHF at 1.01518 sl: 1.01616 tp: 1.01772 -> sl: 1.01633 tp: 1.01791
0	23:29:29.459	Notifications: 'order #156364000 buy 0.08 USDCHF at 1.01529 modified: sl: 1.01586 tp: 1.01742 -> sl: 1.01594 tp: 1.01749' sent to 'D07ADD05'
0	23:29:31.749	Notifications: 'order #156366250 buy 0.08 USDCHF at 1.01518 modified: sl: 1.01586 tp: 1.01744 -> sl: 1.01596 tp: 1.01750' sent to 'D07ADD05'
0	23:29:31.768	'10019548': order #156366250 buy 0.08 USDCHF at 1.01518 was modified -> sl: 1.01633 tp: 1.01791
0	23:29:31.768	'10019548': modify order #156369046 buy 0.08 USDCHF at 1.01506 sl: 1.01625 tp: 1.01781 -> sl: 1.01636 tp: 1.01792
0	23:29:32.275	'10019548': order #156369046 buy 0.08 USDCHF at 1.01506 was modified -> sl: 1.01636 tp: 1.01792
0	23:29:32.277	'10019548': modify order #156364000 buy 0.08 USDCHF at 1.01529 sl: 1.01625 tp: 1.01782 -> sl: 1.01634 tp: 1.01791
0	23:29:32.906	'10019548': order #156364000 buy 0.08 USDCHF at 1.01529 was modified -> sl: 1.01634 tp: 1.01791
0	23:29:33.760	Notifications: 'order #156369046 buy 0.08 USDCHF at 1.01506 modified: sl: 1.01586 tp: 1.01741 -> sl: 1.01596 tp: 1.01751' sent to 'D07ADD05'
0	23:29:33.948	'10019548': modify order #156366250 buy 0.08 USDCHF at 1.01518 sl: 1.01633 tp: 1.01791 -> sl: 1.01634 tp: 1.01789
0	23:29:34.412	'10019548': order #156366250 buy 0.08 USDCHF at 1.01518 was modified -> sl: 1.01634 tp: 1.01789
0	23:29:34.412	'10019548': modify order #156364000 buy 0.08 USDCHF at 1.01529 sl: 1.01634 tp: 1.01791 -> sl: 1.01635 tp: 1.01789
0	23:29:34.902	'10019548': order #156364000 buy 0.08 USDCHF at 1.01529 was modified -> sl: 1.01635 tp: 1.01789
0	23:29:34.902	'10019548': modify order #156366250 buy 0.08 USDCHF at 1.01518 sl: 1.01634 tp: 1.01789 -> sl: 1.01635 tp: 1.01791
0	23:29:35.466	'10019548': order #156366250 buy 0.08 USDCHF at 1.01518 was modified -> sl: 1.01635 tp: 1.01791
0	23:29:35.961	Notifications: 'order #156364000 buy 0.08 USDCHF at 1.01529 modified: sl: 1.01594 tp: 1.01749 -> sl: 1.01596 tp: 1.01749' sent to 'D07ADD05'
0	23:29:36.295	'10019548': modify order #156364000 buy 0.08 USDCHF at 1.01529 sl: 1.01635 tp: 1.01789 -> sl: 1.01637 tp: 1.01793
0	23:29:36.986	'10019548': order #156364000 buy 0.08 USDCHF at 1.01529 was modified -> sl: 1.01637 tp: 1.01793
0	23:29:36.986	'10019548': modify order #156366250 buy 0.08 USDCHF at 1.01518 sl: 1.01635 tp: 1.01791 -> sl: 1.01638 tp: 1.01793
0	23:29:37.712	'10019548': order #156366250 buy 0.08 USDCHF at 1.01518 was modified -> sl: 1.01638 tp: 1.01793
0	23:29:37.712	'10019548': modify order #156369046 buy 0.08 USDCHF at 1.01506 sl: 1.01636 tp: 1.01792 -> sl: 1.01643 tp: 1.01799
0	23:29:38.303	'10019548': order #156369046 buy 0.08 USDCHF at 1.01506 was modified -> sl: 1.01643 tp: 1.01799
0	23:29:38.303	'10019548': modify order #156364000 buy 0.08 USDCHF at 1.01529 sl: 1.01637 tp: 1.01793 -> sl: 1.01645 tp: 1.01800
0	23:29:38.835	Notifications: 'order #156366250 buy 0.08 USDCHF at 1.01518 modified: sl: 1.01596 tp: 1.01750 -> sl: 1.01596 tp: 1.01749' sent to 'D07ADD05'
0	23:29:39.134	'10019548': order #156364000 buy 0.08 USDCHF at 1.01529 was modified -> sl: 1.01645 tp: 1.01800
0	23:29:39.134	'10019548': modify order #156366250 buy 0.08 USDCHF at 1.01518 sl: 1.01638 tp: 1.01793 -> sl: 1.01646 tp: 1.01800
0	23:29:39.950	'10019548': order #156366250 buy 0.08 USDCHF at 1.01518 was modified -> sl: 1.01646 tp: 1.01800
0	23:29:39.950	'10019548': modify order #156369046 buy 0.08 USDCHF at 1.01506 sl: 1.01643 tp: 1.01799 -> sl: 1.01646 tp: 1.01800
0	23:29:43.117	'10019548': order #156369046 buy 0.08 USDCHF at 1.01506 was modified -> sl: 1.01646 tp: 1.01800
0	23:29:45.808	Notifications: 'order #156369046 buy 0.08 USDCHF at 1.01506 modified: sl: 1.01596 tp: 1.01751 -> sl: 1.01597 tp: 1.01751' sent to 'D07ADD05'
0	23:29:47.721	Notifications: 'order #156364000 buy 0.08 USDCHF at 1.01529 modified: sl: 1.01596 tp: 1.01749 -> sl: 1.01598 tp: 1.01752' sent to 'D07ADD05'
0	23:29:49.639	Notifications: 'order #156366250 buy 0.08 USDCHF at 1.01518 modified: sl: 1.01596 tp: 1.01749 -> sl: 1.01600 tp: 1.01757' sent to 'D07ADD05'
0	23:29:51.527	Notifications: 'order #156369046 buy 0.08 USDCHF at 1.01506 modified: sl: 1.01597 tp: 1.01751 -> sl: 1.01603 tp: 1.01760' sent to 'D07ADD05'
0	23:29:53.435	Notifications: 'order #156364000 buy 0.08 USDCHF at 1.01529 modified: sl: 1.01598 tp: 1.01752 -> sl: 1.01603 tp: 1.01761' sent to 'D07ADD05'
0	23:29:55.410	Notifications: 'order #156366250 buy 0.08 USDCHF at 1.01518 modified: sl: 1.01600 tp: 1.01757 -> sl: 1.01606 tp: 1.01761' sent to 'D07ADD05'
0	23:29:57.904	Notifications: 'order #156369046 buy 0.08 USDCHF at 1.01506 modified: sl: 1.01603 tp: 1.01760 -> sl: 1.01606 tp: 1.01761' sent to 'D07ADD05'
0	23:30:00.846	Notifications: 'order #156366250 buy 0.08 USDCHF at 1.01518 modified: sl: 1.01613 tp: 1.01767 -> sl: 1.01616 tp: 1.01772' sent to 'D07ADD05'
0	23:30:02.776	Notifications: 'order #156369046 buy 0.08 USDCHF at 1.01506 modified: sl: 1.01622 tp: 1.01780 -> sl: 1.01625 tp: 1.01781' sent to 'D07ADD05'
0	23:30:04.700	Notifications: 'order #156364000 buy 0.08 USDCHF at 1.01529 modified: sl: 1.01624 tp: 1.01778 -> sl: 1.01625 tp: 1.01782' sent to 'D07ADD05'
0	23:30:06.662	Notifications: 'order #156366250 buy 0.08 USDCHF at 1.01518 modified: sl: 1.01616 tp: 1.01772 -> sl: 1.01633 tp: 1.01791' sent to 'D07ADD05'
0	23:30:09.141	Notifications: 'order #156369046 buy 0.08 USDCHF at 1.01506 modified: sl: 1.01625 tp: 1.01781 -> sl: 1.01636 tp: 1.01792' sent to 'D07ADD05'
0	23:30:11.551	Notifications: 'order #156364000 buy 0.08 USDCHF at 1.01529 modified: sl: 1.01625 tp: 1.01782 -> sl: 1.01634 tp: 1.01791' sent to 'D07ADD05'
0	23:30:13.681	Notifications: 'order #156366250 buy 0.08 USDCHF at 1.01518 modified: sl: 1.01633 tp: 1.01791 -> sl: 1.01634 tp: 1.01789' sent to 'D07ADD05'
0	23:30:16.470	Notifications: 'order #156364000 buy 0.08 USDCHF at 1.01529 modified: sl: 1.01634 tp: 1.01791 -> sl: 1.01635 tp: 1.01789' sent to 'D07ADD05'
0	23:30:19.751	Notifications: 'order #156366250 buy 0.08 USDCHF at 1.01518 modified: sl: 1.01634 tp: 1.01789 -> sl: 1.01635 tp: 1.01791' sent to 'D07ADD05'
0	23:30:22.264	Notifications: 'order #156364000 buy 0.08 USDCHF at 1.01529 modified: sl: 1.01635 tp: 1.01789 -> sl: 1.01637 tp: 1.01793' sent to 'D07ADD05'
0	23:30:24.969	Notifications: 'order #156366250 buy 0.08 USDCHF at 1.01518 modified: sl: 1.01635 tp: 1.01791 -> sl: 1.01638 tp: 1.01793' sent to 'D07ADD05'
0	23:30:27.017	'10019548': order #156364000 buy 0.08 USDCHF at 1.01529 closed due stop-loss at price 1.01645
0	23:30:27.427	'10019548': order #156366250 buy 0.08 USDCHF at 1.01518 closed due stop-loss at price 1.01646
0	23:30:27.547	'10019548': order #156369046 buy 0.08 USDCHF at 1.01506 closed due stop-loss at price 1.01646
0	23:30:28.359	Notifications: 'order #156369046 buy 0.08 USDCHF at 1.01506 modified: sl: 1.01636 tp: 1.01792 -> sl: 1.01643 tp: 1.01799' sent to 'D07ADD05'
0	23:30:31.548	Notifications: 'order #156364000 buy 0.08 USDCHF at 1.01529 modified: sl: 1.01637 tp: 1.01793 -> sl: 1.01645 tp: 1.01800' sent to 'D07ADD05'
0	23:30:34.725	Notifications: 'order #156366250 buy 0.08 USDCHF at 1.01518 modified: sl: 1.01638 tp: 1.01793 -> sl: 1.01646 tp: 1.01800' sent to 'D07ADD05'
0	23:30:37.781	Notifications: 'order #156369046 buy 0.08 USDCHF at 1.01506 modified: sl: 1.01643 tp: 1.01799 -> sl: 1.01646 tp: 1.01800' sent to 'D07ADD05'
0	23:30:40.188	Notifications: 'order #156364000 buy 0.08 USDCHF at 1.01529 closed due stop-loss at price 1.01645, profit: 12.27 AUD' sent to 'D07ADD05'
0	23:30:43.006	Notifications: 'order #156366250 buy 0.08 USDCHF at 1.01518 closed due stop-loss at price 1.01646, profit: 13.54 AUD' sent to 'D07ADD05'
0	23:30:46.231	Notifications: 'order #156369046 buy 0.08 USDCHF at 1.01506 closed due stop-loss at price 1.01646, profit: 14.81 AUD' sent to 'D07ADD05'
0	23:30:50.084	Notifications: 'Close up completed @ 1548.55' sent to 'D07ADD05'
