0	02:00:00.631	'10010844': order buy market 0.01 AUDJPY sl: 0.000 tp: 81.284
0	02:00:00.817	'10010844': order was opened : #154537251 buy 0.01 AUDJPY at 80.981 sl: 0.000 tp: 81.284
0	02:00:01.995	Notifications: 'order opened #154537251 buy 0.01 AUDJPY at 80.981 tp: 81.284' sent to 'D07ADD05'
0	03:00:38.605	'10010844': modify order #154537251 buy 0.01 AUDJPY at 80.981 sl: 0.000 tp: 81.284 -> sl: 81.135 tp: 81.491
0	03:00:38.785	'10010844': order #154537251 buy 0.01 AUDJPY at 80.981 was modified -> sl: 81.135 tp: 81.491
0	03:00:39.383	'10010844': modify order #154537251 buy 0.01 AUDJPY at 80.981 sl: 81.135 tp: 81.491 -> sl: 81.137 tp: 81.495
0	03:00:39.649	'10010844': order #154537251 buy 0.01 AUDJPY at 80.981 was modified -> sl: 81.137 tp: 81.495
0	03:00:39.649	'10010844': modify order #154537251 buy 0.01 AUDJPY at 80.981 sl: 81.137 tp: 81.495 -> sl: 81.138 tp: 81.498
0	03:00:39.848	'10010844': order #154537251 buy 0.01 AUDJPY at 80.981 was modified -> sl: 81.138 tp: 81.498
0	03:00:39.848	'10010844': modify order #154537251 buy 0.01 AUDJPY at 80.981 sl: 81.138 tp: 81.498 -> sl: 81.139 tp: 81.497
0	03:00:40.004	'10010844': order #154537251 buy 0.01 AUDJPY at 80.981 was modified -> sl: 81.139 tp: 81.497
0	03:00:40.144	Notifications: 'order #154537251 buy 0.01 AUDJPY at 80.981 modified: sl: 0.000 tp: 81.284 -> sl: 81.135 tp: 81.491' sent to 'D07ADD05'
0	03:00:41.217	Notifications: 'order #154537251 buy 0.01 AUDJPY at 80.981 modified: sl: 81.135 tp: 81.491 -> sl: 81.137 tp: 81.495' sent to 'D07ADD05'
0	03:00:42.009	'10010844': modify order #154537251 buy 0.01 AUDJPY at 80.981 sl: 81.139 tp: 81.497 -> sl: 81.140 tp: 81.498
0	03:00:42.193	Notifications: 'order #154537251 buy 0.01 AUDJPY at 80.981 modified: sl: 81.137 tp: 81.495 -> sl: 81.138 tp: 81.498' sent to 'D07ADD05'
0	03:00:42.195	'10010844': order #154537251 buy 0.01 AUDJPY at 80.981 was modified -> sl: 81.140 tp: 81.498
0	03:00:42.242	'10010844': modify order #154537251 buy 0.01 AUDJPY at 80.981 sl: 81.140 tp: 81.498 -> sl: 81.141 tp: 81.500
0	03:00:42.445	'10010844': order #154537251 buy 0.01 AUDJPY at 80.981 was modified -> sl: 81.141 tp: 81.500
0	03:00:43.247	Notifications: 'order #154537251 buy 0.01 AUDJPY at 80.981 modified: sl: 81.138 tp: 81.498 -> sl: 81.139 tp: 81.497' sent to 'D07ADD05'
0	03:00:44.300	Notifications: 'order #154537251 buy 0.01 AUDJPY at 80.981 modified: sl: 81.139 tp: 81.497 -> sl: 81.140 tp: 81.498' sent to 'D07ADD05'
0	03:00:44.543	'10010844': modify order #154537251 buy 0.01 AUDJPY at 80.981 sl: 81.141 tp: 81.500 -> sl: 81.142 tp: 81.500
0	03:00:44.711	'10010844': order #154537251 buy 0.01 AUDJPY at 80.981 was modified -> sl: 81.142 tp: 81.500
0	03:00:45.348	Notifications: 'order #154537251 buy 0.01 AUDJPY at 80.981 modified: sl: 81.140 tp: 81.498 -> sl: 81.141 tp: 81.500' sent to 'D07ADD05'
0	03:00:46.360	Notifications: 'order #154537251 buy 0.01 AUDJPY at 80.981 modified: sl: 81.141 tp: 81.500 -> sl: 81.142 tp: 81.500' sent to 'D07ADD05'
0	03:00:46.692	'10010844': modify order #154537251 buy 0.01 AUDJPY at 80.981 sl: 81.142 tp: 81.500 -> sl: 81.143 tp: 81.503
0	03:00:46.882	'10010844': order #154537251 buy 0.01 AUDJPY at 80.981 was modified -> sl: 81.143 tp: 81.503
0	03:00:47.875	Notifications: 'order #154537251 buy 0.01 AUDJPY at 80.981 modified: sl: 81.142 tp: 81.500 -> sl: 81.143 tp: 81.503' sent to 'D07ADD05'
0	03:00:56.701	'10010844': modify order #154537251 buy 0.01 AUDJPY at 80.981 sl: 81.143 tp: 81.503 -> sl: 81.144 tp: 81.503
0	03:00:56.882	'10010844': order #154537251 buy 0.01 AUDJPY at 80.981 was modified -> sl: 81.144 tp: 81.503
0	03:00:56.911	'10010844': modify order #154537251 buy 0.01 AUDJPY at 80.981 sl: 81.144 tp: 81.503 -> sl: 81.145 tp: 81.504
0	03:00:57.068	'10010844': order #154537251 buy 0.01 AUDJPY at 80.981 was modified -> sl: 81.145 tp: 81.504
0	03:00:57.945	Notifications: 'order #154537251 buy 0.01 AUDJPY at 80.981 modified: sl: 81.143 tp: 81.503 -> sl: 81.144 tp: 81.503' sent to 'D07ADD05'
0	03:00:59.014	Notifications: 'order #154537251 buy 0.01 AUDJPY at 80.981 modified: sl: 81.144 tp: 81.503 -> sl: 81.145 tp: 81.504' sent to 'D07ADD05'
0	03:03:00.361	'10010844': modify order #154537251 buy 0.01 AUDJPY at 80.981 sl: 81.145 tp: 81.504 -> sl: 81.149 tp: 81.503
0	03:03:00.926	'10010844': order #154537251 buy 0.01 AUDJPY at 80.981 was modified -> sl: 81.149 tp: 81.503
0	03:03:00.970	'10010844': modify order #154537251 buy 0.01 AUDJPY at 80.981 sl: 81.149 tp: 81.503 -> sl: 81.152 tp: 81.505
0	03:03:01.177	'10010844': order #154537251 buy 0.01 AUDJPY at 80.981 was modified -> sl: 81.152 tp: 81.505
0	03:03:01.423	'10010844': modify order #154537251 buy 0.01 AUDJPY at 80.981 sl: 81.152 tp: 81.505 -> sl: 81.155 tp: 81.510
0	03:03:01.585	'10010844': order #154537251 buy 0.01 AUDJPY at 80.981 was modified -> sl: 81.155 tp: 81.510
0	03:03:01.668	'10010844': modify order #154537251 buy 0.01 AUDJPY at 80.981 sl: 81.155 tp: 81.510 -> sl: 81.157 tp: 81.517
0	03:03:02.246	Notifications: 'order #154537251 buy 0.01 AUDJPY at 80.981 modified: sl: 81.145 tp: 81.504 -> sl: 81.149 tp: 81.503' sent to 'D07ADD05'
0	03:03:02.253	'10010844': order #154537251 buy 0.01 AUDJPY at 80.981 was modified -> sl: 81.157 tp: 81.517
0	03:03:03.233	Notifications: 'order #154537251 buy 0.01 AUDJPY at 80.981 modified: sl: 81.149 tp: 81.503 -> sl: 81.152 tp: 81.505' sent to 'D07ADD05'
0	03:03:04.246	Notifications: 'order #154537251 buy 0.01 AUDJPY at 80.981 modified: sl: 81.152 tp: 81.505 -> sl: 81.155 tp: 81.510' sent to 'D07ADD05'
0	03:03:05.351	Notifications: 'order #154537251 buy 0.01 AUDJPY at 80.981 modified: sl: 81.155 tp: 81.510 -> sl: 81.157 tp: 81.517' sent to 'D07ADD05'
0	03:07:45.542	'10010844': modify order #154537251 buy 0.01 AUDJPY at 80.981 sl: 81.157 tp: 81.517 -> sl: 81.158 tp: 81.517
0	03:07:45.701	'10010844': order #154537251 buy 0.01 AUDJPY at 80.981 was modified -> sl: 81.158 tp: 81.517
0	03:07:45.701	'10010844': modify order #154537251 buy 0.01 AUDJPY at 80.981 sl: 81.158 tp: 81.517 -> sl: 81.159 tp: 81.519
0	03:07:46.185	'10010844': order #154537251 buy 0.01 AUDJPY at 80.981 was modified -> sl: 81.159 tp: 81.519
0	03:07:46.830	Notifications: 'order #154537251 buy 0.01 AUDJPY at 80.981 modified: sl: 81.157 tp: 81.517 -> sl: 81.158 tp: 81.517' sent to 'D07ADD05'
0	03:07:47.853	Notifications: 'order #154537251 buy 0.01 AUDJPY at 80.981 modified: sl: 81.158 tp: 81.517 -> sl: 81.159 tp: 81.519' sent to 'D07ADD05'
0	03:07:48.043	'10010844': modify order #154537251 buy 0.01 AUDJPY at 80.981 sl: 81.159 tp: 81.519 -> sl: 81.165 tp: 81.519
0	03:07:48.216	'10010844': order #154537251 buy 0.01 AUDJPY at 80.981 was modified -> sl: 81.165 tp: 81.519
0	03:07:48.216	'10010844': modify order #154537251 buy 0.01 AUDJPY at 80.981 sl: 81.165 tp: 81.519 -> sl: 81.168 tp: 81.527
0	03:07:48.435	'10010844': order #154537251 buy 0.01 AUDJPY at 80.981 was modified -> sl: 81.168 tp: 81.527
0	03:07:49.271	Notifications: 'order #154537251 buy 0.01 AUDJPY at 80.981 modified: sl: 81.159 tp: 81.519 -> sl: 81.165 tp: 81.519' sent to 'D07ADD05'
0	03:07:50.344	Notifications: 'order #154537251 buy 0.01 AUDJPY at 80.981 modified: sl: 81.165 tp: 81.519 -> sl: 81.168 tp: 81.527' sent to 'D07ADD05'
0	03:08:17.203	'10010844': order #154537251 buy 0.01 AUDJPY at 80.981 closed due stop-loss at price 81.168
0	03:08:18.327	Notifications: 'order #154537251 buy 0.01 AUDJPY at 80.981 closed due stop-loss at price 81.168, profit: 2.30 AUD' sent to 'D07ADD05'
0	10:27:08.673	'10010844': login on ICMarkets-Demo01 through Demo DC (ping: 75.47 ms)
0	10:27:09.398	'10010844': login datacenter on ICMarkets-Demo01 through Demo DC (ping: 75.47 ms)
0	10:27:09.685	'10010844': previous successful authorization performed from 202.142.54.4
0	10:27:31.979	'10010844': auto connecting to a better access point Demo DC #3 (ping is 78.77 ms)
0	10:27:32.423	'10010844': login on ICMarkets-Demo01 through Demo DC #3 (ping: 78.77 ms)
0	10:27:33.365	'10010844': login datacenter on ICMarkets-Demo01 through Demo DC #3 (ping: 78.77 ms)
0	10:27:33.679	'10010844': previous successful authorization performed from 138.68.53.131
0	14:00:06.338	'10010844': order buy market 0.01 GBPUSD sl: 0.00000 tp: 1.25322
0	14:00:57.678	'10010844': order was opened : #154663452 buy 0.01 GBPUSD at 1.25029 sl: 0.00000 tp: 1.25322
0	14:00:58.849	Notifications: 'order opened #154663452 buy 0.01 GBPUSD at 1.25029 tp: 1.25322' sent to 'D07ADD05'
0	21:08:40.448	'10010844': login on ICMarkets-Demo01 through Demo DC #3 (ping: 78.77 ms)
0	21:09:46.551	'10010844': login on ICMarkets-Demo01 through Demo DC (ping: 75.52 ms)
0	21:10:19.660	'10010844': login datacenter on ICMarkets-Demo01 through Demo DC (ping: 75.52 ms)
0	21:10:33.283	'10010844': auto connecting to a better access point Demo DC #2 (ping is 91.76 ms)
0	21:10:39.014	'10010844': login on ICMarkets-Demo01 through Demo DC #2 (ping: 91.76 ms)
0	21:10:45.454	'10010844': login datacenter on ICMarkets-Demo01 through Demo DC #2 (ping: 91.76 ms)
0	21:10:46.114	'10010844': previous successful authorization performed from 138.68.53.131
0	22:00:00.671	'10010844': order buy market 0.01 GBPUSD sl: 0.00000 tp: 1.25263
1	22:00:02.928	'10010844': order buy 0.01 GBPUSD opening at market sl: 0.00000 tp: 1.25263 failed [Market is closed]
